[0.689s] Invoking command in '/home/azidozide/px4_sitl_ws/src/mapping': PYTHONPATH=/home/azidozide/px4_sitl_ws/build/mapping/prefix_override:/usr/lib/python3/dist-packages/colcon_core/task/python/colcon_distutils_commands:/home/azidozide/px4_sitl_ws/install/mapping/lib/python3.10/site-packages:${PYTHONPATH} /usr/bin/python3 -W ignore:setup.py install is deprecated -W ignore:easy_install command is deprecated setup.py egg_info --egg-base ../../build/mapping build --build-base /home/azidozide/px4_sitl_ws/build/mapping/build install --record /home/azidozide/px4_sitl_ws/build/mapping/install.log --single-version-externally-managed install_data
[0.881s] running egg_info
[0.882s] writing ../../build/mapping/mapping.egg-info/PKG-INFO
[0.882s] writing dependency_links to ../../build/mapping/mapping.egg-info/dependency_links.txt
[0.882s] writing entry points to ../../build/mapping/mapping.egg-info/entry_points.txt
[0.882s] writing requirements to ../../build/mapping/mapping.egg-info/requires.txt
[0.882s] writing top-level names to ../../build/mapping/mapping.egg-info/top_level.txt
[0.884s] reading manifest file '../../build/mapping/mapping.egg-info/SOURCES.txt'
[0.884s] adding license file 'LICENSE'
[0.885s] writing manifest file '../../build/mapping/mapping.egg-info/SOURCES.txt'
[0.885s] running build
[0.885s] running build_py
[0.885s] running install
[0.886s] running install_lib
[0.886s] running install_data
[0.887s] running install_egg_info
[0.888s] removing '/home/azidozide/px4_sitl_ws/install/mapping/lib/python3.10/site-packages/mapping-0.0.0-py3.10.egg-info' (and everything under it)
[0.888s] Copying ../../build/mapping/mapping.egg-info to /home/azidozide/px4_sitl_ws/install/mapping/lib/python3.10/site-packages/mapping-0.0.0-py3.10.egg-info
[0.889s] running install_scripts
[0.906s] Installing sfc_gen script to /home/azidozide/px4_sitl_ws/install/mapping/lib/mapping
[0.906s] writing list of installed files to '/home/azidozide/px4_sitl_ws/build/mapping/install.log'
[0.926s] Invoked command in '/home/azidozide/px4_sitl_ws/src/mapping' returned '0': PYTHONPATH=/home/azidozide/px4_sitl_ws/build/mapping/prefix_override:/usr/lib/python3/dist-packages/colcon_core/task/python/colcon_distutils_commands:/home/azidozide/px4_sitl_ws/install/mapping/lib/python3.10/site-packages:${PYTHONPATH} /usr/bin/python3 -W ignore:setup.py install is deprecated -W ignore:easy_install command is deprecated setup.py egg_info --egg-base ../../build/mapping build --build-base /home/azidozide/px4_sitl_ws/build/mapping/build install --record /home/azidozide/px4_sitl_ws/build/mapping/install.log --single-version-externally-managed install_data
