[0.012s] Invoking command in '/home/azidozide/px4_sitl_ws/build/object_tracking_cpp': CMAKE_PREFIX_PATH=/home/azidozide/px4_sitl_ws/install/object_tracker:/opt/ros/humble:/home/azidozide/px4_sitl_ws/install/swarm_control:/home/azidozide/px4_sitl_ws/install/px4_msgs:/home/azidozide/px4_sitl_ws/install/object_tracking_cpp:/home/azidozide/px4_sitl_ws/install/mapping:/home/azidozide/px4_sitl_ws/install/integrated_drone_mapping:/home/azidozide/px4_sitl_ws/install/mine_mapping /usr/bin/cmake --build /home/azidozide/px4_sitl_ws/build/object_tracking_cpp -- -j24 -l24
[0.057s] [35m[1mConsolidate compiler generated dependencies of target yaw_control[0m
[0.071s] [ 20%] Built target mothernode
[0.071s] [ 40%] Built target follower_2
[0.072s] [ 80%] Built target follower_3
[0.072s] [ 80%] Built target follower_1
[0.081s] [ 90%] [32mBuilding CXX object CMakeFiles/yaw_control.dir/src/mother_yaw.cpp.o[0m
[7.199s] [01m[K/home/azidozide/px4_sitl_ws/src/object_tracking_cpp/src/mother_yaw.cpp:[m[K In constructor ‘[01m[KOffboard::Offboard()[m[K’:
[7.199s] [01m[K/home/azidozide/px4_sitl_ws/src/object_tracking_cpp/src/mother_yaw.cpp:443:47:[m[K [01;35m[Kwarning: [m[K‘[01m[KOffboard::vehicle_odometry_[m[K’ will be initialized after [[01;35m[K-Wreorder[m[K]
[7.199s]   443 |     px4_msgs::msg::VehicleOdometry::SharedPtr [01;35m[Kvehicle_odometry_[m[K;
[7.199s]       |                                               [01;35m[K^~~~~~~~~~~~~~~~~[m[K
[7.199s] [01m[K/home/azidozide/px4_sitl_ws/src/object_tracking_cpp/src/mother_yaw.cpp:428:11:[m[K [01;35m[Kwarning: [m[K  ‘[01m[Kfloat Offboard::takeoff_height_[m[K’ [[01;35m[K-Wreorder[m[K]
[7.199s]   428 |     float [01;35m[Ktakeoff_height_[m[K;
[7.199s]       |           [01;35m[K^~~~~~~~~~~~~~~[m[K
[7.200s] [01m[K/home/azidozide/px4_sitl_ws/src/object_tracking_cpp/src/mother_yaw.cpp:47:5:[m[K [01;35m[Kwarning: [m[K  when initialized here [[01;35m[K-Wreorder[m[K]
[7.200s]    47 |     [01;35m[KOffboard[m[K()
[7.200s]       |     [01;35m[K^~~~~~~~[m[K
[7.200s] [01m[K/home/azidozide/px4_sitl_ws/src/object_tracking_cpp/src/mother_yaw.cpp:[m[K In member function ‘[01m[Kvoid Offboard::offboard_control_heartbeat_signal_publisher()[m[K’:
[7.200s] [01m[K/home/azidozide/px4_sitl_ws/src/object_tracking_cpp/src/mother_yaw.cpp:183:17:[m[K [01;31m[Kerror: [m[K‘[01m[Kstruct px4_msgs::msg::OffboardControlMode_<std::allocator<void> >[m[K’ has no member named ‘[01m[Kyawspeed[m[K’
[7.200s]   183 |             msg.[01;31m[Kyawspeed[m[K = true;       // ADD THIS LINE
[7.200s]       |                 [01;31m[K^~~~~~~~[m[K
[7.200s] gmake[2]: *** [CMakeFiles/yaw_control.dir/build.make:76: CMakeFiles/yaw_control.dir/src/mother_yaw.cpp.o] Error 1
[7.200s] gmake[1]: *** [CMakeFiles/Makefile2:249: CMakeFiles/yaw_control.dir/all] Error 2
[7.200s] gmake: *** [Makefile:146: all] Error 2
[7.202s] Invoked command in '/home/azidozide/px4_sitl_ws/build/object_tracking_cpp' returned '2': CMAKE_PREFIX_PATH=/home/azidozide/px4_sitl_ws/install/object_tracker:/opt/ros/humble:/home/azidozide/px4_sitl_ws/install/swarm_control:/home/azidozide/px4_sitl_ws/install/px4_msgs:/home/azidozide/px4_sitl_ws/install/object_tracking_cpp:/home/azidozide/px4_sitl_ws/install/mapping:/home/azidozide/px4_sitl_ws/install/integrated_drone_mapping:/home/azidozide/px4_sitl_ws/install/mine_mapping /usr/bin/cmake --build /home/azidozide/px4_sitl_ws/build/object_tracking_cpp -- -j24 -l24
