[0.536s] Invoking command in '/home/azidozide/px4_sitl_ws/src/object_tracker': PYTHONPATH=/home/azidozide/px4_sitl_ws/src/build/object_tracker/prefix_override:/usr/lib/python3/dist-packages/colcon_core/task/python/colcon_distutils_commands:/home/azidozide/px4_sitl_ws/src/install/object_tracker/lib/python3.10/site-packages:${PYTHONPATH} /usr/bin/python3 -W ignore:setup.py install is deprecated -W ignore:easy_install command is deprecated setup.py egg_info --egg-base ../build/object_tracker build --build-base /home/azidozide/px4_sitl_ws/src/build/object_tracker/build install --record /home/azidozide/px4_sitl_ws/src/build/object_tracker/install.log --single-version-externally-managed install_data
[0.774s] running egg_info
[0.776s] writing ../build/object_tracker/object_tracker.egg-info/PKG-INFO
[0.778s] writing dependency_links to ../build/object_tracker/object_tracker.egg-info/dependency_links.txt
[0.778s] writing entry points to ../build/object_tracker/object_tracker.egg-info/entry_points.txt
[0.778s] writing requirements to ../build/object_tracker/object_tracker.egg-info/requires.txt
[0.778s] writing top-level names to ../build/object_tracker/object_tracker.egg-info/top_level.txt
[0.778s] reading manifest file '../build/object_tracker/object_tracker.egg-info/SOURCES.txt'
[0.778s] adding license file 'LICENSE'
[0.778s] writing manifest file '../build/object_tracker/object_tracker.egg-info/SOURCES.txt'
[0.778s] running build
[0.778s] running build_py
[0.779s] running install
[0.779s] running install_lib
[0.786s] running install_data
[0.786s] running install_egg_info
[0.789s] removing '/home/azidozide/px4_sitl_ws/src/install/object_tracker/lib/python3.10/site-packages/object_tracker-0.0.0-py3.10.egg-info' (and everything under it)
[0.790s] Copying ../build/object_tracker/object_tracker.egg-info to /home/azidozide/px4_sitl_ws/src/install/object_tracker/lib/python3.10/site-packages/object_tracker-0.0.0-py3.10.egg-info
[0.790s] running install_scripts
[0.829s] Installing drone_control script to /home/azidozide/px4_sitl_ws/src/install/object_tracker/lib/object_tracker
[0.830s] Installing tracker script to /home/azidozide/px4_sitl_ws/src/install/object_tracker/lib/object_tracker
[0.830s] writing list of installed files to '/home/azidozide/px4_sitl_ws/src/build/object_tracker/install.log'
[0.855s] Invoked command in '/home/azidozide/px4_sitl_ws/src/object_tracker' returned '0': PYTHONPATH=/home/azidozide/px4_sitl_ws/src/build/object_tracker/prefix_override:/usr/lib/python3/dist-packages/colcon_core/task/python/colcon_distutils_commands:/home/azidozide/px4_sitl_ws/src/install/object_tracker/lib/python3.10/site-packages:${PYTHONPATH} /usr/bin/python3 -W ignore:setup.py install is deprecated -W ignore:easy_install command is deprecated setup.py egg_info --egg-base ../build/object_tracker build --build-base /home/azidozide/px4_sitl_ws/src/build/object_tracker/build install --record /home/azidozide/px4_sitl_ws/src/build/object_tracker/install.log --single-version-externally-managed install_data
