running egg_info
creating ../build/object_tracker/object_tracker.egg-info
writing ../build/object_tracker/object_tracker.egg-info/PKG-INFO
writing dependency_links to ../build/object_tracker/object_tracker.egg-info/dependency_links.txt
writing entry points to ../build/object_tracker/object_tracker.egg-info/entry_points.txt
writing requirements to ../build/object_tracker/object_tracker.egg-info/requires.txt
writing top-level names to ../build/object_tracker/object_tracker.egg-info/top_level.txt
writing manifest file '../build/object_tracker/object_tracker.egg-info/SOURCES.txt'
reading manifest file '../build/object_tracker/object_tracker.egg-info/SOURCES.txt'
adding license file 'LICENSE'
writing manifest file '../build/object_tracker/object_tracker.egg-info/SOURCES.txt'
running build
running build_py
creating /home/azidozide/px4_sitl_ws/src/build/object_tracker/build
creating /home/azidozide/px4_sitl_ws/src/build/object_tracker/build/lib
creating /home/azidozide/px4_sitl_ws/src/build/object_tracker/build/lib/object_tracker
copying object_tracker/controls_drone_tracking.py -> /home/azidozide/px4_sitl_ws/src/build/object_tracker/build/lib/object_tracker
copying object_tracker/process_frame.py -> /home/azidozide/px4_sitl_ws/src/build/object_tracker/build/lib/object_tracker
copying object_tracker/tracker.py -> /home/azidozide/px4_sitl_ws/src/build/object_tracker/build/lib/object_tracker
copying object_tracker/__init__.py -> /home/azidozide/px4_sitl_ws/src/build/object_tracker/build/lib/object_tracker
running install
running install_lib
creating /home/azidozide/px4_sitl_ws/src/install/object_tracker/lib/python3.10/site-packages/object_tracker
copying /home/azidozide/px4_sitl_ws/src/build/object_tracker/build/lib/object_tracker/controls_drone_tracking.py -> /home/azidozide/px4_sitl_ws/src/install/object_tracker/lib/python3.10/site-packages/object_tracker
copying /home/azidozide/px4_sitl_ws/src/build/object_tracker/build/lib/object_tracker/process_frame.py -> /home/azidozide/px4_sitl_ws/src/install/object_tracker/lib/python3.10/site-packages/object_tracker
copying /home/azidozide/px4_sitl_ws/src/build/object_tracker/build/lib/object_tracker/tracker.py -> /home/azidozide/px4_sitl_ws/src/install/object_tracker/lib/python3.10/site-packages/object_tracker
copying /home/azidozide/px4_sitl_ws/src/build/object_tracker/build/lib/object_tracker/__init__.py -> /home/azidozide/px4_sitl_ws/src/install/object_tracker/lib/python3.10/site-packages/object_tracker
byte-compiling /home/azidozide/px4_sitl_ws/src/install/object_tracker/lib/python3.10/site-packages/object_tracker/controls_drone_tracking.py to controls_drone_tracking.cpython-310.pyc
byte-compiling /home/azidozide/px4_sitl_ws/src/install/object_tracker/lib/python3.10/site-packages/object_tracker/process_frame.py to process_frame.cpython-310.pyc
byte-compiling /home/azidozide/px4_sitl_ws/src/install/object_tracker/lib/python3.10/site-packages/object_tracker/tracker.py to tracker.cpython-310.pyc
byte-compiling /home/azidozide/px4_sitl_ws/src/install/object_tracker/lib/python3.10/site-packages/object_tracker/__init__.py to __init__.cpython-310.pyc
running install_data
creating /home/azidozide/px4_sitl_ws/src/install/object_tracker/share/ament_index
creating /home/azidozide/px4_sitl_ws/src/install/object_tracker/share/ament_index/resource_index
creating /home/azidozide/px4_sitl_ws/src/install/object_tracker/share/ament_index/resource_index/packages
copying resource/object_tracker -> /home/azidozide/px4_sitl_ws/src/install/object_tracker/share/ament_index/resource_index/packages
copying package.xml -> /home/azidozide/px4_sitl_ws/src/install/object_tracker/share/object_tracker
running install_egg_info
Copying ../build/object_tracker/object_tracker.egg-info to /home/azidozide/px4_sitl_ws/src/install/object_tracker/lib/python3.10/site-packages/object_tracker-0.0.0-py3.10.egg-info
running install_scripts
Installing drone_control script to /home/azidozide/px4_sitl_ws/src/install/object_tracker/lib/object_tracker
Installing tracker script to /home/azidozide/px4_sitl_ws/src/install/object_tracker/lib/object_tracker
writing list of installed files to '/home/azidozide/px4_sitl_ws/src/build/object_tracker/install.log'
