[0.813s] Invoking command in '/home/azidozide/px4_sitl_ws/src/object_tracker': PYTHONPATH=/home/azidozide/px4_sitl_ws/src/build/object_tracker/prefix_override:/usr/lib/python3/dist-packages/colcon_core/task/python/colcon_distutils_commands:/home/azidozide/px4_sitl_ws/src/install/object_tracker/lib/python3.10/site-packages:${PYTHONPATH} /usr/bin/python3 -W ignore:setup.py install is deprecated -W ignore:easy_install command is deprecated setup.py egg_info --egg-base ../build/object_tracker build --build-base /home/azidozide/px4_sitl_ws/src/build/object_tracker/build install --record /home/azidozide/px4_sitl_ws/src/build/object_tracker/install.log --single-version-externally-managed install_data
[1.016s] running egg_info
[1.017s] creating ../build/object_tracker/object_tracker.egg-info
[1.017s] writing ../build/object_tracker/object_tracker.egg-info/PKG-INFO
[1.017s] writing dependency_links to ../build/object_tracker/object_tracker.egg-info/dependency_links.txt
[1.017s] writing entry points to ../build/object_tracker/object_tracker.egg-info/entry_points.txt
[1.017s] writing requirements to ../build/object_tracker/object_tracker.egg-info/requires.txt
[1.017s] writing top-level names to ../build/object_tracker/object_tracker.egg-info/top_level.txt
[1.018s] writing manifest file '../build/object_tracker/object_tracker.egg-info/SOURCES.txt'
[1.019s] reading manifest file '../build/object_tracker/object_tracker.egg-info/SOURCES.txt'
[1.019s] adding license file 'LICENSE'
[1.020s] writing manifest file '../build/object_tracker/object_tracker.egg-info/SOURCES.txt'
[1.020s] running build
[1.020s] running build_py
[1.020s] creating /home/azidozide/px4_sitl_ws/src/build/object_tracker/build
[1.020s] creating /home/azidozide/px4_sitl_ws/src/build/object_tracker/build/lib
[1.020s] creating /home/azidozide/px4_sitl_ws/src/build/object_tracker/build/lib/object_tracker
[1.020s] copying object_tracker/controls_drone_tracking.py -> /home/azidozide/px4_sitl_ws/src/build/object_tracker/build/lib/object_tracker
[1.020s] copying object_tracker/process_frame.py -> /home/azidozide/px4_sitl_ws/src/build/object_tracker/build/lib/object_tracker
[1.020s] copying object_tracker/tracker.py -> /home/azidozide/px4_sitl_ws/src/build/object_tracker/build/lib/object_tracker
[1.020s] copying object_tracker/__init__.py -> /home/azidozide/px4_sitl_ws/src/build/object_tracker/build/lib/object_tracker
[1.020s] running install
[1.021s] running install_lib
[1.021s] creating /home/azidozide/px4_sitl_ws/src/install/object_tracker/lib/python3.10/site-packages/object_tracker
[1.021s] copying /home/azidozide/px4_sitl_ws/src/build/object_tracker/build/lib/object_tracker/controls_drone_tracking.py -> /home/azidozide/px4_sitl_ws/src/install/object_tracker/lib/python3.10/site-packages/object_tracker
[1.021s] copying /home/azidozide/px4_sitl_ws/src/build/object_tracker/build/lib/object_tracker/process_frame.py -> /home/azidozide/px4_sitl_ws/src/install/object_tracker/lib/python3.10/site-packages/object_tracker
[1.021s] copying /home/azidozide/px4_sitl_ws/src/build/object_tracker/build/lib/object_tracker/tracker.py -> /home/azidozide/px4_sitl_ws/src/install/object_tracker/lib/python3.10/site-packages/object_tracker
[1.022s] copying /home/azidozide/px4_sitl_ws/src/build/object_tracker/build/lib/object_tracker/__init__.py -> /home/azidozide/px4_sitl_ws/src/install/object_tracker/lib/python3.10/site-packages/object_tracker
[1.022s] byte-compiling /home/azidozide/px4_sitl_ws/src/install/object_tracker/lib/python3.10/site-packages/object_tracker/controls_drone_tracking.py to controls_drone_tracking.cpython-310.pyc
[1.024s] byte-compiling /home/azidozide/px4_sitl_ws/src/install/object_tracker/lib/python3.10/site-packages/object_tracker/process_frame.py to process_frame.cpython-310.pyc
[1.025s] byte-compiling /home/azidozide/px4_sitl_ws/src/install/object_tracker/lib/python3.10/site-packages/object_tracker/tracker.py to tracker.cpython-310.pyc
[1.025s] byte-compiling /home/azidozide/px4_sitl_ws/src/install/object_tracker/lib/python3.10/site-packages/object_tracker/__init__.py to __init__.cpython-310.pyc
[1.025s] running install_data
[1.025s] creating /home/azidozide/px4_sitl_ws/src/install/object_tracker/share/ament_index
[1.025s] creating /home/azidozide/px4_sitl_ws/src/install/object_tracker/share/ament_index/resource_index
[1.026s] creating /home/azidozide/px4_sitl_ws/src/install/object_tracker/share/ament_index/resource_index/packages
[1.026s] copying resource/object_tracker -> /home/azidozide/px4_sitl_ws/src/install/object_tracker/share/ament_index/resource_index/packages
[1.026s] copying package.xml -> /home/azidozide/px4_sitl_ws/src/install/object_tracker/share/object_tracker
[1.026s] running install_egg_info
[1.027s] Copying ../build/object_tracker/object_tracker.egg-info to /home/azidozide/px4_sitl_ws/src/install/object_tracker/lib/python3.10/site-packages/object_tracker-0.0.0-py3.10.egg-info
[1.027s] running install_scripts
[1.044s] Installing drone_control script to /home/azidozide/px4_sitl_ws/src/install/object_tracker/lib/object_tracker
[1.044s] Installing tracker script to /home/azidozide/px4_sitl_ws/src/install/object_tracker/lib/object_tracker
[1.044s] writing list of installed files to '/home/azidozide/px4_sitl_ws/src/build/object_tracker/install.log'
[1.074s] Invoked command in '/home/azidozide/px4_sitl_ws/src/object_tracker' returned '0': PYTHONPATH=/home/azidozide/px4_sitl_ws/src/build/object_tracker/prefix_override:/usr/lib/python3/dist-packages/colcon_core/task/python/colcon_distutils_commands:/home/azidozide/px4_sitl_ws/src/install/object_tracker/lib/python3.10/site-packages:${PYTHONPATH} /usr/bin/python3 -W ignore:setup.py install is deprecated -W ignore:easy_install command is deprecated setup.py egg_info --egg-base ../build/object_tracker build --build-base /home/azidozide/px4_sitl_ws/src/build/object_tracker/build install --record /home/azidozide/px4_sitl_ws/src/build/object_tracker/install.log --single-version-externally-managed install_data
