[0.009s] Invoking command in '/home/azidozide/px4_sitl_ws/build/mapping': CMAKE_PREFIX_PATH=/home/azidozide/px4_sitl_ws/install/px4_msgs:/home/azidozide/px4_sitl_ws/install/mapping:/home/azidozide/px4_sitl_ws/install/integrated_drone_mapping:/home/azidozide/px4_sitl_ws/install/mine_mapping:/home/azidozide/px4_sitl_ws/install/object_tracker:/opt/ros/humble /usr/bin/cmake --build /home/azidozide/px4_sitl_ws/build/mapping -- -j24 -l24
[0.067s] [35m[1mConsolidate compiler generated dependencies of target gcopter_trajectory_planner[0m
[0.077s] [ 33%] Built target integrated_drone_mapping_node
[0.080s] [ 66%] Built target corridor_gen_correct
[0.094s] [100%] Built target gcopter_trajectory_planner
[0.109s] Invoked command in '/home/azidozide/px4_sitl_ws/build/mapping' returned '0': CMAKE_PREFIX_PATH=/home/azidozide/px4_sitl_ws/install/px4_msgs:/home/azidozide/px4_sitl_ws/install/mapping:/home/azidozide/px4_sitl_ws/install/integrated_drone_mapping:/home/azidozide/px4_sitl_ws/install/mine_mapping:/home/azidozide/px4_sitl_ws/install/object_tracker:/opt/ros/humble /usr/bin/cmake --build /home/azidozide/px4_sitl_ws/build/mapping -- -j24 -l24
[0.112s] Invoking command in '/home/azidozide/px4_sitl_ws/build/mapping': CMAKE_PREFIX_PATH=/home/azidozide/px4_sitl_ws/install/px4_msgs:/home/azidozide/px4_sitl_ws/install/mapping:/home/azidozide/px4_sitl_ws/install/integrated_drone_mapping:/home/azidozide/px4_sitl_ws/install/mine_mapping:/home/azidozide/px4_sitl_ws/install/object_tracker:/opt/ros/humble /usr/bin/cmake --install /home/azidozide/px4_sitl_ws/build/mapping
[0.122s] -- Install configuration: ""
[0.122s] -- Up-to-date: /home/azidozide/px4_sitl_ws/install/mapping/lib/mapping/integrated_drone_mapping_node
[0.123s] -- Up-to-date: /home/azidozide/px4_sitl_ws/install/mapping/lib/mapping/corridor_gen_correct
[0.123s] -- Up-to-date: /home/azidozide/px4_sitl_ws/install/mapping/lib/mapping/gcopter_trajectory_planner
[0.124s] -- Up-to-date: /home/azidozide/px4_sitl_ws/install/mapping/share/ament_index/resource_index/package_run_dependencies/mapping
[0.124s] -- Up-to-date: /home/azidozide/px4_sitl_ws/install/mapping/share/ament_index/resource_index/parent_prefix_path/mapping
[0.124s] -- Up-to-date: /home/azidozide/px4_sitl_ws/install/mapping/share/mapping/environment/ament_prefix_path.sh
[0.124s] -- Up-to-date: /home/azidozide/px4_sitl_ws/install/mapping/share/mapping/environment/ament_prefix_path.dsv
[0.124s] -- Up-to-date: /home/azidozide/px4_sitl_ws/install/mapping/share/mapping/environment/path.sh
[0.124s] -- Up-to-date: /home/azidozide/px4_sitl_ws/install/mapping/share/mapping/environment/path.dsv
[0.124s] -- Up-to-date: /home/azidozide/px4_sitl_ws/install/mapping/share/mapping/local_setup.bash
[0.125s] -- Up-to-date: /home/azidozide/px4_sitl_ws/install/mapping/share/mapping/local_setup.sh
[0.125s] -- Up-to-date: /home/azidozide/px4_sitl_ws/install/mapping/share/mapping/local_setup.zsh
[0.125s] -- Up-to-date: /home/azidozide/px4_sitl_ws/install/mapping/share/mapping/local_setup.dsv
[0.125s] -- Installing: /home/azidozide/px4_sitl_ws/install/mapping/share/mapping/package.dsv
[0.125s] -- Up-to-date: /home/azidozide/px4_sitl_ws/install/mapping/share/ament_index/resource_index/packages/mapping
[0.125s] -- Up-to-date: /home/azidozide/px4_sitl_ws/install/mapping/share/mapping/cmake/mappingConfig.cmake
[0.125s] -- Up-to-date: /home/azidozide/px4_sitl_ws/install/mapping/share/mapping/cmake/mappingConfig-version.cmake
[0.125s] -- Up-to-date: /home/azidozide/px4_sitl_ws/install/mapping/share/mapping/package.xml
[0.128s] Invoked command in '/home/azidozide/px4_sitl_ws/build/mapping' returned '0': CMAKE_PREFIX_PATH=/home/azidozide/px4_sitl_ws/install/px4_msgs:/home/azidozide/px4_sitl_ws/install/mapping:/home/azidozide/px4_sitl_ws/install/integrated_drone_mapping:/home/azidozide/px4_sitl_ws/install/mine_mapping:/home/azidozide/px4_sitl_ws/install/object_tracker:/opt/ros/humble /usr/bin/cmake --install /home/azidozide/px4_sitl_ws/build/mapping
