[0.008s] Invoking command in '/home/azidozide/px4_sitl_ws/build/mapping': CMAKE_PREFIX_PATH=${CMAKE_PREFIX_PATH}:/home/azidozide/px4_sitl_ws/install/object_tracker:/home/azidozide/px4_sitl_ws/install/mapping:/opt/ros/humble /usr/bin/cmake --build /home/azidozide/px4_sitl_ws/build/mapping -- -j24 -l24
[0.048s] [35m[1mConsolidate compiler generated dependencies of target corridor_gen_correct[0m
[0.059s] [ 50%] Built target integrated_drone_mapping_node
[0.063s] [ 75%] [32mBuilding CXX object CMakeFiles/corridor_gen_correct.dir/src/corridor_gen_correct.cpp.o[0m
[9.130s] In file included from [01m[K/home/azidozide/px4_sitl_ws/src/mapping/src/corridor_gen_correct.cpp:17[m[K:
[9.130s] [01m[K/home/azidozide/px4_sitl_ws/src/mapping/src/final_hstar.hpp:[m[K In member function ‘[01m[Kstd::vector<Vec2> HStarPlanner::search(int, int, double, int, int, double, int)[m[K’:
[9.130s] [01m[K/home/azidozide/px4_sitl_ws/src/mapping/src/final_hstar.hpp:202:13:[m[K [01;35m[Kwarning: [m[Kunused variable ‘[01m[Kgbin[m[K’ [[01;35m[K-Wunused-variable[m[K]
[9.130s]   202 |         int [01;35m[Kgbin[m[K = angleToBin(gheading);
[9.130s]       |             [01;35m[K^~~~[m[K
[9.130s] [01m[K/home/azidozide/px4_sitl_ws/src/mapping/src/corridor_gen_correct.cpp:[m[K In member function ‘[01m[Kvoid polyhedronGenerator::paramSet(bool, bool, bool, const int&, const int&, double, double, double)[m[K’:
[9.130s] [01m[K/home/azidozide/px4_sitl_ws/src/mapping/src/corridor_gen_correct.cpp:61:24:[m[K [01;35m[Kwarning: [m[Kunused parameter ‘[01m[Kis_gpu_on_stage_1[m[K’ [[01;35m[K-Wunused-parameter[m[K]
[9.130s]    61 |     void paramSet([01;35m[Kbool is_gpu_on_stage_1[m[K, bool is_gpu_on_stage_2, bool is_cluster_on,
[9.130s]       |                   [01;35m[K~~~~~^~~~~~~~~~~~~~~~~[m[K
[9.130s] [01m[K/home/azidozide/px4_sitl_ws/src/mapping/src/corridor_gen_correct.cpp:61:48:[m[K [01;35m[Kwarning: [m[Kunused parameter ‘[01m[Kis_gpu_on_stage_2[m[K’ [[01;35m[K-Wunused-parameter[m[K]
[9.130s]    61 |     void paramSet(bool is_gpu_on_stage_1, [01;35m[Kbool is_gpu_on_stage_2[m[K, bool is_cluster_on,
[9.130s]       |                                           [01;35m[K~~~~~^~~~~~~~~~~~~~~~~[m[K
[9.130s] [01m[K/home/azidozide/px4_sitl_ws/src/mapping/src/corridor_gen_correct.cpp:[m[K In member function ‘[01m[Kbool polyhedronGenerator::serialConvexTest2D(int, int, int, int, const MatrixXi&, const MatrixXi&, const MatrixXi&)[m[K’:
[9.130s] [01m[K/home/azidozide/px4_sitl_ws/src/mapping/src/corridor_gen_correct.cpp:197:55:[m[K [01;35m[Kwarning: [m[Kunused parameter ‘[01m[Kmax_y_id[m[K’ [[01;35m[K-Wunused-parameter[m[K]
[9.130s]   197 |                             int cluster_grid_num, [01;35m[Kint max_y_id[m[K,
[9.130s]       |                                                   [01;35m[K~~~~^~~~~~~~[m[K
[9.130s] [01m[K/home/azidozide/px4_sitl_ws/src/mapping/src/corridor_gen_correct.cpp:[m[K In member function ‘[01m[Kvoid polyhedronGenerator::polygonGeneration(std::vector<int>&, std::vector<int>&)[m[K’:
[9.130s] [01m[K/home/azidozide/px4_sitl_ws/src/mapping/src/corridor_gen_correct.cpp:423:31:[m[K [01;35m[Kwarning: [m[Kcomparison of integer expressions of different signedness: ‘[01m[Kint[m[K’ and ‘[01m[Kstd::vector<int>::size_type[m[K’ {aka ‘[01m[Klong unsigned int[m[K’} [[01;35m[K-Wsign-compare[m[K]
[9.130s]   423 |             for (int i = 0; [01;35m[Ki < rect_grid_x.size()[m[K; ++i) {
[9.130s]       |                             [01;35m[K~~^~~~~~~~~~~~~~~~~~~~[m[K
[9.131s] [01m[K/home/azidozide/px4_sitl_ws/src/mapping/src/corridor_gen_correct.cpp:436:27:[m[K [01;35m[Kwarning: [m[Kcomparison of integer expressions of different signedness: ‘[01m[Kint[m[K’ and ‘[01m[Kstd::vector<int>::size_type[m[K’ {aka ‘[01m[Klong unsigned int[m[K’} [[01;35m[K-Wsign-compare[m[K]
[9.131s]   436 |         for (int i = 0; [01;35m[Ki < rect_grid_x.size()[m[K; ++i) {
[9.131s]       |                         [01;35m[K~~^~~~~~~~~~~~~~~~~~~~[m[K
[9.131s] [01m[K/home/azidozide/px4_sitl_ws/src/mapping/src/corridor_gen_correct.cpp:[m[K In function ‘[01m[Kstd::vector<std::pair<int, int> > extractSeedVoxelsFromPath(const std::vector<std::pair<double, double> >&, int, int, double)[m[K’:
[9.131s] [01m[K/home/azidozide/px4_sitl_ws/src/mapping/src/corridor_gen_correct.cpp:552:34:[m[K [01;35m[Kwarning: [m[Kunused parameter ‘[01m[Kspacing[m[K’ [[01;35m[K-Wunused-parameter[m[K]
[9.131s]   552 |     int max_x, int max_y, [01;35m[Kdouble spacing = 1.0[m[K) {
[9.131s]       |                           [01;35m[K~~~~~~~^~~~~~~~~~~~~[m[K
[9.151s] [100%] [32m[1mLinking CXX executable corridor_gen_correct[0m
[9.265s] [100%] Built target corridor_gen_correct
[9.275s] Invoked command in '/home/azidozide/px4_sitl_ws/build/mapping' returned '0': CMAKE_PREFIX_PATH=${CMAKE_PREFIX_PATH}:/home/azidozide/px4_sitl_ws/install/object_tracker:/home/azidozide/px4_sitl_ws/install/mapping:/opt/ros/humble /usr/bin/cmake --build /home/azidozide/px4_sitl_ws/build/mapping -- -j24 -l24
[9.277s] Invoking command in '/home/azidozide/px4_sitl_ws/build/mapping': CMAKE_PREFIX_PATH=${CMAKE_PREFIX_PATH}:/home/azidozide/px4_sitl_ws/install/object_tracker:/home/azidozide/px4_sitl_ws/install/mapping:/opt/ros/humble /usr/bin/cmake --install /home/azidozide/px4_sitl_ws/build/mapping
[9.285s] -- Install configuration: ""
[9.285s] -- Installing: /home/azidozide/px4_sitl_ws/install/mapping/lib/mapping/integrated_drone_mapping_node
[9.286s] -- Set runtime path of "/home/azidozide/px4_sitl_ws/install/mapping/lib/mapping/integrated_drone_mapping_node" to ""
[9.286s] -- Installing: /home/azidozide/px4_sitl_ws/install/mapping/lib/mapping/corridor_gen_correct
[9.287s] -- Set runtime path of "/home/azidozide/px4_sitl_ws/install/mapping/lib/mapping/corridor_gen_correct" to ""
[9.287s] -- Up-to-date: /home/azidozide/px4_sitl_ws/install/mapping/share/ament_index/resource_index/package_run_dependencies/mapping
[9.287s] -- Up-to-date: /home/azidozide/px4_sitl_ws/install/mapping/share/ament_index/resource_index/parent_prefix_path/mapping
[9.287s] -- Up-to-date: /home/azidozide/px4_sitl_ws/install/mapping/share/mapping/environment/ament_prefix_path.sh
[9.288s] -- Installing: /home/azidozide/px4_sitl_ws/install/mapping/share/mapping/environment/ament_prefix_path.dsv
[9.288s] -- Up-to-date: /home/azidozide/px4_sitl_ws/install/mapping/share/mapping/environment/path.sh
[9.288s] -- Installing: /home/azidozide/px4_sitl_ws/install/mapping/share/mapping/environment/path.dsv
[9.288s] -- Up-to-date: /home/azidozide/px4_sitl_ws/install/mapping/share/mapping/local_setup.bash
[9.288s] -- Up-to-date: /home/azidozide/px4_sitl_ws/install/mapping/share/mapping/local_setup.sh
[9.288s] -- Up-to-date: /home/azidozide/px4_sitl_ws/install/mapping/share/mapping/local_setup.zsh
[9.288s] -- Installing: /home/azidozide/px4_sitl_ws/install/mapping/share/mapping/local_setup.dsv
[9.288s] -- Installing: /home/azidozide/px4_sitl_ws/install/mapping/share/mapping/package.dsv
[9.288s] -- Up-to-date: /home/azidozide/px4_sitl_ws/install/mapping/share/ament_index/resource_index/packages/mapping
[9.288s] -- Up-to-date: /home/azidozide/px4_sitl_ws/install/mapping/share/mapping/cmake/mappingConfig.cmake
[9.288s] -- Up-to-date: /home/azidozide/px4_sitl_ws/install/mapping/share/mapping/cmake/mappingConfig-version.cmake
[9.288s] -- Up-to-date: /home/azidozide/px4_sitl_ws/install/mapping/share/mapping/package.xml
[9.290s] Invoked command in '/home/azidozide/px4_sitl_ws/build/mapping' returned '0': CMAKE_PREFIX_PATH=${CMAKE_PREFIX_PATH}:/home/azidozide/px4_sitl_ws/install/object_tracker:/home/azidozide/px4_sitl_ws/install/mapping:/opt/ros/humble /usr/bin/cmake --install /home/azidozide/px4_sitl_ws/build/mapping
