[0.240s] Invoking command in '/home/azidozide/px4_sitl_ws/build/object_tracking_cpp': CMAKE_PREFIX_PATH=${CMAKE_PREFIX_PATH}:/home/azidozide/px4_sitl_ws/install/object_tracker:/opt/ros/humble /usr/bin/cmake /home/azidozide/px4_sitl_ws/src/object_tracking_cpp -DCMAKE_INSTALL_PREFIX=/home/azidozide/px4_sitl_ws/install/object_tracking_cpp
[0.293s] -- The C compiler identification is GNU 11.4.0
[0.341s] -- The CXX compiler identification is GNU 11.4.0
[0.349s] -- Detecting C compiler ABI info
[0.395s] -- Detecting C compiler ABI info - done
[0.403s] -- Check for working C compiler: /usr/lib/ccache/cc - skipped
[0.404s] -- Detecting C compile features
[0.404s] -- Detecting C compile features - done
[0.407s] -- Detecting CXX compiler ABI info
[0.460s] -- Detecting CXX compiler ABI info - done
[0.469s] -- Check for working CXX compiler: /usr/lib/ccache/c++ - skipped
[0.469s] -- Detecting CXX compile features
[0.470s] -- Detecting CXX compile features - done
[0.473s] -- Found ament_cmake: 1.3.12 (/opt/ros/humble/share/ament_cmake/cmake)
[0.612s] -- Found Python3: /usr/bin/python3 (found version "3.10.12") found components: Interpreter 
[0.675s] -- Found rclcpp: 16.0.16 (/opt/ros/humble/share/rclcpp/cmake)
[0.707s] -- Found rosidl_generator_c: 3.1.7 (/opt/ros/humble/share/rosidl_generator_c/cmake)
[0.710s] -- Found rosidl_adapter: 3.1.7 (/opt/ros/humble/share/rosidl_adapter/cmake)
[0.716s] -- Found rosidl_generator_cpp: 3.1.7 (/opt/ros/humble/share/rosidl_generator_cpp/cmake)
[0.726s] -- Using all available rosidl_typesupport_c: rosidl_typesupport_fastrtps_c;rosidl_typesupport_introspection_c
[0.741s] -- Using all available rosidl_typesupport_cpp: rosidl_typesupport_fastrtps_cpp;rosidl_typesupport_introspection_cpp
[0.838s] -- Found rmw_implementation_cmake: 6.1.2 (/opt/ros/humble/share/rmw_implementation_cmake/cmake)
[0.845s] -- Found rmw_fastrtps_cpp: 6.2.9 (/opt/ros/humble/share/rmw_fastrtps_cpp/cmake)
[0.886s] -- Found OpenSSL: /usr/lib/x86_64-linux-gnu/libcrypto.so (found version "3.0.2")  
[0.889s] -- Found FastRTPS: /opt/ros/humble/include  
[0.894s] -- Using RMW implementation 'rmw_fastrtps_cpp' as default
[0.900s] -- Looking for pthread.h
[0.971s] -- Looking for pthread.h - found
[0.971s] -- Performing Test CMAKE_HAVE_LIBC_PTHREAD
[1.071s] -- Performing Test CMAKE_HAVE_LIBC_PTHREAD - Success
[1.072s] -- Found Threads: TRUE  
[1.113s] -- Found px4_msgs: 2.0.1 (/home/azidozide/px4_sitl_ws/install/px4_msgs/share/px4_msgs/cmake)
[1.128s] -- Configuring incomplete, errors occurred!
[1.128s] See also "/home/azidozide/px4_sitl_ws/build/object_tracking_cpp/CMakeFiles/CMakeOutput.log".
[1.128s] [31mCMake Error at CMakeLists.txt:13 (find_package):
[1.128s]   By not providing "Findswarm_control.cmake" in CMAKE_MODULE_PATH this
[1.128s]   project has asked CMake to find a package configuration file provided by
[1.128s]   "swarm_control", but CMake did not find one.
[1.128s] 
[1.128s]   Could not find a package configuration file provided by "swarm_control"
[1.128s]   with any of the following names:
[1.128s] 
[1.128s]     swarm_controlConfig.cmake
[1.128s]     swarm_control-config.cmake
[1.128s] 
[1.128s]   Add the installation prefix of "swarm_control" to CMAKE_PREFIX_PATH or set
[1.128s]   "swarm_control_DIR" to a directory containing one of the above files.  If
[1.128s]   "swarm_control" provides a separate development package or SDK, be sure it
[1.128s]   has been installed.
[1.128s] 
[1.128s] [0m
