[0.009s] Invoking command in '/home/azidozide/px4_sitl_ws/build/mapping': CMAKE_PREFIX_PATH=${CMAKE_PREFIX_PATH}:/home/azidozide/px4_sitl_ws/install/object_tracker:/home/azidozide/px4_sitl_ws/install/mapping:/opt/ros/humble /usr/bin/cmake --build /home/azidozide/px4_sitl_ws/build/mapping -- -j24 -l24
[0.030s] -- Found ament_cmake: 1.3.12 (/opt/ros/humble/share/ament_cmake/cmake)
[0.126s] -- Found rclcpp: 16.0.16 (/opt/ros/humble/share/rclcpp/cmake)
[0.145s] -- Found rosidl_generator_c: 3.1.7 (/opt/ros/humble/share/rosidl_generator_c/cmake)
[0.147s] -- Found rosidl_adapter: 3.1.7 (/opt/ros/humble/share/rosidl_adapter/cmake)
[0.150s] -- Found rosidl_generator_cpp: 3.1.7 (/opt/ros/humble/share/rosidl_generator_cpp/cmake)
[0.156s] -- Using all available rosidl_typesupport_c: rosidl_typesupport_fastrtps_c;rosidl_typesupport_introspection_c
[0.164s] -- Using all available rosidl_typesupport_cpp: rosidl_typesupport_fastrtps_cpp;rosidl_typesupport_introspection_cpp
[0.184s] -- Found rmw_implementation_cmake: 6.1.2 (/opt/ros/humble/share/rmw_implementation_cmake/cmake)
[0.185s] -- Found rmw_fastrtps_cpp: 6.2.9 (/opt/ros/humble/share/rmw_fastrtps_cpp/cmake)
[0.273s] -- Using RMW implementation 'rmw_fastrtps_cpp' as default
[0.307s] -- Found px4_msgs: 2.0.1 (/home/azidozide/px4_sitl_ws/install/px4_msgs/share/px4_msgs/cmake)
[0.315s] -- Found sensor_msgs: 4.9.0 (/opt/ros/humble/share/sensor_msgs/cmake)
[0.332s] -- Found nav_msgs: 4.9.0 (/opt/ros/humble/share/nav_msgs/cmake)
[0.345s] -- Found ament_lint_auto: 0.12.14 (/opt/ros/humble/share/ament_lint_auto/cmake)
[0.400s] -- Added test 'cppcheck' to perform static code analysis on C / C++ code
[0.400s] -- Configured cppcheck include dirs: /home/azidozide/px4_sitl_ws/src/mapping/src
[0.400s] -- Configured cppcheck exclude dirs and/or files: 
[0.400s] -- Added test 'lint_cmake' to check CMake code style
[0.401s] -- Added test 'uncrustify' to check C / C++ code style
[0.401s] -- Configured uncrustify additional arguments: 
[0.401s] -- Added test 'xmllint' to check XML markup files
[0.402s] -- Configuring done
[0.410s] -- Generating done
[0.413s] -- Build files have been written to: /home/azidozide/px4_sitl_ws/build/mapping
[0.434s] [35m[1mConsolidate compiler generated dependencies of target corridor_gen_correct[0m
[0.435s] [35m[1mConsolidate compiler generated dependencies of target integrated_drone_mapping_node[0m
[0.448s] [ 25%] [32mBuilding CXX object CMakeFiles/integrated_drone_mapping_node.dir/src/integrated_drone_mapping_node.cpp.o[0m
[0.450s] [ 50%] [32mBuilding CXX object CMakeFiles/corridor_gen_correct.dir/src/corridor_gen_correct.cpp.o[0m
[0.634s] [ 75%] [32m[1mLinking CXX executable integrated_drone_mapping_node[0m
[0.738s] [100%] [32m[1mLinking CXX executable corridor_gen_correct[0m
[0.778s] [100%] Built target integrated_drone_mapping_node
[0.853s] [100%] Built target corridor_gen_correct
[0.861s] Invoked command in '/home/azidozide/px4_sitl_ws/build/mapping' returned '0': CMAKE_PREFIX_PATH=${CMAKE_PREFIX_PATH}:/home/azidozide/px4_sitl_ws/install/object_tracker:/home/azidozide/px4_sitl_ws/install/mapping:/opt/ros/humble /usr/bin/cmake --build /home/azidozide/px4_sitl_ws/build/mapping -- -j24 -l24
[0.862s] Invoking command in '/home/azidozide/px4_sitl_ws/build/mapping': CMAKE_PREFIX_PATH=${CMAKE_PREFIX_PATH}:/home/azidozide/px4_sitl_ws/install/object_tracker:/home/azidozide/px4_sitl_ws/install/mapping:/opt/ros/humble /usr/bin/cmake --install /home/azidozide/px4_sitl_ws/build/mapping
[0.869s] -- Install configuration: ""
[0.870s] -- Installing: /home/azidozide/px4_sitl_ws/install/mapping/lib/mapping/integrated_drone_mapping_node
[0.871s] -- Set runtime path of "/home/azidozide/px4_sitl_ws/install/mapping/lib/mapping/integrated_drone_mapping_node" to ""
[0.871s] -- Installing: /home/azidozide/px4_sitl_ws/install/mapping/lib/mapping/corridor_gen_correct
[0.872s] -- Set runtime path of "/home/azidozide/px4_sitl_ws/install/mapping/lib/mapping/corridor_gen_correct" to ""
[0.873s] -- Up-to-date: /home/azidozide/px4_sitl_ws/install/mapping/share/ament_index/resource_index/package_run_dependencies/mapping
[0.873s] -- Up-to-date: /home/azidozide/px4_sitl_ws/install/mapping/share/ament_index/resource_index/parent_prefix_path/mapping
[0.873s] -- Installing: /home/azidozide/px4_sitl_ws/install/mapping/share/mapping/environment/ament_prefix_path.sh
[0.873s] -- Installing: /home/azidozide/px4_sitl_ws/install/mapping/share/mapping/environment/ament_prefix_path.dsv
[0.873s] -- Installing: /home/azidozide/px4_sitl_ws/install/mapping/share/mapping/environment/path.sh
[0.873s] -- Installing: /home/azidozide/px4_sitl_ws/install/mapping/share/mapping/environment/path.dsv
[0.873s] -- Up-to-date: /home/azidozide/px4_sitl_ws/install/mapping/share/mapping/local_setup.bash
[0.873s] -- Up-to-date: /home/azidozide/px4_sitl_ws/install/mapping/share/mapping/local_setup.sh
[0.873s] -- Up-to-date: /home/azidozide/px4_sitl_ws/install/mapping/share/mapping/local_setup.zsh
[0.873s] -- Installing: /home/azidozide/px4_sitl_ws/install/mapping/share/mapping/local_setup.dsv
[0.873s] -- Installing: /home/azidozide/px4_sitl_ws/install/mapping/share/mapping/package.dsv
[0.873s] -- Up-to-date: /home/azidozide/px4_sitl_ws/install/mapping/share/ament_index/resource_index/packages/mapping
[0.873s] -- Up-to-date: /home/azidozide/px4_sitl_ws/install/mapping/share/mapping/cmake/mappingConfig.cmake
[0.873s] -- Up-to-date: /home/azidozide/px4_sitl_ws/install/mapping/share/mapping/cmake/mappingConfig-version.cmake
[0.873s] -- Installing: /home/azidozide/px4_sitl_ws/install/mapping/share/mapping/package.xml
[0.875s] Invoked command in '/home/azidozide/px4_sitl_ws/build/mapping' returned '0': CMAKE_PREFIX_PATH=${CMAKE_PREFIX_PATH}:/home/azidozide/px4_sitl_ws/install/object_tracker:/home/azidozide/px4_sitl_ws/install/mapping:/opt/ros/humble /usr/bin/cmake --install /home/azidozide/px4_sitl_ws/build/mapping
