[0.011s] Invoking command in '/home/azidozide/px4_sitl_ws/src/build/object_tracking_cpp': AMENT_PREFIX_PATH=/home/azidozide/px4_sitl_ws/src/install/px4_msgs:${AMENT_PREFIX_PATH} CMAKE_PREFIX_PATH=/home/azidozide/px4_sitl_ws/install/object_tracker:/opt/ros/humble:/home/azidozide/px4_sitl_ws/src/install/swarm_control:/home/azidozide/px4_sitl_ws/src/install/px4_msgs:${CMAKE_PREFIX_PATH} LD_LIBRARY_PATH=/home/azidozide/px4_sitl_ws/src/install/swarm_control/lib:/home/azidozide/px4_sitl_ws/src/install/px4_msgs/lib:${LD_LIBRARY_PATH} PKG_CONFIG_PATH=/home/azidozide/px4_sitl_ws/src/install/swarm_control/lib/x86_64-linux-gnu/pkgconfig:/home/azidozide/px4_sitl_ws/src/install/swarm_control/lib/pkgconfig:${PKG_CONFIG_PATH} PYTHONPATH=/home/azidozide/px4_sitl_ws/src/install/swarm_control/local/lib/python3.10/dist-packages:/home/azidozide/px4_sitl_ws/src/install/px4_msgs/local/lib/python3.10/dist-packages:${PYTHONPATH} ROS_PACKAGE_PATH=/home/azidozide/px4_sitl_ws/src/install/swarm_control/share:${ROS_PACKAGE_PATH} /usr/bin/cmake --build /home/azidozide/px4_sitl_ws/src/build/object_tracking_cpp -- -j24 -l24
[0.050s] [35m[1mConsolidate compiler generated dependencies of target mothernode[0m
[0.052s] [35m[1mConsolidate compiler generated dependencies of target follower_1[0m
[0.066s] [ 50%] Built target mothernode
[0.069s] [ 75%] [32mBuilding CXX object CMakeFiles/follower_1.dir/src/follower1.cpp.o[0m
[16.068s] [01m[K/home/azidozide/px4_sitl_ws/src/object_tracking_cpp/src/follower1.cpp:[m[K In constructor ‘[01m[KOffboard::Offboard()[m[K’:
[16.068s] [01m[K/home/azidozide/px4_sitl_ws/src/object_tracking_cpp/src/follower1.cpp:539:47:[m[K [01;35m[Kwarning: [m[K‘[01m[KOffboard::vehicle_odometry_[m[K’ will be initialized after [[01;35m[K-Wreorder[m[K]
[16.068s]   539 |     px4_msgs::msg::VehicleOdometry::SharedPtr [01;35m[Kvehicle_odometry_[m[K;
[16.068s]       |                                               [01;35m[K^~~~~~~~~~~~~~~~~[m[K
[16.068s] [01m[K/home/azidozide/px4_sitl_ws/src/object_tracking_cpp/src/follower1.cpp:524:11:[m[K [01;35m[Kwarning: [m[K  ‘[01m[Kfloat Offboard::takeoff_height_[m[K’ [[01;35m[K-Wreorder[m[K]
[16.068s]   524 |     float [01;35m[Ktakeoff_height_[m[K;
[16.068s]       |           [01;35m[K^~~~~~~~~~~~~~~[m[K
[16.068s] [01m[K/home/azidozide/px4_sitl_ws/src/object_tracking_cpp/src/follower1.cpp:47:5:[m[K [01;35m[Kwarning: [m[K  when initialized here [[01;35m[K-Wreorder[m[K]
[16.069s]    47 |     [01;35m[KOffboard[m[K()
[16.069s]       |     [01;35m[K^~~~~~~~[m[K
[16.087s] [100%] [32m[1mLinking CXX executable follower_1[0m
[16.964s] [100%] Built target follower_1
[16.975s] Invoked command in '/home/azidozide/px4_sitl_ws/src/build/object_tracking_cpp' returned '0': AMENT_PREFIX_PATH=/home/azidozide/px4_sitl_ws/src/install/px4_msgs:${AMENT_PREFIX_PATH} CMAKE_PREFIX_PATH=/home/azidozide/px4_sitl_ws/install/object_tracker:/opt/ros/humble:/home/azidozide/px4_sitl_ws/src/install/swarm_control:/home/azidozide/px4_sitl_ws/src/install/px4_msgs:${CMAKE_PREFIX_PATH} LD_LIBRARY_PATH=/home/azidozide/px4_sitl_ws/src/install/swarm_control/lib:/home/azidozide/px4_sitl_ws/src/install/px4_msgs/lib:${LD_LIBRARY_PATH} PKG_CONFIG_PATH=/home/azidozide/px4_sitl_ws/src/install/swarm_control/lib/x86_64-linux-gnu/pkgconfig:/home/azidozide/px4_sitl_ws/src/install/swarm_control/lib/pkgconfig:${PKG_CONFIG_PATH} PYTHONPATH=/home/azidozide/px4_sitl_ws/src/install/swarm_control/local/lib/python3.10/dist-packages:/home/azidozide/px4_sitl_ws/src/install/px4_msgs/local/lib/python3.10/dist-packages:${PYTHONPATH} ROS_PACKAGE_PATH=/home/azidozide/px4_sitl_ws/src/install/swarm_control/share:${ROS_PACKAGE_PATH} /usr/bin/cmake --build /home/azidozide/px4_sitl_ws/src/build/object_tracking_cpp -- -j24 -l24
[16.977s] Invoking command in '/home/azidozide/px4_sitl_ws/src/build/object_tracking_cpp': AMENT_PREFIX_PATH=/home/azidozide/px4_sitl_ws/src/install/px4_msgs:${AMENT_PREFIX_PATH} CMAKE_PREFIX_PATH=/home/azidozide/px4_sitl_ws/install/object_tracker:/opt/ros/humble:/home/azidozide/px4_sitl_ws/src/install/swarm_control:/home/azidozide/px4_sitl_ws/src/install/px4_msgs:${CMAKE_PREFIX_PATH} LD_LIBRARY_PATH=/home/azidozide/px4_sitl_ws/src/install/swarm_control/lib:/home/azidozide/px4_sitl_ws/src/install/px4_msgs/lib:${LD_LIBRARY_PATH} PKG_CONFIG_PATH=/home/azidozide/px4_sitl_ws/src/install/swarm_control/lib/x86_64-linux-gnu/pkgconfig:/home/azidozide/px4_sitl_ws/src/install/swarm_control/lib/pkgconfig:${PKG_CONFIG_PATH} PYTHONPATH=/home/azidozide/px4_sitl_ws/src/install/swarm_control/local/lib/python3.10/dist-packages:/home/azidozide/px4_sitl_ws/src/install/px4_msgs/local/lib/python3.10/dist-packages:${PYTHONPATH} ROS_PACKAGE_PATH=/home/azidozide/px4_sitl_ws/src/install/swarm_control/share:${ROS_PACKAGE_PATH} /usr/bin/cmake --install /home/azidozide/px4_sitl_ws/src/build/object_tracking_cpp
[16.982s] -- Install configuration: ""
[16.982s] -- Up-to-date: /home/azidozide/px4_sitl_ws/src/install/object_tracking_cpp/lib/object_tracking_cpp/mothernode
[16.983s] -- Installing: /home/azidozide/px4_sitl_ws/src/install/object_tracking_cpp/lib/object_tracking_cpp/follower_1
[16.993s] -- Set runtime path of "/home/azidozide/px4_sitl_ws/src/install/object_tracking_cpp/lib/object_tracking_cpp/follower_1" to ""
[16.993s] -- Up-to-date: /home/azidozide/px4_sitl_ws/src/install/object_tracking_cpp/share/ament_index/resource_index/package_run_dependencies/object_tracking_cpp
[16.993s] -- Up-to-date: /home/azidozide/px4_sitl_ws/src/install/object_tracking_cpp/share/ament_index/resource_index/parent_prefix_path/object_tracking_cpp
[16.993s] -- Up-to-date: /home/azidozide/px4_sitl_ws/src/install/object_tracking_cpp/share/object_tracking_cpp/environment/ament_prefix_path.sh
[16.993s] -- Up-to-date: /home/azidozide/px4_sitl_ws/src/install/object_tracking_cpp/share/object_tracking_cpp/environment/ament_prefix_path.dsv
[16.993s] -- Up-to-date: /home/azidozide/px4_sitl_ws/src/install/object_tracking_cpp/share/object_tracking_cpp/environment/path.sh
[16.993s] -- Up-to-date: /home/azidozide/px4_sitl_ws/src/install/object_tracking_cpp/share/object_tracking_cpp/environment/path.dsv
[16.993s] -- Up-to-date: /home/azidozide/px4_sitl_ws/src/install/object_tracking_cpp/share/object_tracking_cpp/local_setup.bash
[16.993s] -- Up-to-date: /home/azidozide/px4_sitl_ws/src/install/object_tracking_cpp/share/object_tracking_cpp/local_setup.sh
[16.993s] -- Up-to-date: /home/azidozide/px4_sitl_ws/src/install/object_tracking_cpp/share/object_tracking_cpp/local_setup.zsh
[16.993s] -- Up-to-date: /home/azidozide/px4_sitl_ws/src/install/object_tracking_cpp/share/object_tracking_cpp/local_setup.dsv
[16.993s] -- Installing: /home/azidozide/px4_sitl_ws/src/install/object_tracking_cpp/share/object_tracking_cpp/package.dsv
[16.993s] -- Up-to-date: /home/azidozide/px4_sitl_ws/src/install/object_tracking_cpp/share/ament_index/resource_index/packages/object_tracking_cpp
[16.994s] -- Up-to-date: /home/azidozide/px4_sitl_ws/src/install/object_tracking_cpp/share/object_tracking_cpp/cmake/object_tracking_cppConfig.cmake
[16.994s] -- Up-to-date: /home/azidozide/px4_sitl_ws/src/install/object_tracking_cpp/share/object_tracking_cpp/cmake/object_tracking_cppConfig-version.cmake
[16.994s] -- Up-to-date: /home/azidozide/px4_sitl_ws/src/install/object_tracking_cpp/share/object_tracking_cpp/package.xml
[16.995s] Invoked command in '/home/azidozide/px4_sitl_ws/src/build/object_tracking_cpp' returned '0': AMENT_PREFIX_PATH=/home/azidozide/px4_sitl_ws/src/install/px4_msgs:${AMENT_PREFIX_PATH} CMAKE_PREFIX_PATH=/home/azidozide/px4_sitl_ws/install/object_tracker:/opt/ros/humble:/home/azidozide/px4_sitl_ws/src/install/swarm_control:/home/azidozide/px4_sitl_ws/src/install/px4_msgs:${CMAKE_PREFIX_PATH} LD_LIBRARY_PATH=/home/azidozide/px4_sitl_ws/src/install/swarm_control/lib:/home/azidozide/px4_sitl_ws/src/install/px4_msgs/lib:${LD_LIBRARY_PATH} PKG_CONFIG_PATH=/home/azidozide/px4_sitl_ws/src/install/swarm_control/lib/x86_64-linux-gnu/pkgconfig:/home/azidozide/px4_sitl_ws/src/install/swarm_control/lib/pkgconfig:${PKG_CONFIG_PATH} PYTHONPATH=/home/azidozide/px4_sitl_ws/src/install/swarm_control/local/lib/python3.10/dist-packages:/home/azidozide/px4_sitl_ws/src/install/px4_msgs/local/lib/python3.10/dist-packages:${PYTHONPATH} ROS_PACKAGE_PATH=/home/azidozide/px4_sitl_ws/src/install/swarm_control/share:${ROS_PACKAGE_PATH} /usr/bin/cmake --install /home/azidozide/px4_sitl_ws/src/build/object_tracking_cpp
