[0.516s] Invoking command in '/home/azidozide/px4_sitl_ws/src/object_tracker': PYTHONPATH=/home/azidozide/px4_sitl_ws/build/object_tracker/prefix_override:/usr/lib/python3/dist-packages/colcon_core/task/python/colcon_distutils_commands:/home/azidozide/px4_sitl_ws/install/object_tracker/lib/python3.10/site-packages:${PYTHONPATH} /usr/bin/python3 -W ignore:setup.py install is deprecated -W ignore:easy_install command is deprecated setup.py egg_info --egg-base ../../build/object_tracker build --build-base /home/azidozide/px4_sitl_ws/build/object_tracker/build install --record /home/azidozide/px4_sitl_ws/build/object_tracker/install.log --single-version-externally-managed install_data
[0.689s] running egg_info
[0.689s] writing ../../build/object_tracker/object_tracker.egg-info/PKG-INFO
[0.689s] writing dependency_links to ../../build/object_tracker/object_tracker.egg-info/dependency_links.txt
[0.689s] writing entry points to ../../build/object_tracker/object_tracker.egg-info/entry_points.txt
[0.690s] writing requirements to ../../build/object_tracker/object_tracker.egg-info/requires.txt
[0.690s] writing top-level names to ../../build/object_tracker/object_tracker.egg-info/top_level.txt
[0.692s] reading manifest file '../../build/object_tracker/object_tracker.egg-info/SOURCES.txt'
[0.692s] adding license file 'LICENSE'
[0.692s] writing manifest file '../../build/object_tracker/object_tracker.egg-info/SOURCES.txt'
[0.692s] running build
[0.692s] running build_py
[0.692s] copying object_tracker/process_frame.py -> /home/azidozide/px4_sitl_ws/build/object_tracker/build/lib/object_tracker
[0.692s] copying object_tracker/tracker.py -> /home/azidozide/px4_sitl_ws/build/object_tracker/build/lib/object_tracker
[0.693s] running install
[0.695s] running install_lib
[0.698s] copying /home/azidozide/px4_sitl_ws/build/object_tracker/build/lib/object_tracker/process_frame.py -> /home/azidozide/px4_sitl_ws/install/object_tracker/lib/python3.10/site-packages/object_tracker
[0.698s] copying /home/azidozide/px4_sitl_ws/build/object_tracker/build/lib/object_tracker/tracker.py -> /home/azidozide/px4_sitl_ws/install/object_tracker/lib/python3.10/site-packages/object_tracker
[0.700s] byte-compiling /home/azidozide/px4_sitl_ws/install/object_tracker/lib/python3.10/site-packages/object_tracker/process_frame.py to process_frame.cpython-310.pyc
[0.701s] byte-compiling /home/azidozide/px4_sitl_ws/install/object_tracker/lib/python3.10/site-packages/object_tracker/tracker.py to tracker.cpython-310.pyc
[0.701s] running install_data
[0.704s] running install_egg_info
[0.710s] removing '/home/azidozide/px4_sitl_ws/install/object_tracker/lib/python3.10/site-packages/object_tracker-0.0.0-py3.10.egg-info' (and everything under it)
[0.714s] Copying ../../build/object_tracker/object_tracker.egg-info to /home/azidozide/px4_sitl_ws/install/object_tracker/lib/python3.10/site-packages/object_tracker-0.0.0-py3.10.egg-info
[0.714s] running install_scripts
[0.755s] Installing drone_control script to /home/azidozide/px4_sitl_ws/install/object_tracker/lib/object_tracker
[0.757s] Installing tracker script to /home/azidozide/px4_sitl_ws/install/object_tracker/lib/object_tracker
[0.757s] writing list of installed files to '/home/azidozide/px4_sitl_ws/build/object_tracker/install.log'
[0.804s] Invoked command in '/home/azidozide/px4_sitl_ws/src/object_tracker' returned '0': PYTHONPATH=/home/azidozide/px4_sitl_ws/build/object_tracker/prefix_override:/usr/lib/python3/dist-packages/colcon_core/task/python/colcon_distutils_commands:/home/azidozide/px4_sitl_ws/install/object_tracker/lib/python3.10/site-packages:${PYTHONPATH} /usr/bin/python3 -W ignore:setup.py install is deprecated -W ignore:easy_install command is deprecated setup.py egg_info --egg-base ../../build/object_tracker build --build-base /home/azidozide/px4_sitl_ws/build/object_tracker/build install --record /home/azidozide/px4_sitl_ws/build/object_tracker/install.log --single-version-externally-managed install_data
