[0.010s] Invoking command in '/home/azidozide/px4_sitl_ws/build/object_tracking_cpp': CMAKE_PREFIX_PATH=/home/azidozide/px4_sitl_ws/install/object_tracker:/opt/ros/humble:/home/azidozide/px4_sitl_ws/install/swarm_control:/home/azidozide/px4_sitl_ws/install/px4_msgs:/home/azidozide/px4_sitl_ws/install/object_tracking_cpp:/home/azidozide/px4_sitl_ws/install/mapping:/home/azidozide/px4_sitl_ws/install/integrated_drone_mapping:/home/azidozide/px4_sitl_ws/install/mine_mapping /usr/bin/cmake --build /home/azidozide/px4_sitl_ws/build/object_tracking_cpp -- -j24 -l24
[0.050s] [35m[1mConsolidate compiler generated dependencies of target follower_1[0m
[0.062s] [ 50%] Built target mothernode
[0.062s] [ 75%] [32mBuilding CXX object CMakeFiles/follower_1.dir/src/follower1.cpp.o[0m
[3.652s] [01m[K/home/azidozide/px4_sitl_ws/src/object_tracking_cpp/src/follower1.cpp:334:9:[m[K [01;31m[Kerror: [m[Kredeclaration of ‘[01m[Kint SwarmFollower::counter_[m[K’
[3.652s]   334 |     int [01;31m[Kcounter_[m[K;
[3.652s]       |         [01;31m[K^~~~~~~~[m[K
[3.652s] [01m[K/home/azidozide/px4_sitl_ws/src/object_tracking_cpp/src/follower1.cpp:80:9:[m[K [01;36m[Knote: [m[Kprevious declaration ‘[01m[Kint SwarmFollower::counter_[m[K’
[3.652s]    80 |     int [01;36m[Kcounter_[m[K;
[3.652s]       |         [01;36m[K^~~~~~~~[m[K
[3.652s] [01m[K/home/azidozide/px4_sitl_ws/src/object_tracking_cpp/src/follower1.cpp:335:10:[m[K [01;31m[Kerror: [m[Kredeclaration of ‘[01m[Kbool SwarmFollower::takeoff_mode_[m[K’
[3.652s]   335 |     bool [01;31m[Ktakeoff_mode_[m[K;
[3.652s]       |          [01;31m[K^~~~~~~~~~~~~[m[K
[3.652s] [01m[K/home/azidozide/px4_sitl_ws/src/object_tracking_cpp/src/follower1.cpp:81:10:[m[K [01;36m[Knote: [m[Kprevious declaration ‘[01m[Kbool SwarmFollower::takeoff_mode_[m[K’
[3.652s]    81 |     bool [01;36m[Ktakeoff_mode_[m[K;
[3.652s]       |          [01;36m[K^~~~~~~~~~~~~[m[K
[3.652s] [01m[K/home/azidozide/px4_sitl_ws/src/object_tracking_cpp/src/follower1.cpp:336:11:[m[K [01;31m[Kerror: [m[Kredeclaration of ‘[01m[Kfloat SwarmFollower::takeoff_height_[m[K’
[3.652s]   336 |     float [01;31m[Ktakeoff_height_[m[K;
[3.652s]       |           [01;31m[K^~~~~~~~~~~~~~~[m[K
[3.652s] [01m[K/home/azidozide/px4_sitl_ws/src/object_tracking_cpp/src/follower1.cpp:82:11:[m[K [01;36m[Knote: [m[Kprevious declaration ‘[01m[Kfloat SwarmFollower::takeoff_height_[m[K’
[3.652s]    82 |     float [01;36m[Ktakeoff_height_[m[K;
[3.653s]       |           [01;36m[K^~~~~~~~~~~~~~~[m[K
[3.653s] [01m[K/home/azidozide/px4_sitl_ws/src/object_tracking_cpp/src/follower1.cpp:[m[K In constructor ‘[01m[KSwarmFollower::SwarmFollower()[m[K’:
[3.653s] [01m[K/home/azidozide/px4_sitl_ws/src/object_tracking_cpp/src/follower1.cpp:331:11:[m[K [01;35m[Kwarning: [m[K‘[01m[KSwarmFollower::state_[m[K’ will be initialized after [[01;35m[K-Wreorder[m[K]
[3.653s]   331 |     State [01;35m[Kstate_[m[K;
[3.653s]       |           [01;35m[K^~~~~~[m[K
[3.653s] [01m[K/home/azidozide/px4_sitl_ws/src/object_tracking_cpp/src/follower1.cpp:329:10:[m[K [01;35m[Kwarning: [m[K  ‘[01m[Kbool SwarmFollower::have_offset_[m[K’ [[01;35m[K-Wreorder[m[K]
[3.653s]   329 |     bool [01;35m[Khave_offset_[m[K;
[3.653s]       |          [01;35m[K^~~~~~~~~~~~[m[K
[3.653s] [01m[K/home/azidozide/px4_sitl_ws/src/object_tracking_cpp/src/follower1.cpp:24:5:[m[K [01;35m[Kwarning: [m[K  when initialized here [[01;35m[K-Wreorder[m[K]
[3.653s]    24 |     [01;35m[KSwarmFollower[m[K()
[3.653s]       |     [01;35m[K^~~~~~~~~~~~~[m[K
[3.653s] [01m[K/home/azidozide/px4_sitl_ws/src/object_tracking_cpp/src/follower1.cpp:330:9:[m[K [01;35m[Kwarning: [m[K‘[01m[KSwarmFollower::last_mother_lock_[m[K’ will be initialized after [[01;35m[K-Wreorder[m[K]
[3.653s]   330 |     int [01;35m[Klast_mother_lock_[m[K;
[3.653s]       |         [01;35m[K^~~~~~~~~~~~~~~~~[m[K
[3.653s] [01m[K/home/azidozide/px4_sitl_ws/src/object_tracking_cpp/src/follower1.cpp:298:12:[m[K [01;35m[Kwarning: [m[K  ‘[01m[Kdouble SwarmFollower::publish_hz_[m[K’ [[01;35m[K-Wreorder[m[K]
[3.653s]   298 |     double [01;35m[Kpublish_hz_[m[K;
[3.653s]       |            [01;35m[K^~~~~~~~~~~[m[K
[3.653s] [01m[K/home/azidozide/px4_sitl_ws/src/object_tracking_cpp/src/follower1.cpp:24:5:[m[K [01;35m[Kwarning: [m[K  when initialized here [[01;35m[K-Wreorder[m[K]
[3.653s]    24 |     [01;35m[KSwarmFollower[m[K()
[3.653s]       |     [01;35m[K^~~~~~~~~~~~~[m[K
[3.653s] [01m[K/home/azidozide/px4_sitl_ws/src/object_tracking_cpp/src/follower1.cpp:299:12:[m[K [01;35m[Kwarning: [m[K‘[01m[KSwarmFollower::arrival_tolerance_m_[m[K’ will be initialized after [[01;35m[K-Wreorder[m[K]
[3.653s]   299 |     double [01;35m[Karrival_tolerance_m_[m[K;
[3.653s]       |            [01;35m[K^~~~~~~~~~~~~~~~~~~~[m[K
[3.653s] [01m[K/home/azidozide/px4_sitl_ws/src/object_tracking_cpp/src/follower1.cpp:80:9:[m[K [01;35m[Kwarning: [m[K  ‘[01m[Kint SwarmFollower::counter_[m[K’ [[01;35m[K-Wreorder[m[K]
[3.653s]    80 |     int [01;35m[Kcounter_[m[K;
[3.653s]       |         [01;35m[K^~~~~~~~[m[K
[3.653s] [01m[K/home/azidozide/px4_sitl_ws/src/object_tracking_cpp/src/follower1.cpp:24:5:[m[K [01;35m[Kwarning: [m[K  when initialized here [[01;35m[K-Wreorder[m[K]
[3.653s]    24 |     [01;35m[KSwarmFollower[m[K()
[3.653s]       |     [01;35m[K^~~~~~~~~~~~~[m[K
[3.654s] gmake[2]: *** [CMakeFiles/follower_1.dir/build.make:76: CMakeFiles/follower_1.dir/src/follower1.cpp.o] Error 1
[3.654s] gmake[1]: *** [CMakeFiles/Makefile2:165: CMakeFiles/follower_1.dir/all] Error 2
[3.654s] gmake: *** [Makefile:146: all] Error 2
[3.655s] Invoked command in '/home/azidozide/px4_sitl_ws/build/object_tracking_cpp' returned '2': CMAKE_PREFIX_PATH=/home/azidozide/px4_sitl_ws/install/object_tracker:/opt/ros/humble:/home/azidozide/px4_sitl_ws/install/swarm_control:/home/azidozide/px4_sitl_ws/install/px4_msgs:/home/azidozide/px4_sitl_ws/install/object_tracking_cpp:/home/azidozide/px4_sitl_ws/install/mapping:/home/azidozide/px4_sitl_ws/install/integrated_drone_mapping:/home/azidozide/px4_sitl_ws/install/mine_mapping /usr/bin/cmake --build /home/azidozide/px4_sitl_ws/build/object_tracking_cpp -- -j24 -l24
