[35m[1mConsolidate compiler generated dependencies of target gcopter_trajectory_planner[0m
[ 33%] Built target integrated_drone_mapping_node
[ 66%] Built target corridor_gen_correct
[ 83%] [32mBuilding CXX object CMakeFiles/gcopter_trajectory_planner.dir/src/planner.cpp.o[0m
In file included from [01m[K/home/azidozide/px4_sitl_ws/src/mapping/src/planner.cpp:13[m[K:
[01m[K/home/azidozide/px4_sitl_ws/src/mapping/src/gcopter.hpp:[m[K In static member function ‘[01m[Kstatic void gcopter::GCOPTER_PolytopeSFC::attachPenaltyFunctional(const VectorXd&, const MatrixX3d&, const VectorXi&, const PolyhedraH&, const double&, const int&, const VectorXd&, const VectorXd&, flatness::FlatnessMap&, double&, Eigen::VectorXd&, Eigen::MatrixX3d&)[m[K’:
[01m[K/home/azidozide/px4_sitl_ws/src/mapping/src/gcopter.hpp:367:32:[m[K [01;35m[Kwarning: [m[Kvariable ‘[01m[Ks4[m[K’ set but not used [[01;35m[K-Wunused-but-set-variable[m[K]
  367 |             double s1, s2, s3, [01;35m[Ks4[m[K;
      |                                [01;35m[K^~[m[K
[100%] [32m[1mLinking CXX executable gcopter_trajectory_planner[0m
[100%] Built target gcopter_trajectory_planner
-- Install configuration: ""
-- Up-to-date: /home/azidozide/px4_sitl_ws/install/mapping/lib/mapping/integrated_drone_mapping_node
-- Up-to-date: /home/azidozide/px4_sitl_ws/install/mapping/lib/mapping/corridor_gen_correct
-- Installing: /home/azidozide/px4_sitl_ws/install/mapping/lib/mapping/gcopter_trajectory_planner
-- Set runtime path of "/home/azidozide/px4_sitl_ws/install/mapping/lib/mapping/gcopter_trajectory_planner" to ""
-- Up-to-date: /home/azidozide/px4_sitl_ws/install/mapping/share/ament_index/resource_index/package_run_dependencies/mapping
-- Up-to-date: /home/azidozide/px4_sitl_ws/install/mapping/share/ament_index/resource_index/parent_prefix_path/mapping
-- Up-to-date: /home/azidozide/px4_sitl_ws/install/mapping/share/mapping/environment/ament_prefix_path.sh
-- Up-to-date: /home/azidozide/px4_sitl_ws/install/mapping/share/mapping/environment/ament_prefix_path.dsv
-- Up-to-date: /home/azidozide/px4_sitl_ws/install/mapping/share/mapping/environment/path.sh
-- Up-to-date: /home/azidozide/px4_sitl_ws/install/mapping/share/mapping/environment/path.dsv
-- Up-to-date: /home/azidozide/px4_sitl_ws/install/mapping/share/mapping/local_setup.bash
-- Up-to-date: /home/azidozide/px4_sitl_ws/install/mapping/share/mapping/local_setup.sh
-- Up-to-date: /home/azidozide/px4_sitl_ws/install/mapping/share/mapping/local_setup.zsh
-- Up-to-date: /home/azidozide/px4_sitl_ws/install/mapping/share/mapping/local_setup.dsv
-- Installing: /home/azidozide/px4_sitl_ws/install/mapping/share/mapping/package.dsv
-- Up-to-date: /home/azidozide/px4_sitl_ws/install/mapping/share/ament_index/resource_index/packages/mapping
-- Up-to-date: /home/azidozide/px4_sitl_ws/install/mapping/share/mapping/cmake/mappingConfig.cmake
-- Up-to-date: /home/azidozide/px4_sitl_ws/install/mapping/share/mapping/cmake/mappingConfig-version.cmake
-- Up-to-date: /home/azidozide/px4_sitl_ws/install/mapping/share/mapping/package.xml
