[0.017s] Invoking command in '/home/azidozide/px4_sitl_ws/build/swarm_control': /usr/bin/cmake --build /home/azidozide/px4_sitl_ws/build/swarm_control -- -j24 -l24
[0.058s] -- Found ament_cmake: 1.3.12 (/opt/ros/humble/share/ament_cmake/cmake)
[0.218s] -- Found rosidl_default_generators: 1.2.0 (/opt/ros/humble/share/rosidl_default_generators/cmake)
[0.221s] -- Using all available rosidl_typesupport_c: rosidl_typesupport_fastrtps_c;rosidl_typesupport_introspection_c
[0.225s] -- Found rosidl_adapter: 3.1.7 (/opt/ros/humble/share/rosidl_adapter/cmake)
[0.261s] -- Using all available rosidl_typesupport_cpp: rosidl_typesupport_fastrtps_cpp;rosidl_typesupport_introspection_cpp
[0.515s] -- Found ament_cmake_ros: 0.10.0 (/opt/ros/humble/share/ament_cmake_ros/cmake)
[0.736s] -- Using all available rosidl_typesupport_c: rosidl_typesupport_fastrtps_c;rosidl_typesupport_introspection_c
[1.048s] -- Using all available rosidl_typesupport_cpp: rosidl_typesupport_fastrtps_cpp;rosidl_typesupport_introspection_cpp
[1.097s] -- Found python_cmake_module: 0.10.0 (/opt/ros/humble/share/python_cmake_module/cmake)
[1.140s] -- Using PYTHON_EXECUTABLE: /usr/bin/python3
[1.140s] -- Using PYTHON_INCLUDE_DIRS: /usr/include/python3.10
[1.141s] -- Using PYTHON_LIBRARIES: /usr/lib/x86_64-linux-gnu/libpython3.10.so
[1.141s] -- Configuring done
[1.141s] -- Generating done
[1.143s] -- Build files have been written to: /home/azidozide/px4_sitl_ws/build/swarm_control
[1.151s] [35m[1mConsolidate compiler generated dependencies of target swarm_control__rosidl_generator_c[0m
[1.153s] [  3%] Built target swarm_control__cpp
[1.154s] [ 12%] Built target swarm_control__rosidl_generator_c
[1.155s] [35m[1mConsolidate compiler generated dependencies of target swarm_control__rosidl_typesupport_cpp[0m
[1.155s] [35m[1mConsolidate compiler generated dependencies of target swarm_control__rosidl_typesupport_fastrtps_cpp[0m
[1.156s] [35m[1mConsolidate compiler generated dependencies of target swarm_control__rosidl_typesupport_introspection_cpp[0m
[1.156s] [35m[1mConsolidate compiler generated dependencies of target swarm_control__rosidl_typesupport_introspection_c[0m
[1.156s] [35m[1mConsolidate compiler generated dependencies of target swarm_control__rosidl_typesupport_fastrtps_c[0m
[1.156s] [ 12%] Built target ament_cmake_python_copy_swarm_control
[1.156s] [35m[1mConsolidate compiler generated dependencies of target swarm_control__rosidl_typesupport_c[0m
[1.157s] [ 22%] Built target swarm_control__rosidl_typesupport_cpp
[1.157s] [ 32%] Built target swarm_control__rosidl_typesupport_introspection_cpp
[1.157s] [ 41%] Built target swarm_control__rosidl_typesupport_fastrtps_cpp
[1.157s] [ 51%] Built target swarm_control__rosidl_typesupport_fastrtps_c
[1.157s] [ 61%] Built target swarm_control__rosidl_typesupport_introspection_c
[1.158s] [ 70%] Built target swarm_control__rosidl_typesupport_c
[1.172s] [ 70%] Built target swarm_control
[1.191s] [ 74%] Built target swarm_control__py
[1.203s] [35m[1mConsolidate compiler generated dependencies of target swarm_control__rosidl_generator_py[0m
[1.213s] [ 80%] Built target swarm_control__rosidl_generator_py
[1.224s] [35m[1mConsolidate compiler generated dependencies of target swarm_control__rosidl_typesupport_fastrtps_c__pyext[0m
[1.226s] [35m[1mConsolidate compiler generated dependencies of target swarm_control__rosidl_typesupport_introspection_c__pyext[0m
[1.227s] [35m[1mConsolidate compiler generated dependencies of target swarm_control__rosidl_typesupport_c__pyext[0m
[1.236s] [ 87%] Built target swarm_control__rosidl_typesupport_fastrtps_c__pyext
[1.238s] [ 93%] Built target swarm_control__rosidl_typesupport_introspection_c__pyext
[1.239s] [100%] Built target swarm_control__rosidl_typesupport_c__pyext
[1.366s] running egg_info
[1.367s] writing swarm_control.egg-info/PKG-INFO
[1.367s] writing dependency_links to swarm_control.egg-info/dependency_links.txt
[1.367s] writing top-level names to swarm_control.egg-info/top_level.txt
[1.371s] reading manifest file 'swarm_control.egg-info/SOURCES.txt'
[1.371s] writing manifest file 'swarm_control.egg-info/SOURCES.txt'
[1.393s] [100%] Built target ament_cmake_python_build_swarm_control_egg
[1.402s] Invoked command in '/home/azidozide/px4_sitl_ws/build/swarm_control' returned '0': /usr/bin/cmake --build /home/azidozide/px4_sitl_ws/build/swarm_control -- -j24 -l24
[1.404s] Invoking command in '/home/azidozide/px4_sitl_ws/build/swarm_control': /usr/bin/cmake --install /home/azidozide/px4_sitl_ws/build/swarm_control
[1.411s] -- Install configuration: ""
[1.411s] -- Up-to-date: /home/azidozide/px4_sitl_ws/install/swarm_control/share/ament_index/resource_index/rosidl_interfaces/swarm_control
[1.411s] -- Up-to-date: /home/azidozide/px4_sitl_ws/install/swarm_control/include/swarm_control/swarm_control
[1.411s] -- Up-to-date: /home/azidozide/px4_sitl_ws/install/swarm_control/include/swarm_control/swarm_control/msg
[1.412s] -- Up-to-date: /home/azidozide/px4_sitl_ws/install/swarm_control/include/swarm_control/swarm_control/msg/detail
[1.412s] -- Up-to-date: /home/azidozide/px4_sitl_ws/install/swarm_control/include/swarm_control/swarm_control/msg/detail/mother_state__functions.c
[1.412s] -- Up-to-date: /home/azidozide/px4_sitl_ws/install/swarm_control/include/swarm_control/swarm_control/msg/detail/mother_state__struct.h
[1.412s] -- Up-to-date: /home/azidozide/px4_sitl_ws/install/swarm_control/include/swarm_control/swarm_control/msg/detail/mother_state__functions.h
[1.412s] -- Up-to-date: /home/azidozide/px4_sitl_ws/install/swarm_control/include/swarm_control/swarm_control/msg/detail/mother_state__type_support.h
[1.412s] -- Up-to-date: /home/azidozide/px4_sitl_ws/install/swarm_control/include/swarm_control/swarm_control/msg/mother_state.h
[1.412s] -- Up-to-date: /home/azidozide/px4_sitl_ws/install/swarm_control/include/swarm_control/swarm_control/msg/rosidl_generator_c__visibility_control.h
[1.412s] -- Up-to-date: /home/azidozide/px4_sitl_ws/install/swarm_control/share/swarm_control/environment/library_path.sh
[1.412s] -- Installing: /home/azidozide/px4_sitl_ws/install/swarm_control/share/swarm_control/environment/library_path.dsv
[1.412s] -- Up-to-date: /home/azidozide/px4_sitl_ws/install/swarm_control/lib/libswarm_control__rosidl_generator_c.so
[1.412s] -- Up-to-date: /home/azidozide/px4_sitl_ws/install/swarm_control/include/swarm_control/swarm_control
[1.412s] -- Up-to-date: /home/azidozide/px4_sitl_ws/install/swarm_control/include/swarm_control/swarm_control/msg
[1.412s] -- Up-to-date: /home/azidozide/px4_sitl_ws/install/swarm_control/include/swarm_control/swarm_control/msg/detail
[1.412s] -- Up-to-date: /home/azidozide/px4_sitl_ws/install/swarm_control/include/swarm_control/swarm_control/msg/detail/mother_state__rosidl_typesupport_fastrtps_c.h
[1.412s] -- Up-to-date: /home/azidozide/px4_sitl_ws/install/swarm_control/include/swarm_control/swarm_control/msg/rosidl_typesupport_fastrtps_c__visibility_control.h
[1.412s] -- Up-to-date: /home/azidozide/px4_sitl_ws/install/swarm_control/lib/libswarm_control__rosidl_typesupport_fastrtps_c.so
[1.413s] -- Up-to-date: /home/azidozide/px4_sitl_ws/install/swarm_control/include/swarm_control/swarm_control
[1.413s] -- Up-to-date: /home/azidozide/px4_sitl_ws/install/swarm_control/include/swarm_control/swarm_control/msg
[1.413s] -- Up-to-date: /home/azidozide/px4_sitl_ws/install/swarm_control/include/swarm_control/swarm_control/msg/detail
[1.413s] -- Up-to-date: /home/azidozide/px4_sitl_ws/install/swarm_control/include/swarm_control/swarm_control/msg/detail/mother_state__type_support.c
[1.413s] -- Up-to-date: /home/azidozide/px4_sitl_ws/install/swarm_control/include/swarm_control/swarm_control/msg/detail/mother_state__rosidl_typesupport_introspection_c.h
[1.413s] -- Up-to-date: /home/azidozide/px4_sitl_ws/install/swarm_control/include/swarm_control/swarm_control/msg/rosidl_typesupport_introspection_c__visibility_control.h
[1.413s] -- Up-to-date: /home/azidozide/px4_sitl_ws/install/swarm_control/lib/libswarm_control__rosidl_typesupport_introspection_c.so
[1.413s] -- Up-to-date: /home/azidozide/px4_sitl_ws/install/swarm_control/lib/libswarm_control__rosidl_typesupport_c.so
[1.413s] -- Up-to-date: /home/azidozide/px4_sitl_ws/install/swarm_control/include/swarm_control/swarm_control
[1.413s] -- Up-to-date: /home/azidozide/px4_sitl_ws/install/swarm_control/include/swarm_control/swarm_control/msg
[1.413s] -- Up-to-date: /home/azidozide/px4_sitl_ws/install/swarm_control/include/swarm_control/swarm_control/msg/detail
[1.413s] -- Up-to-date: /home/azidozide/px4_sitl_ws/install/swarm_control/include/swarm_control/swarm_control/msg/detail/mother_state__builder.hpp
[1.414s] -- Up-to-date: /home/azidozide/px4_sitl_ws/install/swarm_control/include/swarm_control/swarm_control/msg/detail/mother_state__traits.hpp
[1.414s] -- Up-to-date: /home/azidozide/px4_sitl_ws/install/swarm_control/include/swarm_control/swarm_control/msg/detail/mother_state__struct.hpp
[1.414s] -- Up-to-date: /home/azidozide/px4_sitl_ws/install/swarm_control/include/swarm_control/swarm_control/msg/detail/mother_state__type_support.hpp
[1.414s] -- Up-to-date: /home/azidozide/px4_sitl_ws/install/swarm_control/include/swarm_control/swarm_control/msg/mother_state.hpp
[1.414s] -- Up-to-date: /home/azidozide/px4_sitl_ws/install/swarm_control/include/swarm_control/swarm_control/msg/rosidl_generator_cpp__visibility_control.hpp
[1.414s] -- Up-to-date: /home/azidozide/px4_sitl_ws/install/swarm_control/include/swarm_control/swarm_control
[1.414s] -- Up-to-date: /home/azidozide/px4_sitl_ws/install/swarm_control/include/swarm_control/swarm_control/msg
[1.414s] -- Up-to-date: /home/azidozide/px4_sitl_ws/install/swarm_control/include/swarm_control/swarm_control/msg/detail
[1.414s] -- Up-to-date: /home/azidozide/px4_sitl_ws/install/swarm_control/include/swarm_control/swarm_control/msg/detail/mother_state__rosidl_typesupport_fastrtps_cpp.hpp
[1.414s] -- Up-to-date: /home/azidozide/px4_sitl_ws/install/swarm_control/include/swarm_control/swarm_control/msg/detail/dds_fastrtps
[1.414s] -- Up-to-date: /home/azidozide/px4_sitl_ws/install/swarm_control/include/swarm_control/swarm_control/msg/rosidl_typesupport_fastrtps_cpp__visibility_control.h
[1.414s] -- Up-to-date: /home/azidozide/px4_sitl_ws/install/swarm_control/lib/libswarm_control__rosidl_typesupport_fastrtps_cpp.so
[1.414s] -- Up-to-date: /home/azidozide/px4_sitl_ws/install/swarm_control/include/swarm_control/swarm_control
[1.414s] -- Up-to-date: /home/azidozide/px4_sitl_ws/install/swarm_control/include/swarm_control/swarm_control/msg
[1.414s] -- Up-to-date: /home/azidozide/px4_sitl_ws/install/swarm_control/include/swarm_control/swarm_control/msg/detail
[1.414s] -- Up-to-date: /home/azidozide/px4_sitl_ws/install/swarm_control/include/swarm_control/swarm_control/msg/detail/mother_state__type_support.cpp
[1.414s] -- Up-to-date: /home/azidozide/px4_sitl_ws/install/swarm_control/include/swarm_control/swarm_control/msg/detail/mother_state__rosidl_typesupport_introspection_cpp.hpp
[1.414s] -- Up-to-date: /home/azidozide/px4_sitl_ws/install/swarm_control/lib/libswarm_control__rosidl_typesupport_introspection_cpp.so
[1.415s] -- Up-to-date: /home/azidozide/px4_sitl_ws/install/swarm_control/lib/libswarm_control__rosidl_typesupport_cpp.so
[1.415s] -- Up-to-date: /home/azidozide/px4_sitl_ws/install/swarm_control/share/swarm_control/environment/pythonpath.sh
[1.415s] -- Installing: /home/azidozide/px4_sitl_ws/install/swarm_control/share/swarm_control/environment/pythonpath.dsv
[1.415s] -- Up-to-date: /home/azidozide/px4_sitl_ws/install/swarm_control/local/lib/python3.10/dist-packages/swarm_control-0.0.0-py3.10.egg-info
[1.415s] -- Installing: /home/azidozide/px4_sitl_ws/install/swarm_control/local/lib/python3.10/dist-packages/swarm_control-0.0.0-py3.10.egg-info/PKG-INFO
[1.415s] -- Installing: /home/azidozide/px4_sitl_ws/install/swarm_control/local/lib/python3.10/dist-packages/swarm_control-0.0.0-py3.10.egg-info/top_level.txt
[1.415s] -- Installing: /home/azidozide/px4_sitl_ws/install/swarm_control/local/lib/python3.10/dist-packages/swarm_control-0.0.0-py3.10.egg-info/dependency_links.txt
[1.415s] -- Installing: /home/azidozide/px4_sitl_ws/install/swarm_control/local/lib/python3.10/dist-packages/swarm_control-0.0.0-py3.10.egg-info/SOURCES.txt
[1.415s] -- Up-to-date: /home/azidozide/px4_sitl_ws/install/swarm_control/local/lib/python3.10/dist-packages/swarm_control
[1.415s] -- Up-to-date: /home/azidozide/px4_sitl_ws/install/swarm_control/local/lib/python3.10/dist-packages/swarm_control/swarm_control_s__rosidl_typesupport_c.cpython-310-x86_64-linux-gnu.so
[1.415s] -- Up-to-date: /home/azidozide/px4_sitl_ws/install/swarm_control/local/lib/python3.10/dist-packages/swarm_control/msg
[1.416s] -- Up-to-date: /home/azidozide/px4_sitl_ws/install/swarm_control/local/lib/python3.10/dist-packages/swarm_control/msg/_mother_state.py
[1.416s] -- Up-to-date: /home/azidozide/px4_sitl_ws/install/swarm_control/local/lib/python3.10/dist-packages/swarm_control/msg/_mother_state_s.c
[1.416s] -- Up-to-date: /home/azidozide/px4_sitl_ws/install/swarm_control/local/lib/python3.10/dist-packages/swarm_control/msg/__init__.py
[1.416s] -- Up-to-date: /home/azidozide/px4_sitl_ws/install/swarm_control/local/lib/python3.10/dist-packages/swarm_control/_swarm_control_s.ep.rosidl_typesupport_fastrtps_c.c
[1.416s] -- Up-to-date: /home/azidozide/px4_sitl_ws/install/swarm_control/local/lib/python3.10/dist-packages/swarm_control/_swarm_control_s.ep.rosidl_typesupport_c.c
[1.416s] -- Up-to-date: /home/azidozide/px4_sitl_ws/install/swarm_control/local/lib/python3.10/dist-packages/swarm_control/swarm_control_s__rosidl_typesupport_introspection_c.cpython-310-x86_64-linux-gnu.so
[1.416s] -- Installing: /home/azidozide/px4_sitl_ws/install/swarm_control/local/lib/python3.10/dist-packages/swarm_control/__init__.py
[1.416s] -- Up-to-date: /home/azidozide/px4_sitl_ws/install/swarm_control/local/lib/python3.10/dist-packages/swarm_control/swarm_control_s__rosidl_typesupport_fastrtps_c.cpython-310-x86_64-linux-gnu.so
[1.416s] -- Up-to-date: /home/azidozide/px4_sitl_ws/install/swarm_control/local/lib/python3.10/dist-packages/swarm_control/libswarm_control__rosidl_generator_py.so
[1.416s] -- Up-to-date: /home/azidozide/px4_sitl_ws/install/swarm_control/local/lib/python3.10/dist-packages/swarm_control/_swarm_control_s.ep.rosidl_typesupport_introspection_c.c
[1.444s] Listing '/home/azidozide/px4_sitl_ws/install/swarm_control/local/lib/python3.10/dist-packages/swarm_control'...
[1.444s] Compiling '/home/azidozide/px4_sitl_ws/install/swarm_control/local/lib/python3.10/dist-packages/swarm_control/__init__.py'...
[1.444s] Listing '/home/azidozide/px4_sitl_ws/install/swarm_control/local/lib/python3.10/dist-packages/swarm_control/msg'...
[1.448s] -- Up-to-date: /home/azidozide/px4_sitl_ws/install/swarm_control/local/lib/python3.10/dist-packages/swarm_control/swarm_control_s__rosidl_typesupport_fastrtps_c.cpython-310-x86_64-linux-gnu.so
[1.448s] -- Up-to-date: /home/azidozide/px4_sitl_ws/install/swarm_control/local/lib/python3.10/dist-packages/swarm_control/swarm_control_s__rosidl_typesupport_introspection_c.cpython-310-x86_64-linux-gnu.so
[1.448s] -- Up-to-date: /home/azidozide/px4_sitl_ws/install/swarm_control/local/lib/python3.10/dist-packages/swarm_control/swarm_control_s__rosidl_typesupport_c.cpython-310-x86_64-linux-gnu.so
[1.449s] -- Up-to-date: /home/azidozide/px4_sitl_ws/install/swarm_control/lib/libswarm_control__rosidl_generator_py.so
[1.449s] -- Up-to-date: /home/azidozide/px4_sitl_ws/install/swarm_control/share/swarm_control/msg/MotherState.idl
[1.449s] -- Installing: /home/azidozide/px4_sitl_ws/install/swarm_control/share/swarm_control/msg/MotherState.msg
[1.449s] -- Up-to-date: /home/azidozide/px4_sitl_ws/install/swarm_control/share/ament_index/resource_index/package_run_dependencies/swarm_control
[1.449s] -- Installing: /home/azidozide/px4_sitl_ws/install/swarm_control/share/ament_index/resource_index/parent_prefix_path/swarm_control
[1.449s] -- Up-to-date: /home/azidozide/px4_sitl_ws/install/swarm_control/share/swarm_control/environment/ament_prefix_path.sh
[1.450s] -- Installing: /home/azidozide/px4_sitl_ws/install/swarm_control/share/swarm_control/environment/ament_prefix_path.dsv
[1.450s] -- Up-to-date: /home/azidozide/px4_sitl_ws/install/swarm_control/share/swarm_control/environment/path.sh
[1.450s] -- Installing: /home/azidozide/px4_sitl_ws/install/swarm_control/share/swarm_control/environment/path.dsv
[1.450s] -- Up-to-date: /home/azidozide/px4_sitl_ws/install/swarm_control/share/swarm_control/local_setup.bash
[1.450s] -- Up-to-date: /home/azidozide/px4_sitl_ws/install/swarm_control/share/swarm_control/local_setup.sh
[1.450s] -- Up-to-date: /home/azidozide/px4_sitl_ws/install/swarm_control/share/swarm_control/local_setup.zsh
[1.450s] -- Installing: /home/azidozide/px4_sitl_ws/install/swarm_control/share/swarm_control/local_setup.dsv
[1.450s] -- Installing: /home/azidozide/px4_sitl_ws/install/swarm_control/share/swarm_control/package.dsv
[1.450s] -- Up-to-date: /home/azidozide/px4_sitl_ws/install/swarm_control/share/ament_index/resource_index/packages/swarm_control
[1.450s] -- Up-to-date: /home/azidozide/px4_sitl_ws/install/swarm_control/share/swarm_control/cmake/export_swarm_control__rosidl_generator_cExport.cmake
[1.450s] -- Up-to-date: /home/azidozide/px4_sitl_ws/install/swarm_control/share/swarm_control/cmake/export_swarm_control__rosidl_generator_cExport-noconfig.cmake
[1.450s] -- Up-to-date: /home/azidozide/px4_sitl_ws/install/swarm_control/share/swarm_control/cmake/export_swarm_control__rosidl_typesupport_fastrtps_cExport.cmake
[1.450s] -- Up-to-date: /home/azidozide/px4_sitl_ws/install/swarm_control/share/swarm_control/cmake/export_swarm_control__rosidl_typesupport_fastrtps_cExport-noconfig.cmake
[1.450s] -- Up-to-date: /home/azidozide/px4_sitl_ws/install/swarm_control/share/swarm_control/cmake/swarm_control__rosidl_typesupport_introspection_cExport.cmake
[1.450s] -- Up-to-date: /home/azidozide/px4_sitl_ws/install/swarm_control/share/swarm_control/cmake/swarm_control__rosidl_typesupport_introspection_cExport-noconfig.cmake
[1.451s] -- Up-to-date: /home/azidozide/px4_sitl_ws/install/swarm_control/share/swarm_control/cmake/swarm_control__rosidl_typesupport_cExport.cmake
[1.451s] -- Up-to-date: /home/azidozide/px4_sitl_ws/install/swarm_control/share/swarm_control/cmake/swarm_control__rosidl_typesupport_cExport-noconfig.cmake
[1.451s] -- Up-to-date: /home/azidozide/px4_sitl_ws/install/swarm_control/share/swarm_control/cmake/export_swarm_control__rosidl_generator_cppExport.cmake
[1.451s] -- Up-to-date: /home/azidozide/px4_sitl_ws/install/swarm_control/share/swarm_control/cmake/export_swarm_control__rosidl_typesupport_fastrtps_cppExport.cmake
[1.451s] -- Up-to-date: /home/azidozide/px4_sitl_ws/install/swarm_control/share/swarm_control/cmake/export_swarm_control__rosidl_typesupport_fastrtps_cppExport-noconfig.cmake
[1.451s] -- Up-to-date: /home/azidozide/px4_sitl_ws/install/swarm_control/share/swarm_control/cmake/swarm_control__rosidl_typesupport_introspection_cppExport.cmake
[1.451s] -- Up-to-date: /home/azidozide/px4_sitl_ws/install/swarm_control/share/swarm_control/cmake/swarm_control__rosidl_typesupport_introspection_cppExport-noconfig.cmake
[1.451s] -- Up-to-date: /home/azidozide/px4_sitl_ws/install/swarm_control/share/swarm_control/cmake/swarm_control__rosidl_typesupport_cppExport.cmake
[1.451s] -- Up-to-date: /home/azidozide/px4_sitl_ws/install/swarm_control/share/swarm_control/cmake/swarm_control__rosidl_typesupport_cppExport-noconfig.cmake
[1.451s] -- Up-to-date: /home/azidozide/px4_sitl_ws/install/swarm_control/share/swarm_control/cmake/export_swarm_control__rosidl_generator_pyExport.cmake
[1.451s] -- Up-to-date: /home/azidozide/px4_sitl_ws/install/swarm_control/share/swarm_control/cmake/export_swarm_control__rosidl_generator_pyExport-noconfig.cmake
[1.451s] -- Up-to-date: /home/azidozide/px4_sitl_ws/install/swarm_control/share/swarm_control/cmake/rosidl_cmake-extras.cmake
[1.451s] -- Up-to-date: /home/azidozide/px4_sitl_ws/install/swarm_control/share/swarm_control/cmake/ament_cmake_export_include_directories-extras.cmake
[1.451s] -- Up-to-date: /home/azidozide/px4_sitl_ws/install/swarm_control/share/swarm_control/cmake/ament_cmake_export_libraries-extras.cmake
[1.451s] -- Up-to-date: /home/azidozide/px4_sitl_ws/install/swarm_control/share/swarm_control/cmake/ament_cmake_export_targets-extras.cmake
[1.451s] -- Up-to-date: /home/azidozide/px4_sitl_ws/install/swarm_control/share/swarm_control/cmake/rosidl_cmake_export_typesupport_targets-extras.cmake
[1.451s] -- Up-to-date: /home/azidozide/px4_sitl_ws/install/swarm_control/share/swarm_control/cmake/ament_cmake_export_dependencies-extras.cmake
[1.451s] -- Up-to-date: /home/azidozide/px4_sitl_ws/install/swarm_control/share/swarm_control/cmake/rosidl_cmake_export_typesupport_libraries-extras.cmake
[1.451s] -- Up-to-date: /home/azidozide/px4_sitl_ws/install/swarm_control/share/swarm_control/cmake/swarm_controlConfig.cmake
[1.451s] -- Up-to-date: /home/azidozide/px4_sitl_ws/install/swarm_control/share/swarm_control/cmake/swarm_controlConfig-version.cmake
[1.451s] -- Up-to-date: /home/azidozide/px4_sitl_ws/install/swarm_control/share/swarm_control/package.xml
[1.453s] Invoked command in '/home/azidozide/px4_sitl_ws/build/swarm_control' returned '0': /usr/bin/cmake --install /home/azidozide/px4_sitl_ws/build/swarm_control
