[0.012s] Invoking command in '/home/azidozide/px4_sitl_ws/src/build/mine_mapping': CMAKE_PREFIX_PATH=${CMAKE_PREFIX_PATH}:/home/azidozide/px4_sitl_ws/install/object_tracker:/home/azidozide/px4_sitl_ws/install/mapping:/opt/ros/humble /usr/bin/cmake --build /home/azidozide/px4_sitl_ws/src/build/mine_mapping -- -j24 -l24
[0.045s] [35m[1mConsolidate compiler generated dependencies of target map_generator[0m
[0.060s] [ 50%] Built target map_generator
[0.070s] [35m[1mConsolidate compiler generated dependencies of target mine_mapper[0m
[0.087s] [100%] Built target mine_mapper
[0.206s] Invoked command in '/home/azidozide/px4_sitl_ws/src/build/mine_mapping' returned '0': CMAKE_PREFIX_PATH=${CMAKE_PREFIX_PATH}:/home/azidozide/px4_sitl_ws/install/object_tracker:/home/azidozide/px4_sitl_ws/install/mapping:/opt/ros/humble /usr/bin/cmake --build /home/azidozide/px4_sitl_ws/src/build/mine_mapping -- -j24 -l24
[0.215s] Invoking command in '/home/azidozide/px4_sitl_ws/src/build/mine_mapping': CMAKE_PREFIX_PATH=${CMAKE_PREFIX_PATH}:/home/azidozide/px4_sitl_ws/install/object_tracker:/home/azidozide/px4_sitl_ws/install/mapping:/opt/ros/humble /usr/bin/cmake --install /home/azidozide/px4_sitl_ws/src/build/mine_mapping
[0.220s] -- Install configuration: ""
[0.220s] -- Installing: /home/azidozide/px4_sitl_ws/src/install/mine_mapping/lib/mine_mapping/mine_mapper
[0.223s] -- Set runtime path of "/home/azidozide/px4_sitl_ws/src/install/mine_mapping/lib/mine_mapping/mine_mapper" to ""
[0.223s] -- Installing: /home/azidozide/px4_sitl_ws/src/install/mine_mapping/lib/libmap_generator.so
[0.223s] -- Set runtime path of "/home/azidozide/px4_sitl_ws/src/install/mine_mapping/lib/libmap_generator.so" to ""
[0.224s] -- Installing: /home/azidozide/px4_sitl_ws/src/install/mine_mapping/include/mine_mapping
[0.224s] -- Installing: /home/azidozide/px4_sitl_ws/src/install/mine_mapping/include/mine_mapping/map_generator.hpp
[0.224s] -- Installing: /home/azidozide/px4_sitl_ws/src/install/mine_mapping/share/ament_index/resource_index/package_run_dependencies/mine_mapping
[0.224s] -- Installing: /home/azidozide/px4_sitl_ws/src/install/mine_mapping/share/ament_index/resource_index/parent_prefix_path/mine_mapping
[0.224s] -- Installing: /home/azidozide/px4_sitl_ws/src/install/mine_mapping/share/mine_mapping/environment/ament_prefix_path.sh
[0.224s] -- Installing: /home/azidozide/px4_sitl_ws/src/install/mine_mapping/share/mine_mapping/environment/ament_prefix_path.dsv
[0.224s] -- Installing: /home/azidozide/px4_sitl_ws/src/install/mine_mapping/share/mine_mapping/environment/path.sh
[0.224s] -- Installing: /home/azidozide/px4_sitl_ws/src/install/mine_mapping/share/mine_mapping/environment/path.dsv
[0.224s] -- Installing: /home/azidozide/px4_sitl_ws/src/install/mine_mapping/share/mine_mapping/local_setup.bash
[0.225s] -- Installing: /home/azidozide/px4_sitl_ws/src/install/mine_mapping/share/mine_mapping/local_setup.sh
[0.225s] -- Installing: /home/azidozide/px4_sitl_ws/src/install/mine_mapping/share/mine_mapping/local_setup.zsh
[0.225s] -- Installing: /home/azidozide/px4_sitl_ws/src/install/mine_mapping/share/mine_mapping/local_setup.dsv
[0.225s] -- Installing: /home/azidozide/px4_sitl_ws/src/install/mine_mapping/share/mine_mapping/package.dsv
[0.225s] -- Installing: /home/azidozide/px4_sitl_ws/src/install/mine_mapping/share/ament_index/resource_index/packages/mine_mapping
[0.225s] -- Installing: /home/azidozide/px4_sitl_ws/src/install/mine_mapping/share/mine_mapping/cmake/mine_mappingConfig.cmake
[0.225s] -- Installing: /home/azidozide/px4_sitl_ws/src/install/mine_mapping/share/mine_mapping/cmake/mine_mappingConfig-version.cmake
[0.225s] -- Installing: /home/azidozide/px4_sitl_ws/src/install/mine_mapping/share/mine_mapping/package.xml
[0.227s] Invoked command in '/home/azidozide/px4_sitl_ws/src/build/mine_mapping' returned '0': CMAKE_PREFIX_PATH=${CMAKE_PREFIX_PATH}:/home/azidozide/px4_sitl_ws/install/object_tracker:/home/azidozide/px4_sitl_ws/install/mapping:/opt/ros/humble /usr/bin/cmake --install /home/azidozide/px4_sitl_ws/src/build/mine_mapping
