[0.243s] Invoking command in '/home/azidozide/px4_sitl_ws/build/mine_mapping': CMAKE_PREFIX_PATH=${CMAKE_PREFIX_PATH}:/home/azidozide/px4_sitl_ws/install/object_tracker:/home/azidozide/px4_sitl_ws/install/mapping:/opt/ros/humble /usr/bin/cmake /home/azidozide/px4_sitl_ws/src/mine_mapping -DCMAKE_INSTALL_PREFIX=/home/azidozide/px4_sitl_ws/install/mine_mapping
[0.462s] -- Found ament_cmake: 1.3.12 (/opt/ros/humble/share/ament_cmake/cmake)
[0.462s] -- Found rclcpp: 16.0.16 (/opt/ros/humble/share/rclcpp/cmake)
[0.463s] -- Found rosidl_generator_c: 3.1.7 (/opt/ros/humble/share/rosidl_generator_c/cmake)
[0.463s] -- Found rosidl_adapter: 3.1.7 (/opt/ros/humble/share/rosidl_adapter/cmake)
[0.463s] -- Found rosidl_generator_cpp: 3.1.7 (/opt/ros/humble/share/rosidl_generator_cpp/cmake)
[0.463s] -- Using all available rosidl_typesupport_c: rosidl_typesupport_fastrtps_c;rosidl_typesupport_introspection_c
[0.463s] -- Using all available rosidl_typesupport_cpp: rosidl_typesupport_fastrtps_cpp;rosidl_typesupport_introspection_cpp
[0.463s] -- Found rmw_implementation_cmake: 6.1.2 (/opt/ros/humble/share/rmw_implementation_cmake/cmake)
[0.464s] -- Found rmw_fastrtps_cpp: 6.2.9 (/opt/ros/humble/share/rmw_fastrtps_cpp/cmake)
[0.512s] -- Using RMW implementation 'rmw_fastrtps_cpp' as default
[0.550s] -- Found cv_bridge: 3.2.1 (/opt/ros/humble/share/cv_bridge/cmake)
[0.584s] -- Found ament_lint_auto: 0.12.14 (/opt/ros/humble/share/ament_lint_auto/cmake)
[0.637s] -- Added test 'cppcheck' to perform static code analysis on C / C++ code
[0.637s] -- Configured cppcheck include dirs: /home/azidozide/px4_sitl_ws/src/mine_mapping/src
[0.637s] -- Configured cppcheck exclude dirs and/or files: 
[0.638s] -- Added test 'lint_cmake' to check CMake code style
[0.638s] -- Added test 'uncrustify' to check C / C++ code style
[0.638s] -- Configured uncrustify additional arguments: 
[0.639s] -- Added test 'xmllint' to check XML markup files
[0.639s] -- Configuring done
[0.653s] -- Generating done
[0.657s] -- Build files have been written to: /home/azidozide/px4_sitl_ws/build/mine_mapping
[0.662s] Invoked command in '/home/azidozide/px4_sitl_ws/build/mine_mapping' returned '0': CMAKE_PREFIX_PATH=${CMAKE_PREFIX_PATH}:/home/azidozide/px4_sitl_ws/install/object_tracker:/home/azidozide/px4_sitl_ws/install/mapping:/opt/ros/humble /usr/bin/cmake /home/azidozide/px4_sitl_ws/src/mine_mapping -DCMAKE_INSTALL_PREFIX=/home/azidozide/px4_sitl_ws/install/mine_mapping
[0.664s] Invoking command in '/home/azidozide/px4_sitl_ws/build/mine_mapping': CMAKE_PREFIX_PATH=${CMAKE_PREFIX_PATH}:/home/azidozide/px4_sitl_ws/install/object_tracker:/home/azidozide/px4_sitl_ws/install/mapping:/opt/ros/humble /usr/bin/cmake --build /home/azidozide/px4_sitl_ws/build/mine_mapping -- -j24 -l24
[0.710s] [ 25%] [32mBuilding CXX object CMakeFiles/map_generator.dir/src/map_generator.cpp.o[0m
[1.964s] [ 50%] [32m[1mLinking CXX shared library libmap_generator.so[0m
[2.168s] [ 50%] Built target map_generator
[2.187s] [ 75%] [32mBuilding CXX object CMakeFiles/mine_mapper.dir/src/mine_map_node.cpp.o[0m
[8.707s] [100%] [32m[1mLinking CXX executable mine_mapper[0m
[9.252s] [100%] Built target mine_mapper
[9.263s] Invoked command in '/home/azidozide/px4_sitl_ws/build/mine_mapping' returned '0': CMAKE_PREFIX_PATH=${CMAKE_PREFIX_PATH}:/home/azidozide/px4_sitl_ws/install/object_tracker:/home/azidozide/px4_sitl_ws/install/mapping:/opt/ros/humble /usr/bin/cmake --build /home/azidozide/px4_sitl_ws/build/mine_mapping -- -j24 -l24
[9.272s] Invoking command in '/home/azidozide/px4_sitl_ws/build/mine_mapping': CMAKE_PREFIX_PATH=${CMAKE_PREFIX_PATH}:/home/azidozide/px4_sitl_ws/install/object_tracker:/home/azidozide/px4_sitl_ws/install/mapping:/opt/ros/humble /usr/bin/cmake --install /home/azidozide/px4_sitl_ws/build/mine_mapping
[9.278s] -- Install configuration: ""
[9.279s] -- Installing: /home/azidozide/px4_sitl_ws/install/mine_mapping/lib/mine_mapping/mine_mapper
[9.281s] -- Set runtime path of "/home/azidozide/px4_sitl_ws/install/mine_mapping/lib/mine_mapping/mine_mapper" to ""
[9.281s] -- Installing: /home/azidozide/px4_sitl_ws/install/mine_mapping/lib/mine_mapping/libmap_generator.so
[9.281s] -- Set runtime path of "/home/azidozide/px4_sitl_ws/install/mine_mapping/lib/mine_mapping/libmap_generator.so" to ""
[9.281s] -- Installing: /home/azidozide/px4_sitl_ws/install/mine_mapping/share/ament_index/resource_index/package_run_dependencies/mine_mapping
[9.281s] -- Installing: /home/azidozide/px4_sitl_ws/install/mine_mapping/share/ament_index/resource_index/parent_prefix_path/mine_mapping
[9.281s] -- Installing: /home/azidozide/px4_sitl_ws/install/mine_mapping/share/mine_mapping/environment/ament_prefix_path.sh
[9.281s] -- Installing: /home/azidozide/px4_sitl_ws/install/mine_mapping/share/mine_mapping/environment/ament_prefix_path.dsv
[9.281s] -- Installing: /home/azidozide/px4_sitl_ws/install/mine_mapping/share/mine_mapping/environment/path.sh
[9.281s] -- Installing: /home/azidozide/px4_sitl_ws/install/mine_mapping/share/mine_mapping/environment/path.dsv
[9.281s] -- Installing: /home/azidozide/px4_sitl_ws/install/mine_mapping/share/mine_mapping/local_setup.bash
[9.281s] -- Installing: /home/azidozide/px4_sitl_ws/install/mine_mapping/share/mine_mapping/local_setup.sh
[9.281s] -- Installing: /home/azidozide/px4_sitl_ws/install/mine_mapping/share/mine_mapping/local_setup.zsh
[9.281s] -- Installing: /home/azidozide/px4_sitl_ws/install/mine_mapping/share/mine_mapping/local_setup.dsv
[9.282s] -- Installing: /home/azidozide/px4_sitl_ws/install/mine_mapping/share/mine_mapping/package.dsv
[9.282s] -- Installing: /home/azidozide/px4_sitl_ws/install/mine_mapping/share/ament_index/resource_index/packages/mine_mapping
[9.282s] -- Installing: /home/azidozide/px4_sitl_ws/install/mine_mapping/share/mine_mapping/cmake/mine_mappingConfig.cmake
[9.282s] -- Installing: /home/azidozide/px4_sitl_ws/install/mine_mapping/share/mine_mapping/cmake/mine_mappingConfig-version.cmake
[9.282s] -- Installing: /home/azidozide/px4_sitl_ws/install/mine_mapping/share/mine_mapping/package.xml
[9.284s] Invoked command in '/home/azidozide/px4_sitl_ws/build/mine_mapping' returned '0': CMAKE_PREFIX_PATH=${CMAKE_PREFIX_PATH}:/home/azidozide/px4_sitl_ws/install/object_tracker:/home/azidozide/px4_sitl_ws/install/mapping:/opt/ros/humble /usr/bin/cmake --install /home/azidozide/px4_sitl_ws/build/mine_mapping
