[0.452s] Invoking command in '/home/azidozide/px4_sitl_ws/src/object_tracker': PYTHONPATH=/home/azidozide/px4_sitl_ws/build/object_tracker/prefix_override:/usr/lib/python3/dist-packages/colcon_core/task/python/colcon_distutils_commands:/home/azidozide/px4_sitl_ws/install/object_tracker/lib/python3.10/site-packages:${PYTHONPATH} /usr/bin/python3 -W ignore:setup.py install is deprecated -W ignore:easy_install command is deprecated setup.py egg_info --egg-base ../../build/object_tracker build --build-base /home/azidozide/px4_sitl_ws/build/object_tracker/build install --record /home/azidozide/px4_sitl_ws/build/object_tracker/install.log --single-version-externally-managed install_data
[0.626s] running egg_info
[0.627s] writing ../../build/object_tracker/object_tracker.egg-info/PKG-INFO
[0.627s] writing dependency_links to ../../build/object_tracker/object_tracker.egg-info/dependency_links.txt
[0.627s] writing entry points to ../../build/object_tracker/object_tracker.egg-info/entry_points.txt
[0.627s] writing requirements to ../../build/object_tracker/object_tracker.egg-info/requires.txt
[0.627s] writing top-level names to ../../build/object_tracker/object_tracker.egg-info/top_level.txt
[0.629s] reading manifest file '../../build/object_tracker/object_tracker.egg-info/SOURCES.txt'
[0.629s] adding license file 'LICENSE'
[0.629s] writing manifest file '../../build/object_tracker/object_tracker.egg-info/SOURCES.txt'
[0.629s] running build
[0.629s] running build_py
[0.629s] copying object_tracker/process_frame.py -> /home/azidozide/px4_sitl_ws/build/object_tracker/build/lib/object_tracker
[0.630s] running install
[0.630s] running install_lib
[0.630s] copying /home/azidozide/px4_sitl_ws/build/object_tracker/build/lib/object_tracker/process_frame.py -> /home/azidozide/px4_sitl_ws/install/object_tracker/lib/python3.10/site-packages/object_tracker
[0.630s] byte-compiling /home/azidozide/px4_sitl_ws/install/object_tracker/lib/python3.10/site-packages/object_tracker/process_frame.py to process_frame.cpython-310.pyc
[0.631s] running install_data
[0.631s] running install_egg_info
[0.632s] removing '/home/azidozide/px4_sitl_ws/install/object_tracker/lib/python3.10/site-packages/object_tracker-0.0.0-py3.10.egg-info' (and everything under it)
[0.633s] Copying ../../build/object_tracker/object_tracker.egg-info to /home/azidozide/px4_sitl_ws/install/object_tracker/lib/python3.10/site-packages/object_tracker-0.0.0-py3.10.egg-info
[0.633s] running install_scripts
[0.647s] Installing tracker script to /home/azidozide/px4_sitl_ws/install/object_tracker/lib/object_tracker
[0.647s] writing list of installed files to '/home/azidozide/px4_sitl_ws/build/object_tracker/install.log'
[0.662s] Invoked command in '/home/azidozide/px4_sitl_ws/src/object_tracker' returned '0': PYTHONPATH=/home/azidozide/px4_sitl_ws/build/object_tracker/prefix_override:/usr/lib/python3/dist-packages/colcon_core/task/python/colcon_distutils_commands:/home/azidozide/px4_sitl_ws/install/object_tracker/lib/python3.10/site-packages:${PYTHONPATH} /usr/bin/python3 -W ignore:setup.py install is deprecated -W ignore:easy_install command is deprecated setup.py egg_info --egg-base ../../build/object_tracker build --build-base /home/azidozide/px4_sitl_ws/build/object_tracker/build install --record /home/azidozide/px4_sitl_ws/build/object_tracker/install.log --single-version-externally-managed install_data
