-- Found ament_cmake: 1.3.12 (/opt/ros/humble/share/ament_cmake/cmake)
-- Found rclcpp: 16.0.16 (/opt/ros/humble/share/rclcpp/cmake)
-- Found rosidl_generator_c: 3.1.7 (/opt/ros/humble/share/rosidl_generator_c/cmake)
-- Found rosidl_adapter: 3.1.7 (/opt/ros/humble/share/rosidl_adapter/cmake)
-- Found rosidl_generator_cpp: 3.1.7 (/opt/ros/humble/share/rosidl_generator_cpp/cmake)
-- Using all available rosidl_typesupport_c: rosidl_typesupport_fastrtps_c;rosidl_typesupport_introspection_c
-- Using all available rosidl_typesupport_cpp: rosidl_typesupport_fastrtps_cpp;rosidl_typesupport_introspection_cpp
-- Found rmw_implementation_cmake: 6.1.2 (/opt/ros/humble/share/rmw_implementation_cmake/cmake)
-- Found rmw_fastrtps_cpp: 6.2.9 (/opt/ros/humble/share/rmw_fastrtps_cpp/cmake)
-- Using RMW implementation 'rmw_fastrtps_cpp' as default
-- Found cv_bridge: 3.2.1 (/opt/ros/humble/share/cv_bridge/cmake)
-- Found px4_msgs: 2.0.1 (/home/azidozide/px4_sitl_ws/install/px4_msgs/share/px4_msgs/cmake)
-- Found ament_lint_auto: 0.12.14 (/opt/ros/humble/share/ament_lint_auto/cmake)
-- Added test 'cppcheck' to perform static code analysis on C / C++ code
-- Configured cppcheck include dirs: /home/azidozide/px4_sitl_ws/src/mine_mapping/src
-- Configured cppcheck exclude dirs and/or files: 
-- Added test 'lint_cmake' to check CMake code style
-- Added test 'uncrustify' to check C / C++ code style
-- Configured uncrustify additional arguments: 
-- Added test 'xmllint' to check XML markup files
-- Configuring done
-- Generating done
-- Build files have been written to: /home/azidozide/px4_sitl_ws/src/build/mine_mapping
[35m[1mConsolidate compiler generated dependencies of target map_generator[0m
[ 25%] [32m[1mLinking CXX shared library libmap_generator.so[0m
[ 50%] Built target map_generator
[35m[1mConsolidate compiler generated dependencies of target mine_mapper[0m
[ 75%] [32mBuilding CXX object CMakeFiles/mine_mapper.dir/src/mine_map_node.cpp.o[0m
[100%] [32m[1mLinking CXX executable mine_mapper[0m
[100%] Built target mine_mapper
-- Install configuration: ""
-- Installing: /home/azidozide/px4_sitl_ws/src/install/mine_mapping/lib/mine_mapping/mine_mapper
-- Set runtime path of "/home/azidozide/px4_sitl_ws/src/install/mine_mapping/lib/mine_mapping/mine_mapper" to ""
-- Installing: /home/azidozide/px4_sitl_ws/src/install/mine_mapping/lib/libmap_generator.so
-- Set runtime path of "/home/azidozide/px4_sitl_ws/src/install/mine_mapping/lib/libmap_generator.so" to ""
-- Up-to-date: /home/azidozide/px4_sitl_ws/src/install/mine_mapping/include/mine_mapping
-- Up-to-date: /home/azidozide/px4_sitl_ws/src/install/mine_mapping/include/mine_mapping/map_generator.hpp
-- Up-to-date: /home/azidozide/px4_sitl_ws/src/install/mine_mapping/share/ament_index/resource_index/package_run_dependencies/mine_mapping
-- Installing: /home/azidozide/px4_sitl_ws/src/install/mine_mapping/share/ament_index/resource_index/parent_prefix_path/mine_mapping
-- Up-to-date: /home/azidozide/px4_sitl_ws/src/install/mine_mapping/share/mine_mapping/environment/ament_prefix_path.sh
-- Installing: /home/azidozide/px4_sitl_ws/src/install/mine_mapping/share/mine_mapping/environment/ament_prefix_path.dsv
-- Up-to-date: /home/azidozide/px4_sitl_ws/src/install/mine_mapping/share/mine_mapping/environment/path.sh
-- Installing: /home/azidozide/px4_sitl_ws/src/install/mine_mapping/share/mine_mapping/environment/path.dsv
-- Up-to-date: /home/azidozide/px4_sitl_ws/src/install/mine_mapping/share/mine_mapping/local_setup.bash
-- Up-to-date: /home/azidozide/px4_sitl_ws/src/install/mine_mapping/share/mine_mapping/local_setup.sh
-- Up-to-date: /home/azidozide/px4_sitl_ws/src/install/mine_mapping/share/mine_mapping/local_setup.zsh
-- Installing: /home/azidozide/px4_sitl_ws/src/install/mine_mapping/share/mine_mapping/local_setup.dsv
-- Installing: /home/azidozide/px4_sitl_ws/src/install/mine_mapping/share/mine_mapping/package.dsv
-- Up-to-date: /home/azidozide/px4_sitl_ws/src/install/mine_mapping/share/ament_index/resource_index/packages/mine_mapping
-- Up-to-date: /home/azidozide/px4_sitl_ws/src/install/mine_mapping/share/mine_mapping/cmake/mine_mappingConfig.cmake
-- Up-to-date: /home/azidozide/px4_sitl_ws/src/install/mine_mapping/share/mine_mapping/cmake/mine_mappingConfig-version.cmake
-- Up-to-date: /home/azidozide/px4_sitl_ws/src/install/mine_mapping/share/mine_mapping/package.xml
