[0.018s] Invoking command in '/home/azidozide/px4_sitl_ws/src/build/mine_mapping': CMAKE_PREFIX_PATH=/home/azidozide/px4_sitl_ws/install/object_tracking_cpp:/home/azidozide/px4_sitl_ws/install/object_tracker:/opt/ros/humble:/home/azidozide/px4_sitl_ws/install/swarm_control:/home/azidozide/px4_sitl_ws/install/mapping:/home/azidozide/px4_sitl_ws/install/integrated_drone_mapping:/home/azidozide/px4_sitl_ws/install/px4_msgs:/home/azidozide/px4_sitl_ws/install/mine_mapping /usr/bin/cmake --build /home/azidozide/px4_sitl_ws/src/build/mine_mapping -- -j24 -l24
[0.037s] -- Found ament_cmake: 1.3.12 (/opt/ros/humble/share/ament_cmake/cmake)
[0.163s] -- Found rclcpp: 16.0.16 (/opt/ros/humble/share/rclcpp/cmake)
[0.198s] -- Found rosidl_generator_c: 3.1.7 (/opt/ros/humble/share/rosidl_generator_c/cmake)
[0.201s] -- Found rosidl_adapter: 3.1.7 (/opt/ros/humble/share/rosidl_adapter/cmake)
[0.206s] -- Found rosidl_generator_cpp: 3.1.7 (/opt/ros/humble/share/rosidl_generator_cpp/cmake)
[0.215s] -- Using all available rosidl_typesupport_c: rosidl_typesupport_fastrtps_c;rosidl_typesupport_introspection_c
[0.226s] -- Using all available rosidl_typesupport_cpp: rosidl_typesupport_fastrtps_cpp;rosidl_typesupport_introspection_cpp
[0.266s] -- Found rmw_implementation_cmake: 6.1.2 (/opt/ros/humble/share/rmw_implementation_cmake/cmake)
[0.269s] -- Found rmw_fastrtps_cpp: 6.2.9 (/opt/ros/humble/share/rmw_fastrtps_cpp/cmake)
[0.395s] -- Using RMW implementation 'rmw_fastrtps_cpp' as default
[0.457s] -- Found cv_bridge: 3.2.1 (/opt/ros/humble/share/cv_bridge/cmake)
[0.508s] -- Found px4_msgs: 2.0.1 (/home/azidozide/px4_sitl_ws/install/px4_msgs/share/px4_msgs/cmake)
[0.531s] -- Found ament_lint_auto: 0.12.14 (/opt/ros/humble/share/ament_lint_auto/cmake)
[0.607s] -- Added test 'cppcheck' to perform static code analysis on C / C++ code
[0.607s] -- Configured cppcheck include dirs: /home/azidozide/px4_sitl_ws/src/mine_mapping/src
[0.607s] -- Configured cppcheck exclude dirs and/or files: 
[0.608s] -- Added test 'lint_cmake' to check CMake code style
[0.609s] -- Added test 'uncrustify' to check C / C++ code style
[0.609s] -- Configured uncrustify additional arguments: 
[0.610s] -- Added test 'xmllint' to check XML markup files
[0.611s] -- Configuring done
[0.639s] -- Generating done
[0.646s] -- Build files have been written to: /home/azidozide/px4_sitl_ws/src/build/mine_mapping
[0.669s] [35m[1mConsolidate compiler generated dependencies of target map_generator[0m
[0.685s] [ 25%] [32m[1mLinking CXX shared library libmap_generator.so[0m
[0.866s] [ 50%] Built target map_generator
[0.876s] [35m[1mConsolidate compiler generated dependencies of target mine_mapper[0m
[0.895s] [ 75%] [32mBuilding CXX object CMakeFiles/mine_mapper.dir/src/mine_map_node.cpp.o[0m
[1.035s] [100%] [32m[1mLinking CXX executable mine_mapper[0m
[1.868s] [100%] Built target mine_mapper
[1.878s] Invoked command in '/home/azidozide/px4_sitl_ws/src/build/mine_mapping' returned '0': CMAKE_PREFIX_PATH=/home/azidozide/px4_sitl_ws/install/object_tracking_cpp:/home/azidozide/px4_sitl_ws/install/object_tracker:/opt/ros/humble:/home/azidozide/px4_sitl_ws/install/swarm_control:/home/azidozide/px4_sitl_ws/install/mapping:/home/azidozide/px4_sitl_ws/install/integrated_drone_mapping:/home/azidozide/px4_sitl_ws/install/px4_msgs:/home/azidozide/px4_sitl_ws/install/mine_mapping /usr/bin/cmake --build /home/azidozide/px4_sitl_ws/src/build/mine_mapping -- -j24 -l24
[1.880s] Invoking command in '/home/azidozide/px4_sitl_ws/src/build/mine_mapping': CMAKE_PREFIX_PATH=/home/azidozide/px4_sitl_ws/install/object_tracking_cpp:/home/azidozide/px4_sitl_ws/install/object_tracker:/opt/ros/humble:/home/azidozide/px4_sitl_ws/install/swarm_control:/home/azidozide/px4_sitl_ws/install/mapping:/home/azidozide/px4_sitl_ws/install/integrated_drone_mapping:/home/azidozide/px4_sitl_ws/install/px4_msgs:/home/azidozide/px4_sitl_ws/install/mine_mapping /usr/bin/cmake --install /home/azidozide/px4_sitl_ws/src/build/mine_mapping
[1.886s] -- Install configuration: ""
[1.887s] -- Installing: /home/azidozide/px4_sitl_ws/src/install/mine_mapping/lib/mine_mapping/mine_mapper
[1.891s] -- Set runtime path of "/home/azidozide/px4_sitl_ws/src/install/mine_mapping/lib/mine_mapping/mine_mapper" to ""
[1.891s] -- Installing: /home/azidozide/px4_sitl_ws/src/install/mine_mapping/lib/libmap_generator.so
[1.892s] -- Set runtime path of "/home/azidozide/px4_sitl_ws/src/install/mine_mapping/lib/libmap_generator.so" to ""
[1.892s] -- Up-to-date: /home/azidozide/px4_sitl_ws/src/install/mine_mapping/include/mine_mapping
[1.892s] -- Up-to-date: /home/azidozide/px4_sitl_ws/src/install/mine_mapping/include/mine_mapping/map_generator.hpp
[1.892s] -- Up-to-date: /home/azidozide/px4_sitl_ws/src/install/mine_mapping/share/ament_index/resource_index/package_run_dependencies/mine_mapping
[1.892s] -- Installing: /home/azidozide/px4_sitl_ws/src/install/mine_mapping/share/ament_index/resource_index/parent_prefix_path/mine_mapping
[1.893s] -- Up-to-date: /home/azidozide/px4_sitl_ws/src/install/mine_mapping/share/mine_mapping/environment/ament_prefix_path.sh
[1.893s] -- Installing: /home/azidozide/px4_sitl_ws/src/install/mine_mapping/share/mine_mapping/environment/ament_prefix_path.dsv
[1.893s] -- Up-to-date: /home/azidozide/px4_sitl_ws/src/install/mine_mapping/share/mine_mapping/environment/path.sh
[1.893s] -- Installing: /home/azidozide/px4_sitl_ws/src/install/mine_mapping/share/mine_mapping/environment/path.dsv
[1.893s] -- Up-to-date: /home/azidozide/px4_sitl_ws/src/install/mine_mapping/share/mine_mapping/local_setup.bash
[1.893s] -- Up-to-date: /home/azidozide/px4_sitl_ws/src/install/mine_mapping/share/mine_mapping/local_setup.sh
[1.893s] -- Up-to-date: /home/azidozide/px4_sitl_ws/src/install/mine_mapping/share/mine_mapping/local_setup.zsh
[1.894s] -- Installing: /home/azidozide/px4_sitl_ws/src/install/mine_mapping/share/mine_mapping/local_setup.dsv
[1.894s] -- Installing: /home/azidozide/px4_sitl_ws/src/install/mine_mapping/share/mine_mapping/package.dsv
[1.894s] -- Up-to-date: /home/azidozide/px4_sitl_ws/src/install/mine_mapping/share/ament_index/resource_index/packages/mine_mapping
[1.894s] -- Up-to-date: /home/azidozide/px4_sitl_ws/src/install/mine_mapping/share/mine_mapping/cmake/mine_mappingConfig.cmake
[1.894s] -- Up-to-date: /home/azidozide/px4_sitl_ws/src/install/mine_mapping/share/mine_mapping/cmake/mine_mappingConfig-version.cmake
[1.894s] -- Up-to-date: /home/azidozide/px4_sitl_ws/src/install/mine_mapping/share/mine_mapping/package.xml
[1.896s] Invoked command in '/home/azidozide/px4_sitl_ws/src/build/mine_mapping' returned '0': CMAKE_PREFIX_PATH=/home/azidozide/px4_sitl_ws/install/object_tracking_cpp:/home/azidozide/px4_sitl_ws/install/object_tracker:/opt/ros/humble:/home/azidozide/px4_sitl_ws/install/swarm_control:/home/azidozide/px4_sitl_ws/install/mapping:/home/azidozide/px4_sitl_ws/install/integrated_drone_mapping:/home/azidozide/px4_sitl_ws/install/px4_msgs:/home/azidozide/px4_sitl_ws/install/mine_mapping /usr/bin/cmake --install /home/azidozide/px4_sitl_ws/src/build/mine_mapping
