-- Found ament_cmake: 1.3.12 (/opt/ros/humble/share/ament_cmake/cmake)
-- Found rclcpp: 16.0.16 (/opt/ros/humble/share/rclcpp/cmake)
-- Found rosidl_generator_c: 3.1.7 (/opt/ros/humble/share/rosidl_generator_c/cmake)
-- Found rosidl_adapter: 3.1.7 (/opt/ros/humble/share/rosidl_adapter/cmake)
-- Found rosidl_generator_cpp: 3.1.7 (/opt/ros/humble/share/rosidl_generator_cpp/cmake)
-- Using all available rosidl_typesupport_c: rosidl_typesupport_fastrtps_c;rosidl_typesupport_introspection_c
-- Using all available rosidl_typesupport_cpp: rosidl_typesupport_fastrtps_cpp;rosidl_typesupport_introspection_cpp
-- Found rmw_implementation_cmake: 6.1.2 (/opt/ros/humble/share/rmw_implementation_cmake/cmake)
-- Found rmw_fastrtps_cpp: 6.2.9 (/opt/ros/humble/share/rmw_fastrtps_cpp/cmake)
-- Using RMW implementation 'rmw_fastrtps_cpp' as default
-- Found px4_msgs: 2.0.1 (/home/azidozide/px4_sitl_ws/install/px4_msgs/share/px4_msgs/cmake)
-- Found swarm_control: 0.0.0 (/home/azidozide/px4_sitl_ws/install/swarm_control/share/swarm_control/cmake)
-- Found ament_lint_auto: 0.12.14 (/opt/ros/humble/share/ament_lint_auto/cmake)
-- Added test 'cppcheck' to perform static code analysis on C / C++ code
-- Configured cppcheck include dirs: 
-- Configured cppcheck exclude dirs and/or files: 
-- Added test 'lint_cmake' to check CMake code style
-- Added test 'uncrustify' to check C / C++ code style
-- Configured uncrustify additional arguments: 
-- Added test 'xmllint' to check XML markup files
-- Configuring done
-- Generating done
-- Build files have been written to: /home/azidozide/px4_sitl_ws/build/object_tracking_cpp
[35m[1mConsolidate compiler generated dependencies of target mothernode[0m
[ 25%] [32mBuilding CXX object CMakeFiles/follower_1.dir/src/follower1.cpp.o[0m
[ 75%] Built target mothernode
[01m[K/home/azidozide/px4_sitl_ws/src/object_tracking_cpp/src/follower1.cpp:[m[K In constructor ‘[01m[KSwarmFollower::SwarmFollower()[m[K’:
[01m[K/home/azidozide/px4_sitl_ws/src/object_tracking_cpp/src/follower1.cpp:260:11:[m[K [01;35m[Kwarning: [m[K‘[01m[KSwarmFollower::state_[m[K’ will be initialized after [[01;35m[K-Wreorder[m[K]
  260 |     State [01;35m[Kstate_[m[K;
      |           [01;35m[K^~~~~~[m[K
[01m[K/home/azidozide/px4_sitl_ws/src/object_tracking_cpp/src/follower1.cpp:258:10:[m[K [01;35m[Kwarning: [m[K  ‘[01m[Kbool SwarmFollower::have_offset_[m[K’ [[01;35m[K-Wreorder[m[K]
  258 |     bool [01;35m[Khave_offset_[m[K;
      |          [01;35m[K^~~~~~~~~~~~[m[K
[01m[K/home/azidozide/px4_sitl_ws/src/object_tracking_cpp/src/follower1.cpp:22:5:[m[K [01;35m[Kwarning: [m[K  when initialized here [[01;35m[K-Wreorder[m[K]
   22 |     [01;35m[KSwarmFollower[m[K()
      |     [01;35m[K^~~~~~~~~~~~~[m[K
[01m[K/home/azidozide/px4_sitl_ws/src/object_tracking_cpp/src/follower1.cpp:259:9:[m[K [01;35m[Kwarning: [m[K‘[01m[KSwarmFollower::last_mother_lock_[m[K’ will be initialized after [[01;35m[K-Wreorder[m[K]
  259 |     int [01;35m[Klast_mother_lock_[m[K;
      |         [01;35m[K^~~~~~~~~~~~~~~~~[m[K
[01m[K/home/azidozide/px4_sitl_ws/src/object_tracking_cpp/src/follower1.cpp:227:12:[m[K [01;35m[Kwarning: [m[K  ‘[01m[Kdouble SwarmFollower::publish_hz_[m[K’ [[01;35m[K-Wreorder[m[K]
  227 |     double [01;35m[Kpublish_hz_[m[K;
      |            [01;35m[K^~~~~~~~~~~[m[K
[01m[K/home/azidozide/px4_sitl_ws/src/object_tracking_cpp/src/follower1.cpp:22:5:[m[K [01;35m[Kwarning: [m[K  when initialized here [[01;35m[K-Wreorder[m[K]
   22 |     [01;35m[KSwarmFollower[m[K()
      |     [01;35m[K^~~~~~~~~~~~~[m[K
[100%] [32m[1mLinking CXX executable follower_1[0m
[100%] Built target follower_1
-- Install configuration: ""
-- Up-to-date: /home/azidozide/px4_sitl_ws/install/object_tracking_cpp/lib/object_tracking_cpp/mothernode
-- Installing: /home/azidozide/px4_sitl_ws/install/object_tracking_cpp/lib/object_tracking_cpp/follower_1
-- Set runtime path of "/home/azidozide/px4_sitl_ws/install/object_tracking_cpp/lib/object_tracking_cpp/follower_1" to ""
-- Up-to-date: /home/azidozide/px4_sitl_ws/install/object_tracking_cpp/share/ament_index/resource_index/package_run_dependencies/object_tracking_cpp
-- Installing: /home/azidozide/px4_sitl_ws/install/object_tracking_cpp/share/ament_index/resource_index/parent_prefix_path/object_tracking_cpp
-- Up-to-date: /home/azidozide/px4_sitl_ws/install/object_tracking_cpp/share/object_tracking_cpp/environment/ament_prefix_path.sh
-- Installing: /home/azidozide/px4_sitl_ws/install/object_tracking_cpp/share/object_tracking_cpp/environment/ament_prefix_path.dsv
-- Up-to-date: /home/azidozide/px4_sitl_ws/install/object_tracking_cpp/share/object_tracking_cpp/environment/path.sh
-- Installing: /home/azidozide/px4_sitl_ws/install/object_tracking_cpp/share/object_tracking_cpp/environment/path.dsv
-- Up-to-date: /home/azidozide/px4_sitl_ws/install/object_tracking_cpp/share/object_tracking_cpp/local_setup.bash
-- Up-to-date: /home/azidozide/px4_sitl_ws/install/object_tracking_cpp/share/object_tracking_cpp/local_setup.sh
-- Up-to-date: /home/azidozide/px4_sitl_ws/install/object_tracking_cpp/share/object_tracking_cpp/local_setup.zsh
-- Installing: /home/azidozide/px4_sitl_ws/install/object_tracking_cpp/share/object_tracking_cpp/local_setup.dsv
-- Installing: /home/azidozide/px4_sitl_ws/install/object_tracking_cpp/share/object_tracking_cpp/package.dsv
-- Up-to-date: /home/azidozide/px4_sitl_ws/install/object_tracking_cpp/share/ament_index/resource_index/packages/object_tracking_cpp
-- Up-to-date: /home/azidozide/px4_sitl_ws/install/object_tracking_cpp/share/object_tracking_cpp/cmake/object_tracking_cppConfig.cmake
-- Up-to-date: /home/azidozide/px4_sitl_ws/install/object_tracking_cpp/share/object_tracking_cpp/cmake/object_tracking_cppConfig-version.cmake
-- Up-to-date: /home/azidozide/px4_sitl_ws/install/object_tracking_cpp/share/object_tracking_cpp/package.xml
