[0.012s] Invoking command in '/home/azidozide/px4_sitl_ws/build/object_tracking_cpp': CMAKE_PREFIX_PATH=/home/azidozide/px4_sitl_ws/install/object_tracker:/opt/ros/humble:/home/azidozide/px4_sitl_ws/install/swarm_control:/home/azidozide/px4_sitl_ws/install/px4_msgs:/home/azidozide/px4_sitl_ws/install/object_tracking_cpp:/home/azidozide/px4_sitl_ws/install/mapping:/home/azidozide/px4_sitl_ws/install/integrated_drone_mapping:/home/azidozide/px4_sitl_ws/install/mine_mapping /usr/bin/cmake --build /home/azidozide/px4_sitl_ws/build/object_tracking_cpp -- -j24 -l24
[0.058s] [35m[1mConsolidate compiler generated dependencies of target mothernode[0m
[0.079s] [ 25%] Built target follower_3
[0.080s] [ 50%] Built target follower_1
[0.082s] [ 62%] [32mBuilding CXX object CMakeFiles/mothernode.dir/src/mothernode.cpp.o[0m
[0.083s] [ 87%] Built target follower_2
[13.038s] [01m[K/home/azidozide/px4_sitl_ws/src/object_tracking_cpp/src/mothernode.cpp:[m[K In constructor ‘[01m[KOffboard::Offboard()[m[K’:
[13.038s] [01m[K/home/azidozide/px4_sitl_ws/src/object_tracking_cpp/src/mothernode.cpp:567:47:[m[K [01;35m[Kwarning: [m[K‘[01m[KOffboard::vehicle_odometry_[m[K’ will be initialized after [[01;35m[K-Wreorder[m[K]
[13.039s]   567 |     px4_msgs::msg::VehicleOdometry::SharedPtr [01;35m[Kvehicle_odometry_[m[K;
[13.039s]       |                                               [01;35m[K^~~~~~~~~~~~~~~~~[m[K
[13.039s] [01m[K/home/azidozide/px4_sitl_ws/src/object_tracking_cpp/src/mothernode.cpp:552:11:[m[K [01;35m[Kwarning: [m[K  ‘[01m[Kfloat Offboard::takeoff_height_[m[K’ [[01;35m[K-Wreorder[m[K]
[13.039s]   552 |     float [01;35m[Ktakeoff_height_[m[K;
[13.039s]       |           [01;35m[K^~~~~~~~~~~~~~~[m[K
[13.039s] [01m[K/home/azidozide/px4_sitl_ws/src/object_tracking_cpp/src/mothernode.cpp:47:5:[m[K [01;35m[Kwarning: [m[K  when initialized here [[01;35m[K-Wreorder[m[K]
[13.039s]    47 |     [01;35m[KOffboard[m[K()
[13.039s]       |     [01;35m[K^~~~~~~~[m[K
[13.060s] [100%] [32m[1mLinking CXX executable mothernode[0m
[13.771s] [100%] Built target mothernode
[13.782s] Invoked command in '/home/azidozide/px4_sitl_ws/build/object_tracking_cpp' returned '0': CMAKE_PREFIX_PATH=/home/azidozide/px4_sitl_ws/install/object_tracker:/opt/ros/humble:/home/azidozide/px4_sitl_ws/install/swarm_control:/home/azidozide/px4_sitl_ws/install/px4_msgs:/home/azidozide/px4_sitl_ws/install/object_tracking_cpp:/home/azidozide/px4_sitl_ws/install/mapping:/home/azidozide/px4_sitl_ws/install/integrated_drone_mapping:/home/azidozide/px4_sitl_ws/install/mine_mapping /usr/bin/cmake --build /home/azidozide/px4_sitl_ws/build/object_tracking_cpp -- -j24 -l24
[13.783s] Invoking command in '/home/azidozide/px4_sitl_ws/build/object_tracking_cpp': CMAKE_PREFIX_PATH=/home/azidozide/px4_sitl_ws/install/object_tracker:/opt/ros/humble:/home/azidozide/px4_sitl_ws/install/swarm_control:/home/azidozide/px4_sitl_ws/install/px4_msgs:/home/azidozide/px4_sitl_ws/install/object_tracking_cpp:/home/azidozide/px4_sitl_ws/install/mapping:/home/azidozide/px4_sitl_ws/install/integrated_drone_mapping:/home/azidozide/px4_sitl_ws/install/mine_mapping /usr/bin/cmake --install /home/azidozide/px4_sitl_ws/build/object_tracking_cpp
[13.790s] -- Install configuration: ""
[13.790s] -- Installing: /home/azidozide/px4_sitl_ws/install/object_tracking_cpp/lib/object_tracking_cpp/mothernode
[13.797s] -- Set runtime path of "/home/azidozide/px4_sitl_ws/install/object_tracking_cpp/lib/object_tracking_cpp/mothernode" to ""
[13.797s] -- Up-to-date: /home/azidozide/px4_sitl_ws/install/object_tracking_cpp/lib/object_tracking_cpp/follower_1
[13.797s] -- Up-to-date: /home/azidozide/px4_sitl_ws/install/object_tracking_cpp/lib/object_tracking_cpp/follower_2
[13.797s] -- Up-to-date: /home/azidozide/px4_sitl_ws/install/object_tracking_cpp/lib/object_tracking_cpp/follower_3
[13.797s] -- Up-to-date: /home/azidozide/px4_sitl_ws/install/object_tracking_cpp/share/ament_index/resource_index/package_run_dependencies/object_tracking_cpp
[13.797s] -- Up-to-date: /home/azidozide/px4_sitl_ws/install/object_tracking_cpp/share/ament_index/resource_index/parent_prefix_path/object_tracking_cpp
[13.797s] -- Up-to-date: /home/azidozide/px4_sitl_ws/install/object_tracking_cpp/share/object_tracking_cpp/environment/ament_prefix_path.sh
[13.797s] -- Up-to-date: /home/azidozide/px4_sitl_ws/install/object_tracking_cpp/share/object_tracking_cpp/environment/ament_prefix_path.dsv
[13.797s] -- Up-to-date: /home/azidozide/px4_sitl_ws/install/object_tracking_cpp/share/object_tracking_cpp/environment/path.sh
[13.797s] -- Up-to-date: /home/azidozide/px4_sitl_ws/install/object_tracking_cpp/share/object_tracking_cpp/environment/path.dsv
[13.797s] -- Up-to-date: /home/azidozide/px4_sitl_ws/install/object_tracking_cpp/share/object_tracking_cpp/local_setup.bash
[13.797s] -- Up-to-date: /home/azidozide/px4_sitl_ws/install/object_tracking_cpp/share/object_tracking_cpp/local_setup.sh
[13.798s] -- Up-to-date: /home/azidozide/px4_sitl_ws/install/object_tracking_cpp/share/object_tracking_cpp/local_setup.zsh
[13.798s] -- Up-to-date: /home/azidozide/px4_sitl_ws/install/object_tracking_cpp/share/object_tracking_cpp/local_setup.dsv
[13.798s] -- Installing: /home/azidozide/px4_sitl_ws/install/object_tracking_cpp/share/object_tracking_cpp/package.dsv
[13.798s] -- Up-to-date: /home/azidozide/px4_sitl_ws/install/object_tracking_cpp/share/ament_index/resource_index/packages/object_tracking_cpp
[13.798s] -- Up-to-date: /home/azidozide/px4_sitl_ws/install/object_tracking_cpp/share/object_tracking_cpp/cmake/object_tracking_cppConfig.cmake
[13.798s] -- Up-to-date: /home/azidozide/px4_sitl_ws/install/object_tracking_cpp/share/object_tracking_cpp/cmake/object_tracking_cppConfig-version.cmake
[13.798s] -- Up-to-date: /home/azidozide/px4_sitl_ws/install/object_tracking_cpp/share/object_tracking_cpp/package.xml
[13.799s] Invoked command in '/home/azidozide/px4_sitl_ws/build/object_tracking_cpp' returned '0': CMAKE_PREFIX_PATH=/home/azidozide/px4_sitl_ws/install/object_tracker:/opt/ros/humble:/home/azidozide/px4_sitl_ws/install/swarm_control:/home/azidozide/px4_sitl_ws/install/px4_msgs:/home/azidozide/px4_sitl_ws/install/object_tracking_cpp:/home/azidozide/px4_sitl_ws/install/mapping:/home/azidozide/px4_sitl_ws/install/integrated_drone_mapping:/home/azidozide/px4_sitl_ws/install/mine_mapping /usr/bin/cmake --install /home/azidozide/px4_sitl_ws/build/object_tracking_cpp
