[35m[1mConsolidate compiler generated dependencies of target mothernode[0m
[ 12%] [32mBuilding CXX object CMakeFiles/follower_3.dir/src/follower3.cpp.o[0m
[ 25%] [32mBuilding CXX object CMakeFiles/follower_2.dir/src/follower2.cpp.o[0m
[ 50%] Built target mothernode
[ 62%] [32mBuilding CXX object CMakeFiles/follower_1.dir/src/follower1.cpp.o[0m
[01m[K/home/azidozide/px4_sitl_ws/src/object_tracking_cpp/src/follower3.cpp:[m[K In constructor ‘[01m[KOffboard::Offboard()[m[K’:
[01m[K/home/azidozide/px4_sitl_ws/src/object_tracking_cpp/src/follower3.cpp:543:47:[m[K [01;35m[Kwarning: [m[K‘[01m[KOffboard::vehicle_odometry_[m[K’ will be initialized after [[01;35m[K-Wreorder[m[K]
  543 |     px4_msgs::msg::VehicleOdometry::SharedPtr [01;35m[Kvehicle_odometry_[m[K;
      |                                               [01;35m[K^~~~~~~~~~~~~~~~~[m[K
[01m[K/home/azidozide/px4_sitl_ws/src/object_tracking_cpp/src/follower3.cpp:528:11:[m[K [01;35m[Kwarning: [m[K  ‘[01m[Kfloat Offboard::takeoff_height_[m[K’ [[01;35m[K-Wreorder[m[K]
  528 |     float [01;35m[Ktakeoff_height_[m[K;
      |           [01;35m[K^~~~~~~~~~~~~~~[m[K
[01m[K/home/azidozide/px4_sitl_ws/src/object_tracking_cpp/src/follower3.cpp:47:5:[m[K [01;35m[Kwarning: [m[K  when initialized here [[01;35m[K-Wreorder[m[K]
   47 |     [01;35m[KOffboard[m[K()
      |     [01;35m[K^~~~~~~~[m[K
[01m[K/home/azidozide/px4_sitl_ws/src/object_tracking_cpp/src/follower2.cpp:[m[K In constructor ‘[01m[KOffboard::Offboard()[m[K’:
[01m[K/home/azidozide/px4_sitl_ws/src/object_tracking_cpp/src/follower2.cpp:545:47:[m[K [01;35m[Kwarning: [m[K‘[01m[KOffboard::vehicle_odometry_[m[K’ will be initialized after [[01;35m[K-Wreorder[m[K]
  545 |     px4_msgs::msg::VehicleOdometry::SharedPtr [01;35m[Kvehicle_odometry_[m[K;
      |                                               [01;35m[K^~~~~~~~~~~~~~~~~[m[K
[01m[K/home/azidozide/px4_sitl_ws/src/object_tracking_cpp/src/follower2.cpp:530:11:[m[K [01;35m[Kwarning: [m[K  ‘[01m[Kfloat Offboard::takeoff_height_[m[K’ [[01;35m[K-Wreorder[m[K]
  530 |     float [01;35m[Ktakeoff_height_[m[K;
      |           [01;35m[K^~~~~~~~~~~~~~~[m[K
[01m[K/home/azidozide/px4_sitl_ws/src/object_tracking_cpp/src/follower2.cpp:47:5:[m[K [01;35m[Kwarning: [m[K  when initialized here [[01;35m[K-Wreorder[m[K]
   47 |     [01;35m[KOffboard[m[K()
      |     [01;35m[K^~~~~~~~[m[K
[01m[K/home/azidozide/px4_sitl_ws/src/object_tracking_cpp/src/follower1.cpp:[m[K In constructor ‘[01m[KOffboard::Offboard()[m[K’:
[01m[K/home/azidozide/px4_sitl_ws/src/object_tracking_cpp/src/follower1.cpp:545:47:[m[K [01;35m[Kwarning: [m[K‘[01m[KOffboard::vehicle_odometry_[m[K’ will be initialized after [[01;35m[K-Wreorder[m[K]
  545 |     px4_msgs::msg::VehicleOdometry::SharedPtr [01;35m[Kvehicle_odometry_[m[K;
      |                                               [01;35m[K^~~~~~~~~~~~~~~~~[m[K
[01m[K/home/azidozide/px4_sitl_ws/src/object_tracking_cpp/src/follower1.cpp:530:11:[m[K [01;35m[Kwarning: [m[K  ‘[01m[Kfloat Offboard::takeoff_height_[m[K’ [[01;35m[K-Wreorder[m[K]
  530 |     float [01;35m[Ktakeoff_height_[m[K;
      |           [01;35m[K^~~~~~~~~~~~~~~[m[K
[01m[K/home/azidozide/px4_sitl_ws/src/object_tracking_cpp/src/follower1.cpp:47:5:[m[K [01;35m[Kwarning: [m[K  when initialized here [[01;35m[K-Wreorder[m[K]
   47 |     [01;35m[KOffboard[m[K()
      |     [01;35m[K^~~~~~~~[m[K
[ 75%] [32m[1mLinking CXX executable follower_3[0m
[ 87%] [32m[1mLinking CXX executable follower_2[0m
[100%] [32m[1mLinking CXX executable follower_1[0m
[100%] Built target follower_3
[100%] Built target follower_1
[100%] Built target follower_2
-- Install configuration: ""
-- Up-to-date: /home/azidozide/px4_sitl_ws/install/object_tracking_cpp/lib/object_tracking_cpp/mothernode
-- Installing: /home/azidozide/px4_sitl_ws/install/object_tracking_cpp/lib/object_tracking_cpp/follower_1
-- Set runtime path of "/home/azidozide/px4_sitl_ws/install/object_tracking_cpp/lib/object_tracking_cpp/follower_1" to ""
-- Installing: /home/azidozide/px4_sitl_ws/install/object_tracking_cpp/lib/object_tracking_cpp/follower_2
-- Set runtime path of "/home/azidozide/px4_sitl_ws/install/object_tracking_cpp/lib/object_tracking_cpp/follower_2" to ""
-- Installing: /home/azidozide/px4_sitl_ws/install/object_tracking_cpp/lib/object_tracking_cpp/follower_3
-- Set runtime path of "/home/azidozide/px4_sitl_ws/install/object_tracking_cpp/lib/object_tracking_cpp/follower_3" to ""
-- Up-to-date: /home/azidozide/px4_sitl_ws/install/object_tracking_cpp/share/ament_index/resource_index/package_run_dependencies/object_tracking_cpp
-- Up-to-date: /home/azidozide/px4_sitl_ws/install/object_tracking_cpp/share/ament_index/resource_index/parent_prefix_path/object_tracking_cpp
-- Up-to-date: /home/azidozide/px4_sitl_ws/install/object_tracking_cpp/share/object_tracking_cpp/environment/ament_prefix_path.sh
-- Up-to-date: /home/azidozide/px4_sitl_ws/install/object_tracking_cpp/share/object_tracking_cpp/environment/ament_prefix_path.dsv
-- Up-to-date: /home/azidozide/px4_sitl_ws/install/object_tracking_cpp/share/object_tracking_cpp/environment/path.sh
-- Up-to-date: /home/azidozide/px4_sitl_ws/install/object_tracking_cpp/share/object_tracking_cpp/environment/path.dsv
-- Up-to-date: /home/azidozide/px4_sitl_ws/install/object_tracking_cpp/share/object_tracking_cpp/local_setup.bash
-- Up-to-date: /home/azidozide/px4_sitl_ws/install/object_tracking_cpp/share/object_tracking_cpp/local_setup.sh
-- Up-to-date: /home/azidozide/px4_sitl_ws/install/object_tracking_cpp/share/object_tracking_cpp/local_setup.zsh
-- Up-to-date: /home/azidozide/px4_sitl_ws/install/object_tracking_cpp/share/object_tracking_cpp/local_setup.dsv
-- Installing: /home/azidozide/px4_sitl_ws/install/object_tracking_cpp/share/object_tracking_cpp/package.dsv
-- Up-to-date: /home/azidozide/px4_sitl_ws/install/object_tracking_cpp/share/ament_index/resource_index/packages/object_tracking_cpp
-- Up-to-date: /home/azidozide/px4_sitl_ws/install/object_tracking_cpp/share/object_tracking_cpp/cmake/object_tracking_cppConfig.cmake
-- Up-to-date: /home/azidozide/px4_sitl_ws/install/object_tracking_cpp/share/object_tracking_cpp/cmake/object_tracking_cppConfig-version.cmake
-- Up-to-date: /home/azidozide/px4_sitl_ws/install/object_tracking_cpp/share/object_tracking_cpp/package.xml
