[0.821s] Invoking command in '/home/azidozide/px4_sitl_ws/src/mapping': PYTHONPATH=/home/azidozide/px4_sitl_ws/build/mapping/prefix_override:/usr/lib/python3/dist-packages/colcon_core/task/python/colcon_distutils_commands:/home/azidozide/px4_sitl_ws/install/mapping/lib/python3.10/site-packages:${PYTHONPATH} /usr/bin/python3 -W ignore:setup.py install is deprecated -W ignore:easy_install command is deprecated setup.py egg_info --egg-base ../../build/mapping build --build-base /home/azidozide/px4_sitl_ws/build/mapping/build install --record /home/azidozide/px4_sitl_ws/build/mapping/install.log --single-version-externally-managed install_data
[1.033s] running egg_info
[1.034s] creating ../../build/mapping/mapping.egg-info
[1.034s] writing ../../build/mapping/mapping.egg-info/PKG-INFO
[1.034s] writing dependency_links to ../../build/mapping/mapping.egg-info/dependency_links.txt
[1.034s] writing entry points to ../../build/mapping/mapping.egg-info/entry_points.txt
[1.034s] writing requirements to ../../build/mapping/mapping.egg-info/requires.txt
[1.034s] writing top-level names to ../../build/mapping/mapping.egg-info/top_level.txt
[1.035s] writing manifest file '../../build/mapping/mapping.egg-info/SOURCES.txt'
[1.037s] reading manifest file '../../build/mapping/mapping.egg-info/SOURCES.txt'
[1.037s] adding license file 'LICENSE'
[1.038s] writing manifest file '../../build/mapping/mapping.egg-info/SOURCES.txt'
[1.038s] running build
[1.038s] running build_py
[1.038s] creating /home/azidozide/px4_sitl_ws/build/mapping/build
[1.038s] creating /home/azidozide/px4_sitl_ws/build/mapping/build/lib
[1.038s] creating /home/azidozide/px4_sitl_ws/build/mapping/build/lib/mapping
[1.038s] copying mapping/generator.py -> /home/azidozide/px4_sitl_ws/build/mapping/build/lib/mapping
[1.038s] copying mapping/generator_v2.py -> /home/azidozide/px4_sitl_ws/build/mapping/build/lib/mapping
[1.039s] copying mapping/__init__.py -> /home/azidozide/px4_sitl_ws/build/mapping/build/lib/mapping
[1.039s] running install
[1.039s] running install_lib
[1.040s] creating /home/azidozide/px4_sitl_ws/install/mapping/lib/python3.10/site-packages/mapping
[1.040s] copying /home/azidozide/px4_sitl_ws/build/mapping/build/lib/mapping/generator.py -> /home/azidozide/px4_sitl_ws/install/mapping/lib/python3.10/site-packages/mapping
[1.040s] copying /home/azidozide/px4_sitl_ws/build/mapping/build/lib/mapping/generator_v2.py -> /home/azidozide/px4_sitl_ws/install/mapping/lib/python3.10/site-packages/mapping
[1.040s] copying /home/azidozide/px4_sitl_ws/build/mapping/build/lib/mapping/__init__.py -> /home/azidozide/px4_sitl_ws/install/mapping/lib/python3.10/site-packages/mapping
[1.040s] byte-compiling /home/azidozide/px4_sitl_ws/install/mapping/lib/python3.10/site-packages/mapping/generator.py to generator.cpython-310.pyc
[1.044s] byte-compiling /home/azidozide/px4_sitl_ws/install/mapping/lib/python3.10/site-packages/mapping/generator_v2.py to generator_v2.cpython-310.pyc
[1.046s] byte-compiling /home/azidozide/px4_sitl_ws/install/mapping/lib/python3.10/site-packages/mapping/__init__.py to __init__.cpython-310.pyc
[1.047s] running install_data
[1.047s] creating /home/azidozide/px4_sitl_ws/install/mapping/share/ament_index
[1.047s] creating /home/azidozide/px4_sitl_ws/install/mapping/share/ament_index/resource_index
[1.047s] creating /home/azidozide/px4_sitl_ws/install/mapping/share/ament_index/resource_index/packages
[1.047s] copying resource/mapping -> /home/azidozide/px4_sitl_ws/install/mapping/share/ament_index/resource_index/packages
[1.047s] copying package.xml -> /home/azidozide/px4_sitl_ws/install/mapping/share/mapping
[1.047s] running install_egg_info
[1.048s] Copying ../../build/mapping/mapping.egg-info to /home/azidozide/px4_sitl_ws/install/mapping/lib/python3.10/site-packages/mapping-0.0.0-py3.10.egg-info
[1.048s] running install_scripts
[1.066s] Installing sfc_gen script to /home/azidozide/px4_sitl_ws/install/mapping/lib/mapping
[1.067s] writing list of installed files to '/home/azidozide/px4_sitl_ws/build/mapping/install.log'
[1.084s] Invoked command in '/home/azidozide/px4_sitl_ws/src/mapping' returned '0': PYTHONPATH=/home/azidozide/px4_sitl_ws/build/mapping/prefix_override:/usr/lib/python3/dist-packages/colcon_core/task/python/colcon_distutils_commands:/home/azidozide/px4_sitl_ws/install/mapping/lib/python3.10/site-packages:${PYTHONPATH} /usr/bin/python3 -W ignore:setup.py install is deprecated -W ignore:easy_install command is deprecated setup.py egg_info --egg-base ../../build/mapping build --build-base /home/azidozide/px4_sitl_ws/build/mapping/build install --record /home/azidozide/px4_sitl_ws/build/mapping/install.log --single-version-externally-managed install_data
