-- The C compiler identification is GNU 11.4.0
-- The CXX compiler identification is GNU 11.4.0
-- Detecting C compiler ABI info
-- Detecting C compiler ABI info - done
-- Check for working C compiler: /usr/lib/ccache/cc - skipped
-- Detecting C compile features
-- Detecting C compile features - done
-- Detecting CXX compiler ABI info
-- Detecting CXX compiler ABI info - done
-- Check for working CXX compiler: /usr/lib/ccache/c++ - skipped
-- Detecting CXX compile features
-- Detecting CXX compile features - done
-- Found ament_cmake: 1.3.12 (/opt/ros/humble/share/ament_cmake/cmake)
-- Found Python3: /usr/bin/python3 (found version "3.10.12") found components: Interpreter 
-- Found rosidl_default_generators: 1.2.0 (/opt/ros/humble/share/rosidl_default_generators/cmake)
-- Using all available rosidl_typesupport_c: rosidl_typesupport_fastrtps_c;rosidl_typesupport_introspection_c
-- Found rosidl_adapter: 3.1.7 (/opt/ros/humble/share/rosidl_adapter/cmake)
-- Using all available rosidl_typesupport_cpp: rosidl_typesupport_fastrtps_cpp;rosidl_typesupport_introspection_cpp
-- Found ament_cmake_ros: 0.10.0 (/opt/ros/humble/share/ament_cmake_ros/cmake)
-- Using all available rosidl_typesupport_c: rosidl_typesupport_fastrtps_c;rosidl_typesupport_introspection_c
-- Using all available rosidl_typesupport_cpp: rosidl_typesupport_fastrtps_cpp;rosidl_typesupport_introspection_cpp
-- Found PythonInterp: /usr/bin/python3 (found suitable version "3.10.12", minimum required is "3.6") 
-- Found python_cmake_module: 0.10.0 (/opt/ros/humble/share/python_cmake_module/cmake)
-- Found PythonLibs: /usr/lib/x86_64-linux-gnu/libpython3.10.so (found suitable version "3.10.12", minimum required is "3.5") 
-- Using PYTHON_EXECUTABLE: /usr/bin/python3
-- Using PYTHON_INCLUDE_DIRS: /usr/include/python3.10
-- Using PYTHON_LIBRARIES: /usr/lib/x86_64-linux-gnu/libpython3.10.so
-- Found PythonExtra: .so  
-- Configuring done
-- Generating done
-- Build files have been written to: /home/azidozide/px4_sitl_ws/build/swarm_control
[35m[1mConsolidate compiler generated dependencies of target swarm_control__rosidl_generator_c[0m
[  3%] Built target swarm_control__cpp
[ 12%] Built target swarm_control__rosidl_generator_c
[ 12%] Built target ament_cmake_python_copy_swarm_control
[35m[1mConsolidate compiler generated dependencies of target swarm_control__rosidl_typesupport_fastrtps_cpp[0m
[35m[1mConsolidate compiler generated dependencies of target swarm_control__rosidl_typesupport_cpp[0m
[35m[1mConsolidate compiler generated dependencies of target swarm_control__rosidl_typesupport_introspection_c[0m
[35m[1mConsolidate compiler generated dependencies of target swarm_control__rosidl_typesupport_c[0m
[35m[1mConsolidate compiler generated dependencies of target swarm_control__rosidl_typesupport_introspection_cpp[0m
[35m[1mConsolidate compiler generated dependencies of target swarm_control__rosidl_typesupport_fastrtps_c[0m
[ 29%] Built target swarm_control__rosidl_typesupport_cpp
[ 32%] Built target swarm_control__rosidl_typesupport_fastrtps_cpp
[ 41%] Built target swarm_control__rosidl_typesupport_fastrtps_c
[ 61%] Built target swarm_control__rosidl_typesupport_introspection_c
[ 61%] Built target swarm_control__rosidl_typesupport_c
[ 70%] Built target swarm_control__rosidl_typesupport_introspection_cpp
[ 70%] Built target swarm_control
[ 74%] Built target swarm_control__py
[35m[1mConsolidate compiler generated dependencies of target swarm_control__rosidl_generator_py[0m
[ 80%] Built target swarm_control__rosidl_generator_py
[35m[1mConsolidate compiler generated dependencies of target swarm_control__rosidl_typesupport_fastrtps_c__pyext[0m
[35m[1mConsolidate compiler generated dependencies of target swarm_control__rosidl_typesupport_c__pyext[0m
[35m[1mConsolidate compiler generated dependencies of target swarm_control__rosidl_typesupport_introspection_c__pyext[0m
[ 87%] Built target swarm_control__rosidl_typesupport_c__pyext
[ 93%] Built target swarm_control__rosidl_typesupport_fastrtps_c__pyext
[100%] Built target swarm_control__rosidl_typesupport_introspection_c__pyext
running egg_info
writing swarm_control.egg-info/PKG-INFO
writing dependency_links to swarm_control.egg-info/dependency_links.txt
writing top-level names to swarm_control.egg-info/top_level.txt
reading manifest file 'swarm_control.egg-info/SOURCES.txt'
writing manifest file 'swarm_control.egg-info/SOURCES.txt'
[100%] Built target ament_cmake_python_build_swarm_control_egg
-- Install configuration: ""
-- Installing: /home/azidozide/px4_sitl_ws/install/swarm_control/share/ament_index/resource_index/rosidl_interfaces/swarm_control
-- Installing: /home/azidozide/px4_sitl_ws/install/swarm_control/include/swarm_control/swarm_control
-- Installing: /home/azidozide/px4_sitl_ws/install/swarm_control/include/swarm_control/swarm_control/msg
-- Installing: /home/azidozide/px4_sitl_ws/install/swarm_control/include/swarm_control/swarm_control/msg/detail
-- Installing: /home/azidozide/px4_sitl_ws/install/swarm_control/include/swarm_control/swarm_control/msg/detail/mother_state__functions.c
-- Installing: /home/azidozide/px4_sitl_ws/install/swarm_control/include/swarm_control/swarm_control/msg/detail/mother_state__struct.h
-- Installing: /home/azidozide/px4_sitl_ws/install/swarm_control/include/swarm_control/swarm_control/msg/detail/mother_state__functions.h
-- Installing: /home/azidozide/px4_sitl_ws/install/swarm_control/include/swarm_control/swarm_control/msg/detail/mother_state__type_support.h
-- Installing: /home/azidozide/px4_sitl_ws/install/swarm_control/include/swarm_control/swarm_control/msg/mother_state.h
-- Installing: /home/azidozide/px4_sitl_ws/install/swarm_control/include/swarm_control/swarm_control/msg/rosidl_generator_c__visibility_control.h
-- Installing: /home/azidozide/px4_sitl_ws/install/swarm_control/share/swarm_control/environment/library_path.sh
-- Installing: /home/azidozide/px4_sitl_ws/install/swarm_control/share/swarm_control/environment/library_path.dsv
-- Installing: /home/azidozide/px4_sitl_ws/install/swarm_control/lib/libswarm_control__rosidl_generator_c.so
-- Set runtime path of "/home/azidozide/px4_sitl_ws/install/swarm_control/lib/libswarm_control__rosidl_generator_c.so" to ""
-- Up-to-date: /home/azidozide/px4_sitl_ws/install/swarm_control/include/swarm_control/swarm_control
-- Up-to-date: /home/azidozide/px4_sitl_ws/install/swarm_control/include/swarm_control/swarm_control/msg
-- Up-to-date: /home/azidozide/px4_sitl_ws/install/swarm_control/include/swarm_control/swarm_control/msg/detail
-- Installing: /home/azidozide/px4_sitl_ws/install/swarm_control/include/swarm_control/swarm_control/msg/detail/mother_state__rosidl_typesupport_fastrtps_c.h
-- Installing: /home/azidozide/px4_sitl_ws/install/swarm_control/include/swarm_control/swarm_control/msg/rosidl_typesupport_fastrtps_c__visibility_control.h
-- Installing: /home/azidozide/px4_sitl_ws/install/swarm_control/lib/libswarm_control__rosidl_typesupport_fastrtps_c.so
-- Set runtime path of "/home/azidozide/px4_sitl_ws/install/swarm_control/lib/libswarm_control__rosidl_typesupport_fastrtps_c.so" to ""
-- Up-to-date: /home/azidozide/px4_sitl_ws/install/swarm_control/include/swarm_control/swarm_control
-- Up-to-date: /home/azidozide/px4_sitl_ws/install/swarm_control/include/swarm_control/swarm_control/msg
-- Up-to-date: /home/azidozide/px4_sitl_ws/install/swarm_control/include/swarm_control/swarm_control/msg/detail
-- Installing: /home/azidozide/px4_sitl_ws/install/swarm_control/include/swarm_control/swarm_control/msg/detail/mother_state__type_support.c
-- Installing: /home/azidozide/px4_sitl_ws/install/swarm_control/include/swarm_control/swarm_control/msg/detail/mother_state__rosidl_typesupport_introspection_c.h
-- Installing: /home/azidozide/px4_sitl_ws/install/swarm_control/include/swarm_control/swarm_control/msg/rosidl_typesupport_introspection_c__visibility_control.h
-- Installing: /home/azidozide/px4_sitl_ws/install/swarm_control/lib/libswarm_control__rosidl_typesupport_introspection_c.so
-- Set runtime path of "/home/azidozide/px4_sitl_ws/install/swarm_control/lib/libswarm_control__rosidl_typesupport_introspection_c.so" to ""
-- Installing: /home/azidozide/px4_sitl_ws/install/swarm_control/lib/libswarm_control__rosidl_typesupport_c.so
-- Set runtime path of "/home/azidozide/px4_sitl_ws/install/swarm_control/lib/libswarm_control__rosidl_typesupport_c.so" to ""
-- Up-to-date: /home/azidozide/px4_sitl_ws/install/swarm_control/include/swarm_control/swarm_control
-- Up-to-date: /home/azidozide/px4_sitl_ws/install/swarm_control/include/swarm_control/swarm_control/msg
-- Up-to-date: /home/azidozide/px4_sitl_ws/install/swarm_control/include/swarm_control/swarm_control/msg/detail
-- Installing: /home/azidozide/px4_sitl_ws/install/swarm_control/include/swarm_control/swarm_control/msg/detail/mother_state__builder.hpp
-- Installing: /home/azidozide/px4_sitl_ws/install/swarm_control/include/swarm_control/swarm_control/msg/detail/mother_state__traits.hpp
-- Installing: /home/azidozide/px4_sitl_ws/install/swarm_control/include/swarm_control/swarm_control/msg/detail/mother_state__struct.hpp
-- Installing: /home/azidozide/px4_sitl_ws/install/swarm_control/include/swarm_control/swarm_control/msg/detail/mother_state__type_support.hpp
-- Installing: /home/azidozide/px4_sitl_ws/install/swarm_control/include/swarm_control/swarm_control/msg/mother_state.hpp
-- Installing: /home/azidozide/px4_sitl_ws/install/swarm_control/include/swarm_control/swarm_control/msg/rosidl_generator_cpp__visibility_control.hpp
-- Up-to-date: /home/azidozide/px4_sitl_ws/install/swarm_control/include/swarm_control/swarm_control
-- Up-to-date: /home/azidozide/px4_sitl_ws/install/swarm_control/include/swarm_control/swarm_control/msg
-- Up-to-date: /home/azidozide/px4_sitl_ws/install/swarm_control/include/swarm_control/swarm_control/msg/detail
-- Installing: /home/azidozide/px4_sitl_ws/install/swarm_control/include/swarm_control/swarm_control/msg/detail/mother_state__rosidl_typesupport_fastrtps_cpp.hpp
-- Installing: /home/azidozide/px4_sitl_ws/install/swarm_control/include/swarm_control/swarm_control/msg/detail/dds_fastrtps
-- Installing: /home/azidozide/px4_sitl_ws/install/swarm_control/include/swarm_control/swarm_control/msg/rosidl_typesupport_fastrtps_cpp__visibility_control.h
-- Installing: /home/azidozide/px4_sitl_ws/install/swarm_control/lib/libswarm_control__rosidl_typesupport_fastrtps_cpp.so
-- Set runtime path of "/home/azidozide/px4_sitl_ws/install/swarm_control/lib/libswarm_control__rosidl_typesupport_fastrtps_cpp.so" to ""
-- Up-to-date: /home/azidozide/px4_sitl_ws/install/swarm_control/include/swarm_control/swarm_control
-- Up-to-date: /home/azidozide/px4_sitl_ws/install/swarm_control/include/swarm_control/swarm_control/msg
-- Up-to-date: /home/azidozide/px4_sitl_ws/install/swarm_control/include/swarm_control/swarm_control/msg/detail
-- Installing: /home/azidozide/px4_sitl_ws/install/swarm_control/include/swarm_control/swarm_control/msg/detail/mother_state__type_support.cpp
-- Installing: /home/azidozide/px4_sitl_ws/install/swarm_control/include/swarm_control/swarm_control/msg/detail/mother_state__rosidl_typesupport_introspection_cpp.hpp
-- Installing: /home/azidozide/px4_sitl_ws/install/swarm_control/lib/libswarm_control__rosidl_typesupport_introspection_cpp.so
-- Set runtime path of "/home/azidozide/px4_sitl_ws/install/swarm_control/lib/libswarm_control__rosidl_typesupport_introspection_cpp.so" to ""
-- Installing: /home/azidozide/px4_sitl_ws/install/swarm_control/lib/libswarm_control__rosidl_typesupport_cpp.so
-- Set runtime path of "/home/azidozide/px4_sitl_ws/install/swarm_control/lib/libswarm_control__rosidl_typesupport_cpp.so" to ""
-- Installing: /home/azidozide/px4_sitl_ws/install/swarm_control/share/swarm_control/environment/pythonpath.sh
-- Installing: /home/azidozide/px4_sitl_ws/install/swarm_control/share/swarm_control/environment/pythonpath.dsv
-- Installing: /home/azidozide/px4_sitl_ws/install/swarm_control/local/lib/python3.10/dist-packages/swarm_control-0.0.0-py3.10.egg-info
-- Installing: /home/azidozide/px4_sitl_ws/install/swarm_control/local/lib/python3.10/dist-packages/swarm_control-0.0.0-py3.10.egg-info/PKG-INFO
-- Installing: /home/azidozide/px4_sitl_ws/install/swarm_control/local/lib/python3.10/dist-packages/swarm_control-0.0.0-py3.10.egg-info/top_level.txt
-- Installing: /home/azidozide/px4_sitl_ws/install/swarm_control/local/lib/python3.10/dist-packages/swarm_control-0.0.0-py3.10.egg-info/dependency_links.txt
-- Installing: /home/azidozide/px4_sitl_ws/install/swarm_control/local/lib/python3.10/dist-packages/swarm_control-0.0.0-py3.10.egg-info/SOURCES.txt
-- Installing: /home/azidozide/px4_sitl_ws/install/swarm_control/local/lib/python3.10/dist-packages/swarm_control
-- Installing: /home/azidozide/px4_sitl_ws/install/swarm_control/local/lib/python3.10/dist-packages/swarm_control/swarm_control_s__rosidl_typesupport_c.cpython-310-x86_64-linux-gnu.so
-- Installing: /home/azidozide/px4_sitl_ws/install/swarm_control/local/lib/python3.10/dist-packages/swarm_control/msg
-- Installing: /home/azidozide/px4_sitl_ws/install/swarm_control/local/lib/python3.10/dist-packages/swarm_control/msg/_mother_state.py
-- Installing: /home/azidozide/px4_sitl_ws/install/swarm_control/local/lib/python3.10/dist-packages/swarm_control/msg/_mother_state_s.c
-- Installing: /home/azidozide/px4_sitl_ws/install/swarm_control/local/lib/python3.10/dist-packages/swarm_control/msg/__init__.py
-- Installing: /home/azidozide/px4_sitl_ws/install/swarm_control/local/lib/python3.10/dist-packages/swarm_control/_swarm_control_s.ep.rosidl_typesupport_fastrtps_c.c
-- Installing: /home/azidozide/px4_sitl_ws/install/swarm_control/local/lib/python3.10/dist-packages/swarm_control/_swarm_control_s.ep.rosidl_typesupport_c.c
-- Installing: /home/azidozide/px4_sitl_ws/install/swarm_control/local/lib/python3.10/dist-packages/swarm_control/swarm_control_s__rosidl_typesupport_introspection_c.cpython-310-x86_64-linux-gnu.so
-- Installing: /home/azidozide/px4_sitl_ws/install/swarm_control/local/lib/python3.10/dist-packages/swarm_control/__init__.py
-- Installing: /home/azidozide/px4_sitl_ws/install/swarm_control/local/lib/python3.10/dist-packages/swarm_control/swarm_control_s__rosidl_typesupport_fastrtps_c.cpython-310-x86_64-linux-gnu.so
-- Installing: /home/azidozide/px4_sitl_ws/install/swarm_control/local/lib/python3.10/dist-packages/swarm_control/libswarm_control__rosidl_generator_py.so
-- Installing: /home/azidozide/px4_sitl_ws/install/swarm_control/local/lib/python3.10/dist-packages/swarm_control/_swarm_control_s.ep.rosidl_typesupport_introspection_c.c
Listing '/home/azidozide/px4_sitl_ws/install/swarm_control/local/lib/python3.10/dist-packages/swarm_control'...
Compiling '/home/azidozide/px4_sitl_ws/install/swarm_control/local/lib/python3.10/dist-packages/swarm_control/__init__.py'...
Listing '/home/azidozide/px4_sitl_ws/install/swarm_control/local/lib/python3.10/dist-packages/swarm_control/msg'...
Compiling '/home/azidozide/px4_sitl_ws/install/swarm_control/local/lib/python3.10/dist-packages/swarm_control/msg/__init__.py'...
Compiling '/home/azidozide/px4_sitl_ws/install/swarm_control/local/lib/python3.10/dist-packages/swarm_control/msg/_mother_state.py'...
-- Installing: /home/azidozide/px4_sitl_ws/install/swarm_control/local/lib/python3.10/dist-packages/swarm_control/swarm_control_s__rosidl_typesupport_fastrtps_c.cpython-310-x86_64-linux-gnu.so
-- Set runtime path of "/home/azidozide/px4_sitl_ws/install/swarm_control/local/lib/python3.10/dist-packages/swarm_control/swarm_control_s__rosidl_typesupport_fastrtps_c.cpython-310-x86_64-linux-gnu.so" to ""
-- Installing: /home/azidozide/px4_sitl_ws/install/swarm_control/local/lib/python3.10/dist-packages/swarm_control/swarm_control_s__rosidl_typesupport_introspection_c.cpython-310-x86_64-linux-gnu.so
-- Set runtime path of "/home/azidozide/px4_sitl_ws/install/swarm_control/local/lib/python3.10/dist-packages/swarm_control/swarm_control_s__rosidl_typesupport_introspection_c.cpython-310-x86_64-linux-gnu.so" to ""
-- Installing: /home/azidozide/px4_sitl_ws/install/swarm_control/local/lib/python3.10/dist-packages/swarm_control/swarm_control_s__rosidl_typesupport_c.cpython-310-x86_64-linux-gnu.so
-- Set runtime path of "/home/azidozide/px4_sitl_ws/install/swarm_control/local/lib/python3.10/dist-packages/swarm_control/swarm_control_s__rosidl_typesupport_c.cpython-310-x86_64-linux-gnu.so" to ""
-- Installing: /home/azidozide/px4_sitl_ws/install/swarm_control/lib/libswarm_control__rosidl_generator_py.so
-- Set runtime path of "/home/azidozide/px4_sitl_ws/install/swarm_control/lib/libswarm_control__rosidl_generator_py.so" to ""
-- Installing: /home/azidozide/px4_sitl_ws/install/swarm_control/share/swarm_control/msg/MotherState.idl
-- Installing: /home/azidozide/px4_sitl_ws/install/swarm_control/share/swarm_control/msg/MotherState.msg
-- Installing: /home/azidozide/px4_sitl_ws/install/swarm_control/share/ament_index/resource_index/package_run_dependencies/swarm_control
-- Installing: /home/azidozide/px4_sitl_ws/install/swarm_control/share/ament_index/resource_index/parent_prefix_path/swarm_control
-- Installing: /home/azidozide/px4_sitl_ws/install/swarm_control/share/swarm_control/environment/ament_prefix_path.sh
-- Installing: /home/azidozide/px4_sitl_ws/install/swarm_control/share/swarm_control/environment/ament_prefix_path.dsv
-- Installing: /home/azidozide/px4_sitl_ws/install/swarm_control/share/swarm_control/environment/path.sh
-- Installing: /home/azidozide/px4_sitl_ws/install/swarm_control/share/swarm_control/environment/path.dsv
-- Installing: /home/azidozide/px4_sitl_ws/install/swarm_control/share/swarm_control/local_setup.bash
-- Installing: /home/azidozide/px4_sitl_ws/install/swarm_control/share/swarm_control/local_setup.sh
-- Installing: /home/azidozide/px4_sitl_ws/install/swarm_control/share/swarm_control/local_setup.zsh
-- Installing: /home/azidozide/px4_sitl_ws/install/swarm_control/share/swarm_control/local_setup.dsv
-- Installing: /home/azidozide/px4_sitl_ws/install/swarm_control/share/swarm_control/package.dsv
-- Installing: /home/azidozide/px4_sitl_ws/install/swarm_control/share/ament_index/resource_index/packages/swarm_control
-- Installing: /home/azidozide/px4_sitl_ws/install/swarm_control/share/swarm_control/cmake/export_swarm_control__rosidl_generator_cExport.cmake
-- Installing: /home/azidozide/px4_sitl_ws/install/swarm_control/share/swarm_control/cmake/export_swarm_control__rosidl_generator_cExport-noconfig.cmake
-- Installing: /home/azidozide/px4_sitl_ws/install/swarm_control/share/swarm_control/cmake/export_swarm_control__rosidl_typesupport_fastrtps_cExport.cmake
-- Installing: /home/azidozide/px4_sitl_ws/install/swarm_control/share/swarm_control/cmake/export_swarm_control__rosidl_typesupport_fastrtps_cExport-noconfig.cmake
-- Installing: /home/azidozide/px4_sitl_ws/install/swarm_control/share/swarm_control/cmake/swarm_control__rosidl_typesupport_introspection_cExport.cmake
-- Installing: /home/azidozide/px4_sitl_ws/install/swarm_control/share/swarm_control/cmake/swarm_control__rosidl_typesupport_introspection_cExport-noconfig.cmake
-- Installing: /home/azidozide/px4_sitl_ws/install/swarm_control/share/swarm_control/cmake/swarm_control__rosidl_typesupport_cExport.cmake
-- Installing: /home/azidozide/px4_sitl_ws/install/swarm_control/share/swarm_control/cmake/swarm_control__rosidl_typesupport_cExport-noconfig.cmake
-- Installing: /home/azidozide/px4_sitl_ws/install/swarm_control/share/swarm_control/cmake/export_swarm_control__rosidl_generator_cppExport.cmake
-- Installing: /home/azidozide/px4_sitl_ws/install/swarm_control/share/swarm_control/cmake/export_swarm_control__rosidl_typesupport_fastrtps_cppExport.cmake
-- Installing: /home/azidozide/px4_sitl_ws/install/swarm_control/share/swarm_control/cmake/export_swarm_control__rosidl_typesupport_fastrtps_cppExport-noconfig.cmake
-- Installing: /home/azidozide/px4_sitl_ws/install/swarm_control/share/swarm_control/cmake/swarm_control__rosidl_typesupport_introspection_cppExport.cmake
-- Installing: /home/azidozide/px4_sitl_ws/install/swarm_control/share/swarm_control/cmake/swarm_control__rosidl_typesupport_introspection_cppExport-noconfig.cmake
-- Installing: /home/azidozide/px4_sitl_ws/install/swarm_control/share/swarm_control/cmake/swarm_control__rosidl_typesupport_cppExport.cmake
-- Installing: /home/azidozide/px4_sitl_ws/install/swarm_control/share/swarm_control/cmake/swarm_control__rosidl_typesupport_cppExport-noconfig.cmake
-- Installing: /home/azidozide/px4_sitl_ws/install/swarm_control/share/swarm_control/cmake/export_swarm_control__rosidl_generator_pyExport.cmake
-- Installing: /home/azidozide/px4_sitl_ws/install/swarm_control/share/swarm_control/cmake/export_swarm_control__rosidl_generator_pyExport-noconfig.cmake
-- Installing: /home/azidozide/px4_sitl_ws/install/swarm_control/share/swarm_control/cmake/rosidl_cmake-extras.cmake
-- Installing: /home/azidozide/px4_sitl_ws/install/swarm_control/share/swarm_control/cmake/ament_cmake_export_include_directories-extras.cmake
-- Installing: /home/azidozide/px4_sitl_ws/install/swarm_control/share/swarm_control/cmake/ament_cmake_export_libraries-extras.cmake
-- Installing: /home/azidozide/px4_sitl_ws/install/swarm_control/share/swarm_control/cmake/ament_cmake_export_targets-extras.cmake
-- Installing: /home/azidozide/px4_sitl_ws/install/swarm_control/share/swarm_control/cmake/rosidl_cmake_export_typesupport_targets-extras.cmake
-- Installing: /home/azidozide/px4_sitl_ws/install/swarm_control/share/swarm_control/cmake/ament_cmake_export_dependencies-extras.cmake
-- Installing: /home/azidozide/px4_sitl_ws/install/swarm_control/share/swarm_control/cmake/rosidl_cmake_export_typesupport_libraries-extras.cmake
-- Installing: /home/azidozide/px4_sitl_ws/install/swarm_control/share/swarm_control/cmake/swarm_controlConfig.cmake
-- Installing: /home/azidozide/px4_sitl_ws/install/swarm_control/share/swarm_control/cmake/swarm_controlConfig-version.cmake
-- Installing: /home/azidozide/px4_sitl_ws/install/swarm_control/share/swarm_control/package.xml
