-- Found ament_cmake: 1.3.12 (/opt/ros/humble/share/ament_cmake/cmake)
-- Found rclcpp: 16.0.16 (/opt/ros/humble/share/rclcpp/cmake)
-- Found rosidl_generator_c: 3.1.7 (/opt/ros/humble/share/rosidl_generator_c/cmake)
-- Found rosidl_adapter: 3.1.7 (/opt/ros/humble/share/rosidl_adapter/cmake)
-- Found rosidl_generator_cpp: 3.1.7 (/opt/ros/humble/share/rosidl_generator_cpp/cmake)
-- Using all available rosidl_typesupport_c: rosidl_typesupport_fastrtps_c;rosidl_typesupport_introspection_c
-- Using all available rosidl_typesupport_cpp: rosidl_typesupport_fastrtps_cpp;rosidl_typesupport_introspection_cpp
-- Found rmw_implementation_cmake: 6.1.2 (/opt/ros/humble/share/rmw_implementation_cmake/cmake)
-- Found rmw_fastrtps_cpp: 6.2.9 (/opt/ros/humble/share/rmw_fastrtps_cpp/cmake)
-- Using RMW implementation 'rmw_fastrtps_cpp' as default
-- Found px4_msgs: 2.0.1 (/home/azidozide/px4_sitl_ws/src/install/px4_msgs/share/px4_msgs/cmake)
-- Found swarm_control: 0.0.0 (/home/azidozide/px4_sitl_ws/src/install/swarm_control/share/swarm_control/cmake)
-- Found ament_lint_auto: 0.12.14 (/opt/ros/humble/share/ament_lint_auto/cmake)
-- Added test 'cppcheck' to perform static code analysis on C / C++ code
-- Configured cppcheck include dirs: 
-- Configured cppcheck exclude dirs and/or files: 
-- Added test 'lint_cmake' to check CMake code style
-- Added test 'uncrustify' to check C / C++ code style
-- Configured uncrustify additional arguments: 
-- Added test 'xmllint' to check XML markup files
-- Configuring done
-- Generating done
-- Build files have been written to: /home/azidozide/px4_sitl_ws/src/build/object_tracking_cpp
[35m[1mConsolidate compiler generated dependencies of target follower_1[0m
[35m[1mConsolidate compiler generated dependencies of target mothernode[0m
[ 12%] [32mBuilding CXX object CMakeFiles/follower_2.dir/src/follower2.cpp.o[0m
[ 25%] [32mBuilding CXX object CMakeFiles/follower_3.dir/src/follower3.cpp.o[0m
[ 50%] Built target mothernode
[ 75%] Built target follower_1
[01m[K/home/azidozide/px4_sitl_ws/src/object_tracking_cpp/src/follower2.cpp:[m[K In constructor ‘[01m[KOffboard::Offboard()[m[K’:
[01m[K/home/azidozide/px4_sitl_ws/src/object_tracking_cpp/src/follower2.cpp:539:47:[m[K [01;35m[Kwarning: [m[K‘[01m[KOffboard::vehicle_odometry_[m[K’ will be initialized after [[01;35m[K-Wreorder[m[K]
  539 |     px4_msgs::msg::VehicleOdometry::SharedPtr [01;35m[Kvehicle_odometry_[m[K;
      |                                               [01;35m[K^~~~~~~~~~~~~~~~~[m[K
[01m[K/home/azidozide/px4_sitl_ws/src/object_tracking_cpp/src/follower2.cpp:524:11:[m[K [01;35m[Kwarning: [m[K  ‘[01m[Kfloat Offboard::takeoff_height_[m[K’ [[01;35m[K-Wreorder[m[K]
  524 |     float [01;35m[Ktakeoff_height_[m[K;
      |           [01;35m[K^~~~~~~~~~~~~~~[m[K
[01m[K/home/azidozide/px4_sitl_ws/src/object_tracking_cpp/src/follower2.cpp:47:5:[m[K [01;35m[Kwarning: [m[K  when initialized here [[01;35m[K-Wreorder[m[K]
   47 |     [01;35m[KOffboard[m[K()
      |     [01;35m[K^~~~~~~~[m[K
[ 87%] [32m[1mLinking CXX executable follower_2[0m
[01m[K/home/azidozide/px4_sitl_ws/src/object_tracking_cpp/src/follower3.cpp:[m[K In constructor ‘[01m[KOffboard::Offboard()[m[K’:
[01m[K/home/azidozide/px4_sitl_ws/src/object_tracking_cpp/src/follower3.cpp:539:47:[m[K [01;35m[Kwarning: [m[K‘[01m[KOffboard::vehicle_odometry_[m[K’ will be initialized after [[01;35m[K-Wreorder[m[K]
  539 |     px4_msgs::msg::VehicleOdometry::SharedPtr [01;35m[Kvehicle_odometry_[m[K;
      |                                               [01;35m[K^~~~~~~~~~~~~~~~~[m[K
[01m[K/home/azidozide/px4_sitl_ws/src/object_tracking_cpp/src/follower3.cpp:524:11:[m[K [01;35m[Kwarning: [m[K  ‘[01m[Kfloat Offboard::takeoff_height_[m[K’ [[01;35m[K-Wreorder[m[K]
  524 |     float [01;35m[Ktakeoff_height_[m[K;
      |           [01;35m[K^~~~~~~~~~~~~~~[m[K
[01m[K/home/azidozide/px4_sitl_ws/src/object_tracking_cpp/src/follower3.cpp:47:5:[m[K [01;35m[Kwarning: [m[K  when initialized here [[01;35m[K-Wreorder[m[K]
   47 |     [01;35m[KOffboard[m[K()
      |     [01;35m[K^~~~~~~~[m[K
[100%] [32m[1mLinking CXX executable follower_3[0m
[100%] Built target follower_2
[100%] Built target follower_3
-- Install configuration: ""
-- Up-to-date: /home/azidozide/px4_sitl_ws/src/install/object_tracking_cpp/lib/object_tracking_cpp/mothernode
-- Up-to-date: /home/azidozide/px4_sitl_ws/src/install/object_tracking_cpp/lib/object_tracking_cpp/follower_1
-- Installing: /home/azidozide/px4_sitl_ws/src/install/object_tracking_cpp/lib/object_tracking_cpp/follower_2
-- Set runtime path of "/home/azidozide/px4_sitl_ws/src/install/object_tracking_cpp/lib/object_tracking_cpp/follower_2" to ""
-- Installing: /home/azidozide/px4_sitl_ws/src/install/object_tracking_cpp/lib/object_tracking_cpp/follower_3
-- Set runtime path of "/home/azidozide/px4_sitl_ws/src/install/object_tracking_cpp/lib/object_tracking_cpp/follower_3" to ""
-- Up-to-date: /home/azidozide/px4_sitl_ws/src/install/object_tracking_cpp/share/ament_index/resource_index/package_run_dependencies/object_tracking_cpp
-- Up-to-date: /home/azidozide/px4_sitl_ws/src/install/object_tracking_cpp/share/ament_index/resource_index/parent_prefix_path/object_tracking_cpp
-- Up-to-date: /home/azidozide/px4_sitl_ws/src/install/object_tracking_cpp/share/object_tracking_cpp/environment/ament_prefix_path.sh
-- Installing: /home/azidozide/px4_sitl_ws/src/install/object_tracking_cpp/share/object_tracking_cpp/environment/ament_prefix_path.dsv
-- Up-to-date: /home/azidozide/px4_sitl_ws/src/install/object_tracking_cpp/share/object_tracking_cpp/environment/path.sh
-- Installing: /home/azidozide/px4_sitl_ws/src/install/object_tracking_cpp/share/object_tracking_cpp/environment/path.dsv
-- Up-to-date: /home/azidozide/px4_sitl_ws/src/install/object_tracking_cpp/share/object_tracking_cpp/local_setup.bash
-- Up-to-date: /home/azidozide/px4_sitl_ws/src/install/object_tracking_cpp/share/object_tracking_cpp/local_setup.sh
-- Up-to-date: /home/azidozide/px4_sitl_ws/src/install/object_tracking_cpp/share/object_tracking_cpp/local_setup.zsh
-- Installing: /home/azidozide/px4_sitl_ws/src/install/object_tracking_cpp/share/object_tracking_cpp/local_setup.dsv
-- Installing: /home/azidozide/px4_sitl_ws/src/install/object_tracking_cpp/share/object_tracking_cpp/package.dsv
-- Up-to-date: /home/azidozide/px4_sitl_ws/src/install/object_tracking_cpp/share/ament_index/resource_index/packages/object_tracking_cpp
-- Up-to-date: /home/azidozide/px4_sitl_ws/src/install/object_tracking_cpp/share/object_tracking_cpp/cmake/object_tracking_cppConfig.cmake
-- Up-to-date: /home/azidozide/px4_sitl_ws/src/install/object_tracking_cpp/share/object_tracking_cpp/cmake/object_tracking_cppConfig-version.cmake
-- Up-to-date: /home/azidozide/px4_sitl_ws/src/install/object_tracking_cpp/share/object_tracking_cpp/package.xml
