-- Found ament_cmake: 1.3.12 (/opt/ros/humble/share/ament_cmake/cmake)
-- Found rclcpp: 16.0.16 (/opt/ros/humble/share/rclcpp/cmake)
-- Found rosidl_generator_c: 3.1.7 (/opt/ros/humble/share/rosidl_generator_c/cmake)
-- Found rosidl_adapter: 3.1.7 (/opt/ros/humble/share/rosidl_adapter/cmake)
-- Found rosidl_generator_cpp: 3.1.7 (/opt/ros/humble/share/rosidl_generator_cpp/cmake)
-- Using all available rosidl_typesupport_c: rosidl_typesupport_fastrtps_c;rosidl_typesupport_introspection_c
-- Using all available rosidl_typesupport_cpp: rosidl_typesupport_fastrtps_cpp;rosidl_typesupport_introspection_cpp
-- Found rmw_implementation_cmake: 6.1.2 (/opt/ros/humble/share/rmw_implementation_cmake/cmake)
-- Found rmw_fastrtps_cpp: 6.2.9 (/opt/ros/humble/share/rmw_fastrtps_cpp/cmake)
-- Using RMW implementation 'rmw_fastrtps_cpp' as default
-- Found cv_bridge: 3.2.1 (/opt/ros/humble/share/cv_bridge/cmake)
-- Found px4_msgs: 2.0.1 (/home/azidozide/px4_sitl_ws/install/px4_msgs/share/px4_msgs/cmake)
-- Found ament_lint_auto: 0.12.14 (/opt/ros/humble/share/ament_lint_auto/cmake)
-- Added test 'cppcheck' to perform static code analysis on C / C++ code
-- Configured cppcheck include dirs: /home/azidozide/px4_sitl_ws/src/mine_mapping/src
-- Configured cppcheck exclude dirs and/or files: 
-- Added test 'lint_cmake' to check CMake code style
-- Added test 'uncrustify' to check C / C++ code style
-- Configured uncrustify additional arguments: 
-- Added test 'xmllint' to check XML markup files
-- Configuring done
-- Generating done
-- Build files have been written to: /home/azidozide/px4_sitl_ws/build/mine_mapping
[35m[1mConsolidate compiler generated dependencies of target map_generator[0m
[ 25%] [32mBuilding CXX object CMakeFiles/map_generator.dir/src/map_generator.cpp.o[0m
In file included from [01m[K/home/azidozide/px4_sitl_ws/src/mine_mapping/src/map_generator.cpp:1[m[K:
[01m[K/home/azidozide/px4_sitl_ws/src/mine_mapping/src/map_generator.hpp:25:18:[m[K [01;31m[Kerror: [m[Kextra qualification ‘[01m[KMapGen::[m[K’ on member ‘[01m[Kpixel_to_world[m[K’ [[01;31m[K]8;;https://gcc.gnu.org/onlinedocs/gcc/Warning-Options.html#index-fpermissive-fpermissive]8;;[m[K]
   25 |     MineLocation [01;31m[KMapGen[m[K::pixel_to_world(double pixel_x, double pixel_y, const DronePose& drone_pose);
      |                  [01;31m[K^~~~~~[m[K
[01m[K/home/azidozide/px4_sitl_ws/src/mine_mapping/src/map_generator.cpp:40:6:[m[K [01;31m[Kerror: [m[Kno declaration matches ‘[01m[Kvoid MapGen::update_map(const cv::Mat&, const DronePose&)[m[K’
   40 | void [01;31m[KMapGen[m[K::update_map(const cv::Mat& frame, const DronePose& drone_pose) {
      |      [01;31m[K^~~~~~[m[K
In file included from [01m[K/home/azidozide/px4_sitl_ws/src/mine_mapping/src/map_generator.cpp:1[m[K:
[01m[K/home/azidozide/px4_sitl_ws/src/mine_mapping/src/map_generator.hpp:24:10:[m[K [01;36m[Knote: [m[Kcandidate is: ‘[01m[Kvoid MapGen::update_map(const cv::Mat&, DronePose&)[m[K’
   24 |     void [01;36m[Kupdate_map[m[K(const cv::Mat& frame, DronePose& drone_pose);
      |          [01;36m[K^~~~~~~~~~[m[K
[01m[K/home/azidozide/px4_sitl_ws/src/mine_mapping/src/map_generator.hpp:20:7:[m[K [01;36m[Knote: [m[K‘[01m[Kclass MapGen[m[K’ defined here
   20 | class [01;36m[KMapGen[m[K : public rclcpp::Node {  // ← Inherit from Node
      |       [01;36m[K^~~~~~[m[K
gmake[2]: *** [CMakeFiles/map_generator.dir/build.make:76: CMakeFiles/map_generator.dir/src/map_generator.cpp.o] Error 1
gmake[1]: *** [CMakeFiles/Makefile2:139: CMakeFiles/map_generator.dir/all] Error 2
gmake: *** [Makefile:146: all] Error 2
