[0.191s] Invoking command in '/home/azidozide/px4_sitl_ws/build/mine_mapping': CMAKE_PREFIX_PATH=/opt/ros/humble /usr/bin/cmake --build /home/azidozide/px4_sitl_ws/build/mine_mapping -- -j24 -l24
[0.372s] -- Found ament_cmake: 1.3.12 (/opt/ros/humble/share/ament_cmake/cmake)
[0.373s] -- Found rclcpp: 16.0.16 (/opt/ros/humble/share/rclcpp/cmake)
[0.373s] -- Found rosidl_generator_c: 3.1.7 (/opt/ros/humble/share/rosidl_generator_c/cmake)
[0.373s] -- Found rosidl_adapter: 3.1.7 (/opt/ros/humble/share/rosidl_adapter/cmake)
[0.373s] -- Found rosidl_generator_cpp: 3.1.7 (/opt/ros/humble/share/rosidl_generator_cpp/cmake)
[0.373s] -- Using all available rosidl_typesupport_c: rosidl_typesupport_fastrtps_c;rosidl_typesupport_introspection_c
[0.373s] -- Using all available rosidl_typesupport_cpp: rosidl_typesupport_fastrtps_cpp;rosidl_typesupport_introspection_cpp
[0.392s] -- Found rmw_implementation_cmake: 6.1.2 (/opt/ros/humble/share/rmw_implementation_cmake/cmake)
[0.394s] -- Found rmw_fastrtps_cpp: 6.2.9 (/opt/ros/humble/share/rmw_fastrtps_cpp/cmake)
[0.483s] -- Using RMW implementation 'rmw_fastrtps_cpp' as default
[0.526s] -- Found cv_bridge: 3.2.1 (/opt/ros/humble/share/cv_bridge/cmake)
[0.559s] -- Found px4_msgs: 2.0.1 (/home/azidozide/px4_sitl_ws/install/px4_msgs/share/px4_msgs/cmake)
[0.574s] -- Found ament_lint_auto: 0.12.14 (/opt/ros/humble/share/ament_lint_auto/cmake)
[0.629s] -- Added test 'cppcheck' to perform static code analysis on C / C++ code
[0.629s] -- Configured cppcheck include dirs: /home/azidozide/px4_sitl_ws/src/mine_mapping/src
[0.629s] -- Configured cppcheck exclude dirs and/or files: 
[0.629s] -- Added test 'lint_cmake' to check CMake code style
[0.630s] -- Added test 'uncrustify' to check C / C++ code style
[0.630s] -- Configured uncrustify additional arguments: 
[0.630s] -- Added test 'xmllint' to check XML markup files
[0.631s] -- Configuring done
[0.645s] -- Generating done
[0.649s] -- Build files have been written to: /home/azidozide/px4_sitl_ws/build/mine_mapping
[0.669s] [35m[1mConsolidate compiler generated dependencies of target map_generator[0m
[0.682s] [ 25%] [32mBuilding CXX object CMakeFiles/map_generator.dir/src/map_generator.cpp.o[0m
[2.687s] In file included from [01m[K/home/azidozide/px4_sitl_ws/src/mine_mapping/src/map_generator.cpp:1[m[K:
[2.687s] [01m[K/home/azidozide/px4_sitl_ws/src/mine_mapping/src/map_generator.hpp:25:18:[m[K [01;31m[Kerror: [m[Kextra qualification ‘[01m[KMapGen::[m[K’ on member ‘[01m[Kpixel_to_world[m[K’ [[01;31m[K]8;;https://gcc.gnu.org/onlinedocs/gcc/Warning-Options.html#index-fpermissive-fpermissive]8;;[m[K]
[2.687s]    25 |     MineLocation [01;31m[KMapGen[m[K::pixel_to_world(double pixel_x, double pixel_y, const DronePose& drone_pose);
[2.687s]       |                  [01;31m[K^~~~~~[m[K
[2.702s] [01m[K/home/azidozide/px4_sitl_ws/src/mine_mapping/src/map_generator.cpp:40:6:[m[K [01;31m[Kerror: [m[Kno declaration matches ‘[01m[Kvoid MapGen::update_map(const cv::Mat&, const DronePose&)[m[K’
[2.702s]    40 | void [01;31m[KMapGen[m[K::update_map(const cv::Mat& frame, const DronePose& drone_pose) {
[2.702s]       |      [01;31m[K^~~~~~[m[K
[2.702s] In file included from [01m[K/home/azidozide/px4_sitl_ws/src/mine_mapping/src/map_generator.cpp:1[m[K:
[2.702s] [01m[K/home/azidozide/px4_sitl_ws/src/mine_mapping/src/map_generator.hpp:24:10:[m[K [01;36m[Knote: [m[Kcandidate is: ‘[01m[Kvoid MapGen::update_map(const cv::Mat&, DronePose&)[m[K’
[2.702s]    24 |     void [01;36m[Kupdate_map[m[K(const cv::Mat& frame, DronePose& drone_pose);
[2.702s]       |          [01;36m[K^~~~~~~~~~[m[K
[2.702s] [01m[K/home/azidozide/px4_sitl_ws/src/mine_mapping/src/map_generator.hpp:20:7:[m[K [01;36m[Knote: [m[K‘[01m[Kclass MapGen[m[K’ defined here
[2.702s]    20 | class [01;36m[KMapGen[m[K : public rclcpp::Node {  // ← Inherit from Node
[2.702s]       |       [01;36m[K^~~~~~[m[K
[3.503s] gmake[2]: *** [CMakeFiles/map_generator.dir/build.make:76: CMakeFiles/map_generator.dir/src/map_generator.cpp.o] Error 1
[3.503s] gmake[1]: *** [CMakeFiles/Makefile2:139: CMakeFiles/map_generator.dir/all] Error 2
[3.503s] gmake: *** [Makefile:146: all] Error 2
[3.505s] Invoked command in '/home/azidozide/px4_sitl_ws/build/mine_mapping' returned '2': CMAKE_PREFIX_PATH=/opt/ros/humble /usr/bin/cmake --build /home/azidozide/px4_sitl_ws/build/mine_mapping -- -j24 -l24
