[0.072s] DEBUG:colcon:Command line arguments: ['/usr/bin/colcon', 'build', '--packages-select', 'swarm_control', '--cmake-clean-cache']
[0.072s] DEBUG:colcon:Parsed command line arguments: Namespace(log_base=None, log_level=None, verb_name='build', build_base='build', install_base='install', merge_install=False, symlink_install=False, test_result_base=None, continue_on_error=False, executor='parallel', parallel_workers=24, event_handlers=None, ignore_user_meta=False, metas=['./colcon.meta'], base_paths=['.'], packages_ignore=None, packages_ignore_regex=None, paths=None, packages_up_to=None, packages_up_to_regex=None, packages_above=None, packages_above_and_dependencies=None, packages_above_depth=None, packages_select_by_dep=None, packages_skip_by_dep=None, packages_skip_up_to=None, packages_select_build_failed=False, packages_skip_build_finished=False, packages_select_test_failures=False, packages_skip_test_passed=False, packages_select=['swarm_control'], packages_skip=None, packages_select_regex=None, packages_skip_regex=None, packages_start=None, packages_end=None, allow_overriding=[], cmake_args=None, cmake_target=None, cmake_target_skip_unavailable=False, cmake_clean_cache=True, cmake_clean_first=False, cmake_force_configure=False, ament_cmake_args=None, catkin_cmake_args=None, catkin_skip_building_tests=False, mixin_files=None, mixin=None, verb_parser=<colcon_mixin.mixin.mixin_argument.MixinArgumentDecorator object at 0x778de82ae830>, verb_extension=<colcon_core.verb.build.BuildVerb object at 0x778de83c3850>, main=<bound method BuildVerb.main of <colcon_core.verb.build.BuildVerb object at 0x778de83c3850>>, mixin_verb=('build',))
[0.207s] Level 1:colcon.colcon_core.package_discovery:discover_packages(colcon_meta) check parameters
[0.208s] Level 1:colcon.colcon_core.package_discovery:discover_packages(recursive) check parameters
[0.208s] Level 1:colcon.colcon_core.package_discovery:discover_packages(ignore) check parameters
[0.208s] Level 1:colcon.colcon_core.package_discovery:discover_packages(path) check parameters
[0.208s] Level 1:colcon.colcon_core.package_discovery:discover_packages(colcon_meta) discover
[0.208s] Level 1:colcon.colcon_core.package_discovery:discover_packages(recursive) discover
[0.208s] INFO:colcon.colcon_core.package_discovery:Crawling recursively for packages in '/home/azidozide/px4_sitl_ws'
[0.208s] Level 1:colcon.colcon_core.package_identification:_identify(.) by extensions ['ignore', 'ignore_ament_install']
[0.208s] Level 1:colcon.colcon_core.package_identification:_identify(.) by extension 'ignore'
[0.208s] Level 1:colcon.colcon_core.package_identification:_identify(.) by extension 'ignore_ament_install'
[0.208s] Level 1:colcon.colcon_core.package_identification:_identify(.) by extensions ['colcon_pkg']
[0.208s] Level 1:colcon.colcon_core.package_identification:_identify(.) by extension 'colcon_pkg'
[0.208s] Level 1:colcon.colcon_core.package_identification:_identify(.) by extensions ['colcon_meta']
[0.208s] Level 1:colcon.colcon_core.package_identification:_identify(.) by extension 'colcon_meta'
[0.208s] Level 1:colcon.colcon_core.package_identification:_identify(.) by extensions ['ros']
[0.208s] Level 1:colcon.colcon_core.package_identification:_identify(.) by extension 'ros'
[0.215s] Level 1:colcon.colcon_core.package_identification:_identify(.) by extensions ['cmake', 'python']
[0.215s] Level 1:colcon.colcon_core.package_identification:_identify(.) by extension 'cmake'
[0.215s] Level 1:colcon.colcon_core.package_identification:_identify(.) by extension 'python'
[0.216s] Level 1:colcon.colcon_core.package_identification:_identify(.) by extensions ['python_setup_py']
[0.216s] Level 1:colcon.colcon_core.package_identification:_identify(.) by extension 'python_setup_py'
[0.216s] Level 1:colcon.colcon_core.package_identification:_identify(build) by extensions ['ignore', 'ignore_ament_install']
[0.216s] Level 1:colcon.colcon_core.package_identification:_identify(build) by extension 'ignore'
[0.216s] Level 1:colcon.colcon_core.package_identification:_identify(build) ignored
[0.216s] Level 1:colcon.colcon_core.package_identification:_identify(install) by extensions ['ignore', 'ignore_ament_install']
[0.216s] Level 1:colcon.colcon_core.package_identification:_identify(install) by extension 'ignore'
[0.216s] Level 1:colcon.colcon_core.package_identification:_identify(install) ignored
[0.216s] Level 1:colcon.colcon_core.package_identification:_identify(log) by extensions ['ignore', 'ignore_ament_install']
[0.216s] Level 1:colcon.colcon_core.package_identification:_identify(log) by extension 'ignore'
[0.216s] Level 1:colcon.colcon_core.package_identification:_identify(log) ignored
[0.216s] Level 1:colcon.colcon_core.package_identification:_identify(src) by extensions ['ignore', 'ignore_ament_install']
[0.216s] Level 1:colcon.colcon_core.package_identification:_identify(src) by extension 'ignore'
[0.216s] Level 1:colcon.colcon_core.package_identification:_identify(src) by extension 'ignore_ament_install'
[0.216s] Level 1:colcon.colcon_core.package_identification:_identify(src) by extensions ['colcon_pkg']
[0.216s] Level 1:colcon.colcon_core.package_identification:_identify(src) by extension 'colcon_pkg'
[0.216s] Level 1:colcon.colcon_core.package_identification:_identify(src) by extensions ['colcon_meta']
[0.216s] Level 1:colcon.colcon_core.package_identification:_identify(src) by extension 'colcon_meta'
[0.216s] Level 1:colcon.colcon_core.package_identification:_identify(src) by extensions ['ros']
[0.216s] Level 1:colcon.colcon_core.package_identification:_identify(src) by extension 'ros'
[0.216s] Level 1:colcon.colcon_core.package_identification:_identify(src) by extensions ['cmake', 'python']
[0.216s] Level 1:colcon.colcon_core.package_identification:_identify(src) by extension 'cmake'
[0.216s] Level 1:colcon.colcon_core.package_identification:_identify(src) by extension 'python'
[0.216s] Level 1:colcon.colcon_core.package_identification:_identify(src) by extensions ['python_setup_py']
[0.216s] Level 1:colcon.colcon_core.package_identification:_identify(src) by extension 'python_setup_py'
[0.216s] Level 1:colcon.colcon_core.package_identification:_identify(src/build) by extensions ['ignore', 'ignore_ament_install']
[0.216s] Level 1:colcon.colcon_core.package_identification:_identify(src/build) by extension 'ignore'
[0.217s] Level 1:colcon.colcon_core.package_identification:_identify(src/build) ignored
[0.217s] Level 1:colcon.colcon_core.package_identification:_identify(src/install) by extensions ['ignore', 'ignore_ament_install']
[0.217s] Level 1:colcon.colcon_core.package_identification:_identify(src/install) by extension 'ignore'
[0.217s] Level 1:colcon.colcon_core.package_identification:_identify(src/install) ignored
[0.217s] Level 1:colcon.colcon_core.package_identification:_identify(src/log) by extensions ['ignore', 'ignore_ament_install']
[0.217s] Level 1:colcon.colcon_core.package_identification:_identify(src/log) by extension 'ignore'
[0.217s] Level 1:colcon.colcon_core.package_identification:_identify(src/log) ignored
[0.217s] Level 1:colcon.colcon_core.package_identification:_identify(src/mapping) by extensions ['ignore', 'ignore_ament_install']
[0.217s] Level 1:colcon.colcon_core.package_identification:_identify(src/mapping) by extension 'ignore'
[0.217s] Level 1:colcon.colcon_core.package_identification:_identify(src/mapping) by extension 'ignore_ament_install'
[0.217s] Level 1:colcon.colcon_core.package_identification:_identify(src/mapping) by extensions ['colcon_pkg']
[0.217s] Level 1:colcon.colcon_core.package_identification:_identify(src/mapping) by extension 'colcon_pkg'
[0.217s] Level 1:colcon.colcon_core.package_identification:_identify(src/mapping) by extensions ['colcon_meta']
[0.217s] Level 1:colcon.colcon_core.package_identification:_identify(src/mapping) by extension 'colcon_meta'
[0.217s] Level 1:colcon.colcon_core.package_identification:_identify(src/mapping) by extensions ['ros']
[0.217s] Level 1:colcon.colcon_core.package_identification:_identify(src/mapping) by extension 'ros'
[0.219s] DEBUG:colcon.colcon_core.package_identification:Package 'src/mapping' with type 'ros.ament_cmake' and name 'mapping'
[0.219s] Level 1:colcon.colcon_core.package_identification:_identify(src/mine_mapping) by extensions ['ignore', 'ignore_ament_install']
[0.219s] Level 1:colcon.colcon_core.package_identification:_identify(src/mine_mapping) by extension 'ignore'
[0.219s] Level 1:colcon.colcon_core.package_identification:_identify(src/mine_mapping) by extension 'ignore_ament_install'
[0.219s] Level 1:colcon.colcon_core.package_identification:_identify(src/mine_mapping) by extensions ['colcon_pkg']
[0.219s] Level 1:colcon.colcon_core.package_identification:_identify(src/mine_mapping) by extension 'colcon_pkg'
[0.219s] Level 1:colcon.colcon_core.package_identification:_identify(src/mine_mapping) by extensions ['colcon_meta']
[0.219s] Level 1:colcon.colcon_core.package_identification:_identify(src/mine_mapping) by extension 'colcon_meta'
[0.219s] Level 1:colcon.colcon_core.package_identification:_identify(src/mine_mapping) by extensions ['ros']
[0.219s] Level 1:colcon.colcon_core.package_identification:_identify(src/mine_mapping) by extension 'ros'
[0.219s] DEBUG:colcon.colcon_core.package_identification:Package 'src/mine_mapping' with type 'ros.ament_cmake' and name 'mine_mapping'
[0.220s] Level 1:colcon.colcon_core.package_identification:_identify(src/object_tracker) by extensions ['ignore', 'ignore_ament_install']
[0.220s] Level 1:colcon.colcon_core.package_identification:_identify(src/object_tracker) by extension 'ignore'
[0.220s] Level 1:colcon.colcon_core.package_identification:_identify(src/object_tracker) by extension 'ignore_ament_install'
[0.220s] Level 1:colcon.colcon_core.package_identification:_identify(src/object_tracker) by extensions ['colcon_pkg']
[0.220s] Level 1:colcon.colcon_core.package_identification:_identify(src/object_tracker) by extension 'colcon_pkg'
[0.220s] Level 1:colcon.colcon_core.package_identification:_identify(src/object_tracker) by extensions ['colcon_meta']
[0.220s] Level 1:colcon.colcon_core.package_identification:_identify(src/object_tracker) by extension 'colcon_meta'
[0.220s] Level 1:colcon.colcon_core.package_identification:_identify(src/object_tracker) by extensions ['ros']
[0.220s] Level 1:colcon.colcon_core.package_identification:_identify(src/object_tracker) by extension 'ros'
[0.220s] DEBUG:colcon.colcon_core.package_identification:Package 'src/object_tracker' with type 'ros.ament_python' and name 'object_tracker'
[0.220s] Level 1:colcon.colcon_core.package_identification:_identify(src/object_tracking_cpp) by extensions ['ignore', 'ignore_ament_install']
[0.220s] Level 1:colcon.colcon_core.package_identification:_identify(src/object_tracking_cpp) by extension 'ignore'
[0.220s] Level 1:colcon.colcon_core.package_identification:_identify(src/object_tracking_cpp) by extension 'ignore_ament_install'
[0.220s] Level 1:colcon.colcon_core.package_identification:_identify(src/object_tracking_cpp) by extensions ['colcon_pkg']
[0.220s] Level 1:colcon.colcon_core.package_identification:_identify(src/object_tracking_cpp) by extension 'colcon_pkg'
[0.220s] Level 1:colcon.colcon_core.package_identification:_identify(src/object_tracking_cpp) by extensions ['colcon_meta']
[0.220s] Level 1:colcon.colcon_core.package_identification:_identify(src/object_tracking_cpp) by extension 'colcon_meta'
[0.220s] Level 1:colcon.colcon_core.package_identification:_identify(src/object_tracking_cpp) by extensions ['ros']
[0.220s] Level 1:colcon.colcon_core.package_identification:_identify(src/object_tracking_cpp) by extension 'ros'
[0.221s] DEBUG:colcon.colcon_core.package_identification:Package 'src/object_tracking_cpp' with type 'ros.ament_cmake' and name 'object_tracking_cpp'
[0.221s] Level 1:colcon.colcon_core.package_identification:_identify(src/px4_msgs) by extensions ['ignore', 'ignore_ament_install']
[0.221s] Level 1:colcon.colcon_core.package_identification:_identify(src/px4_msgs) by extension 'ignore'
[0.221s] Level 1:colcon.colcon_core.package_identification:_identify(src/px4_msgs) by extension 'ignore_ament_install'
[0.221s] Level 1:colcon.colcon_core.package_identification:_identify(src/px4_msgs) by extensions ['colcon_pkg']
[0.221s] Level 1:colcon.colcon_core.package_identification:_identify(src/px4_msgs) by extension 'colcon_pkg'
[0.221s] Level 1:colcon.colcon_core.package_identification:_identify(src/px4_msgs) by extensions ['colcon_meta']
[0.221s] Level 1:colcon.colcon_core.package_identification:_identify(src/px4_msgs) by extension 'colcon_meta'
[0.221s] Level 1:colcon.colcon_core.package_identification:_identify(src/px4_msgs) by extensions ['ros']
[0.221s] Level 1:colcon.colcon_core.package_identification:_identify(src/px4_msgs) by extension 'ros'
[0.221s] DEBUG:colcon.colcon_core.package_identification:Package 'src/px4_msgs' with type 'ros.ament_cmake' and name 'px4_msgs'
[0.221s] Level 1:colcon.colcon_core.package_identification:_identify(src/swarm_control) by extensions ['ignore', 'ignore_ament_install']
[0.221s] Level 1:colcon.colcon_core.package_identification:_identify(src/swarm_control) by extension 'ignore'
[0.221s] Level 1:colcon.colcon_core.package_identification:_identify(src/swarm_control) by extension 'ignore_ament_install'
[0.221s] Level 1:colcon.colcon_core.package_identification:_identify(src/swarm_control) by extensions ['colcon_pkg']
[0.221s] Level 1:colcon.colcon_core.package_identification:_identify(src/swarm_control) by extension 'colcon_pkg'
[0.221s] Level 1:colcon.colcon_core.package_identification:_identify(src/swarm_control) by extensions ['colcon_meta']
[0.221s] Level 1:colcon.colcon_core.package_identification:_identify(src/swarm_control) by extension 'colcon_meta'
[0.221s] Level 1:colcon.colcon_core.package_identification:_identify(src/swarm_control) by extensions ['ros']
[0.221s] Level 1:colcon.colcon_core.package_identification:_identify(src/swarm_control) by extension 'ros'
[0.222s] DEBUG:colcon.colcon_core.package_identification:Package 'src/swarm_control' with type 'ros.catkin' and name 'swarm_control'
[0.222s] Level 1:colcon.colcon_core.package_discovery:discover_packages(recursive) using defaults
[0.222s] Level 1:colcon.colcon_core.package_discovery:discover_packages(ignore) discover
[0.222s] Level 1:colcon.colcon_core.package_discovery:discover_packages(ignore) using defaults
[0.222s] Level 1:colcon.colcon_core.package_discovery:discover_packages(path) discover
[0.222s] Level 1:colcon.colcon_core.package_discovery:discover_packages(path) using defaults
[0.235s] INFO:colcon.colcon_core.package_selection:Skipping not selected package 'mine_mapping' in 'src/mine_mapping'
[0.235s] INFO:colcon.colcon_core.package_selection:Skipping not selected package 'object_tracker' in 'src/object_tracker'
[0.235s] INFO:colcon.colcon_core.package_selection:Skipping not selected package 'object_tracking_cpp' in 'src/object_tracking_cpp'
[0.235s] INFO:colcon.colcon_core.package_selection:Skipping not selected package 'px4_msgs' in 'src/px4_msgs'
[0.235s] INFO:colcon.colcon_core.package_selection:Skipping not selected package 'mapping' in 'src/mapping'
[0.235s] Level 1:colcon.colcon_core.package_discovery:discover_packages(prefix_path) check parameters
[0.244s] Level 1:colcon.colcon_core.package_discovery:discover_packages(prefix_path) discover
[0.245s] DEBUG:colcon.colcon_installed_package_information.package_discovery:Found 7 installed packages in /home/azidozide/px4_sitl_ws/install
[0.246s] DEBUG:colcon.colcon_installed_package_information.package_discovery:Found 288 installed packages in /opt/ros/humble
[0.247s] Level 1:colcon.colcon_core.package_discovery:discover_packages(prefix_path) using defaults
[0.268s] Level 5:colcon.colcon_core.verb:set package 'swarm_control' build argument 'cmake_args' from command line to 'None'
[0.268s] Level 5:colcon.colcon_core.verb:set package 'swarm_control' build argument 'cmake_target' from command line to 'None'
[0.268s] Level 5:colcon.colcon_core.verb:set package 'swarm_control' build argument 'cmake_target_skip_unavailable' from command line to 'False'
[0.269s] Level 5:colcon.colcon_core.verb:set package 'swarm_control' build argument 'cmake_clean_cache' from command line to 'True'
[0.269s] Level 5:colcon.colcon_core.verb:set package 'swarm_control' build argument 'cmake_clean_first' from command line to 'False'
[0.269s] Level 5:colcon.colcon_core.verb:set package 'swarm_control' build argument 'cmake_force_configure' from command line to 'False'
[0.269s] Level 5:colcon.colcon_core.verb:set package 'swarm_control' build argument 'ament_cmake_args' from command line to 'None'
[0.269s] Level 5:colcon.colcon_core.verb:set package 'swarm_control' build argument 'catkin_cmake_args' from command line to 'None'
[0.269s] Level 5:colcon.colcon_core.verb:set package 'swarm_control' build argument 'catkin_skip_building_tests' from command line to 'False'
[0.269s] DEBUG:colcon.colcon_core.verb:Building package 'swarm_control' with the following arguments: {'ament_cmake_args': None, 'build_base': '/home/azidozide/px4_sitl_ws/build/swarm_control', 'catkin_cmake_args': None, 'catkin_skip_building_tests': False, 'cmake_args': None, 'cmake_clean_cache': True, 'cmake_clean_first': False, 'cmake_force_configure': False, 'cmake_target': None, 'cmake_target_skip_unavailable': False, 'install_base': '/home/azidozide/px4_sitl_ws/install/swarm_control', 'merge_install': False, 'path': '/home/azidozide/px4_sitl_ws/src/swarm_control', 'symlink_install': False, 'test_result_base': None}
[0.269s] INFO:colcon.colcon_core.executor:Executing jobs using 'parallel' executor
[0.269s] DEBUG:colcon.colcon_parallel_executor.executor.parallel:run_until_complete
[0.269s] INFO:colcon.colcon_ros.task.catkin.build:Building ROS package in '/home/azidozide/px4_sitl_ws/src/swarm_control' with build type 'catkin'
[0.270s] INFO:colcon.colcon_cmake.task.cmake.build:Building CMake package in '/home/azidozide/px4_sitl_ws/src/swarm_control'
[0.271s] INFO:colcon.colcon_core.plugin_system:Skipping extension 'colcon_core.shell.bat': Not used on non-Windows systems
[0.271s] INFO:colcon.colcon_core.shell:Skip shell extension 'powershell' for command environment: Not usable outside of PowerShell
[0.271s] DEBUG:colcon.colcon_core.shell:Skip shell extension 'dsv' for command environment
[0.277s] DEBUG:colcon.colcon_core.event_handler.log_command:Invoking command in '/home/azidozide/px4_sitl_ws/build/swarm_control': /usr/bin/cmake /home/azidozide/px4_sitl_ws/src/swarm_control -DCATKIN_INSTALL_INTO_PREFIX_ROOT=0 -DCMAKE_INSTALL_PREFIX=/home/azidozide/px4_sitl_ws/install/swarm_control
[1.430s] DEBUG:colcon.colcon_core.event_handler.log_command:Invoked command in '/home/azidozide/px4_sitl_ws/build/swarm_control' returned '0': /usr/bin/cmake /home/azidozide/px4_sitl_ws/src/swarm_control -DCATKIN_INSTALL_INTO_PREFIX_ROOT=0 -DCMAKE_INSTALL_PREFIX=/home/azidozide/px4_sitl_ws/install/swarm_control
[1.431s] DEBUG:colcon.colcon_core.event_handler.log_command:Invoking command in '/home/azidozide/px4_sitl_ws/build/swarm_control': /usr/bin/cmake --build /home/azidozide/px4_sitl_ws/build/swarm_control -- -j24 -l24
[1.700s] DEBUG:colcon.colcon_core.event_handler.log_command:Invoked command in '/home/azidozide/px4_sitl_ws/build/swarm_control' returned '0': /usr/bin/cmake --build /home/azidozide/px4_sitl_ws/build/swarm_control -- -j24 -l24
[1.709s] DEBUG:colcon.colcon_core.event_handler.log_command:Invoking command in '/home/azidozide/px4_sitl_ws/build/swarm_control': /usr/bin/cmake --install /home/azidozide/px4_sitl_ws/build/swarm_control
[1.754s] DEBUG:colcon.colcon_core.event_handler.log_command:Invoked command in '/home/azidozide/px4_sitl_ws/build/swarm_control' returned '0': /usr/bin/cmake --install /home/azidozide/px4_sitl_ws/build/swarm_control
[1.754s] Level 1:colcon.colcon_core.shell:create_environment_hook('swarm_control', 'ros_package_path')
[1.754s] INFO:colcon.colcon_core.shell:Creating environment hook '/home/azidozide/px4_sitl_ws/install/swarm_control/share/swarm_control/hook/ros_package_path.ps1'
[1.755s] INFO:colcon.colcon_core.shell:Creating environment descriptor '/home/azidozide/px4_sitl_ws/install/swarm_control/share/swarm_control/hook/ros_package_path.dsv'
[1.755s] INFO:colcon.colcon_core.shell:Creating environment hook '/home/azidozide/px4_sitl_ws/install/swarm_control/share/swarm_control/hook/ros_package_path.sh'
[1.755s] Level 1:colcon.colcon_ros.task.catkin:checking '/home/azidozide/px4_sitl_ws/install/swarm_control/local/lib/python3.10/dist-packages'
[1.755s] Level 1:colcon.colcon_core.shell:create_environment_hook('swarm_control', 'catkin_pythonpath')
[1.755s] INFO:colcon.colcon_core.shell:Creating environment hook '/home/azidozide/px4_sitl_ws/install/swarm_control/share/swarm_control/hook/catkin_pythonpath.ps1'
[1.755s] INFO:colcon.colcon_core.shell:Creating environment descriptor '/home/azidozide/px4_sitl_ws/install/swarm_control/share/swarm_control/hook/catkin_pythonpath.dsv'
[1.756s] INFO:colcon.colcon_core.shell:Creating environment hook '/home/azidozide/px4_sitl_ws/install/swarm_control/share/swarm_control/hook/catkin_pythonpath.sh'
[1.756s] Level 1:colcon.colcon_core.shell:create_environment_hook('swarm_control', 'pkg_config_path')
[1.756s] INFO:colcon.colcon_core.shell:Creating environment hook '/home/azidozide/px4_sitl_ws/install/swarm_control/share/swarm_control/hook/pkg_config_path.ps1'
[1.756s] INFO:colcon.colcon_core.shell:Creating environment descriptor '/home/azidozide/px4_sitl_ws/install/swarm_control/share/swarm_control/hook/pkg_config_path.dsv'
[1.756s] INFO:colcon.colcon_core.shell:Creating environment hook '/home/azidozide/px4_sitl_ws/install/swarm_control/share/swarm_control/hook/pkg_config_path.sh'
[1.760s] Level 1:colcon.colcon_core.shell:create_environment_hook('swarm_control', 'pkg_config_path_multiarch')
[1.760s] INFO:colcon.colcon_core.shell:Creating environment hook '/home/azidozide/px4_sitl_ws/install/swarm_control/share/swarm_control/hook/pkg_config_path_multiarch.ps1'
[1.760s] INFO:colcon.colcon_core.shell:Creating environment descriptor '/home/azidozide/px4_sitl_ws/install/swarm_control/share/swarm_control/hook/pkg_config_path_multiarch.dsv'
[1.761s] INFO:colcon.colcon_core.shell:Creating environment hook '/home/azidozide/px4_sitl_ws/install/swarm_control/share/swarm_control/hook/pkg_config_path_multiarch.sh'
[1.762s] Level 1:colcon.colcon_core.environment:create_environment_scripts_only(swarm_control)
[1.764s] Level 1:colcon.colcon_core.environment:checking '/home/azidozide/px4_sitl_ws/install/swarm_control' for CMake module files
[1.765s] Level 1:colcon.colcon_core.environment:checking '/home/azidozide/px4_sitl_ws/install/swarm_control' for CMake config files
[1.765s] Level 1:colcon.colcon_core.shell:create_environment_hook('swarm_control', 'cmake_prefix_path')
[1.765s] INFO:colcon.colcon_core.shell:Creating environment hook '/home/azidozide/px4_sitl_ws/install/swarm_control/share/swarm_control/hook/cmake_prefix_path.ps1'
[1.766s] INFO:colcon.colcon_core.shell:Creating environment descriptor '/home/azidozide/px4_sitl_ws/install/swarm_control/share/swarm_control/hook/cmake_prefix_path.dsv'
[1.766s] INFO:colcon.colcon_core.shell:Creating environment hook '/home/azidozide/px4_sitl_ws/install/swarm_control/share/swarm_control/hook/cmake_prefix_path.sh'
[1.766s] Level 1:colcon.colcon_core.environment:checking '/home/azidozide/px4_sitl_ws/install/swarm_control/lib'
[1.767s] Level 1:colcon.colcon_core.shell:create_environment_hook('swarm_control', 'ld_library_path_lib')
[1.767s] INFO:colcon.colcon_core.shell:Creating environment hook '/home/azidozide/px4_sitl_ws/install/swarm_control/share/swarm_control/hook/ld_library_path_lib.ps1'
[1.767s] INFO:colcon.colcon_core.shell:Creating environment descriptor '/home/azidozide/px4_sitl_ws/install/swarm_control/share/swarm_control/hook/ld_library_path_lib.dsv'
[1.767s] INFO:colcon.colcon_core.shell:Creating environment hook '/home/azidozide/px4_sitl_ws/install/swarm_control/share/swarm_control/hook/ld_library_path_lib.sh'
[1.768s] Level 1:colcon.colcon_core.environment:checking '/home/azidozide/px4_sitl_ws/install/swarm_control/bin'
[1.768s] Level 1:colcon.colcon_core.environment:checking '/home/azidozide/px4_sitl_ws/install/swarm_control/lib/pkgconfig/swarm_control.pc'
[1.768s] Level 1:colcon.colcon_core.environment:checking '/home/azidozide/px4_sitl_ws/install/swarm_control/lib/python3.10/site-packages'
[1.768s] Level 1:colcon.colcon_core.environment:checking '/home/azidozide/px4_sitl_ws/install/swarm_control/bin'
[1.769s] INFO:colcon.colcon_core.shell:Creating package script '/home/azidozide/px4_sitl_ws/install/swarm_control/share/swarm_control/package.ps1'
[1.770s] INFO:colcon.colcon_core.shell:Creating package descriptor '/home/azidozide/px4_sitl_ws/install/swarm_control/share/swarm_control/package.dsv'
[1.770s] INFO:colcon.colcon_core.shell:Creating package script '/home/azidozide/px4_sitl_ws/install/swarm_control/share/swarm_control/package.sh'
[1.771s] INFO:colcon.colcon_core.shell:Creating package script '/home/azidozide/px4_sitl_ws/install/swarm_control/share/swarm_control/package.bash'
[1.772s] INFO:colcon.colcon_core.shell:Creating package script '/home/azidozide/px4_sitl_ws/install/swarm_control/share/swarm_control/package.zsh'
[1.773s] Level 1:colcon.colcon_core.environment:create_file_with_runtime_dependencies(/home/azidozide/px4_sitl_ws/install/swarm_control/share/colcon-core/packages/swarm_control)
[1.773s] DEBUG:colcon.colcon_parallel_executor.executor.parallel:closing loop
[1.773s] DEBUG:colcon.colcon_parallel_executor.executor.parallel:loop closed
[1.773s] DEBUG:colcon.colcon_parallel_executor.executor.parallel:run_until_complete finished with '0'
[1.773s] DEBUG:colcon.colcon_core.event_reactor:joining thread
[1.776s] INFO:colcon.colcon_core.plugin_system:Skipping extension 'colcon_notification.desktop_notification.terminal_notifier': Not used on non-Darwin systems
[1.777s] INFO:colcon.colcon_core.plugin_system:Skipping extension 'colcon_notification.desktop_notification.win32': Not used on non-Windows systems
[1.777s] INFO:colcon.colcon_notification.desktop_notification:Sending desktop notification using 'notify2'
[1.788s] DEBUG:colcon.colcon_core.event_reactor:joined thread
[1.788s] INFO:colcon.colcon_core.shell:Creating prefix script '/home/azidozide/px4_sitl_ws/install/local_setup.ps1'
[1.790s] INFO:colcon.colcon_core.shell:Creating prefix util module '/home/azidozide/px4_sitl_ws/install/_local_setup_util_ps1.py'
[1.791s] INFO:colcon.colcon_core.shell:Creating prefix chain script '/home/azidozide/px4_sitl_ws/install/setup.ps1'
[1.792s] INFO:colcon.colcon_core.shell:Creating prefix script '/home/azidozide/px4_sitl_ws/install/local_setup.sh'
[1.793s] INFO:colcon.colcon_core.shell:Creating prefix util module '/home/azidozide/px4_sitl_ws/install/_local_setup_util_sh.py'
[1.793s] INFO:colcon.colcon_core.shell:Creating prefix chain script '/home/azidozide/px4_sitl_ws/install/setup.sh'
[1.794s] INFO:colcon.colcon_core.shell:Creating prefix script '/home/azidozide/px4_sitl_ws/install/local_setup.bash'
[1.794s] INFO:colcon.colcon_core.shell:Creating prefix chain script '/home/azidozide/px4_sitl_ws/install/setup.bash'
[1.795s] INFO:colcon.colcon_core.shell:Creating prefix script '/home/azidozide/px4_sitl_ws/install/local_setup.zsh'
[1.796s] INFO:colcon.colcon_core.shell:Creating prefix chain script '/home/azidozide/px4_sitl_ws/install/setup.zsh'
