-- Found ament_cmake: 1.3.12 (/opt/ros/humble/share/ament_cmake/cmake)
-- Found rclcpp: 16.0.16 (/opt/ros/humble/share/rclcpp/cmake)
-- Found rosidl_generator_c: 3.1.7 (/opt/ros/humble/share/rosidl_generator_c/cmake)
-- Found rosidl_adapter: 3.1.7 (/opt/ros/humble/share/rosidl_adapter/cmake)
-- Found rosidl_generator_cpp: 3.1.7 (/opt/ros/humble/share/rosidl_generator_cpp/cmake)
-- Using all available rosidl_typesupport_c: rosidl_typesupport_fastrtps_c;rosidl_typesupport_introspection_c
-- Using all available rosidl_typesupport_cpp: rosidl_typesupport_fastrtps_cpp;rosidl_typesupport_introspection_cpp
-- Found rmw_implementation_cmake: 6.1.2 (/opt/ros/humble/share/rmw_implementation_cmake/cmake)
-- Found rmw_fastrtps_cpp: 6.2.9 (/opt/ros/humble/share/rmw_fastrtps_cpp/cmake)
-- Using RMW implementation 'rmw_fastrtps_cpp' as default
-- Found px4_msgs: 2.0.1 (/home/azidozide/px4_sitl_ws/src/install/px4_msgs/share/px4_msgs/cmake)
-- Found sensor_msgs: 4.9.0 (/opt/ros/humble/share/sensor_msgs/cmake)
-- Found ament_lint_auto: 0.12.14 (/opt/ros/humble/share/ament_lint_auto/cmake)
-- Added test 'cppcheck' to perform static code analysis on C / C++ code
-- Configured cppcheck include dirs: 
-- Configured cppcheck exclude dirs and/or files: 
-- Added test 'lint_cmake' to check CMake code style
-- Added test 'uncrustify' to check C / C++ code style
-- Configured uncrustify additional arguments: 
-- Added test 'xmllint' to check XML markup files
-- Configuring done
-- Generating done
-- Build files have been written to: /home/azidozide/px4_sitl_ws/src/build/integrated_drone_mapping
[35m[1mConsolidate compiler generated dependencies of target integrated_drone_mapping_node[0m
[ 50%] [32mBuilding CXX object CMakeFiles/integrated_drone_mapping_node.dir/src/integrated_drone_mapping_node.cpp.o[0m
[100%] [32m[1mLinking CXX executable integrated_drone_mapping_node[0m
[100%] Built target integrated_drone_mapping_node
-- Install configuration: ""
-- Installing: /home/azidozide/px4_sitl_ws/src/install/integrated_drone_mapping/lib/integrated_drone_mapping/integrated_drone_mapping_node
-- Set runtime path of "/home/azidozide/px4_sitl_ws/src/install/integrated_drone_mapping/lib/integrated_drone_mapping/integrated_drone_mapping_node" to ""
-- Installing: /home/azidozide/px4_sitl_ws/src/install/integrated_drone_mapping/share/ament_index/resource_index/package_run_dependencies/integrated_drone_mapping
-- Installing: /home/azidozide/px4_sitl_ws/src/install/integrated_drone_mapping/share/ament_index/resource_index/parent_prefix_path/integrated_drone_mapping
-- Installing: /home/azidozide/px4_sitl_ws/src/install/integrated_drone_mapping/share/integrated_drone_mapping/environment/ament_prefix_path.sh
-- Installing: /home/azidozide/px4_sitl_ws/src/install/integrated_drone_mapping/share/integrated_drone_mapping/environment/ament_prefix_path.dsv
-- Installing: /home/azidozide/px4_sitl_ws/src/install/integrated_drone_mapping/share/integrated_drone_mapping/environment/path.sh
-- Installing: /home/azidozide/px4_sitl_ws/src/install/integrated_drone_mapping/share/integrated_drone_mapping/environment/path.dsv
-- Installing: /home/azidozide/px4_sitl_ws/src/install/integrated_drone_mapping/share/integrated_drone_mapping/local_setup.bash
-- Installing: /home/azidozide/px4_sitl_ws/src/install/integrated_drone_mapping/share/integrated_drone_mapping/local_setup.sh
-- Installing: /home/azidozide/px4_sitl_ws/src/install/integrated_drone_mapping/share/integrated_drone_mapping/local_setup.zsh
-- Installing: /home/azidozide/px4_sitl_ws/src/install/integrated_drone_mapping/share/integrated_drone_mapping/local_setup.dsv
-- Installing: /home/azidozide/px4_sitl_ws/src/install/integrated_drone_mapping/share/integrated_drone_mapping/package.dsv
-- Installing: /home/azidozide/px4_sitl_ws/src/install/integrated_drone_mapping/share/ament_index/resource_index/packages/integrated_drone_mapping
-- Installing: /home/azidozide/px4_sitl_ws/src/install/integrated_drone_mapping/share/integrated_drone_mapping/cmake/integrated_drone_mappingConfig.cmake
-- Installing: /home/azidozide/px4_sitl_ws/src/install/integrated_drone_mapping/share/integrated_drone_mapping/cmake/integrated_drone_mappingConfig-version.cmake
-- Installing: /home/azidozide/px4_sitl_ws/src/install/integrated_drone_mapping/share/integrated_drone_mapping/package.xml
