running egg_info
creating ../../build/mapping/mapping.egg-info
writing ../../build/mapping/mapping.egg-info/PKG-INFO
writing dependency_links to ../../build/mapping/mapping.egg-info/dependency_links.txt
writing entry points to ../../build/mapping/mapping.egg-info/entry_points.txt
writing requirements to ../../build/mapping/mapping.egg-info/requires.txt
writing top-level names to ../../build/mapping/mapping.egg-info/top_level.txt
writing manifest file '../../build/mapping/mapping.egg-info/SOURCES.txt'
reading manifest file '../../build/mapping/mapping.egg-info/SOURCES.txt'
adding license file 'LICENSE'
writing manifest file '../../build/mapping/mapping.egg-info/SOURCES.txt'
running build
running build_py
creating /home/azidozide/px4_sitl_ws/build/mapping/build
creating /home/azidozide/px4_sitl_ws/build/mapping/build/lib
creating /home/azidozide/px4_sitl_ws/build/mapping/build/lib/mapping
copying mapping/generator.py -> /home/azidozide/px4_sitl_ws/build/mapping/build/lib/mapping
copying mapping/__init__.py -> /home/azidozide/px4_sitl_ws/build/mapping/build/lib/mapping
running install
running install_lib
creating /home/azidozide/px4_sitl_ws/install/mapping/lib/python3.10/site-packages/mapping
copying /home/azidozide/px4_sitl_ws/build/mapping/build/lib/mapping/generator.py -> /home/azidozide/px4_sitl_ws/install/mapping/lib/python3.10/site-packages/mapping
copying /home/azidozide/px4_sitl_ws/build/mapping/build/lib/mapping/__init__.py -> /home/azidozide/px4_sitl_ws/install/mapping/lib/python3.10/site-packages/mapping
byte-compiling /home/azidozide/px4_sitl_ws/install/mapping/lib/python3.10/site-packages/mapping/generator.py to generator.cpython-310.pyc
byte-compiling /home/azidozide/px4_sitl_ws/install/mapping/lib/python3.10/site-packages/mapping/__init__.py to __init__.cpython-310.pyc
running install_data
creating /home/azidozide/px4_sitl_ws/install/mapping/share/ament_index
creating /home/azidozide/px4_sitl_ws/install/mapping/share/ament_index/resource_index
creating /home/azidozide/px4_sitl_ws/install/mapping/share/ament_index/resource_index/packages
copying resource/mapping -> /home/azidozide/px4_sitl_ws/install/mapping/share/ament_index/resource_index/packages
copying package.xml -> /home/azidozide/px4_sitl_ws/install/mapping/share/mapping
running install_egg_info
Copying ../../build/mapping/mapping.egg-info to /home/azidozide/px4_sitl_ws/install/mapping/lib/python3.10/site-packages/mapping-0.0.0-py3.10.egg-info
running install_scripts
Installing sfc_gen script to /home/azidozide/px4_sitl_ws/install/mapping/lib/mapping
writing list of installed files to '/home/azidozide/px4_sitl_ws/build/mapping/install.log'
