[0.909s] Invoking command in '/home/azidozide/px4_sitl_ws/src/mapping': PYTHONPATH=/home/azidozide/px4_sitl_ws/build/mapping/prefix_override:/usr/lib/python3/dist-packages/colcon_core/task/python/colcon_distutils_commands:/home/azidozide/px4_sitl_ws/install/mapping/lib/python3.10/site-packages:${PYTHONPATH} /usr/bin/python3 -W ignore:setup.py install is deprecated -W ignore:easy_install command is deprecated setup.py egg_info --egg-base ../../build/mapping build --build-base /home/azidozide/px4_sitl_ws/build/mapping/build install --record /home/azidozide/px4_sitl_ws/build/mapping/install.log --single-version-externally-managed install_data
[1.177s] running egg_info
[1.177s] creating ../../build/mapping/mapping.egg-info
[1.178s] writing ../../build/mapping/mapping.egg-info/PKG-INFO
[1.178s] writing dependency_links to ../../build/mapping/mapping.egg-info/dependency_links.txt
[1.178s] writing entry points to ../../build/mapping/mapping.egg-info/entry_points.txt
[1.178s] writing requirements to ../../build/mapping/mapping.egg-info/requires.txt
[1.178s] writing top-level names to ../../build/mapping/mapping.egg-info/top_level.txt
[1.179s] writing manifest file '../../build/mapping/mapping.egg-info/SOURCES.txt'
[1.181s] reading manifest file '../../build/mapping/mapping.egg-info/SOURCES.txt'
[1.181s] adding license file 'LICENSE'
[1.181s] writing manifest file '../../build/mapping/mapping.egg-info/SOURCES.txt'
[1.181s] running build
[1.181s] running build_py
[1.182s] creating /home/azidozide/px4_sitl_ws/build/mapping/build
[1.182s] creating /home/azidozide/px4_sitl_ws/build/mapping/build/lib
[1.182s] creating /home/azidozide/px4_sitl_ws/build/mapping/build/lib/mapping
[1.182s] copying mapping/generator.py -> /home/azidozide/px4_sitl_ws/build/mapping/build/lib/mapping
[1.182s] copying mapping/__init__.py -> /home/azidozide/px4_sitl_ws/build/mapping/build/lib/mapping
[1.182s] running install
[1.182s] running install_lib
[1.183s] creating /home/azidozide/px4_sitl_ws/install/mapping/lib/python3.10/site-packages/mapping
[1.183s] copying /home/azidozide/px4_sitl_ws/build/mapping/build/lib/mapping/generator.py -> /home/azidozide/px4_sitl_ws/install/mapping/lib/python3.10/site-packages/mapping
[1.183s] copying /home/azidozide/px4_sitl_ws/build/mapping/build/lib/mapping/__init__.py -> /home/azidozide/px4_sitl_ws/install/mapping/lib/python3.10/site-packages/mapping
[1.183s] byte-compiling /home/azidozide/px4_sitl_ws/install/mapping/lib/python3.10/site-packages/mapping/generator.py to generator.cpython-310.pyc
[1.187s] byte-compiling /home/azidozide/px4_sitl_ws/install/mapping/lib/python3.10/site-packages/mapping/__init__.py to __init__.cpython-310.pyc
[1.187s] running install_data
[1.187s] creating /home/azidozide/px4_sitl_ws/install/mapping/share/ament_index
[1.187s] creating /home/azidozide/px4_sitl_ws/install/mapping/share/ament_index/resource_index
[1.188s] creating /home/azidozide/px4_sitl_ws/install/mapping/share/ament_index/resource_index/packages
[1.188s] copying resource/mapping -> /home/azidozide/px4_sitl_ws/install/mapping/share/ament_index/resource_index/packages
[1.188s] copying package.xml -> /home/azidozide/px4_sitl_ws/install/mapping/share/mapping
[1.188s] running install_egg_info
[1.190s] Copying ../../build/mapping/mapping.egg-info to /home/azidozide/px4_sitl_ws/install/mapping/lib/python3.10/site-packages/mapping-0.0.0-py3.10.egg-info
[1.191s] running install_scripts
[1.212s] Installing sfc_gen script to /home/azidozide/px4_sitl_ws/install/mapping/lib/mapping
[1.212s] writing list of installed files to '/home/azidozide/px4_sitl_ws/build/mapping/install.log'
[1.234s] Invoked command in '/home/azidozide/px4_sitl_ws/src/mapping' returned '0': PYTHONPATH=/home/azidozide/px4_sitl_ws/build/mapping/prefix_override:/usr/lib/python3/dist-packages/colcon_core/task/python/colcon_distutils_commands:/home/azidozide/px4_sitl_ws/install/mapping/lib/python3.10/site-packages:${PYTHONPATH} /usr/bin/python3 -W ignore:setup.py install is deprecated -W ignore:easy_install command is deprecated setup.py egg_info --egg-base ../../build/mapping build --build-base /home/azidozide/px4_sitl_ws/build/mapping/build install --record /home/azidozide/px4_sitl_ws/build/mapping/install.log --single-version-externally-managed install_data
