[0.676s] Invoking command in '/home/azidozide/px4_sitl_ws/src/mapping': PYTHONPATH=/home/azidozide/px4_sitl_ws/build/mapping/prefix_override:/usr/lib/python3/dist-packages/colcon_core/task/python/colcon_distutils_commands:/home/azidozide/px4_sitl_ws/install/mapping/lib/python3.10/site-packages:${PYTHONPATH} /usr/bin/python3 -W ignore:setup.py install is deprecated -W ignore:easy_install command is deprecated setup.py egg_info --egg-base ../../build/mapping build --build-base /home/azidozide/px4_sitl_ws/build/mapping/build install --record /home/azidozide/px4_sitl_ws/build/mapping/install.log --single-version-externally-managed install_data
[0.853s] running egg_info
[0.854s] writing ../../build/mapping/mapping.egg-info/PKG-INFO
[0.854s] writing dependency_links to ../../build/mapping/mapping.egg-info/dependency_links.txt
[0.854s] writing entry points to ../../build/mapping/mapping.egg-info/entry_points.txt
[0.854s] writing requirements to ../../build/mapping/mapping.egg-info/requires.txt
[0.854s] writing top-level names to ../../build/mapping/mapping.egg-info/top_level.txt
[0.856s] reading manifest file '../../build/mapping/mapping.egg-info/SOURCES.txt'
[0.857s] adding license file 'LICENSE'
[0.857s] writing manifest file '../../build/mapping/mapping.egg-info/SOURCES.txt'
[0.857s] running build
[0.857s] running build_py
[0.857s] running install
[0.858s] running install_lib
[0.859s] running install_data
[0.859s] running install_egg_info
[0.860s] removing '/home/azidozide/px4_sitl_ws/install/mapping/lib/python3.10/site-packages/mapping-0.0.0-py3.10.egg-info' (and everything under it)
[0.860s] Copying ../../build/mapping/mapping.egg-info to /home/azidozide/px4_sitl_ws/install/mapping/lib/python3.10/site-packages/mapping-0.0.0-py3.10.egg-info
[0.861s] running install_scripts
[0.877s] Installing sfc_gen script to /home/azidozide/px4_sitl_ws/install/mapping/lib/mapping
[0.877s] writing list of installed files to '/home/azidozide/px4_sitl_ws/build/mapping/install.log'
[0.900s] Invoked command in '/home/azidozide/px4_sitl_ws/src/mapping' returned '0': PYTHONPATH=/home/azidozide/px4_sitl_ws/build/mapping/prefix_override:/usr/lib/python3/dist-packages/colcon_core/task/python/colcon_distutils_commands:/home/azidozide/px4_sitl_ws/install/mapping/lib/python3.10/site-packages:${PYTHONPATH} /usr/bin/python3 -W ignore:setup.py install is deprecated -W ignore:easy_install command is deprecated setup.py egg_info --egg-base ../../build/mapping build --build-base /home/azidozide/px4_sitl_ws/build/mapping/build install --record /home/azidozide/px4_sitl_ws/build/mapping/install.log --single-version-externally-managed install_data
