[0.010s] Invoking command in '/home/azidozide/px4_sitl_ws/src/build/mapping': AMENT_PREFIX_PATH=/home/azidozide/px4_sitl_ws/src/install/px4_msgs:${AMENT_PREFIX_PATH} CMAKE_PREFIX_PATH=/home/azidozide/px4_sitl_ws/src/install/px4_msgs:/home/azidozide/px4_sitl_ws/install/object_tracking_cpp:/home/azidozide/px4_sitl_ws/install/object_tracker:/opt/ros/humble:/home/azidozide/px4_sitl_ws/install/swarm_control:/home/azidozide/px4_sitl_ws/install/mapping:/home/azidozide/px4_sitl_ws/install/integrated_drone_mapping:/home/azidozide/px4_sitl_ws/install/px4_msgs:/home/azidozide/px4_sitl_ws/install/mine_mapping LD_LIBRARY_PATH=/home/azidozide/px4_sitl_ws/src/install/px4_msgs/lib:${LD_LIBRARY_PATH} PYTHONPATH=/home/azidozide/px4_sitl_ws/src/install/px4_msgs/local/lib/python3.10/dist-packages:${PYTHONPATH} /usr/bin/cmake --build /home/azidozide/px4_sitl_ws/src/build/mapping -- -j24 -l24
[0.034s] -- Found ament_cmake: 1.3.12 (/opt/ros/humble/share/ament_cmake/cmake)
[0.152s] -- Found rclcpp: 16.0.16 (/opt/ros/humble/share/rclcpp/cmake)
[0.181s] -- Found rosidl_generator_c: 3.1.7 (/opt/ros/humble/share/rosidl_generator_c/cmake)
[0.183s] -- Found rosidl_adapter: 3.1.7 (/opt/ros/humble/share/rosidl_adapter/cmake)
[0.190s] -- Found rosidl_generator_cpp: 3.1.7 (/opt/ros/humble/share/rosidl_generator_cpp/cmake)
[0.201s] -- Using all available rosidl_typesupport_c: rosidl_typesupport_fastrtps_c;rosidl_typesupport_introspection_c
[0.211s] -- Using all available rosidl_typesupport_cpp: rosidl_typesupport_fastrtps_cpp;rosidl_typesupport_introspection_cpp
[0.237s] -- Found rmw_implementation_cmake: 6.1.2 (/opt/ros/humble/share/rmw_implementation_cmake/cmake)
[0.239s] -- Found rmw_fastrtps_cpp: 6.2.9 (/opt/ros/humble/share/rmw_fastrtps_cpp/cmake)
[0.342s] -- Using RMW implementation 'rmw_fastrtps_cpp' as default
[0.396s] -- Found px4_msgs: 2.0.1 (/home/azidozide/px4_sitl_ws/src/install/px4_msgs/share/px4_msgs/cmake)
[0.413s] -- Found sensor_msgs: 4.9.0 (/opt/ros/humble/share/sensor_msgs/cmake)
[0.443s] -- Found nav_msgs: 4.9.0 (/opt/ros/humble/share/nav_msgs/cmake)
[0.493s] -- Found Boost: /usr/lib/x86_64-linux-gnu/cmake/Boost-1.74.0/BoostConfig.cmake (found version "1.74.0") found components: serialization filesystem system 
[0.497s] -- Found ompl: /opt/ros/humble/include/ompl-1.7;/usr/include;/usr/include/eigen3  
[0.503s] -- Found ament_lint_auto: 0.12.14 (/opt/ros/humble/share/ament_lint_auto/cmake)
[0.573s] -- Added test 'cppcheck' to perform static code analysis on C / C++ code
[0.574s] -- Configured cppcheck include dirs: /home/azidozide/px4_sitl_ws/src/mapping/src
[0.574s] -- Configured cppcheck exclude dirs and/or files: 
[0.576s] -- Added test 'lint_cmake' to check CMake code style
[0.577s] -- Added test 'uncrustify' to check C / C++ code style
[0.578s] -- Configured uncrustify additional arguments: 
[0.578s] -- Added test 'xmllint' to check XML markup files
[0.578s] -- Configuring done
[0.595s] -- Generating done
[0.601s] -- Build files have been written to: /home/azidozide/px4_sitl_ws/src/build/mapping
[0.626s] [35m[1mConsolidate compiler generated dependencies of target integrated_drone_mapping_node[0m
[0.635s] [ 16%] [32mBuilding CXX object CMakeFiles/corridor_gen_correct.dir/src/corridor_gen_correct.cpp.o[0m
[0.636s] [ 33%] [32mBuilding CXX object CMakeFiles/gcopter_trajectory_planner.dir/src/planner.cpp.o[0m
[0.642s] [ 50%] [32mBuilding CXX object CMakeFiles/integrated_drone_mapping_node.dir/src/integrated_drone_mapping_node.cpp.o[0m
[0.687s] [ 66%] [32m[1mLinking CXX executable corridor_gen_correct[0m
[0.855s] [ 66%] Built target corridor_gen_correct
[16.186s] [ 83%] [32m[1mLinking CXX executable integrated_drone_mapping_node[0m
[16.414s] [ 83%] Built target integrated_drone_mapping_node
[36.917s] [100%] [32m[1mLinking CXX executable gcopter_trajectory_planner[0m
[37.094s] [100%] Built target gcopter_trajectory_planner
[37.104s] Invoked command in '/home/azidozide/px4_sitl_ws/src/build/mapping' returned '0': AMENT_PREFIX_PATH=/home/azidozide/px4_sitl_ws/src/install/px4_msgs:${AMENT_PREFIX_PATH} CMAKE_PREFIX_PATH=/home/azidozide/px4_sitl_ws/src/install/px4_msgs:/home/azidozide/px4_sitl_ws/install/object_tracking_cpp:/home/azidozide/px4_sitl_ws/install/object_tracker:/opt/ros/humble:/home/azidozide/px4_sitl_ws/install/swarm_control:/home/azidozide/px4_sitl_ws/install/mapping:/home/azidozide/px4_sitl_ws/install/integrated_drone_mapping:/home/azidozide/px4_sitl_ws/install/px4_msgs:/home/azidozide/px4_sitl_ws/install/mine_mapping LD_LIBRARY_PATH=/home/azidozide/px4_sitl_ws/src/install/px4_msgs/lib:${LD_LIBRARY_PATH} PYTHONPATH=/home/azidozide/px4_sitl_ws/src/install/px4_msgs/local/lib/python3.10/dist-packages:${PYTHONPATH} /usr/bin/cmake --build /home/azidozide/px4_sitl_ws/src/build/mapping -- -j24 -l24
[37.106s] Invoking command in '/home/azidozide/px4_sitl_ws/src/build/mapping': AMENT_PREFIX_PATH=/home/azidozide/px4_sitl_ws/src/install/px4_msgs:${AMENT_PREFIX_PATH} CMAKE_PREFIX_PATH=/home/azidozide/px4_sitl_ws/src/install/px4_msgs:/home/azidozide/px4_sitl_ws/install/object_tracking_cpp:/home/azidozide/px4_sitl_ws/install/object_tracker:/opt/ros/humble:/home/azidozide/px4_sitl_ws/install/swarm_control:/home/azidozide/px4_sitl_ws/install/mapping:/home/azidozide/px4_sitl_ws/install/integrated_drone_mapping:/home/azidozide/px4_sitl_ws/install/px4_msgs:/home/azidozide/px4_sitl_ws/install/mine_mapping LD_LIBRARY_PATH=/home/azidozide/px4_sitl_ws/src/install/px4_msgs/lib:${LD_LIBRARY_PATH} PYTHONPATH=/home/azidozide/px4_sitl_ws/src/install/px4_msgs/local/lib/python3.10/dist-packages:${PYTHONPATH} /usr/bin/cmake --install /home/azidozide/px4_sitl_ws/src/build/mapping
[37.114s] -- Install configuration: ""
[37.114s] -- Installing: /home/azidozide/px4_sitl_ws/src/install/mapping/lib/mapping/integrated_drone_mapping_node
[37.115s] -- Set runtime path of "/home/azidozide/px4_sitl_ws/src/install/mapping/lib/mapping/integrated_drone_mapping_node" to ""
[37.116s] -- Installing: /home/azidozide/px4_sitl_ws/src/install/mapping/lib/mapping/corridor_gen_correct
[37.116s] -- Set runtime path of "/home/azidozide/px4_sitl_ws/src/install/mapping/lib/mapping/corridor_gen_correct" to ""
[37.116s] -- Installing: /home/azidozide/px4_sitl_ws/src/install/mapping/lib/mapping/gcopter_trajectory_planner
[37.117s] -- Set runtime path of "/home/azidozide/px4_sitl_ws/src/install/mapping/lib/mapping/gcopter_trajectory_planner" to ""
[37.117s] -- Installing: /home/azidozide/px4_sitl_ws/src/install/mapping/share/ament_index/resource_index/package_run_dependencies/mapping
[37.117s] -- Installing: /home/azidozide/px4_sitl_ws/src/install/mapping/share/ament_index/resource_index/parent_prefix_path/mapping
[37.118s] -- Up-to-date: /home/azidozide/px4_sitl_ws/src/install/mapping/share/mapping/environment/ament_prefix_path.sh
[37.118s] -- Installing: /home/azidozide/px4_sitl_ws/src/install/mapping/share/mapping/environment/ament_prefix_path.dsv
[37.118s] -- Up-to-date: /home/azidozide/px4_sitl_ws/src/install/mapping/share/mapping/environment/path.sh
[37.118s] -- Installing: /home/azidozide/px4_sitl_ws/src/install/mapping/share/mapping/environment/path.dsv
[37.118s] -- Up-to-date: /home/azidozide/px4_sitl_ws/src/install/mapping/share/mapping/local_setup.bash
[37.118s] -- Up-to-date: /home/azidozide/px4_sitl_ws/src/install/mapping/share/mapping/local_setup.sh
[37.118s] -- Up-to-date: /home/azidozide/px4_sitl_ws/src/install/mapping/share/mapping/local_setup.zsh
[37.118s] -- Installing: /home/azidozide/px4_sitl_ws/src/install/mapping/share/mapping/local_setup.dsv
[37.118s] -- Installing: /home/azidozide/px4_sitl_ws/src/install/mapping/share/mapping/package.dsv
[37.119s] -- Up-to-date: /home/azidozide/px4_sitl_ws/src/install/mapping/share/ament_index/resource_index/packages/mapping
[37.119s] -- Up-to-date: /home/azidozide/px4_sitl_ws/src/install/mapping/share/mapping/cmake/mappingConfig.cmake
[37.119s] -- Up-to-date: /home/azidozide/px4_sitl_ws/src/install/mapping/share/mapping/cmake/mappingConfig-version.cmake
[37.119s] -- Installing: /home/azidozide/px4_sitl_ws/src/install/mapping/share/mapping/package.xml
[37.121s] Invoked command in '/home/azidozide/px4_sitl_ws/src/build/mapping' returned '0': AMENT_PREFIX_PATH=/home/azidozide/px4_sitl_ws/src/install/px4_msgs:${AMENT_PREFIX_PATH} CMAKE_PREFIX_PATH=/home/azidozide/px4_sitl_ws/src/install/px4_msgs:/home/azidozide/px4_sitl_ws/install/object_tracking_cpp:/home/azidozide/px4_sitl_ws/install/object_tracker:/opt/ros/humble:/home/azidozide/px4_sitl_ws/install/swarm_control:/home/azidozide/px4_sitl_ws/install/mapping:/home/azidozide/px4_sitl_ws/install/integrated_drone_mapping:/home/azidozide/px4_sitl_ws/install/px4_msgs:/home/azidozide/px4_sitl_ws/install/mine_mapping LD_LIBRARY_PATH=/home/azidozide/px4_sitl_ws/src/install/px4_msgs/lib:${LD_LIBRARY_PATH} PYTHONPATH=/home/azidozide/px4_sitl_ws/src/install/px4_msgs/local/lib/python3.10/dist-packages:${PYTHONPATH} /usr/bin/cmake --install /home/azidozide/px4_sitl_ws/src/build/mapping
