-- Found ament_cmake: 1.3.12 (/opt/ros/humble/share/ament_cmake/cmake)
-- Found rclcpp: 16.0.16 (/opt/ros/humble/share/rclcpp/cmake)
-- Found rosidl_generator_c: 3.1.7 (/opt/ros/humble/share/rosidl_generator_c/cmake)
-- Found rosidl_adapter: 3.1.7 (/opt/ros/humble/share/rosidl_adapter/cmake)
-- Found rosidl_generator_cpp: 3.1.7 (/opt/ros/humble/share/rosidl_generator_cpp/cmake)
-- Using all available rosidl_typesupport_c: rosidl_typesupport_fastrtps_c;rosidl_typesupport_introspection_c
-- Using all available rosidl_typesupport_cpp: rosidl_typesupport_fastrtps_cpp;rosidl_typesupport_introspection_cpp
-- Found rmw_implementation_cmake: 6.1.2 (/opt/ros/humble/share/rmw_implementation_cmake/cmake)
-- Found rmw_fastrtps_cpp: 6.2.9 (/opt/ros/humble/share/rmw_fastrtps_cpp/cmake)
-- Using RMW implementation 'rmw_fastrtps_cpp' as default
-- Found px4_msgs: 2.0.1 (/home/azidozide/px4_sitl_ws/install/px4_msgs/share/px4_msgs/cmake)
-- Found sensor_msgs: 4.9.0 (/opt/ros/humble/share/sensor_msgs/cmake)
-- Found nav_msgs: 4.9.0 (/opt/ros/humble/share/nav_msgs/cmake)
-- Found Boost: /usr/lib/x86_64-linux-gnu/cmake/Boost-1.74.0/BoostConfig.cmake (found version "1.74.0") found components: serialization filesystem system 
-- Found ompl: /opt/ros/humble/include/ompl-1.7;/usr/include;/usr/include/eigen3  
-- Found ament_lint_auto: 0.12.14 (/opt/ros/humble/share/ament_lint_auto/cmake)
-- Added test 'cppcheck' to perform static code analysis on C / C++ code
-- Configured cppcheck include dirs: /home/azidozide/px4_sitl_ws/src/mapping/src
-- Configured cppcheck exclude dirs and/or files: 
-- Added test 'lint_cmake' to check CMake code style
-- Added test 'uncrustify' to check C / C++ code style
-- Configured uncrustify additional arguments: 
-- Added test 'xmllint' to check XML markup files
-- Configuring done
-- Generating done
-- Build files have been written to: /home/azidozide/px4_sitl_ws/build/mapping
[35m[1mConsolidate compiler generated dependencies of target integrated_drone_mapping_node[0m
[35m[1mConsolidate compiler generated dependencies of target corridor_gen_correct[0m
[ 16%] [32mBuilding CXX object CMakeFiles/gcopter_trajectory_planner.dir/src/planner.cpp.o[0m
[ 50%] Built target integrated_drone_mapping_node
[ 83%] Built target corridor_gen_correct
In file included from [01m[K/home/azidozide/px4_sitl_ws/src/mapping/src/planner.cpp:13[m[K:
[01m[K/home/azidozide/px4_sitl_ws/src/mapping/src/gcopter.hpp:[m[K In static member function ‘[01m[Kstatic void gcopter::GCOPTER_PolytopeSFC::attachPenaltyFunctional(const VectorXd&, const MatrixX3d&, const VectorXi&, const PolyhedraH&, const double&, const int&, const VectorXd&, const VectorXd&, flatness::FlatnessMap&, double&, Eigen::VectorXd&, Eigen::MatrixX3d&)[m[K’:
[01m[K/home/azidozide/px4_sitl_ws/src/mapping/src/gcopter.hpp:367:36:[m[K [01;35m[Kwarning: [m[Kvariable ‘[01m[Ks5[m[K’ set but not used [[01;35m[K-Wunused-but-set-variable[m[K]
  367 |             double s1, s2, s3, s4, [01;35m[Ks5[m[K;
      |                                    [01;35m[K^~[m[K
In file included from [01m[K/opt/ros/humble/include/rclcpp/rclcpp/logging.hpp:24[m[K,
                 from [01m[K/opt/ros/humble/include/rclcpp/rclcpp/client.hpp:40[m[K,
                 from [01m[K/opt/ros/humble/include/rclcpp/rclcpp/callback_group.hpp:24[m[K,
                 from [01m[K/opt/ros/humble/include/rclcpp/rclcpp/any_executable.hpp:20[m[K,
                 from [01m[K/opt/ros/humble/include/rclcpp/rclcpp/memory_strategy.hpp:25[m[K,
                 from [01m[K/opt/ros/humble/include/rclcpp/rclcpp/memory_strategies.hpp:18[m[K,
                 from [01m[K/opt/ros/humble/include/rclcpp/rclcpp/executor_options.hpp:20[m[K,
                 from [01m[K/opt/ros/humble/include/rclcpp/rclcpp/executor.hpp:37[m[K,
                 from [01m[K/opt/ros/humble/include/rclcpp/rclcpp/executors/multi_threaded_executor.hpp:25[m[K,
                 from [01m[K/opt/ros/humble/include/rclcpp/rclcpp/executors.hpp:21[m[K,
                 from [01m[K/opt/ros/humble/include/rclcpp/rclcpp/rclcpp.hpp:155[m[K,
                 from [01m[K/home/azidozide/px4_sitl_ws/src/mapping/src/planner.cpp:7[m[K:
[01m[K/home/azidozide/px4_sitl_ws/src/mapping/src/planner.cpp:[m[K In function ‘[01m[Kint main(int, char**)[m[K’:
[01m[K/home/azidozide/px4_sitl_ws/src/mapping/src/planner.cpp:262:40:[m[K [01;35m[Kwarning: [m[Kformat ‘[01m[K%zu[m[K’ expects argument of type ‘[01m[Ksize_t[m[K’, but argument 5 has type ‘[01m[Kint[m[K’ [[01;35m[K-Wformat=[m[K]
  262 |     RCLCPP_INFO(planner->get_logger(), [01;35m[K"📡 /corridor_h_matrix → %zuHz 3D trajectories"[m[K, [32m[K10[m[K);
      |                                        [01;35m[K^~~~~~~~~~~~~~~~~~~~~~~~~~~~~~~~~~~~~~~~~~~~~~~[m[K  [32m[K~~[m[K
      |                                                                                         [32m[K|[m[K
      |                                                                                         [32m[Kint[m[K
[01m[K/home/azidozide/px4_sitl_ws/src/mapping/src/planner.cpp:262:67:[m[K [01;36m[Knote: [m[Kformat string is defined here
  262 |     RCLCPP_INFO(planner->get_logger(), "📡 /corridor_h_matrix → [01;36m[K%zu[m[KHz 3D trajectories", 10);
      |                                                                 [01;36m[K~~^[m[K
      |                                                                   [01;36m[K|[m[K
      |                                                                   [01;36m[Klong unsigned int[m[K
      |                                                                 [32m[K%u[m[K
[100%] [32m[1mLinking CXX executable gcopter_trajectory_planner[0m
[100%] Built target gcopter_trajectory_planner
-- Install configuration: ""
-- Up-to-date: /home/azidozide/px4_sitl_ws/install/mapping/lib/mapping/integrated_drone_mapping_node
-- Installing: /home/azidozide/px4_sitl_ws/install/mapping/lib/mapping/corridor_gen_correct
-- Set runtime path of "/home/azidozide/px4_sitl_ws/install/mapping/lib/mapping/corridor_gen_correct" to ""
-- Installing: /home/azidozide/px4_sitl_ws/install/mapping/lib/mapping/gcopter_trajectory_planner
-- Set runtime path of "/home/azidozide/px4_sitl_ws/install/mapping/lib/mapping/gcopter_trajectory_planner" to ""
-- Installing: /home/azidozide/px4_sitl_ws/install/mapping/share/ament_index/resource_index/package_run_dependencies/mapping
-- Up-to-date: /home/azidozide/px4_sitl_ws/install/mapping/share/ament_index/resource_index/parent_prefix_path/mapping
-- Up-to-date: /home/azidozide/px4_sitl_ws/install/mapping/share/mapping/environment/ament_prefix_path.sh
-- Installing: /home/azidozide/px4_sitl_ws/install/mapping/share/mapping/environment/ament_prefix_path.dsv
-- Up-to-date: /home/azidozide/px4_sitl_ws/install/mapping/share/mapping/environment/path.sh
-- Installing: /home/azidozide/px4_sitl_ws/install/mapping/share/mapping/environment/path.dsv
-- Up-to-date: /home/azidozide/px4_sitl_ws/install/mapping/share/mapping/local_setup.bash
-- Up-to-date: /home/azidozide/px4_sitl_ws/install/mapping/share/mapping/local_setup.sh
-- Up-to-date: /home/azidozide/px4_sitl_ws/install/mapping/share/mapping/local_setup.zsh
-- Installing: /home/azidozide/px4_sitl_ws/install/mapping/share/mapping/local_setup.dsv
-- Installing: /home/azidozide/px4_sitl_ws/install/mapping/share/mapping/package.dsv
-- Up-to-date: /home/azidozide/px4_sitl_ws/install/mapping/share/ament_index/resource_index/packages/mapping
-- Up-to-date: /home/azidozide/px4_sitl_ws/install/mapping/share/mapping/cmake/mappingConfig.cmake
-- Up-to-date: /home/azidozide/px4_sitl_ws/install/mapping/share/mapping/cmake/mappingConfig-version.cmake
-- Installing: /home/azidozide/px4_sitl_ws/install/mapping/share/mapping/package.xml
