[0.026s] Invoking command in '/home/azidozide/px4_sitl_ws/build/mine_mapping': CMAKE_PREFIX_PATH=/home/azidozide/px4_sitl_ws/install/object_tracking_cpp:/home/azidozide/px4_sitl_ws/install/object_tracker:/opt/ros/humble:/home/azidozide/px4_sitl_ws/install/swarm_control:/home/azidozide/px4_sitl_ws/install/mapping:/home/azidozide/px4_sitl_ws/install/integrated_drone_mapping:/home/azidozide/px4_sitl_ws/install/px4_msgs:/home/azidozide/px4_sitl_ws/install/mine_mapping /usr/bin/cmake --build /home/azidozide/px4_sitl_ws/build/mine_mapping -- -j24 -l24
[0.091s] [ 50%] Built target map_generator
[0.119s] [100%] Built target mine_mapper
[0.308s] Invoked command in '/home/azidozide/px4_sitl_ws/build/mine_mapping' returned '0': CMAKE_PREFIX_PATH=/home/azidozide/px4_sitl_ws/install/object_tracking_cpp:/home/azidozide/px4_sitl_ws/install/object_tracker:/opt/ros/humble:/home/azidozide/px4_sitl_ws/install/swarm_control:/home/azidozide/px4_sitl_ws/install/mapping:/home/azidozide/px4_sitl_ws/install/integrated_drone_mapping:/home/azidozide/px4_sitl_ws/install/px4_msgs:/home/azidozide/px4_sitl_ws/install/mine_mapping /usr/bin/cmake --build /home/azidozide/px4_sitl_ws/build/mine_mapping -- -j24 -l24
[0.318s] Invoking command in '/home/azidozide/px4_sitl_ws/build/mine_mapping': CMAKE_PREFIX_PATH=/home/azidozide/px4_sitl_ws/install/object_tracking_cpp:/home/azidozide/px4_sitl_ws/install/object_tracker:/opt/ros/humble:/home/azidozide/px4_sitl_ws/install/swarm_control:/home/azidozide/px4_sitl_ws/install/mapping:/home/azidozide/px4_sitl_ws/install/integrated_drone_mapping:/home/azidozide/px4_sitl_ws/install/px4_msgs:/home/azidozide/px4_sitl_ws/install/mine_mapping /usr/bin/cmake --install /home/azidozide/px4_sitl_ws/build/mine_mapping
[0.326s] -- Install configuration: ""
[0.326s] -- Up-to-date: /home/azidozide/px4_sitl_ws/install/mine_mapping/lib/mine_mapping/mine_mapper
[0.326s] -- Up-to-date: /home/azidozide/px4_sitl_ws/install/mine_mapping/lib/libmap_generator.so
[0.326s] -- Up-to-date: /home/azidozide/px4_sitl_ws/install/mine_mapping/include/mine_mapping
[0.326s] -- Up-to-date: /home/azidozide/px4_sitl_ws/install/mine_mapping/include/mine_mapping/map_generator.hpp
[0.326s] -- Up-to-date: /home/azidozide/px4_sitl_ws/install/mine_mapping/share/ament_index/resource_index/package_run_dependencies/mine_mapping
[0.326s] -- Up-to-date: /home/azidozide/px4_sitl_ws/install/mine_mapping/share/ament_index/resource_index/parent_prefix_path/mine_mapping
[0.326s] -- Up-to-date: /home/azidozide/px4_sitl_ws/install/mine_mapping/share/mine_mapping/environment/ament_prefix_path.sh
[0.326s] -- Up-to-date: /home/azidozide/px4_sitl_ws/install/mine_mapping/share/mine_mapping/environment/ament_prefix_path.dsv
[0.326s] -- Up-to-date: /home/azidozide/px4_sitl_ws/install/mine_mapping/share/mine_mapping/environment/path.sh
[0.326s] -- Up-to-date: /home/azidozide/px4_sitl_ws/install/mine_mapping/share/mine_mapping/environment/path.dsv
[0.326s] -- Up-to-date: /home/azidozide/px4_sitl_ws/install/mine_mapping/share/mine_mapping/local_setup.bash
[0.326s] -- Up-to-date: /home/azidozide/px4_sitl_ws/install/mine_mapping/share/mine_mapping/local_setup.sh
[0.326s] -- Up-to-date: /home/azidozide/px4_sitl_ws/install/mine_mapping/share/mine_mapping/local_setup.zsh
[0.326s] -- Up-to-date: /home/azidozide/px4_sitl_ws/install/mine_mapping/share/mine_mapping/local_setup.dsv
[0.327s] -- Installing: /home/azidozide/px4_sitl_ws/install/mine_mapping/share/mine_mapping/package.dsv
[0.327s] -- Up-to-date: /home/azidozide/px4_sitl_ws/install/mine_mapping/share/ament_index/resource_index/packages/mine_mapping
[0.327s] -- Up-to-date: /home/azidozide/px4_sitl_ws/install/mine_mapping/share/mine_mapping/cmake/mine_mappingConfig.cmake
[0.327s] -- Up-to-date: /home/azidozide/px4_sitl_ws/install/mine_mapping/share/mine_mapping/cmake/mine_mappingConfig-version.cmake
[0.327s] -- Up-to-date: /home/azidozide/px4_sitl_ws/install/mine_mapping/share/mine_mapping/package.xml
[0.328s] Invoked command in '/home/azidozide/px4_sitl_ws/build/mine_mapping' returned '0': CMAKE_PREFIX_PATH=/home/azidozide/px4_sitl_ws/install/object_tracking_cpp:/home/azidozide/px4_sitl_ws/install/object_tracker:/opt/ros/humble:/home/azidozide/px4_sitl_ws/install/swarm_control:/home/azidozide/px4_sitl_ws/install/mapping:/home/azidozide/px4_sitl_ws/install/integrated_drone_mapping:/home/azidozide/px4_sitl_ws/install/px4_msgs:/home/azidozide/px4_sitl_ws/install/mine_mapping /usr/bin/cmake --install /home/azidozide/px4_sitl_ws/build/mine_mapping
