[35m[1mConsolidate compiler generated dependencies of target corridor_gen_correct[0m
[ 50%] Built target integrated_drone_mapping_node
[ 75%] [32mBuilding CXX object CMakeFiles/corridor_gen_correct.dir/src/corridor_gen_correct.cpp.o[0m
[100%] [32m[1mLinking CXX executable corridor_gen_correct[0m
[100%] Built target corridor_gen_correct
-- Install configuration: ""
-- Up-to-date: /home/azidozide/px4_sitl_ws/install/mapping/lib/mapping/integrated_drone_mapping_node
-- Installing: /home/azidozide/px4_sitl_ws/install/mapping/lib/mapping/corridor_gen_correct
-- Set runtime path of "/home/azidozide/px4_sitl_ws/install/mapping/lib/mapping/corridor_gen_correct" to ""
-- Up-to-date: /home/azidozide/px4_sitl_ws/install/mapping/share/ament_index/resource_index/package_run_dependencies/mapping
-- Up-to-date: /home/azidozide/px4_sitl_ws/install/mapping/share/ament_index/resource_index/parent_prefix_path/mapping
-- Up-to-date: /home/azidozide/px4_sitl_ws/install/mapping/share/mapping/environment/ament_prefix_path.sh
-- Up-to-date: /home/azidozide/px4_sitl_ws/install/mapping/share/mapping/environment/ament_prefix_path.dsv
-- Up-to-date: /home/azidozide/px4_sitl_ws/install/mapping/share/mapping/environment/path.sh
-- Up-to-date: /home/azidozide/px4_sitl_ws/install/mapping/share/mapping/environment/path.dsv
-- Up-to-date: /home/azidozide/px4_sitl_ws/install/mapping/share/mapping/local_setup.bash
-- Up-to-date: /home/azidozide/px4_sitl_ws/install/mapping/share/mapping/local_setup.sh
-- Up-to-date: /home/azidozide/px4_sitl_ws/install/mapping/share/mapping/local_setup.zsh
-- Up-to-date: /home/azidozide/px4_sitl_ws/install/mapping/share/mapping/local_setup.dsv
-- Installing: /home/azidozide/px4_sitl_ws/install/mapping/share/mapping/package.dsv
-- Up-to-date: /home/azidozide/px4_sitl_ws/install/mapping/share/ament_index/resource_index/packages/mapping
-- Up-to-date: /home/azidozide/px4_sitl_ws/install/mapping/share/mapping/cmake/mappingConfig.cmake
-- Up-to-date: /home/azidozide/px4_sitl_ws/install/mapping/share/mapping/cmake/mappingConfig-version.cmake
-- Up-to-date: /home/azidozide/px4_sitl_ws/install/mapping/share/mapping/package.xml
