[0.223s] Invoking command in '/home/azidozide/px4_sitl_ws/build/mine_mapping': CMAKE_PREFIX_PATH=${CMAKE_PREFIX_PATH}:/home/azidozide/px4_sitl_ws/install/object_tracker:/home/azidozide/px4_sitl_ws/install/mapping:/opt/ros/humble /usr/bin/cmake --build /home/azidozide/px4_sitl_ws/build/mine_mapping -- -j24 -l24
[0.451s] [35m[1mConsolidate compiler generated dependencies of target map_generator[0m
[0.451s] [ 25%] [32mBuilding CXX object CMakeFiles/map_generator.dir/src/map_generator.cpp.o[0m
[2.841s] [01m[K/home/azidozide/px4_sitl_ws/src/mine_mapping/src/map_generator.cpp:[m[K In member function ‘[01m[KMineLocation MapGen::pixel_to_world(double, double, DronePose&)[m[K’:
[2.841s] [01m[K/home/azidozide/px4_sitl_ws/src/mine_mapping/src/map_generator.cpp:25:12:[m[K [01;35m[Kwarning: [m[Kunused variable ‘[01m[Kcam_z[m[K’ [[01;35m[K]8;;https://gcc.gnu.org/onlinedocs/gcc/Warning-Options.html#index-Wunused-variable-Wunused-variable]8;;[m[K]
[2.841s]    25 |     double [01;35m[Kcam_z[m[K = depth;
[2.842s]       |            [01;35m[K^~~~~[m[K
[4.086s] [ 50%] [32m[1mLinking CXX shared library libmap_generator.so[0m
[4.223s] [ 50%] Built target map_generator
[4.256s] [ 75%] [32m[1mLinking CXX executable mine_mapper[0m
[4.952s] [100%] Built target mine_mapper
[4.963s] Invoked command in '/home/azidozide/px4_sitl_ws/build/mine_mapping' returned '0': CMAKE_PREFIX_PATH=${CMAKE_PREFIX_PATH}:/home/azidozide/px4_sitl_ws/install/object_tracker:/home/azidozide/px4_sitl_ws/install/mapping:/opt/ros/humble /usr/bin/cmake --build /home/azidozide/px4_sitl_ws/build/mine_mapping -- -j24 -l24
[4.965s] Invoking command in '/home/azidozide/px4_sitl_ws/build/mine_mapping': CMAKE_PREFIX_PATH=${CMAKE_PREFIX_PATH}:/home/azidozide/px4_sitl_ws/install/object_tracker:/home/azidozide/px4_sitl_ws/install/mapping:/opt/ros/humble /usr/bin/cmake --install /home/azidozide/px4_sitl_ws/build/mine_mapping
[4.977s] -- Install configuration: ""
[4.977s] -- Installing: /home/azidozide/px4_sitl_ws/install/mine_mapping/lib/mine_mapping/mine_mapper
[4.982s] -- Set runtime path of "/home/azidozide/px4_sitl_ws/install/mine_mapping/lib/mine_mapping/mine_mapper" to ""
[4.982s] -- Installing: /home/azidozide/px4_sitl_ws/install/mine_mapping/lib/libmap_generator.so
[4.983s] -- Set runtime path of "/home/azidozide/px4_sitl_ws/install/mine_mapping/lib/libmap_generator.so" to ""
[4.983s] -- Up-to-date: /home/azidozide/px4_sitl_ws/install/mine_mapping/include/mine_mapping
[4.983s] -- Up-to-date: /home/azidozide/px4_sitl_ws/install/mine_mapping/include/mine_mapping/map_generator.hpp
[4.984s] -- Up-to-date: /home/azidozide/px4_sitl_ws/install/mine_mapping/share/ament_index/resource_index/package_run_dependencies/mine_mapping
[4.984s] -- Up-to-date: /home/azidozide/px4_sitl_ws/install/mine_mapping/share/ament_index/resource_index/parent_prefix_path/mine_mapping
[4.984s] -- Up-to-date: /home/azidozide/px4_sitl_ws/install/mine_mapping/share/mine_mapping/environment/ament_prefix_path.sh
[4.984s] -- Up-to-date: /home/azidozide/px4_sitl_ws/install/mine_mapping/share/mine_mapping/environment/ament_prefix_path.dsv
[4.984s] -- Up-to-date: /home/azidozide/px4_sitl_ws/install/mine_mapping/share/mine_mapping/environment/path.sh
[4.984s] -- Up-to-date: /home/azidozide/px4_sitl_ws/install/mine_mapping/share/mine_mapping/environment/path.dsv
[4.984s] -- Up-to-date: /home/azidozide/px4_sitl_ws/install/mine_mapping/share/mine_mapping/local_setup.bash
[4.984s] -- Up-to-date: /home/azidozide/px4_sitl_ws/install/mine_mapping/share/mine_mapping/local_setup.sh
[4.984s] -- Up-to-date: /home/azidozide/px4_sitl_ws/install/mine_mapping/share/mine_mapping/local_setup.zsh
[4.984s] -- Up-to-date: /home/azidozide/px4_sitl_ws/install/mine_mapping/share/mine_mapping/local_setup.dsv
[4.984s] -- Installing: /home/azidozide/px4_sitl_ws/install/mine_mapping/share/mine_mapping/package.dsv
[4.984s] -- Up-to-date: /home/azidozide/px4_sitl_ws/install/mine_mapping/share/ament_index/resource_index/packages/mine_mapping
[4.984s] -- Up-to-date: /home/azidozide/px4_sitl_ws/install/mine_mapping/share/mine_mapping/cmake/mine_mappingConfig.cmake
[4.985s] -- Up-to-date: /home/azidozide/px4_sitl_ws/install/mine_mapping/share/mine_mapping/cmake/mine_mappingConfig-version.cmake
[4.985s] -- Up-to-date: /home/azidozide/px4_sitl_ws/install/mine_mapping/share/mine_mapping/package.xml
[4.987s] Invoked command in '/home/azidozide/px4_sitl_ws/build/mine_mapping' returned '0': CMAKE_PREFIX_PATH=${CMAKE_PREFIX_PATH}:/home/azidozide/px4_sitl_ws/install/object_tracker:/home/azidozide/px4_sitl_ws/install/mapping:/opt/ros/humble /usr/bin/cmake --install /home/azidozide/px4_sitl_ws/build/mine_mapping
