-- Found ament_cmake: 1.3.12 (/opt/ros/humble/share/ament_cmake/cmake)
-- Found rosidl_default_generators: 1.2.0 (/opt/ros/humble/share/rosidl_default_generators/cmake)
-- Using all available rosidl_typesupport_c: rosidl_typesupport_fastrtps_c;rosidl_typesupport_introspection_c
-- Found rosidl_adapter: 3.1.7 (/opt/ros/humble/share/rosidl_adapter/cmake)
-- Using all available rosidl_typesupport_cpp: rosidl_typesupport_fastrtps_cpp;rosidl_typesupport_introspection_cpp
-- Found ament_cmake_ros: 0.10.0 (/opt/ros/humble/share/ament_cmake_ros/cmake)
-- Using all available rosidl_typesupport_c: rosidl_typesupport_fastrtps_c;rosidl_typesupport_introspection_c
-- Using all available rosidl_typesupport_cpp: rosidl_typesupport_fastrtps_cpp;rosidl_typesupport_introspection_cpp
-- Found python_cmake_module: 0.10.0 (/opt/ros/humble/share/python_cmake_module/cmake)
-- Using PYTHON_EXECUTABLE: /usr/bin/python3
-- Using PYTHON_INCLUDE_DIRS: /usr/include/python3.10
-- Using PYTHON_LIBRARIES: /usr/lib/x86_64-linux-gnu/libpython3.10.so
-- Configuring done
-- Generating done
-- Build files have been written to: /home/azidozide/px4_sitl_ws/build/swarm_control
[  3%] [34m[1mGenerating C code for ROS interfaces[0m
[  6%] [34m[1mGenerating C++ code for ROS interfaces[0m
[  6%] Built target ament_cmake_python_copy_swarm_control
[  6%] Built target swarm_control__cpp
[  9%] [34m[1mGenerating C++ type support dispatch for ROS interfaces[0m
[ 16%] [34m[1mGenerating C++ introspection for ROS interfaces[0m
[ 16%] [34m[1mGenerating C++ type support for eProsima Fast-RTPS[0m
running egg_info
creating swarm_control.egg-info
writing swarm_control.egg-info/PKG-INFO
writing dependency_links to swarm_control.egg-info/dependency_links.txt
writing top-level names to swarm_control.egg-info/top_level.txt
[ 19%] [32mBuilding C object CMakeFiles/swarm_control__rosidl_generator_c.dir/rosidl_generator_c/swarm_control/msg/detail/mother_state__functions.c.o[0m
writing manifest file 'swarm_control.egg-info/SOURCES.txt'
reading manifest file 'swarm_control.egg-info/SOURCES.txt'
writing manifest file 'swarm_control.egg-info/SOURCES.txt'
[ 19%] Built target ament_cmake_python_build_swarm_control_egg
[ 22%] [32m[1mLinking C shared library libswarm_control__rosidl_generator_c.so[0m
[ 22%] Built target swarm_control__rosidl_generator_c
[ 25%] [34m[1mGenerating C type support dispatch for ROS interfaces[0m
[ 32%] [34m[1mGenerating C introspection for ROS interfaces[0m
[ 32%] [34m[1mGenerating C type support for eProsima Fast-RTPS[0m
[ 35%] [32mBuilding CXX object CMakeFiles/swarm_control__rosidl_typesupport_cpp.dir/rosidl_typesupport_cpp/swarm_control/msg/mother_state__type_support.cpp.o[0m
[ 38%] [32mBuilding CXX object CMakeFiles/swarm_control__rosidl_typesupport_fastrtps_cpp.dir/rosidl_typesupport_fastrtps_cpp/swarm_control/msg/detail/dds_fastrtps/mother_state__type_support.cpp.o[0m
[ 41%] [32mBuilding CXX object CMakeFiles/swarm_control__rosidl_typesupport_introspection_cpp.dir/rosidl_typesupport_introspection_cpp/swarm_control/msg/detail/mother_state__type_support.cpp.o[0m
[ 45%] [32mBuilding CXX object CMakeFiles/swarm_control__rosidl_typesupport_c.dir/rosidl_typesupport_c/swarm_control/msg/mother_state__type_support.cpp.o[0m
[ 48%] [32mBuilding C object CMakeFiles/swarm_control__rosidl_typesupport_introspection_c.dir/rosidl_typesupport_introspection_c/swarm_control/msg/detail/mother_state__type_support.c.o[0m
[ 51%] [32mBuilding CXX object CMakeFiles/swarm_control__rosidl_typesupport_fastrtps_c.dir/rosidl_typesupport_fastrtps_c/swarm_control/msg/detail/mother_state__type_support_c.cpp.o[0m
[ 54%] [32m[1mLinking CXX shared library libswarm_control__rosidl_typesupport_c.so[0m
[ 58%] [32m[1mLinking C shared library libswarm_control__rosidl_typesupport_introspection_c.so[0m
[ 58%] Built target swarm_control__rosidl_typesupport_c
[ 58%] Built target swarm_control__rosidl_typesupport_introspection_c
[ 61%] [32m[1mLinking CXX shared library libswarm_control__rosidl_typesupport_cpp.so[0m
[ 61%] Built target swarm_control__rosidl_typesupport_cpp
[ 64%] [32m[1mLinking CXX shared library libswarm_control__rosidl_typesupport_fastrtps_cpp.so[0m
[ 67%] [32m[1mLinking CXX shared library libswarm_control__rosidl_typesupport_introspection_cpp.so[0m
[ 67%] Built target swarm_control__rosidl_typesupport_introspection_cpp
[ 67%] Built target swarm_control__rosidl_typesupport_fastrtps_cpp
[ 70%] [32m[1mLinking CXX shared library libswarm_control__rosidl_typesupport_fastrtps_c.so[0m
[ 70%] Built target swarm_control__rosidl_typesupport_fastrtps_c
[ 70%] Built target swarm_control
[ 74%] [34m[1mGenerating Python code for ROS interfaces[0m
[ 74%] Built target swarm_control__py
[ 77%] [32mBuilding C object CMakeFiles/swarm_control__rosidl_generator_py.dir/rosidl_generator_py/swarm_control/msg/_mother_state_s.c.o[0m
[ 80%] [32m[1mLinking C shared library rosidl_generator_py/swarm_control/libswarm_control__rosidl_generator_py.so[0m
[ 80%] Built target swarm_control__rosidl_generator_py
[ 87%] [32mBuilding C object CMakeFiles/swarm_control__rosidl_typesupport_fastrtps_c__pyext.dir/rosidl_generator_py/swarm_control/_swarm_control_s.ep.rosidl_typesupport_fastrtps_c.c.o[0m
[ 87%] [32mBuilding C object CMakeFiles/swarm_control__rosidl_typesupport_c__pyext.dir/rosidl_generator_py/swarm_control/_swarm_control_s.ep.rosidl_typesupport_c.c.o[0m
[ 90%] [32mBuilding C object CMakeFiles/swarm_control__rosidl_typesupport_introspection_c__pyext.dir/rosidl_generator_py/swarm_control/_swarm_control_s.ep.rosidl_typesupport_introspection_c.c.o[0m
[ 93%] [32m[1mLinking C shared library rosidl_generator_py/swarm_control/swarm_control_s__rosidl_typesupport_c.cpython-310-x86_64-linux-gnu.so[0m
[ 96%] [32m[1mLinking C shared library rosidl_generator_py/swarm_control/swarm_control_s__rosidl_typesupport_introspection_c.cpython-310-x86_64-linux-gnu.so[0m
[100%] [32m[1mLinking C shared library rosidl_generator_py/swarm_control/swarm_control_s__rosidl_typesupport_fastrtps_c.cpython-310-x86_64-linux-gnu.so[0m
[100%] Built target swarm_control__rosidl_typesupport_c__pyext
[100%] Built target swarm_control__rosidl_typesupport_introspection_c__pyext
[100%] Built target swarm_control__rosidl_typesupport_fastrtps_c__pyext
