[0.087s] DEBUG:colcon:Command line arguments: ['/usr/bin/colcon', 'build']
[0.087s] DEBUG:colcon:Parsed command line arguments: Namespace(log_base=None, log_level=None, verb_name='build', build_base='build', install_base='install', merge_install=False, symlink_install=False, test_result_base=None, continue_on_error=False, executor='parallel', parallel_workers=24, event_handlers=None, ignore_user_meta=False, metas=['./colcon.meta'], base_paths=['.'], packages_ignore=None, packages_ignore_regex=None, paths=None, packages_up_to=None, packages_up_to_regex=None, packages_above=None, packages_above_and_dependencies=None, packages_above_depth=None, packages_select_by_dep=None, packages_skip_by_dep=None, packages_skip_up_to=None, packages_select_build_failed=False, packages_skip_build_finished=False, packages_select_test_failures=False, packages_skip_test_passed=False, packages_select=None, packages_skip=None, packages_select_regex=None, packages_skip_regex=None, packages_start=None, packages_end=None, allow_overriding=[], cmake_args=None, cmake_target=None, cmake_target_skip_unavailable=False, cmake_clean_cache=False, cmake_clean_first=False, cmake_force_configure=False, ament_cmake_args=None, catkin_cmake_args=None, catkin_skip_building_tests=False, mixin_files=None, mixin=None, verb_parser=<colcon_mixin.mixin.mixin_argument.MixinArgumentDecorator object at 0x7ec6d0592590>, verb_extension=<colcon_core.verb.build.BuildVerb object at 0x7ec6d06ab5b0>, main=<bound method BuildVerb.main of <colcon_core.verb.build.BuildVerb object at 0x7ec6d06ab5b0>>, mixin_verb=('build',))
[0.269s] Level 1:colcon.colcon_core.package_discovery:discover_packages(colcon_meta) check parameters
[0.269s] Level 1:colcon.colcon_core.package_discovery:discover_packages(recursive) check parameters
[0.269s] Level 1:colcon.colcon_core.package_discovery:discover_packages(ignore) check parameters
[0.269s] Level 1:colcon.colcon_core.package_discovery:discover_packages(path) check parameters
[0.269s] Level 1:colcon.colcon_core.package_discovery:discover_packages(colcon_meta) discover
[0.269s] Level 1:colcon.colcon_core.package_discovery:discover_packages(recursive) discover
[0.269s] INFO:colcon.colcon_core.package_discovery:Crawling recursively for packages in '/home/azidozide/px4_sitl_ws'
[0.269s] Level 1:colcon.colcon_core.package_identification:_identify(.) by extensions ['ignore', 'ignore_ament_install']
[0.269s] Level 1:colcon.colcon_core.package_identification:_identify(.) by extension 'ignore'
[0.269s] Level 1:colcon.colcon_core.package_identification:_identify(.) by extension 'ignore_ament_install'
[0.269s] Level 1:colcon.colcon_core.package_identification:_identify(.) by extensions ['colcon_pkg']
[0.269s] Level 1:colcon.colcon_core.package_identification:_identify(.) by extension 'colcon_pkg'
[0.269s] Level 1:colcon.colcon_core.package_identification:_identify(.) by extensions ['colcon_meta']
[0.269s] Level 1:colcon.colcon_core.package_identification:_identify(.) by extension 'colcon_meta'
[0.269s] Level 1:colcon.colcon_core.package_identification:_identify(.) by extensions ['ros']
[0.269s] Level 1:colcon.colcon_core.package_identification:_identify(.) by extension 'ros'
[0.281s] Level 1:colcon.colcon_core.package_identification:_identify(.) by extensions ['cmake', 'python']
[0.281s] Level 1:colcon.colcon_core.package_identification:_identify(.) by extension 'cmake'
[0.281s] Level 1:colcon.colcon_core.package_identification:_identify(.) by extension 'python'
[0.281s] Level 1:colcon.colcon_core.package_identification:_identify(.) by extensions ['python_setup_py']
[0.281s] Level 1:colcon.colcon_core.package_identification:_identify(.) by extension 'python_setup_py'
[0.281s] Level 1:colcon.colcon_core.package_identification:_identify(build) by extensions ['ignore', 'ignore_ament_install']
[0.281s] Level 1:colcon.colcon_core.package_identification:_identify(build) by extension 'ignore'
[0.282s] Level 1:colcon.colcon_core.package_identification:_identify(build) ignored
[0.282s] Level 1:colcon.colcon_core.package_identification:_identify(install) by extensions ['ignore', 'ignore_ament_install']
[0.282s] Level 1:colcon.colcon_core.package_identification:_identify(install) by extension 'ignore'
[0.282s] Level 1:colcon.colcon_core.package_identification:_identify(install) ignored
[0.282s] Level 1:colcon.colcon_core.package_identification:_identify(log) by extensions ['ignore', 'ignore_ament_install']
[0.282s] Level 1:colcon.colcon_core.package_identification:_identify(log) by extension 'ignore'
[0.282s] Level 1:colcon.colcon_core.package_identification:_identify(log) ignored
[0.282s] Level 1:colcon.colcon_core.package_identification:_identify(src) by extensions ['ignore', 'ignore_ament_install']
[0.282s] Level 1:colcon.colcon_core.package_identification:_identify(src) by extension 'ignore'
[0.282s] Level 1:colcon.colcon_core.package_identification:_identify(src) by extension 'ignore_ament_install'
[0.282s] Level 1:colcon.colcon_core.package_identification:_identify(src) by extensions ['colcon_pkg']
[0.282s] Level 1:colcon.colcon_core.package_identification:_identify(src) by extension 'colcon_pkg'
[0.282s] Level 1:colcon.colcon_core.package_identification:_identify(src) by extensions ['colcon_meta']
[0.282s] Level 1:colcon.colcon_core.package_identification:_identify(src) by extension 'colcon_meta'
[0.282s] Level 1:colcon.colcon_core.package_identification:_identify(src) by extensions ['ros']
[0.282s] Level 1:colcon.colcon_core.package_identification:_identify(src) by extension 'ros'
[0.282s] Level 1:colcon.colcon_core.package_identification:_identify(src) by extensions ['cmake', 'python']
[0.282s] Level 1:colcon.colcon_core.package_identification:_identify(src) by extension 'cmake'
[0.282s] Level 1:colcon.colcon_core.package_identification:_identify(src) by extension 'python'
[0.282s] Level 1:colcon.colcon_core.package_identification:_identify(src) by extensions ['python_setup_py']
[0.282s] Level 1:colcon.colcon_core.package_identification:_identify(src) by extension 'python_setup_py'
[0.282s] Level 1:colcon.colcon_core.package_identification:_identify(src/build) by extensions ['ignore', 'ignore_ament_install']
[0.282s] Level 1:colcon.colcon_core.package_identification:_identify(src/build) by extension 'ignore'
[0.283s] Level 1:colcon.colcon_core.package_identification:_identify(src/build) ignored
[0.283s] Level 1:colcon.colcon_core.package_identification:_identify(src/install) by extensions ['ignore', 'ignore_ament_install']
[0.283s] Level 1:colcon.colcon_core.package_identification:_identify(src/install) by extension 'ignore'
[0.283s] Level 1:colcon.colcon_core.package_identification:_identify(src/install) ignored
[0.283s] Level 1:colcon.colcon_core.package_identification:_identify(src/log) by extensions ['ignore', 'ignore_ament_install']
[0.283s] Level 1:colcon.colcon_core.package_identification:_identify(src/log) by extension 'ignore'
[0.283s] Level 1:colcon.colcon_core.package_identification:_identify(src/log) ignored
[0.283s] Level 1:colcon.colcon_core.package_identification:_identify(src/mapping) by extensions ['ignore', 'ignore_ament_install']
[0.283s] Level 1:colcon.colcon_core.package_identification:_identify(src/mapping) by extension 'ignore'
[0.283s] Level 1:colcon.colcon_core.package_identification:_identify(src/mapping) by extension 'ignore_ament_install'
[0.283s] Level 1:colcon.colcon_core.package_identification:_identify(src/mapping) by extensions ['colcon_pkg']
[0.283s] Level 1:colcon.colcon_core.package_identification:_identify(src/mapping) by extension 'colcon_pkg'
[0.283s] Level 1:colcon.colcon_core.package_identification:_identify(src/mapping) by extensions ['colcon_meta']
[0.283s] Level 1:colcon.colcon_core.package_identification:_identify(src/mapping) by extension 'colcon_meta'
[0.283s] Level 1:colcon.colcon_core.package_identification:_identify(src/mapping) by extensions ['ros']
[0.283s] Level 1:colcon.colcon_core.package_identification:_identify(src/mapping) by extension 'ros'
[0.285s] DEBUG:colcon.colcon_core.package_identification:Package 'src/mapping' with type 'ros.ament_python' and name 'mapping'
[0.286s] Level 1:colcon.colcon_core.package_identification:_identify(src/mine_mapping) by extensions ['ignore', 'ignore_ament_install']
[0.286s] Level 1:colcon.colcon_core.package_identification:_identify(src/mine_mapping) by extension 'ignore'
[0.286s] Level 1:colcon.colcon_core.package_identification:_identify(src/mine_mapping) by extension 'ignore_ament_install'
[0.286s] Level 1:colcon.colcon_core.package_identification:_identify(src/mine_mapping) by extensions ['colcon_pkg']
[0.286s] Level 1:colcon.colcon_core.package_identification:_identify(src/mine_mapping) by extension 'colcon_pkg'
[0.286s] Level 1:colcon.colcon_core.package_identification:_identify(src/mine_mapping) by extensions ['colcon_meta']
[0.286s] Level 1:colcon.colcon_core.package_identification:_identify(src/mine_mapping) by extension 'colcon_meta'
[0.286s] Level 1:colcon.colcon_core.package_identification:_identify(src/mine_mapping) by extensions ['ros']
[0.286s] Level 1:colcon.colcon_core.package_identification:_identify(src/mine_mapping) by extension 'ros'
[0.286s] DEBUG:colcon.colcon_core.package_identification:Package 'src/mine_mapping' with type 'ros.ament_cmake' and name 'mine_mapping'
[0.286s] Level 1:colcon.colcon_core.package_identification:_identify(src/object_tracker) by extensions ['ignore', 'ignore_ament_install']
[0.286s] Level 1:colcon.colcon_core.package_identification:_identify(src/object_tracker) by extension 'ignore'
[0.286s] Level 1:colcon.colcon_core.package_identification:_identify(src/object_tracker) by extension 'ignore_ament_install'
[0.287s] Level 1:colcon.colcon_core.package_identification:_identify(src/object_tracker) by extensions ['colcon_pkg']
[0.287s] Level 1:colcon.colcon_core.package_identification:_identify(src/object_tracker) by extension 'colcon_pkg'
[0.287s] Level 1:colcon.colcon_core.package_identification:_identify(src/object_tracker) by extensions ['colcon_meta']
[0.287s] Level 1:colcon.colcon_core.package_identification:_identify(src/object_tracker) by extension 'colcon_meta'
[0.287s] Level 1:colcon.colcon_core.package_identification:_identify(src/object_tracker) by extensions ['ros']
[0.287s] Level 1:colcon.colcon_core.package_identification:_identify(src/object_tracker) by extension 'ros'
[0.287s] DEBUG:colcon.colcon_core.package_identification:Package 'src/object_tracker' with type 'ros.ament_python' and name 'object_tracker'
[0.287s] Level 1:colcon.colcon_core.package_identification:_identify(src/px4_msgs) by extensions ['ignore', 'ignore_ament_install']
[0.287s] Level 1:colcon.colcon_core.package_identification:_identify(src/px4_msgs) by extension 'ignore'
[0.287s] Level 1:colcon.colcon_core.package_identification:_identify(src/px4_msgs) by extension 'ignore_ament_install'
[0.287s] Level 1:colcon.colcon_core.package_identification:_identify(src/px4_msgs) by extensions ['colcon_pkg']
[0.287s] Level 1:colcon.colcon_core.package_identification:_identify(src/px4_msgs) by extension 'colcon_pkg'
[0.287s] Level 1:colcon.colcon_core.package_identification:_identify(src/px4_msgs) by extensions ['colcon_meta']
[0.287s] Level 1:colcon.colcon_core.package_identification:_identify(src/px4_msgs) by extension 'colcon_meta'
[0.287s] Level 1:colcon.colcon_core.package_identification:_identify(src/px4_msgs) by extensions ['ros']
[0.287s] Level 1:colcon.colcon_core.package_identification:_identify(src/px4_msgs) by extension 'ros'
[0.288s] DEBUG:colcon.colcon_core.package_identification:Package 'src/px4_msgs' with type 'ros.ament_cmake' and name 'px4_msgs'
[0.288s] Level 1:colcon.colcon_core.package_discovery:discover_packages(recursive) using defaults
[0.288s] Level 1:colcon.colcon_core.package_discovery:discover_packages(ignore) discover
[0.288s] Level 1:colcon.colcon_core.package_discovery:discover_packages(ignore) using defaults
[0.288s] Level 1:colcon.colcon_core.package_discovery:discover_packages(path) discover
[0.288s] Level 1:colcon.colcon_core.package_discovery:discover_packages(path) using defaults
[0.305s] Level 1:colcon.colcon_core.package_discovery:discover_packages(prefix_path) check parameters
[0.305s] Level 1:colcon.colcon_core.package_discovery:discover_packages(prefix_path) discover
[0.307s] DEBUG:colcon.colcon_installed_package_information.package_discovery:Found 4 installed packages in /home/azidozide/px4_sitl_ws/install
[0.308s] DEBUG:colcon.colcon_installed_package_information.package_discovery:Found 287 installed packages in /opt/ros/humble
[0.309s] Level 1:colcon.colcon_core.package_discovery:discover_packages(prefix_path) using defaults
[0.342s] Level 5:colcon.colcon_core.verb:set package 'mapping' build argument 'cmake_args' from command line to 'None'
[0.342s] Level 5:colcon.colcon_core.verb:set package 'mapping' build argument 'cmake_target' from command line to 'None'
[0.342s] Level 5:colcon.colcon_core.verb:set package 'mapping' build argument 'cmake_target_skip_unavailable' from command line to 'False'
[0.342s] Level 5:colcon.colcon_core.verb:set package 'mapping' build argument 'cmake_clean_cache' from command line to 'False'
[0.342s] Level 5:colcon.colcon_core.verb:set package 'mapping' build argument 'cmake_clean_first' from command line to 'False'
[0.342s] Level 5:colcon.colcon_core.verb:set package 'mapping' build argument 'cmake_force_configure' from command line to 'False'
[0.342s] Level 5:colcon.colcon_core.verb:set package 'mapping' build argument 'ament_cmake_args' from command line to 'None'
[0.342s] Level 5:colcon.colcon_core.verb:set package 'mapping' build argument 'catkin_cmake_args' from command line to 'None'
[0.342s] Level 5:colcon.colcon_core.verb:set package 'mapping' build argument 'catkin_skip_building_tests' from command line to 'False'
[0.342s] DEBUG:colcon.colcon_core.verb:Building package 'mapping' with the following arguments: {'ament_cmake_args': None, 'build_base': '/home/azidozide/px4_sitl_ws/build/mapping', 'catkin_cmake_args': None, 'catkin_skip_building_tests': False, 'cmake_args': None, 'cmake_clean_cache': False, 'cmake_clean_first': False, 'cmake_force_configure': False, 'cmake_target': None, 'cmake_target_skip_unavailable': False, 'install_base': '/home/azidozide/px4_sitl_ws/install/mapping', 'merge_install': False, 'path': '/home/azidozide/px4_sitl_ws/src/mapping', 'symlink_install': False, 'test_result_base': None}
[0.343s] Level 5:colcon.colcon_core.verb:set package 'mine_mapping' build argument 'cmake_args' from command line to 'None'
[0.343s] Level 5:colcon.colcon_core.verb:set package 'mine_mapping' build argument 'cmake_target' from command line to 'None'
[0.343s] Level 5:colcon.colcon_core.verb:set package 'mine_mapping' build argument 'cmake_target_skip_unavailable' from command line to 'False'
[0.343s] Level 5:colcon.colcon_core.verb:set package 'mine_mapping' build argument 'cmake_clean_cache' from command line to 'False'
[0.343s] Level 5:colcon.colcon_core.verb:set package 'mine_mapping' build argument 'cmake_clean_first' from command line to 'False'
[0.343s] Level 5:colcon.colcon_core.verb:set package 'mine_mapping' build argument 'cmake_force_configure' from command line to 'False'
[0.343s] Level 5:colcon.colcon_core.verb:set package 'mine_mapping' build argument 'ament_cmake_args' from command line to 'None'
[0.343s] Level 5:colcon.colcon_core.verb:set package 'mine_mapping' build argument 'catkin_cmake_args' from command line to 'None'
[0.343s] Level 5:colcon.colcon_core.verb:set package 'mine_mapping' build argument 'catkin_skip_building_tests' from command line to 'False'
[0.343s] DEBUG:colcon.colcon_core.verb:Building package 'mine_mapping' with the following arguments: {'ament_cmake_args': None, 'build_base': '/home/azidozide/px4_sitl_ws/build/mine_mapping', 'catkin_cmake_args': None, 'catkin_skip_building_tests': False, 'cmake_args': None, 'cmake_clean_cache': False, 'cmake_clean_first': False, 'cmake_force_configure': False, 'cmake_target': None, 'cmake_target_skip_unavailable': False, 'install_base': '/home/azidozide/px4_sitl_ws/install/mine_mapping', 'merge_install': False, 'path': '/home/azidozide/px4_sitl_ws/src/mine_mapping', 'symlink_install': False, 'test_result_base': None}
[0.343s] Level 5:colcon.colcon_core.verb:set package 'object_tracker' build argument 'cmake_args' from command line to 'None'
[0.343s] Level 5:colcon.colcon_core.verb:set package 'object_tracker' build argument 'cmake_target' from command line to 'None'
[0.343s] Level 5:colcon.colcon_core.verb:set package 'object_tracker' build argument 'cmake_target_skip_unavailable' from command line to 'False'
[0.343s] Level 5:colcon.colcon_core.verb:set package 'object_tracker' build argument 'cmake_clean_cache' from command line to 'False'
[0.343s] Level 5:colcon.colcon_core.verb:set package 'object_tracker' build argument 'cmake_clean_first' from command line to 'False'
[0.343s] Level 5:colcon.colcon_core.verb:set package 'object_tracker' build argument 'cmake_force_configure' from command line to 'False'
[0.343s] Level 5:colcon.colcon_core.verb:set package 'object_tracker' build argument 'ament_cmake_args' from command line to 'None'
[0.343s] Level 5:colcon.colcon_core.verb:set package 'object_tracker' build argument 'catkin_cmake_args' from command line to 'None'
[0.343s] Level 5:colcon.colcon_core.verb:set package 'object_tracker' build argument 'catkin_skip_building_tests' from command line to 'False'
[0.343s] DEBUG:colcon.colcon_core.verb:Building package 'object_tracker' with the following arguments: {'ament_cmake_args': None, 'build_base': '/home/azidozide/px4_sitl_ws/build/object_tracker', 'catkin_cmake_args': None, 'catkin_skip_building_tests': False, 'cmake_args': None, 'cmake_clean_cache': False, 'cmake_clean_first': False, 'cmake_force_configure': False, 'cmake_target': None, 'cmake_target_skip_unavailable': False, 'install_base': '/home/azidozide/px4_sitl_ws/install/object_tracker', 'merge_install': False, 'path': '/home/azidozide/px4_sitl_ws/src/object_tracker', 'symlink_install': False, 'test_result_base': None}
[0.343s] Level 5:colcon.colcon_core.verb:set package 'px4_msgs' build argument 'cmake_args' from command line to 'None'
[0.343s] Level 5:colcon.colcon_core.verb:set package 'px4_msgs' build argument 'cmake_target' from command line to 'None'
[0.343s] Level 5:colcon.colcon_core.verb:set package 'px4_msgs' build argument 'cmake_target_skip_unavailable' from command line to 'False'
[0.343s] Level 5:colcon.colcon_core.verb:set package 'px4_msgs' build argument 'cmake_clean_cache' from command line to 'False'
[0.343s] Level 5:colcon.colcon_core.verb:set package 'px4_msgs' build argument 'cmake_clean_first' from command line to 'False'
[0.343s] Level 5:colcon.colcon_core.verb:set package 'px4_msgs' build argument 'cmake_force_configure' from command line to 'False'
[0.343s] Level 5:colcon.colcon_core.verb:set package 'px4_msgs' build argument 'ament_cmake_args' from command line to 'None'
[0.343s] Level 5:colcon.colcon_core.verb:set package 'px4_msgs' build argument 'catkin_cmake_args' from command line to 'None'
[0.343s] Level 5:colcon.colcon_core.verb:set package 'px4_msgs' build argument 'catkin_skip_building_tests' from command line to 'False'
[0.343s] DEBUG:colcon.colcon_core.verb:Building package 'px4_msgs' with the following arguments: {'ament_cmake_args': None, 'build_base': '/home/azidozide/px4_sitl_ws/build/px4_msgs', 'catkin_cmake_args': None, 'catkin_skip_building_tests': False, 'cmake_args': None, 'cmake_clean_cache': False, 'cmake_clean_first': False, 'cmake_force_configure': False, 'cmake_target': None, 'cmake_target_skip_unavailable': False, 'install_base': '/home/azidozide/px4_sitl_ws/install/px4_msgs', 'merge_install': False, 'path': '/home/azidozide/px4_sitl_ws/src/px4_msgs', 'symlink_install': False, 'test_result_base': None}
[0.344s] INFO:colcon.colcon_core.executor:Executing jobs using 'parallel' executor
[0.345s] DEBUG:colcon.colcon_parallel_executor.executor.parallel:run_until_complete
[0.345s] INFO:colcon.colcon_ros.task.ament_python.build:Building ROS package in '/home/azidozide/px4_sitl_ws/src/mapping' with build type 'ament_python'
[0.345s] Level 1:colcon.colcon_core.shell:create_environment_hook('mapping', 'ament_prefix_path')
[0.347s] INFO:colcon.colcon_core.plugin_system:Skipping extension 'colcon_core.shell.bat': Not used on non-Windows systems
[0.347s] INFO:colcon.colcon_core.shell:Creating environment hook '/home/azidozide/px4_sitl_ws/install/mapping/share/mapping/hook/ament_prefix_path.ps1'
[0.348s] INFO:colcon.colcon_core.shell:Creating environment descriptor '/home/azidozide/px4_sitl_ws/install/mapping/share/mapping/hook/ament_prefix_path.dsv'
[0.348s] INFO:colcon.colcon_core.shell:Creating environment hook '/home/azidozide/px4_sitl_ws/install/mapping/share/mapping/hook/ament_prefix_path.sh'
[0.349s] INFO:colcon.colcon_core.shell:Skip shell extension 'powershell' for command environment: Not usable outside of PowerShell
[0.349s] DEBUG:colcon.colcon_core.shell:Skip shell extension 'dsv' for command environment
[0.352s] INFO:colcon.colcon_ros.task.ament_cmake.build:Building ROS package in '/home/azidozide/px4_sitl_ws/src/mine_mapping' with build type 'ament_cmake'
[0.352s] INFO:colcon.colcon_cmake.task.cmake.build:Building CMake package in '/home/azidozide/px4_sitl_ws/src/mine_mapping'
[0.352s] INFO:colcon.colcon_core.shell:Skip shell extension 'powershell' for command environment: Not usable outside of PowerShell
[0.352s] DEBUG:colcon.colcon_core.shell:Skip shell extension 'dsv' for command environment
[0.355s] INFO:colcon.colcon_ros.task.ament_python.build:Building ROS package in '/home/azidozide/px4_sitl_ws/src/object_tracker' with build type 'ament_python'
[0.355s] Level 1:colcon.colcon_core.shell:create_environment_hook('object_tracker', 'ament_prefix_path')
[0.355s] INFO:colcon.colcon_core.shell:Creating environment hook '/home/azidozide/px4_sitl_ws/install/object_tracker/share/object_tracker/hook/ament_prefix_path.ps1'
[0.355s] INFO:colcon.colcon_core.shell:Creating environment descriptor '/home/azidozide/px4_sitl_ws/install/object_tracker/share/object_tracker/hook/ament_prefix_path.dsv'
[0.356s] INFO:colcon.colcon_core.shell:Creating environment hook '/home/azidozide/px4_sitl_ws/install/object_tracker/share/object_tracker/hook/ament_prefix_path.sh'
[0.356s] INFO:colcon.colcon_core.shell:Skip shell extension 'powershell' for command environment: Not usable outside of PowerShell
[0.356s] DEBUG:colcon.colcon_core.shell:Skip shell extension 'dsv' for command environment
[0.359s] INFO:colcon.colcon_ros.task.ament_cmake.build:Building ROS package in '/home/azidozide/px4_sitl_ws/src/px4_msgs' with build type 'ament_cmake'
[0.359s] INFO:colcon.colcon_cmake.task.cmake.build:Building CMake package in '/home/azidozide/px4_sitl_ws/src/px4_msgs'
[0.359s] INFO:colcon.colcon_core.shell:Skip shell extension 'powershell' for command environment: Not usable outside of PowerShell
[0.359s] DEBUG:colcon.colcon_core.shell:Skip shell extension 'dsv' for command environment
[0.606s] INFO:colcon.colcon_core.task.python.build:Building Python package in '/home/azidozide/px4_sitl_ws/src/mapping'
[0.606s] INFO:colcon.colcon_core.shell:Skip shell extension 'powershell' for command environment: Not usable outside of PowerShell
[0.606s] DEBUG:colcon.colcon_core.shell:Skip shell extension 'dsv' for command environment
[0.614s] DEBUG:colcon.colcon_core.event_handler.log_command:Invoking command in '/home/azidozide/px4_sitl_ws/build/mine_mapping': CMAKE_PREFIX_PATH=${CMAKE_PREFIX_PATH}:/home/azidozide/px4_sitl_ws/install/object_tracker:/home/azidozide/px4_sitl_ws/install/mapping:/opt/ros/humble /usr/bin/cmake --build /home/azidozide/px4_sitl_ws/build/mine_mapping -- -j24 -l24
[0.838s] INFO:colcon.colcon_core.task.python.build:Building Python package in '/home/azidozide/px4_sitl_ws/src/object_tracker'
[0.838s] INFO:colcon.colcon_core.shell:Skip shell extension 'powershell' for command environment: Not usable outside of PowerShell
[0.838s] DEBUG:colcon.colcon_core.shell:Skip shell extension 'dsv' for command environment
[0.844s] DEBUG:colcon.colcon_core.event_handler.log_command:Invoking command in '/home/azidozide/px4_sitl_ws/build/px4_msgs': CMAKE_PREFIX_PATH=${CMAKE_PREFIX_PATH}:/home/azidozide/px4_sitl_ws/install/object_tracker:/home/azidozide/px4_sitl_ws/install/mapping:/opt/ros/humble /usr/bin/cmake --build /home/azidozide/px4_sitl_ws/build/px4_msgs -- -j24 -l24
[1.173s] DEBUG:colcon.colcon_core.event_handler.log_command:Invoking command in '/home/azidozide/px4_sitl_ws/src/mapping': PYTHONPATH=/home/azidozide/px4_sitl_ws/build/mapping/prefix_override:/usr/lib/python3/dist-packages/colcon_core/task/python/colcon_distutils_commands:/home/azidozide/px4_sitl_ws/install/mapping/lib/python3.10/site-packages:${PYTHONPATH} /usr/bin/python3 -W ignore:setup.py install is deprecated -W ignore:easy_install command is deprecated setup.py egg_info --egg-base ../../build/mapping build --build-base /home/azidozide/px4_sitl_ws/build/mapping/build install --record /home/azidozide/px4_sitl_ws/build/mapping/install.log --single-version-externally-managed install_data
[1.189s] DEBUG:colcon.colcon_core.event_handler.log_command:Invoking command in '/home/azidozide/px4_sitl_ws/src/object_tracker': PYTHONPATH=/home/azidozide/px4_sitl_ws/build/object_tracker/prefix_override:/usr/lib/python3/dist-packages/colcon_core/task/python/colcon_distutils_commands:/home/azidozide/px4_sitl_ws/install/object_tracker/lib/python3.10/site-packages:${PYTHONPATH} /usr/bin/python3 -W ignore:setup.py install is deprecated -W ignore:easy_install command is deprecated setup.py egg_info --egg-base ../../build/object_tracker build --build-base /home/azidozide/px4_sitl_ws/build/object_tracker/build install --record /home/azidozide/px4_sitl_ws/build/object_tracker/install.log --single-version-externally-managed install_data
[1.456s] DEBUG:colcon.colcon_core.event_handler.log_command:Invoked command in '/home/azidozide/px4_sitl_ws/src/mapping' returned '0': PYTHONPATH=/home/azidozide/px4_sitl_ws/build/mapping/prefix_override:/usr/lib/python3/dist-packages/colcon_core/task/python/colcon_distutils_commands:/home/azidozide/px4_sitl_ws/install/mapping/lib/python3.10/site-packages:${PYTHONPATH} /usr/bin/python3 -W ignore:setup.py install is deprecated -W ignore:easy_install command is deprecated setup.py egg_info --egg-base ../../build/mapping build --build-base /home/azidozide/px4_sitl_ws/build/mapping/build install --record /home/azidozide/px4_sitl_ws/build/mapping/install.log --single-version-externally-managed install_data
[1.458s] Level 1:colcon.colcon_core.environment:checking '/home/azidozide/px4_sitl_ws/install/mapping' for CMake module files
[1.458s] Level 1:colcon.colcon_core.environment:checking '/home/azidozide/px4_sitl_ws/install/mapping' for CMake config files
[1.459s] Level 1:colcon.colcon_core.environment:checking '/home/azidozide/px4_sitl_ws/install/mapping/lib'
[1.459s] Level 1:colcon.colcon_core.environment:checking '/home/azidozide/px4_sitl_ws/install/mapping/bin'
[1.459s] Level 1:colcon.colcon_core.environment:checking '/home/azidozide/px4_sitl_ws/install/mapping/lib/pkgconfig/mapping.pc'
[1.459s] Level 1:colcon.colcon_core.environment:checking '/home/azidozide/px4_sitl_ws/install/mapping/lib/python3.10/site-packages'
[1.459s] Level 1:colcon.colcon_core.shell:create_environment_hook('mapping', 'pythonpath')
[1.459s] INFO:colcon.colcon_core.shell:Creating environment hook '/home/azidozide/px4_sitl_ws/install/mapping/share/mapping/hook/pythonpath.ps1'
[1.460s] INFO:colcon.colcon_core.shell:Creating environment descriptor '/home/azidozide/px4_sitl_ws/install/mapping/share/mapping/hook/pythonpath.dsv'
[1.460s] INFO:colcon.colcon_core.shell:Creating environment hook '/home/azidozide/px4_sitl_ws/install/mapping/share/mapping/hook/pythonpath.sh'
[1.460s] Level 1:colcon.colcon_core.environment:checking '/home/azidozide/px4_sitl_ws/install/mapping/bin'
[1.460s] Level 1:colcon.colcon_core.environment:create_environment_scripts_only(mapping)
[1.461s] INFO:colcon.colcon_core.shell:Creating package script '/home/azidozide/px4_sitl_ws/install/mapping/share/mapping/package.ps1'
[1.462s] INFO:colcon.colcon_core.shell:Creating package descriptor '/home/azidozide/px4_sitl_ws/install/mapping/share/mapping/package.dsv'
[1.462s] INFO:colcon.colcon_core.shell:Creating package script '/home/azidozide/px4_sitl_ws/install/mapping/share/mapping/package.sh'
[1.463s] INFO:colcon.colcon_core.shell:Creating package script '/home/azidozide/px4_sitl_ws/install/mapping/share/mapping/package.bash'
[1.463s] INFO:colcon.colcon_core.shell:Creating package script '/home/azidozide/px4_sitl_ws/install/mapping/share/mapping/package.zsh'
[1.464s] Level 1:colcon.colcon_core.environment:create_file_with_runtime_dependencies(/home/azidozide/px4_sitl_ws/install/mapping/share/colcon-core/packages/mapping)
[1.465s] Level 1:colcon.colcon_core.environment:checking '/home/azidozide/px4_sitl_ws/install/object_tracker' for CMake module files
[1.466s] Level 1:colcon.colcon_core.environment:checking '/home/azidozide/px4_sitl_ws/install/object_tracker' for CMake config files
[1.466s] DEBUG:colcon.colcon_core.event_handler.log_command:Invoked command in '/home/azidozide/px4_sitl_ws/src/object_tracker' returned '0': PYTHONPATH=/home/azidozide/px4_sitl_ws/build/object_tracker/prefix_override:/usr/lib/python3/dist-packages/colcon_core/task/python/colcon_distutils_commands:/home/azidozide/px4_sitl_ws/install/object_tracker/lib/python3.10/site-packages:${PYTHONPATH} /usr/bin/python3 -W ignore:setup.py install is deprecated -W ignore:easy_install command is deprecated setup.py egg_info --egg-base ../../build/object_tracker build --build-base /home/azidozide/px4_sitl_ws/build/object_tracker/build install --record /home/azidozide/px4_sitl_ws/build/object_tracker/install.log --single-version-externally-managed install_data
[1.466s] Level 1:colcon.colcon_core.environment:checking '/home/azidozide/px4_sitl_ws/install/object_tracker/lib'
[1.466s] Level 1:colcon.colcon_core.environment:checking '/home/azidozide/px4_sitl_ws/install/object_tracker/bin'
[1.466s] Level 1:colcon.colcon_core.environment:checking '/home/azidozide/px4_sitl_ws/install/object_tracker/lib/pkgconfig/object_tracker.pc'
[1.467s] Level 1:colcon.colcon_core.environment:checking '/home/azidozide/px4_sitl_ws/install/object_tracker/lib/python3.10/site-packages'
[1.467s] Level 1:colcon.colcon_core.shell:create_environment_hook('object_tracker', 'pythonpath')
[1.467s] INFO:colcon.colcon_core.shell:Creating environment hook '/home/azidozide/px4_sitl_ws/install/object_tracker/share/object_tracker/hook/pythonpath.ps1'
[1.467s] INFO:colcon.colcon_core.shell:Creating environment descriptor '/home/azidozide/px4_sitl_ws/install/object_tracker/share/object_tracker/hook/pythonpath.dsv'
[1.468s] INFO:colcon.colcon_core.shell:Creating environment hook '/home/azidozide/px4_sitl_ws/install/object_tracker/share/object_tracker/hook/pythonpath.sh'
[1.468s] Level 1:colcon.colcon_core.environment:checking '/home/azidozide/px4_sitl_ws/install/object_tracker/bin'
[1.468s] Level 1:colcon.colcon_core.environment:create_environment_scripts_only(object_tracker)
[1.468s] INFO:colcon.colcon_core.shell:Creating package script '/home/azidozide/px4_sitl_ws/install/object_tracker/share/object_tracker/package.ps1'
[1.469s] INFO:colcon.colcon_core.shell:Creating package descriptor '/home/azidozide/px4_sitl_ws/install/object_tracker/share/object_tracker/package.dsv'
[1.470s] INFO:colcon.colcon_core.shell:Creating package script '/home/azidozide/px4_sitl_ws/install/object_tracker/share/object_tracker/package.sh'
[1.470s] INFO:colcon.colcon_core.shell:Creating package script '/home/azidozide/px4_sitl_ws/install/object_tracker/share/object_tracker/package.bash'
[1.471s] INFO:colcon.colcon_core.shell:Creating package script '/home/azidozide/px4_sitl_ws/install/object_tracker/share/object_tracker/package.zsh'
[1.471s] Level 1:colcon.colcon_core.environment:create_file_with_runtime_dependencies(/home/azidozide/px4_sitl_ws/install/object_tracker/share/colcon-core/packages/object_tracker)
[1.667s] DEBUG:colcon.colcon_core.event_handler.log_command:Invoked command in '/home/azidozide/px4_sitl_ws/build/px4_msgs' returned '0': CMAKE_PREFIX_PATH=${CMAKE_PREFIX_PATH}:/home/azidozide/px4_sitl_ws/install/object_tracker:/home/azidozide/px4_sitl_ws/install/mapping:/opt/ros/humble /usr/bin/cmake --build /home/azidozide/px4_sitl_ws/build/px4_msgs -- -j24 -l24
[1.680s] DEBUG:colcon.colcon_core.event_handler.log_command:Invoking command in '/home/azidozide/px4_sitl_ws/build/px4_msgs': CMAKE_PREFIX_PATH=${CMAKE_PREFIX_PATH}:/home/azidozide/px4_sitl_ws/install/object_tracker:/home/azidozide/px4_sitl_ws/install/mapping:/opt/ros/humble /usr/bin/cmake --install /home/azidozide/px4_sitl_ws/build/px4_msgs
[1.942s] Level 1:colcon.colcon_core.environment:create_environment_scripts_only(px4_msgs)
[1.943s] Level 1:colcon.colcon_core.environment:checking '/home/azidozide/px4_sitl_ws/install/px4_msgs' for CMake module files
[1.943s] DEBUG:colcon.colcon_core.event_handler.log_command:Invoked command in '/home/azidozide/px4_sitl_ws/build/px4_msgs' returned '0': CMAKE_PREFIX_PATH=${CMAKE_PREFIX_PATH}:/home/azidozide/px4_sitl_ws/install/object_tracker:/home/azidozide/px4_sitl_ws/install/mapping:/opt/ros/humble /usr/bin/cmake --install /home/azidozide/px4_sitl_ws/build/px4_msgs
[1.944s] Level 1:colcon.colcon_core.environment:checking '/home/azidozide/px4_sitl_ws/install/px4_msgs' for CMake config files
[1.945s] Level 1:colcon.colcon_core.shell:create_environment_hook('px4_msgs', 'cmake_prefix_path')
[1.945s] INFO:colcon.colcon_core.shell:Creating environment hook '/home/azidozide/px4_sitl_ws/install/px4_msgs/share/px4_msgs/hook/cmake_prefix_path.ps1'
[1.945s] INFO:colcon.colcon_core.shell:Creating environment descriptor '/home/azidozide/px4_sitl_ws/install/px4_msgs/share/px4_msgs/hook/cmake_prefix_path.dsv'
[1.946s] INFO:colcon.colcon_core.shell:Creating environment hook '/home/azidozide/px4_sitl_ws/install/px4_msgs/share/px4_msgs/hook/cmake_prefix_path.sh'
[1.946s] Level 1:colcon.colcon_core.environment:checking '/home/azidozide/px4_sitl_ws/install/px4_msgs/lib'
[1.947s] Level 1:colcon.colcon_core.shell:create_environment_hook('px4_msgs', 'ld_library_path_lib')
[1.947s] INFO:colcon.colcon_core.shell:Creating environment hook '/home/azidozide/px4_sitl_ws/install/px4_msgs/share/px4_msgs/hook/ld_library_path_lib.ps1'
[1.947s] INFO:colcon.colcon_core.shell:Creating environment descriptor '/home/azidozide/px4_sitl_ws/install/px4_msgs/share/px4_msgs/hook/ld_library_path_lib.dsv'
[1.948s] INFO:colcon.colcon_core.shell:Creating environment hook '/home/azidozide/px4_sitl_ws/install/px4_msgs/share/px4_msgs/hook/ld_library_path_lib.sh'
[1.948s] Level 1:colcon.colcon_core.environment:checking '/home/azidozide/px4_sitl_ws/install/px4_msgs/bin'
[1.948s] Level 1:colcon.colcon_core.environment:checking '/home/azidozide/px4_sitl_ws/install/px4_msgs/lib/pkgconfig/px4_msgs.pc'
[1.948s] Level 1:colcon.colcon_core.environment:checking '/home/azidozide/px4_sitl_ws/install/px4_msgs/lib/python3.10/site-packages'
[1.949s] Level 1:colcon.colcon_core.environment:checking '/home/azidozide/px4_sitl_ws/install/px4_msgs/bin'
[1.949s] INFO:colcon.colcon_core.shell:Creating package script '/home/azidozide/px4_sitl_ws/install/px4_msgs/share/px4_msgs/package.ps1'
[1.949s] INFO:colcon.colcon_core.shell:Creating package descriptor '/home/azidozide/px4_sitl_ws/install/px4_msgs/share/px4_msgs/package.dsv'
[1.950s] INFO:colcon.colcon_core.shell:Creating package script '/home/azidozide/px4_sitl_ws/install/px4_msgs/share/px4_msgs/package.sh'
[1.950s] INFO:colcon.colcon_core.shell:Creating package script '/home/azidozide/px4_sitl_ws/install/px4_msgs/share/px4_msgs/package.bash'
[1.951s] INFO:colcon.colcon_core.shell:Creating package script '/home/azidozide/px4_sitl_ws/install/px4_msgs/share/px4_msgs/package.zsh'
[1.951s] Level 1:colcon.colcon_core.environment:create_file_with_runtime_dependencies(/home/azidozide/px4_sitl_ws/install/px4_msgs/share/colcon-core/packages/px4_msgs)
[1.952s] Level 1:colcon.colcon_core.environment:create_environment_scripts_only(px4_msgs)
[1.952s] Level 1:colcon.colcon_core.environment:checking '/home/azidozide/px4_sitl_ws/install/px4_msgs' for CMake module files
[1.952s] Level 1:colcon.colcon_core.environment:checking '/home/azidozide/px4_sitl_ws/install/px4_msgs' for CMake config files
[1.953s] Level 1:colcon.colcon_core.shell:create_environment_hook('px4_msgs', 'cmake_prefix_path')
[1.953s] INFO:colcon.colcon_core.shell:Creating environment hook '/home/azidozide/px4_sitl_ws/install/px4_msgs/share/px4_msgs/hook/cmake_prefix_path.ps1'
[1.953s] INFO:colcon.colcon_core.shell:Creating environment descriptor '/home/azidozide/px4_sitl_ws/install/px4_msgs/share/px4_msgs/hook/cmake_prefix_path.dsv'
[1.953s] INFO:colcon.colcon_core.shell:Creating environment hook '/home/azidozide/px4_sitl_ws/install/px4_msgs/share/px4_msgs/hook/cmake_prefix_path.sh'
[1.954s] Level 1:colcon.colcon_core.environment:checking '/home/azidozide/px4_sitl_ws/install/px4_msgs/lib'
[1.954s] Level 1:colcon.colcon_core.shell:create_environment_hook('px4_msgs', 'ld_library_path_lib')
[1.954s] INFO:colcon.colcon_core.shell:Creating environment hook '/home/azidozide/px4_sitl_ws/install/px4_msgs/share/px4_msgs/hook/ld_library_path_lib.ps1'
[1.954s] INFO:colcon.colcon_core.shell:Creating environment descriptor '/home/azidozide/px4_sitl_ws/install/px4_msgs/share/px4_msgs/hook/ld_library_path_lib.dsv'
[1.954s] INFO:colcon.colcon_core.shell:Creating environment hook '/home/azidozide/px4_sitl_ws/install/px4_msgs/share/px4_msgs/hook/ld_library_path_lib.sh'
[1.955s] Level 1:colcon.colcon_core.environment:checking '/home/azidozide/px4_sitl_ws/install/px4_msgs/bin'
[1.955s] Level 1:colcon.colcon_core.environment:checking '/home/azidozide/px4_sitl_ws/install/px4_msgs/lib/pkgconfig/px4_msgs.pc'
[1.955s] Level 1:colcon.colcon_core.environment:checking '/home/azidozide/px4_sitl_ws/install/px4_msgs/lib/python3.10/site-packages'
[1.955s] Level 1:colcon.colcon_core.environment:checking '/home/azidozide/px4_sitl_ws/install/px4_msgs/bin'
[1.955s] INFO:colcon.colcon_core.shell:Creating package script '/home/azidozide/px4_sitl_ws/install/px4_msgs/share/px4_msgs/package.ps1'
[1.955s] INFO:colcon.colcon_core.shell:Creating package descriptor '/home/azidozide/px4_sitl_ws/install/px4_msgs/share/px4_msgs/package.dsv'
[1.956s] INFO:colcon.colcon_core.shell:Creating package script '/home/azidozide/px4_sitl_ws/install/px4_msgs/share/px4_msgs/package.sh'
[1.956s] INFO:colcon.colcon_core.shell:Creating package script '/home/azidozide/px4_sitl_ws/install/px4_msgs/share/px4_msgs/package.bash'
[1.956s] INFO:colcon.colcon_core.shell:Creating package script '/home/azidozide/px4_sitl_ws/install/px4_msgs/share/px4_msgs/package.zsh'
[1.957s] Level 1:colcon.colcon_core.environment:create_file_with_runtime_dependencies(/home/azidozide/px4_sitl_ws/install/px4_msgs/share/colcon-core/packages/px4_msgs)
[4.431s] DEBUG:colcon.colcon_core.event_handler.log_command:Invoked command in '/home/azidozide/px4_sitl_ws/build/mine_mapping' returned '0': CMAKE_PREFIX_PATH=${CMAKE_PREFIX_PATH}:/home/azidozide/px4_sitl_ws/install/object_tracker:/home/azidozide/px4_sitl_ws/install/mapping:/opt/ros/humble /usr/bin/cmake --build /home/azidozide/px4_sitl_ws/build/mine_mapping -- -j24 -l24
[4.432s] DEBUG:colcon.colcon_core.event_handler.log_command:Invoking command in '/home/azidozide/px4_sitl_ws/build/mine_mapping': CMAKE_PREFIX_PATH=${CMAKE_PREFIX_PATH}:/home/azidozide/px4_sitl_ws/install/object_tracker:/home/azidozide/px4_sitl_ws/install/mapping:/opt/ros/humble /usr/bin/cmake --install /home/azidozide/px4_sitl_ws/build/mine_mapping
[4.449s] Level 1:colcon.colcon_core.environment:create_environment_scripts_only(mine_mapping)
[4.449s] Level 1:colcon.colcon_core.environment:checking '/home/azidozide/px4_sitl_ws/install/mine_mapping' for CMake module files
[4.450s] DEBUG:colcon.colcon_core.event_handler.log_command:Invoked command in '/home/azidozide/px4_sitl_ws/build/mine_mapping' returned '0': CMAKE_PREFIX_PATH=${CMAKE_PREFIX_PATH}:/home/azidozide/px4_sitl_ws/install/object_tracker:/home/azidozide/px4_sitl_ws/install/mapping:/opt/ros/humble /usr/bin/cmake --install /home/azidozide/px4_sitl_ws/build/mine_mapping
[4.450s] Level 1:colcon.colcon_core.environment:checking '/home/azidozide/px4_sitl_ws/install/mine_mapping' for CMake config files
[4.450s] Level 1:colcon.colcon_core.shell:create_environment_hook('mine_mapping', 'cmake_prefix_path')
[4.451s] INFO:colcon.colcon_core.shell:Creating environment hook '/home/azidozide/px4_sitl_ws/install/mine_mapping/share/mine_mapping/hook/cmake_prefix_path.ps1'
[4.451s] INFO:colcon.colcon_core.shell:Creating environment descriptor '/home/azidozide/px4_sitl_ws/install/mine_mapping/share/mine_mapping/hook/cmake_prefix_path.dsv'
[4.452s] INFO:colcon.colcon_core.shell:Creating environment hook '/home/azidozide/px4_sitl_ws/install/mine_mapping/share/mine_mapping/hook/cmake_prefix_path.sh'
[4.452s] Level 1:colcon.colcon_core.environment:checking '/home/azidozide/px4_sitl_ws/install/mine_mapping/lib'
[4.452s] Level 1:colcon.colcon_core.shell:create_environment_hook('mine_mapping', 'ld_library_path_lib')
[4.453s] INFO:colcon.colcon_core.shell:Creating environment hook '/home/azidozide/px4_sitl_ws/install/mine_mapping/share/mine_mapping/hook/ld_library_path_lib.ps1'
[4.453s] INFO:colcon.colcon_core.shell:Creating environment descriptor '/home/azidozide/px4_sitl_ws/install/mine_mapping/share/mine_mapping/hook/ld_library_path_lib.dsv'
[4.454s] INFO:colcon.colcon_core.shell:Creating environment hook '/home/azidozide/px4_sitl_ws/install/mine_mapping/share/mine_mapping/hook/ld_library_path_lib.sh'
[4.455s] Level 1:colcon.colcon_core.environment:checking '/home/azidozide/px4_sitl_ws/install/mine_mapping/bin'
[4.455s] Level 1:colcon.colcon_core.environment:checking '/home/azidozide/px4_sitl_ws/install/mine_mapping/lib/pkgconfig/mine_mapping.pc'
[4.456s] Level 1:colcon.colcon_core.environment:checking '/home/azidozide/px4_sitl_ws/install/mine_mapping/lib/python3.10/site-packages'
[4.456s] Level 1:colcon.colcon_core.environment:checking '/home/azidozide/px4_sitl_ws/install/mine_mapping/bin'
[4.456s] INFO:colcon.colcon_core.shell:Creating package script '/home/azidozide/px4_sitl_ws/install/mine_mapping/share/mine_mapping/package.ps1'
[4.457s] INFO:colcon.colcon_core.shell:Creating package descriptor '/home/azidozide/px4_sitl_ws/install/mine_mapping/share/mine_mapping/package.dsv'
[4.458s] INFO:colcon.colcon_core.shell:Creating package script '/home/azidozide/px4_sitl_ws/install/mine_mapping/share/mine_mapping/package.sh'
[4.458s] INFO:colcon.colcon_core.shell:Creating package script '/home/azidozide/px4_sitl_ws/install/mine_mapping/share/mine_mapping/package.bash'
[4.459s] INFO:colcon.colcon_core.shell:Creating package script '/home/azidozide/px4_sitl_ws/install/mine_mapping/share/mine_mapping/package.zsh'
[4.459s] Level 1:colcon.colcon_core.environment:create_file_with_runtime_dependencies(/home/azidozide/px4_sitl_ws/install/mine_mapping/share/colcon-core/packages/mine_mapping)
[4.460s] Level 1:colcon.colcon_core.environment:create_environment_scripts_only(mine_mapping)
[4.460s] Level 1:colcon.colcon_core.environment:checking '/home/azidozide/px4_sitl_ws/install/mine_mapping' for CMake module files
[4.460s] Level 1:colcon.colcon_core.environment:checking '/home/azidozide/px4_sitl_ws/install/mine_mapping' for CMake config files
[4.461s] Level 1:colcon.colcon_core.shell:create_environment_hook('mine_mapping', 'cmake_prefix_path')
[4.461s] INFO:colcon.colcon_core.shell:Creating environment hook '/home/azidozide/px4_sitl_ws/install/mine_mapping/share/mine_mapping/hook/cmake_prefix_path.ps1'
[4.461s] INFO:colcon.colcon_core.shell:Creating environment descriptor '/home/azidozide/px4_sitl_ws/install/mine_mapping/share/mine_mapping/hook/cmake_prefix_path.dsv'
[4.462s] INFO:colcon.colcon_core.shell:Creating environment hook '/home/azidozide/px4_sitl_ws/install/mine_mapping/share/mine_mapping/hook/cmake_prefix_path.sh'
[4.463s] Level 1:colcon.colcon_core.environment:checking '/home/azidozide/px4_sitl_ws/install/mine_mapping/lib'
[4.463s] Level 1:colcon.colcon_core.shell:create_environment_hook('mine_mapping', 'ld_library_path_lib')
[4.463s] INFO:colcon.colcon_core.shell:Creating environment hook '/home/azidozide/px4_sitl_ws/install/mine_mapping/share/mine_mapping/hook/ld_library_path_lib.ps1'
[4.464s] INFO:colcon.colcon_core.shell:Creating environment descriptor '/home/azidozide/px4_sitl_ws/install/mine_mapping/share/mine_mapping/hook/ld_library_path_lib.dsv'
[4.464s] INFO:colcon.colcon_core.shell:Creating environment hook '/home/azidozide/px4_sitl_ws/install/mine_mapping/share/mine_mapping/hook/ld_library_path_lib.sh'
[4.465s] Level 1:colcon.colcon_core.environment:checking '/home/azidozide/px4_sitl_ws/install/mine_mapping/bin'
[4.465s] Level 1:colcon.colcon_core.environment:checking '/home/azidozide/px4_sitl_ws/install/mine_mapping/lib/pkgconfig/mine_mapping.pc'
[4.465s] Level 1:colcon.colcon_core.environment:checking '/home/azidozide/px4_sitl_ws/install/mine_mapping/lib/python3.10/site-packages'
[4.465s] Level 1:colcon.colcon_core.environment:checking '/home/azidozide/px4_sitl_ws/install/mine_mapping/bin'
[4.466s] INFO:colcon.colcon_core.shell:Creating package script '/home/azidozide/px4_sitl_ws/install/mine_mapping/share/mine_mapping/package.ps1'
[4.466s] INFO:colcon.colcon_core.shell:Creating package descriptor '/home/azidozide/px4_sitl_ws/install/mine_mapping/share/mine_mapping/package.dsv'
[4.467s] INFO:colcon.colcon_core.shell:Creating package script '/home/azidozide/px4_sitl_ws/install/mine_mapping/share/mine_mapping/package.sh'
[4.467s] INFO:colcon.colcon_core.shell:Creating package script '/home/azidozide/px4_sitl_ws/install/mine_mapping/share/mine_mapping/package.bash'
[4.468s] INFO:colcon.colcon_core.shell:Creating package script '/home/azidozide/px4_sitl_ws/install/mine_mapping/share/mine_mapping/package.zsh'
[4.468s] Level 1:colcon.colcon_core.environment:create_file_with_runtime_dependencies(/home/azidozide/px4_sitl_ws/install/mine_mapping/share/colcon-core/packages/mine_mapping)
[4.468s] DEBUG:colcon.colcon_parallel_executor.executor.parallel:closing loop
[4.469s] DEBUG:colcon.colcon_parallel_executor.executor.parallel:loop closed
[4.469s] DEBUG:colcon.colcon_parallel_executor.executor.parallel:run_until_complete finished with '0'
[4.469s] DEBUG:colcon.colcon_core.event_reactor:joining thread
[4.474s] INFO:colcon.colcon_core.plugin_system:Skipping extension 'colcon_notification.desktop_notification.terminal_notifier': Not used on non-Darwin systems
[4.474s] INFO:colcon.colcon_core.plugin_system:Skipping extension 'colcon_notification.desktop_notification.win32': Not used on non-Windows systems
[4.474s] INFO:colcon.colcon_notification.desktop_notification:Sending desktop notification using 'notify2'
[4.486s] DEBUG:colcon.colcon_core.event_reactor:joined thread
[4.487s] INFO:colcon.colcon_core.shell:Creating prefix script '/home/azidozide/px4_sitl_ws/install/local_setup.ps1'
[4.488s] INFO:colcon.colcon_core.shell:Creating prefix util module '/home/azidozide/px4_sitl_ws/install/_local_setup_util_ps1.py'
[4.489s] INFO:colcon.colcon_core.shell:Creating prefix chain script '/home/azidozide/px4_sitl_ws/install/setup.ps1'
[4.491s] INFO:colcon.colcon_core.shell:Creating prefix script '/home/azidozide/px4_sitl_ws/install/local_setup.sh'
[4.491s] INFO:colcon.colcon_core.shell:Creating prefix util module '/home/azidozide/px4_sitl_ws/install/_local_setup_util_sh.py'
[4.493s] INFO:colcon.colcon_core.shell:Creating prefix chain script '/home/azidozide/px4_sitl_ws/install/setup.sh'
[4.495s] INFO:colcon.colcon_core.shell:Creating prefix script '/home/azidozide/px4_sitl_ws/install/local_setup.bash'
[4.495s] INFO:colcon.colcon_core.shell:Creating prefix chain script '/home/azidozide/px4_sitl_ws/install/setup.bash'
[4.497s] INFO:colcon.colcon_core.shell:Creating prefix script '/home/azidozide/px4_sitl_ws/install/local_setup.zsh'
[4.498s] INFO:colcon.colcon_core.shell:Creating prefix chain script '/home/azidozide/px4_sitl_ws/install/setup.zsh'
