[0.829s] Invoking command in '/home/azidozide/px4_sitl_ws/src/mapping': PYTHONPATH=/home/azidozide/px4_sitl_ws/src/build/mapping/prefix_override:/usr/lib/python3/dist-packages/colcon_core/task/python/colcon_distutils_commands:/home/azidozide/px4_sitl_ws/src/install/mapping/lib/python3.10/site-packages:${PYTHONPATH} /usr/bin/python3 -W ignore:setup.py install is deprecated -W ignore:easy_install command is deprecated setup.py egg_info --egg-base ../build/mapping build --build-base /home/azidozide/px4_sitl_ws/src/build/mapping/build install --record /home/azidozide/px4_sitl_ws/src/build/mapping/install.log --single-version-externally-managed install_data
[1.025s] running egg_info
[1.026s] creating ../build/mapping/mapping.egg-info
[1.026s] writing ../build/mapping/mapping.egg-info/PKG-INFO
[1.026s] writing dependency_links to ../build/mapping/mapping.egg-info/dependency_links.txt
[1.026s] writing entry points to ../build/mapping/mapping.egg-info/entry_points.txt
[1.026s] writing requirements to ../build/mapping/mapping.egg-info/requires.txt
[1.026s] writing top-level names to ../build/mapping/mapping.egg-info/top_level.txt
[1.027s] writing manifest file '../build/mapping/mapping.egg-info/SOURCES.txt'
[1.028s] reading manifest file '../build/mapping/mapping.egg-info/SOURCES.txt'
[1.028s] adding license file 'LICENSE'
[1.029s] writing manifest file '../build/mapping/mapping.egg-info/SOURCES.txt'
[1.029s] running build
[1.029s] running build_py
[1.029s] creating /home/azidozide/px4_sitl_ws/src/build/mapping/build
[1.029s] creating /home/azidozide/px4_sitl_ws/src/build/mapping/build/lib
[1.029s] creating /home/azidozide/px4_sitl_ws/src/build/mapping/build/lib/mapping
[1.029s] copying mapping/generator.py -> /home/azidozide/px4_sitl_ws/src/build/mapping/build/lib/mapping
[1.029s] copying mapping/__init__.py -> /home/azidozide/px4_sitl_ws/src/build/mapping/build/lib/mapping
[1.029s] running install
[1.029s] running install_lib
[1.030s] creating /home/azidozide/px4_sitl_ws/src/install/mapping/lib/python3.10/site-packages/mapping
[1.030s] copying /home/azidozide/px4_sitl_ws/src/build/mapping/build/lib/mapping/generator.py -> /home/azidozide/px4_sitl_ws/src/install/mapping/lib/python3.10/site-packages/mapping
[1.030s] copying /home/azidozide/px4_sitl_ws/src/build/mapping/build/lib/mapping/__init__.py -> /home/azidozide/px4_sitl_ws/src/install/mapping/lib/python3.10/site-packages/mapping
[1.031s] byte-compiling /home/azidozide/px4_sitl_ws/src/install/mapping/lib/python3.10/site-packages/mapping/generator.py to generator.cpython-310.pyc
[1.033s] byte-compiling /home/azidozide/px4_sitl_ws/src/install/mapping/lib/python3.10/site-packages/mapping/__init__.py to __init__.cpython-310.pyc
[1.033s] running install_data
[1.034s] creating /home/azidozide/px4_sitl_ws/src/install/mapping/share/ament_index
[1.034s] creating /home/azidozide/px4_sitl_ws/src/install/mapping/share/ament_index/resource_index
[1.034s] creating /home/azidozide/px4_sitl_ws/src/install/mapping/share/ament_index/resource_index/packages
[1.034s] copying resource/mapping -> /home/azidozide/px4_sitl_ws/src/install/mapping/share/ament_index/resource_index/packages
[1.034s] copying package.xml -> /home/azidozide/px4_sitl_ws/src/install/mapping/share/mapping
[1.034s] running install_egg_info
[1.035s] Copying ../build/mapping/mapping.egg-info to /home/azidozide/px4_sitl_ws/src/install/mapping/lib/python3.10/site-packages/mapping-0.0.0-py3.10.egg-info
[1.035s] running install_scripts
[1.053s] Installing sfc_gen script to /home/azidozide/px4_sitl_ws/src/install/mapping/lib/mapping
[1.053s] writing list of installed files to '/home/azidozide/px4_sitl_ws/src/build/mapping/install.log'
[1.070s] Invoked command in '/home/azidozide/px4_sitl_ws/src/mapping' returned '0': PYTHONPATH=/home/azidozide/px4_sitl_ws/src/build/mapping/prefix_override:/usr/lib/python3/dist-packages/colcon_core/task/python/colcon_distutils_commands:/home/azidozide/px4_sitl_ws/src/install/mapping/lib/python3.10/site-packages:${PYTHONPATH} /usr/bin/python3 -W ignore:setup.py install is deprecated -W ignore:easy_install command is deprecated setup.py egg_info --egg-base ../build/mapping build --build-base /home/azidozide/px4_sitl_ws/src/build/mapping/build install --record /home/azidozide/px4_sitl_ws/src/build/mapping/install.log --single-version-externally-managed install_data
