[0.017s] Invoking command in '/home/azidozide/px4_sitl_ws/build/px4_msgs': CMAKE_PREFIX_PATH=${CMAKE_PREFIX_PATH}:/home/azidozide/px4_sitl_ws/install/object_tracker:/opt/ros/humble /usr/bin/cmake --build /home/azidozide/px4_sitl_ws/build/px4_msgs -- -j24 -l24
[0.491s] [  0%] Built target px4_msgs__cpp
[0.495s] [  0%] Built target ament_cmake_python_copy_px4_msgs
[0.510s] [ 12%] Built target px4_msgs__rosidl_generator_c
[0.562s] [ 25%] Built target px4_msgs__rosidl_typesupport_c
[0.572s] [ 37%] Built target px4_msgs__rosidl_typesupport_cpp
[0.584s] [ 50%] Built target px4_msgs__rosidl_typesupport_introspection_cpp
[0.584s] [ 63%] Built target px4_msgs__rosidl_typesupport_introspection_c
[0.594s] [ 75%] Built target px4_msgs__rosidl_typesupport_fastrtps_cpp
[0.601s] [ 88%] Built target px4_msgs__rosidl_typesupport_fastrtps_c
[0.619s] [ 88%] Built target px4_msgs
[0.643s] [ 88%] Built target px4_msgs__py
[0.718s] running egg_info
[0.718s] writing px4_msgs.egg-info/PKG-INFO
[0.719s] writing dependency_links to px4_msgs.egg-info/dependency_links.txt
[0.719s] writing top-level names to px4_msgs.egg-info/top_level.txt
[0.724s] [100%] Built target px4_msgs__rosidl_generator_py
[0.724s] reading manifest file 'px4_msgs.egg-info/SOURCES.txt'
[0.727s] writing manifest file 'px4_msgs.egg-info/SOURCES.txt'
[0.746s] [100%] Built target ament_cmake_python_build_px4_msgs_egg
[0.746s] [100%] Built target px4_msgs__rosidl_typesupport_fastrtps_c__pyext
[0.747s] [100%] Built target px4_msgs__rosidl_typesupport_introspection_c__pyext
[0.747s] [100%] Built target px4_msgs__rosidl_typesupport_c__pyext
