[0.487s] Invoking command in '/home/azidozide/px4_sitl_ws/src/object_tracker': PYTHONPATH=/home/azidozide/px4_sitl_ws/build/object_tracker/prefix_override:/usr/lib/python3/dist-packages/colcon_core/task/python/colcon_distutils_commands:/home/azidozide/px4_sitl_ws/install/object_tracker/lib/python3.10/site-packages:${PYTHONPATH} /usr/bin/python3 -W ignore:setup.py install is deprecated -W ignore:easy_install command is deprecated setup.py egg_info --egg-base ../../build/object_tracker build --build-base /home/azidozide/px4_sitl_ws/build/object_tracker/build install --record /home/azidozide/px4_sitl_ws/build/object_tracker/install.log --single-version-externally-managed install_data
[0.655s] running egg_info
[0.656s] writing ../../build/object_tracker/object_tracker.egg-info/PKG-INFO
[0.656s] writing dependency_links to ../../build/object_tracker/object_tracker.egg-info/dependency_links.txt
[0.656s] writing entry points to ../../build/object_tracker/object_tracker.egg-info/entry_points.txt
[0.656s] writing requirements to ../../build/object_tracker/object_tracker.egg-info/requires.txt
[0.656s] writing top-level names to ../../build/object_tracker/object_tracker.egg-info/top_level.txt
[0.660s] reading manifest file '../../build/object_tracker/object_tracker.egg-info/SOURCES.txt'
[0.661s] adding license file 'LICENSE'
[0.662s] writing manifest file '../../build/object_tracker/object_tracker.egg-info/SOURCES.txt'
[0.662s] running build
[0.662s] running build_py
[0.662s] copying object_tracker/controls_drone_tracking.py -> /home/azidozide/px4_sitl_ws/build/object_tracker/build/lib/object_tracker
[0.662s] copying object_tracker/process_frame.py -> /home/azidozide/px4_sitl_ws/build/object_tracker/build/lib/object_tracker
[0.662s] copying object_tracker/tracker.py -> /home/azidozide/px4_sitl_ws/build/object_tracker/build/lib/object_tracker
[0.662s] running install
[0.663s] running install_lib
[0.664s] copying /home/azidozide/px4_sitl_ws/build/object_tracker/build/lib/object_tracker/controls_drone_tracking.py -> /home/azidozide/px4_sitl_ws/install/object_tracker/lib/python3.10/site-packages/object_tracker
[0.664s] copying /home/azidozide/px4_sitl_ws/build/object_tracker/build/lib/object_tracker/process_frame.py -> /home/azidozide/px4_sitl_ws/install/object_tracker/lib/python3.10/site-packages/object_tracker
[0.664s] copying /home/azidozide/px4_sitl_ws/build/object_tracker/build/lib/object_tracker/tracker.py -> /home/azidozide/px4_sitl_ws/install/object_tracker/lib/python3.10/site-packages/object_tracker
[0.665s] byte-compiling /home/azidozide/px4_sitl_ws/install/object_tracker/lib/python3.10/site-packages/object_tracker/controls_drone_tracking.py to controls_drone_tracking.cpython-310.pyc
[0.668s] byte-compiling /home/azidozide/px4_sitl_ws/install/object_tracker/lib/python3.10/site-packages/object_tracker/process_frame.py to process_frame.cpython-310.pyc
[0.669s] byte-compiling /home/azidozide/px4_sitl_ws/install/object_tracker/lib/python3.10/site-packages/object_tracker/tracker.py to tracker.cpython-310.pyc
[0.670s] running install_data
[0.670s] running install_egg_info
[0.672s] removing '/home/azidozide/px4_sitl_ws/install/object_tracker/lib/python3.10/site-packages/object_tracker-0.0.0-py3.10.egg-info' (and everything under it)
[0.672s] Copying ../../build/object_tracker/object_tracker.egg-info to /home/azidozide/px4_sitl_ws/install/object_tracker/lib/python3.10/site-packages/object_tracker-0.0.0-py3.10.egg-info
[0.674s] running install_scripts
[0.696s] Installing drone_control script to /home/azidozide/px4_sitl_ws/install/object_tracker/lib/object_tracker
[0.696s] Installing tracker script to /home/azidozide/px4_sitl_ws/install/object_tracker/lib/object_tracker
[0.696s] writing list of installed files to '/home/azidozide/px4_sitl_ws/build/object_tracker/install.log'
[0.716s] Invoked command in '/home/azidozide/px4_sitl_ws/src/object_tracker' returned '0': PYTHONPATH=/home/azidozide/px4_sitl_ws/build/object_tracker/prefix_override:/usr/lib/python3/dist-packages/colcon_core/task/python/colcon_distutils_commands:/home/azidozide/px4_sitl_ws/install/object_tracker/lib/python3.10/site-packages:${PYTHONPATH} /usr/bin/python3 -W ignore:setup.py install is deprecated -W ignore:easy_install command is deprecated setup.py egg_info --egg-base ../../build/object_tracker build --build-base /home/azidozide/px4_sitl_ws/build/object_tracker/build install --record /home/azidozide/px4_sitl_ws/build/object_tracker/install.log --single-version-externally-managed install_data
