[0.009s] Invoking command in '/home/azidozide/px4_sitl_ws/build/mine_mapping': CMAKE_PREFIX_PATH=${CMAKE_PREFIX_PATH}:/home/azidozide/px4_sitl_ws/install/object_tracker:/home/azidozide/px4_sitl_ws/install/mapping:/opt/ros/humble /usr/bin/cmake /home/azidozide/px4_sitl_ws/src/mine_mapping -DAMENT_CMAKE_SYMLINK_INSTALL=1 -DCMAKE_INSTALL_PREFIX=/home/azidozide/px4_sitl_ws/install/mine_mapping
[0.050s] -- The C compiler identification is GNU 11.4.0
[0.092s] -- The CXX compiler identification is GNU 11.4.0
[0.099s] -- Detecting C compiler ABI info
[0.145s] -- Detecting C compiler ABI info - done
[0.150s] -- Check for working C compiler: /usr/lib/ccache/cc - skipped
[0.151s] -- Detecting C compile features
[0.151s] -- Detecting C compile features - done
[0.153s] -- Detecting CXX compiler ABI info
[0.208s] -- Detecting CXX compiler ABI info - done
[0.213s] -- Check for working CXX compiler: /usr/lib/ccache/c++ - skipped
[0.213s] -- Detecting CXX compile features
[0.213s] -- Detecting CXX compile features - done
[0.214s] -- Found ament_cmake: 1.3.12 (/opt/ros/humble/share/ament_cmake/cmake)
[0.329s] -- Found Python3: /usr/bin/python3 (found version "3.10.12") found components: Interpreter 
[0.373s] -- Override CMake install command with custom implementation using symlinks instead of copying resources
[0.392s] -- Found rclcpp: 16.0.16 (/opt/ros/humble/share/rclcpp/cmake)
[0.420s] -- Found rosidl_generator_c: 3.1.7 (/opt/ros/humble/share/rosidl_generator_c/cmake)
[0.422s] -- Found rosidl_adapter: 3.1.7 (/opt/ros/humble/share/rosidl_adapter/cmake)
[0.427s] -- Found rosidl_generator_cpp: 3.1.7 (/opt/ros/humble/share/rosidl_generator_cpp/cmake)
[0.434s] -- Using all available rosidl_typesupport_c: rosidl_typesupport_fastrtps_c;rosidl_typesupport_introspection_c
[0.444s] -- Using all available rosidl_typesupport_cpp: rosidl_typesupport_fastrtps_cpp;rosidl_typesupport_introspection_cpp
[0.470s] -- Found rmw_implementation_cmake: 6.1.2 (/opt/ros/humble/share/rmw_implementation_cmake/cmake)
[0.471s] -- Found rmw_fastrtps_cpp: 6.2.9 (/opt/ros/humble/share/rmw_fastrtps_cpp/cmake)
[0.534s] -- Found OpenSSL: /usr/lib/x86_64-linux-gnu/libcrypto.so (found version "3.0.2")  
[0.554s] -- Found FastRTPS: /opt/ros/humble/include  
[0.587s] -- Using RMW implementation 'rmw_fastrtps_cpp' as default
[0.593s] -- Looking for pthread.h
[0.642s] -- Looking for pthread.h - found
[0.642s] -- Performing Test CMAKE_HAVE_LIBC_PTHREAD
[0.686s] -- Performing Test CMAKE_HAVE_LIBC_PTHREAD - Success
[0.687s] -- Found Threads: TRUE  
[0.720s] -- Found cv_bridge: 3.2.1 (/opt/ros/humble/share/cv_bridge/cmake)
[0.749s] -- Found OpenCV: /usr (found version "4.5.4") 
[0.756s] [31mCMake Error at CMakeLists.txt:13 (find_package):
[0.756s]   By not providing "Findpx4_msgs.cmake" in CMAKE_MODULE_PATH this project has
[0.756s]   asked CMake to find a package configuration file provided by "px4_msgs",
[0.756s]   but CMake did not find one.
[0.756s] 
[0.756s]   Could not find a package configuration file provided by "px4_msgs" with any
[0.756s]   of the following names:
[0.756s] 
[0.756s]     px4_msgsConfig.cmake
[0.756s]     px4_msgs-config.cmake
[0.756s] 
[0.757s]   Add the installation prefix of "px4_msgs" to CMAKE_PREFIX_PATH or set
[0.757s]   "px4_msgs_DIR" to a directory containing one of the above files.  If
[0.757s]   "px4_msgs" provides a separate development package or SDK, be sure it has
[0.757s]   been installed.
[0.757s] 
[0.757s] [0m
[0.757s] -- Configuring incomplete, errors occurred!
[0.757s] See also "/home/azidozide/px4_sitl_ws/build/mine_mapping/CMakeFiles/CMakeOutput.log".
[0.761s] Invoked command in '/home/azidozide/px4_sitl_ws/build/mine_mapping' returned '1': CMAKE_PREFIX_PATH=${CMAKE_PREFIX_PATH}:/home/azidozide/px4_sitl_ws/install/object_tracker:/home/azidozide/px4_sitl_ws/install/mapping:/opt/ros/humble /usr/bin/cmake /home/azidozide/px4_sitl_ws/src/mine_mapping -DAMENT_CMAKE_SYMLINK_INSTALL=1 -DCMAKE_INSTALL_PREFIX=/home/azidozide/px4_sitl_ws/install/mine_mapping
