[0.007s] Invoking command in '/home/azidozide/px4_sitl_ws/build/object_tracking_cpp': CMAKE_PREFIX_PATH=/home/azidozide/px4_sitl_ws/install/object_tracker:/opt/ros/humble:${CMAKE_PREFIX_PATH} /usr/bin/cmake /home/azidozide/px4_sitl_ws/src/object_tracking_cpp -DCMAKE_INSTALL_PREFIX=/home/azidozide/px4_sitl_ws/install/object_tracking_cpp
[0.020s] -- Found ament_cmake: 1.3.12 (/opt/ros/humble/share/ament_cmake/cmake)
[0.114s] -- Found rclcpp: 16.0.16 (/opt/ros/humble/share/rclcpp/cmake)
[0.133s] -- Found rosidl_generator_c: 3.1.7 (/opt/ros/humble/share/rosidl_generator_c/cmake)
[0.135s] -- Found rosidl_adapter: 3.1.7 (/opt/ros/humble/share/rosidl_adapter/cmake)
[0.139s] -- Found rosidl_generator_cpp: 3.1.7 (/opt/ros/humble/share/rosidl_generator_cpp/cmake)
[0.145s] -- Using all available rosidl_typesupport_c: rosidl_typesupport_fastrtps_c;rosidl_typesupport_introspection_c
[0.152s] -- Using all available rosidl_typesupport_cpp: rosidl_typesupport_fastrtps_cpp;rosidl_typesupport_introspection_cpp
[0.172s] -- Found rmw_implementation_cmake: 6.1.2 (/opt/ros/humble/share/rmw_implementation_cmake/cmake)
[0.173s] -- Found rmw_fastrtps_cpp: 6.2.9 (/opt/ros/humble/share/rmw_fastrtps_cpp/cmake)
[0.256s] -- Using RMW implementation 'rmw_fastrtps_cpp' as default
[0.290s] -- Found px4_msgs: 2.0.1 (/home/azidozide/px4_sitl_ws/install/px4_msgs/share/px4_msgs/cmake)
[0.297s] -- Found swarm_control: 0.0.0 (/home/azidozide/px4_sitl_ws/install/swarm_control/share/swarm_control/cmake)
[0.303s] -- Configuring incomplete, errors occurred!
[0.303s] See also "/home/azidozide/px4_sitl_ws/build/object_tracking_cpp/CMakeFiles/CMakeOutput.log".
[0.303s] [31mCMake Error at /opt/ros/humble/share/ament_cmake_target_dependencies/cmake/ament_target_dependencies.cmake:42 (message):
[0.303s]   ament_target_dependencies() the first argument must be a valid target name
[0.303s] Call Stack (most recent call first):
[0.303s]   CMakeLists.txt:20 (ament_target_dependencies)
[0.303s] 
[0.303s] [0m
[0.307s] Invoked command in '/home/azidozide/px4_sitl_ws/build/object_tracking_cpp' returned '1': CMAKE_PREFIX_PATH=/home/azidozide/px4_sitl_ws/install/object_tracker:/opt/ros/humble:${CMAKE_PREFIX_PATH} /usr/bin/cmake /home/azidozide/px4_sitl_ws/src/object_tracking_cpp -DCMAKE_INSTALL_PREFIX=/home/azidozide/px4_sitl_ws/install/object_tracking_cpp
