[01m[K/home/azidozide/px4_sitl_ws/src/object_tracking_cpp/src/mothernode.cpp:[m[K In constructor ‘[01m[KOffboard::Offboard()[m[K’:
[01m[K/home/azidozide/px4_sitl_ws/src/object_tracking_cpp/src/mothernode.cpp:567:47:[m[K [01;35m[Kwarning: [m[K‘[01m[KOffboard::vehicle_odometry_[m[K’ will be initialized after [[01;35m[K-Wreorder[m[K]
  567 |     px4_msgs::msg::VehicleOdometry::SharedPtr [01;35m[Kvehicle_odometry_[m[K;
      |                                               [01;35m[K^~~~~~~~~~~~~~~~~[m[K
[01m[K/home/azidozide/px4_sitl_ws/src/object_tracking_cpp/src/mothernode.cpp:552:11:[m[K [01;35m[Kwarning: [m[K  ‘[01m[Kfloat Offboard::takeoff_height_[m[K’ [[01;35m[K-Wreorder[m[K]
  552 |     float [01;35m[Ktakeoff_height_[m[K;
      |           [01;35m[K^~~~~~~~~~~~~~~[m[K
[01m[K/home/azidozide/px4_sitl_ws/src/object_tracking_cpp/src/mothernode.cpp:47:5:[m[K [01;35m[Kwarning: [m[K  when initialized here [[01;35m[K-Wreorder[m[K]
   47 |     [01;35m[KOffboard[m[K()
      |     [01;35m[K^~~~~~~~[m[K
[01m[K/home/azidozide/px4_sitl_ws/src/object_tracking_cpp/src/follower1.cpp:[m[K In constructor ‘[01m[KOffboard::Offboard()[m[K’:
[01m[K/home/azidozide/px4_sitl_ws/src/object_tracking_cpp/src/follower1.cpp:393:47:[m[K [01;35m[Kwarning: [m[K‘[01m[KOffboard::vehicle_odometry_[m[K’ will be initialized after [[01;35m[K-Wreorder[m[K]
  393 |     px4_msgs::msg::VehicleOdometry::SharedPtr [01;35m[Kvehicle_odometry_[m[K;
      |                                               [01;35m[K^~~~~~~~~~~~~~~~~[m[K
[01m[K/home/azidozide/px4_sitl_ws/src/object_tracking_cpp/src/follower1.cpp:383:11:[m[K [01;35m[Kwarning: [m[K  ‘[01m[Kfloat Offboard::takeoff_height_[m[K’ [[01;35m[K-Wreorder[m[K]
  383 |     float [01;35m[Ktakeoff_height_[m[K;
      |           [01;35m[K^~~~~~~~~~~~~~~[m[K
[01m[K/home/azidozide/px4_sitl_ws/src/object_tracking_cpp/src/follower1.cpp:46:5:[m[K [01;35m[Kwarning: [m[K  when initialized here [[01;35m[K-Wreorder[m[K]
   46 |     [01;35m[KOffboard[m[K()
      |     [01;35m[K^~~~~~~~[m[K
[01m[K/home/azidozide/px4_sitl_ws/src/object_tracking_cpp/src/follower1.cpp:[m[K In member function ‘[01m[Kvoid Offboard::compute_target_position(double&, double&, double&)[m[K’:
[01m[K/home/azidozide/px4_sitl_ws/src/object_tracking_cpp/src/follower1.cpp:172:16:[m[K [01;35m[Kwarning: [m[Kunused variable ‘[01m[Kdistance[m[K’ [[01;35m[K-Wunused-variable[m[K]
  172 |         double [01;35m[Kdistance[m[K = std::abs(target_distance_);
      |                [01;35m[K^~~~~~~~[m[K
