[0.008s] Invoking command in '/home/azidozide/px4_sitl_ws/build/mapping': CMAKE_PREFIX_PATH=${CMAKE_PREFIX_PATH}:/home/azidozide/px4_sitl_ws/install/object_tracker:/home/azidozide/px4_sitl_ws/install/mapping:/opt/ros/humble /usr/bin/cmake --build /home/azidozide/px4_sitl_ws/build/mapping -- -j24 -l24
[0.055s] [35m[1mConsolidate compiler generated dependencies of target gcopter_trajectory_planner[0m
[0.067s] [ 33%] Built target integrated_drone_mapping_node
[0.070s] [ 50%] [32mBuilding CXX object CMakeFiles/gcopter_trajectory_planner.dir/src/planner.cpp.o[0m
[0.071s] [ 83%] Built target corridor_gen_correct
[22.571s] In file included from [01m[K/home/azidozide/px4_sitl_ws/src/mapping/src/planner.cpp:13[m[K:
[22.571s] [01m[K/home/azidozide/px4_sitl_ws/src/mapping/src/gcopter.hpp:[m[K In static member function ‘[01m[Kstatic void gcopter::GCOPTER_PolytopeSFC::attachPenaltyFunctional(const VectorXd&, const MatrixX3d&, const VectorXi&, const PolyhedraH&, const double&, const int&, const VectorXd&, const VectorXd&, flatness::FlatnessMap&, double&, Eigen::VectorXd&, Eigen::MatrixX3d&)[m[K’:
[22.571s] [01m[K/home/azidozide/px4_sitl_ws/src/mapping/src/gcopter.hpp:367:36:[m[K [01;35m[Kwarning: [m[Kvariable ‘[01m[Ks5[m[K’ set but not used [[01;35m[K-Wunused-but-set-variable[m[K]
[22.571s]   367 |             double s1, s2, s3, s4, [01;35m[Ks5[m[K;
[22.571s]       |                                    [01;35m[K^~[m[K
[22.580s] [100%] [32m[1mLinking CXX executable gcopter_trajectory_planner[0m
[22.695s] [100%] Built target gcopter_trajectory_planner
[22.708s] Invoked command in '/home/azidozide/px4_sitl_ws/build/mapping' returned '0': CMAKE_PREFIX_PATH=${CMAKE_PREFIX_PATH}:/home/azidozide/px4_sitl_ws/install/object_tracker:/home/azidozide/px4_sitl_ws/install/mapping:/opt/ros/humble /usr/bin/cmake --build /home/azidozide/px4_sitl_ws/build/mapping -- -j24 -l24
[22.709s] Invoking command in '/home/azidozide/px4_sitl_ws/build/mapping': CMAKE_PREFIX_PATH=${CMAKE_PREFIX_PATH}:/home/azidozide/px4_sitl_ws/install/object_tracker:/home/azidozide/px4_sitl_ws/install/mapping:/opt/ros/humble /usr/bin/cmake --install /home/azidozide/px4_sitl_ws/build/mapping
[22.720s] -- Install configuration: ""
[22.720s] -- Up-to-date: /home/azidozide/px4_sitl_ws/install/mapping/lib/mapping/integrated_drone_mapping_node
[22.720s] -- Up-to-date: /home/azidozide/px4_sitl_ws/install/mapping/lib/mapping/corridor_gen_correct
[22.720s] -- Installing: /home/azidozide/px4_sitl_ws/install/mapping/lib/mapping/gcopter_trajectory_planner
[22.722s] -- Set runtime path of "/home/azidozide/px4_sitl_ws/install/mapping/lib/mapping/gcopter_trajectory_planner" to ""
[22.723s] -- Up-to-date: /home/azidozide/px4_sitl_ws/install/mapping/share/ament_index/resource_index/package_run_dependencies/mapping
[22.723s] -- Up-to-date: /home/azidozide/px4_sitl_ws/install/mapping/share/ament_index/resource_index/parent_prefix_path/mapping
[22.723s] -- Up-to-date: /home/azidozide/px4_sitl_ws/install/mapping/share/mapping/environment/ament_prefix_path.sh
[22.723s] -- Up-to-date: /home/azidozide/px4_sitl_ws/install/mapping/share/mapping/environment/ament_prefix_path.dsv
[22.723s] -- Up-to-date: /home/azidozide/px4_sitl_ws/install/mapping/share/mapping/environment/path.sh
[22.723s] -- Up-to-date: /home/azidozide/px4_sitl_ws/install/mapping/share/mapping/environment/path.dsv
[22.723s] -- Up-to-date: /home/azidozide/px4_sitl_ws/install/mapping/share/mapping/local_setup.bash
[22.723s] -- Up-to-date: /home/azidozide/px4_sitl_ws/install/mapping/share/mapping/local_setup.sh
[22.723s] -- Up-to-date: /home/azidozide/px4_sitl_ws/install/mapping/share/mapping/local_setup.zsh
[22.724s] -- Up-to-date: /home/azidozide/px4_sitl_ws/install/mapping/share/mapping/local_setup.dsv
[22.724s] -- Installing: /home/azidozide/px4_sitl_ws/install/mapping/share/mapping/package.dsv
[22.724s] -- Up-to-date: /home/azidozide/px4_sitl_ws/install/mapping/share/ament_index/resource_index/packages/mapping
[22.724s] -- Up-to-date: /home/azidozide/px4_sitl_ws/install/mapping/share/mapping/cmake/mappingConfig.cmake
[22.724s] -- Up-to-date: /home/azidozide/px4_sitl_ws/install/mapping/share/mapping/cmake/mappingConfig-version.cmake
[22.724s] -- Up-to-date: /home/azidozide/px4_sitl_ws/install/mapping/share/mapping/package.xml
[22.726s] Invoked command in '/home/azidozide/px4_sitl_ws/build/mapping' returned '0': CMAKE_PREFIX_PATH=${CMAKE_PREFIX_PATH}:/home/azidozide/px4_sitl_ws/install/object_tracker:/home/azidozide/px4_sitl_ws/install/mapping:/opt/ros/humble /usr/bin/cmake --install /home/azidozide/px4_sitl_ws/build/mapping
