[0.473s] Invoking command in '/home/azidozide/px4_sitl_ws/build/object_tracker': PYTHONPATH=/home/azidozide/px4_sitl_ws/build/object_tracker/prefix_override:/usr/lib/python3/dist-packages/colcon_core/task/python/colcon_distutils_commands:/home/azidozide/px4_sitl_ws/install/object_tracker/lib/python3.10/site-packages:${PYTHONPATH} /usr/bin/python3 -W ignore:setup.py install is deprecated -W ignore:easy_install command is deprecated setup.py develop --editable --build-directory /home/azidozide/px4_sitl_ws/build/object_tracker/build --no-deps symlink_data
[0.651s] running develop
[0.787s] running egg_info
[0.787s] creating object_tracker.egg-info
[0.787s] writing object_tracker.egg-info/PKG-INFO
[0.787s] writing dependency_links to object_tracker.egg-info/dependency_links.txt
[0.787s] writing entry points to object_tracker.egg-info/entry_points.txt
[0.787s] writing requirements to object_tracker.egg-info/requires.txt
[0.788s] writing top-level names to object_tracker.egg-info/top_level.txt
[0.788s] writing manifest file 'object_tracker.egg-info/SOURCES.txt'
[0.789s] reading manifest file 'object_tracker.egg-info/SOURCES.txt'
[0.790s] writing manifest file 'object_tracker.egg-info/SOURCES.txt'
[0.810s] running build_ext
[0.810s] Creating /home/azidozide/px4_sitl_ws/install/object_tracker/lib/python3.10/site-packages/object-tracker.egg-link (link to .)
[0.810s] Installing drone_control script to /home/azidozide/px4_sitl_ws/install/object_tracker/lib/object_tracker
[0.810s] Installing tracker script to /home/azidozide/px4_sitl_ws/install/object_tracker/lib/object_tracker
[0.811s] 
[0.811s] Installed /home/azidozide/px4_sitl_ws/build/object_tracker
[0.811s] running symlink_data
[0.811s] creating /home/azidozide/px4_sitl_ws/install/object_tracker/share/ament_index
[0.811s] creating /home/azidozide/px4_sitl_ws/install/object_tracker/share/ament_index/resource_index
[0.811s] creating /home/azidozide/px4_sitl_ws/install/object_tracker/share/ament_index/resource_index/packages
[0.811s] symbolically linking /home/azidozide/px4_sitl_ws/build/object_tracker/resource/object_tracker -> /home/azidozide/px4_sitl_ws/install/object_tracker/share/ament_index/resource_index/packages
[0.811s] symbolically linking /home/azidozide/px4_sitl_ws/build/object_tracker/package.xml -> /home/azidozide/px4_sitl_ws/install/object_tracker/share/object_tracker
