[0.010s] Invoking command in '/home/azidozide/px4_sitl_ws/build/object_tracking_cpp': CMAKE_PREFIX_PATH=/home/azidozide/px4_sitl_ws/install/object_tracker:/opt/ros/humble:/home/azidozide/px4_sitl_ws/install/swarm_control:/home/azidozide/px4_sitl_ws/install/px4_msgs:/home/azidozide/px4_sitl_ws/install/object_tracking_cpp:/home/azidozide/px4_sitl_ws/install/mapping:/home/azidozide/px4_sitl_ws/install/integrated_drone_mapping:/home/azidozide/px4_sitl_ws/install/mine_mapping /usr/bin/cmake --build /home/azidozide/px4_sitl_ws/build/object_tracking_cpp -- -j24 -l24
[0.042s] [35m[1mConsolidate compiler generated dependencies of target yaw_control[0m
[0.049s] [ 20%] Built target follower_1
[0.049s] [ 40%] Built target follower_2
[0.049s] [ 60%] Built target mothernode
[0.051s] [ 80%] Built target follower_3
[0.058s] [ 90%] [32mBuilding CXX object CMakeFiles/yaw_control.dir/src/mother_yaw.cpp.o[0m
[10.373s] [01m[K/home/azidozide/px4_sitl_ws/src/object_tracking_cpp/src/mother_yaw.cpp:[m[K In constructor ‘[01m[KOffboard::Offboard()[m[K’:
[10.373s] [01m[K/home/azidozide/px4_sitl_ws/src/object_tracking_cpp/src/mother_yaw.cpp:383:47:[m[K [01;35m[Kwarning: [m[K‘[01m[KOffboard::vehicle_odometry_[m[K’ will be initialized after [[01;35m[K-Wreorder[m[K]
[10.373s]   383 |     px4_msgs::msg::VehicleOdometry::SharedPtr [01;35m[Kvehicle_odometry_[m[K;
[10.373s]       |                                               [01;35m[K^~~~~~~~~~~~~~~~~[m[K
[10.373s] [01m[K/home/azidozide/px4_sitl_ws/src/object_tracking_cpp/src/mother_yaw.cpp:367:11:[m[K [01;35m[Kwarning: [m[K  ‘[01m[Kfloat Offboard::takeoff_height_[m[K’ [[01;35m[K-Wreorder[m[K]
[10.373s]   367 |     float [01;35m[Ktakeoff_height_[m[K;
[10.373s]       |           [01;35m[K^~~~~~~~~~~~~~~[m[K
[10.373s] [01m[K/home/azidozide/px4_sitl_ws/src/object_tracking_cpp/src/mother_yaw.cpp:46:5:[m[K [01;35m[Kwarning: [m[K  when initialized here [[01;35m[K-Wreorder[m[K]
[10.373s]    46 |     [01;35m[KOffboard[m[K()
[10.373s]       |     [01;35m[K^~~~~~~~[m[K
[10.373s] [01m[K/home/azidozide/px4_sitl_ws/src/object_tracking_cpp/src/mother_yaw.cpp:398:9:[m[K [01;35m[Kwarning: [m[K‘[01m[KOffboard::last_pub_lock_[m[K’ will be initialized after [[01;35m[K-Wreorder[m[K]
[10.373s]   398 |     int [01;35m[Klast_pub_lock_[m[K;
[10.373s]       |         [01;35m[K^~~~~~~~~~~~~~[m[K
[10.373s] [01m[K/home/azidozide/px4_sitl_ws/src/object_tracking_cpp/src/mother_yaw.cpp:356:11:[m[K [01;35m[Kwarning: [m[K  ‘[01m[Kfloat Offboard::msg_yaw_[m[K’ [[01;35m[K-Wreorder[m[K]
[10.373s]   356 |     float [01;35m[Kmsg_yaw_[m[K;
[10.373s]       |           [01;35m[K^~~~~~~~[m[K
[10.373s] [01m[K/home/azidozide/px4_sitl_ws/src/object_tracking_cpp/src/mother_yaw.cpp:46:5:[m[K [01;35m[Kwarning: [m[K  when initialized here [[01;35m[K-Wreorder[m[K]
[10.373s]    46 |     [01;35m[KOffboard[m[K()
[10.373s]       |     [01;35m[K^~~~~~~~[m[K
[10.393s] [100%] [32m[1mLinking CXX executable yaw_control[0m
[10.962s] [100%] Built target yaw_control
[10.974s] Invoked command in '/home/azidozide/px4_sitl_ws/build/object_tracking_cpp' returned '0': CMAKE_PREFIX_PATH=/home/azidozide/px4_sitl_ws/install/object_tracker:/opt/ros/humble:/home/azidozide/px4_sitl_ws/install/swarm_control:/home/azidozide/px4_sitl_ws/install/px4_msgs:/home/azidozide/px4_sitl_ws/install/object_tracking_cpp:/home/azidozide/px4_sitl_ws/install/mapping:/home/azidozide/px4_sitl_ws/install/integrated_drone_mapping:/home/azidozide/px4_sitl_ws/install/mine_mapping /usr/bin/cmake --build /home/azidozide/px4_sitl_ws/build/object_tracking_cpp -- -j24 -l24
[10.977s] Invoking command in '/home/azidozide/px4_sitl_ws/build/object_tracking_cpp': CMAKE_PREFIX_PATH=/home/azidozide/px4_sitl_ws/install/object_tracker:/opt/ros/humble:/home/azidozide/px4_sitl_ws/install/swarm_control:/home/azidozide/px4_sitl_ws/install/px4_msgs:/home/azidozide/px4_sitl_ws/install/object_tracking_cpp:/home/azidozide/px4_sitl_ws/install/mapping:/home/azidozide/px4_sitl_ws/install/integrated_drone_mapping:/home/azidozide/px4_sitl_ws/install/mine_mapping /usr/bin/cmake --install /home/azidozide/px4_sitl_ws/build/object_tracking_cpp
[10.983s] -- Install configuration: ""
[10.983s] -- Up-to-date: /home/azidozide/px4_sitl_ws/install/object_tracking_cpp/lib/object_tracking_cpp/mothernode
[10.983s] -- Up-to-date: /home/azidozide/px4_sitl_ws/install/object_tracking_cpp/lib/object_tracking_cpp/follower_1
[10.983s] -- Up-to-date: /home/azidozide/px4_sitl_ws/install/object_tracking_cpp/lib/object_tracking_cpp/follower_2
[10.983s] -- Up-to-date: /home/azidozide/px4_sitl_ws/install/object_tracking_cpp/lib/object_tracking_cpp/follower_3
[10.983s] -- Installing: /home/azidozide/px4_sitl_ws/install/object_tracking_cpp/lib/object_tracking_cpp/yaw_control
[10.989s] -- Set runtime path of "/home/azidozide/px4_sitl_ws/install/object_tracking_cpp/lib/object_tracking_cpp/yaw_control" to ""
[10.989s] -- Up-to-date: /home/azidozide/px4_sitl_ws/install/object_tracking_cpp/share/ament_index/resource_index/package_run_dependencies/object_tracking_cpp
[10.989s] -- Up-to-date: /home/azidozide/px4_sitl_ws/install/object_tracking_cpp/share/ament_index/resource_index/parent_prefix_path/object_tracking_cpp
[10.990s] -- Up-to-date: /home/azidozide/px4_sitl_ws/install/object_tracking_cpp/share/object_tracking_cpp/environment/ament_prefix_path.sh
[10.990s] -- Up-to-date: /home/azidozide/px4_sitl_ws/install/object_tracking_cpp/share/object_tracking_cpp/environment/ament_prefix_path.dsv
[10.990s] -- Up-to-date: /home/azidozide/px4_sitl_ws/install/object_tracking_cpp/share/object_tracking_cpp/environment/path.sh
[10.990s] -- Up-to-date: /home/azidozide/px4_sitl_ws/install/object_tracking_cpp/share/object_tracking_cpp/environment/path.dsv
[10.990s] -- Up-to-date: /home/azidozide/px4_sitl_ws/install/object_tracking_cpp/share/object_tracking_cpp/local_setup.bash
[10.990s] -- Up-to-date: /home/azidozide/px4_sitl_ws/install/object_tracking_cpp/share/object_tracking_cpp/local_setup.sh
[10.990s] -- Up-to-date: /home/azidozide/px4_sitl_ws/install/object_tracking_cpp/share/object_tracking_cpp/local_setup.zsh
[10.990s] -- Up-to-date: /home/azidozide/px4_sitl_ws/install/object_tracking_cpp/share/object_tracking_cpp/local_setup.dsv
[10.990s] -- Installing: /home/azidozide/px4_sitl_ws/install/object_tracking_cpp/share/object_tracking_cpp/package.dsv
[10.990s] -- Up-to-date: /home/azidozide/px4_sitl_ws/install/object_tracking_cpp/share/ament_index/resource_index/packages/object_tracking_cpp
[10.990s] -- Up-to-date: /home/azidozide/px4_sitl_ws/install/object_tracking_cpp/share/object_tracking_cpp/cmake/object_tracking_cppConfig.cmake
[10.990s] -- Up-to-date: /home/azidozide/px4_sitl_ws/install/object_tracking_cpp/share/object_tracking_cpp/cmake/object_tracking_cppConfig-version.cmake
[10.990s] -- Up-to-date: /home/azidozide/px4_sitl_ws/install/object_tracking_cpp/share/object_tracking_cpp/package.xml
[10.992s] Invoked command in '/home/azidozide/px4_sitl_ws/build/object_tracking_cpp' returned '0': CMAKE_PREFIX_PATH=/home/azidozide/px4_sitl_ws/install/object_tracker:/opt/ros/humble:/home/azidozide/px4_sitl_ws/install/swarm_control:/home/azidozide/px4_sitl_ws/install/px4_msgs:/home/azidozide/px4_sitl_ws/install/object_tracking_cpp:/home/azidozide/px4_sitl_ws/install/mapping:/home/azidozide/px4_sitl_ws/install/integrated_drone_mapping:/home/azidozide/px4_sitl_ws/install/mine_mapping /usr/bin/cmake --install /home/azidozide/px4_sitl_ws/build/object_tracking_cpp
