[0.008s] Invoking command in '/home/azidozide/px4_sitl_ws/src/build/integrated_drone_mapping': AMENT_PREFIX_PATH=/home/azidozide/px4_sitl_ws/src/install/px4_msgs:${AMENT_PREFIX_PATH} CMAKE_PREFIX_PATH=/home/azidozide/px4_sitl_ws/src/install/px4_msgs:/home/azidozide/px4_sitl_ws/install/px4_msgs:/home/azidozide/px4_sitl_ws/install/mine_mapping:/home/azidozide/px4_sitl_ws/install/object_tracker:/home/azidozide/px4_sitl_ws/install/mapping:/opt/ros/humble LD_LIBRARY_PATH=/home/azidozide/px4_sitl_ws/src/install/px4_msgs/lib:${LD_LIBRARY_PATH} PYTHONPATH=/home/azidozide/px4_sitl_ws/src/install/px4_msgs/local/lib/python3.10/dist-packages:${PYTHONPATH} /usr/bin/cmake --build /home/azidozide/px4_sitl_ws/src/build/integrated_drone_mapping -- -j24 -l24
[0.042s] [35m[1mConsolidate compiler generated dependencies of target integrated_drone_mapping_node[0m
[0.055s] [ 50%] [32mBuilding CXX object CMakeFiles/integrated_drone_mapping_node.dir/src/integrated_drone_mapping_node.cpp.o[0m
[10.323s] [100%] [32m[1mLinking CXX executable integrated_drone_mapping_node[0m
[10.464s] [100%] Built target integrated_drone_mapping_node
[10.477s] Invoked command in '/home/azidozide/px4_sitl_ws/src/build/integrated_drone_mapping' returned '0': AMENT_PREFIX_PATH=/home/azidozide/px4_sitl_ws/src/install/px4_msgs:${AMENT_PREFIX_PATH} CMAKE_PREFIX_PATH=/home/azidozide/px4_sitl_ws/src/install/px4_msgs:/home/azidozide/px4_sitl_ws/install/px4_msgs:/home/azidozide/px4_sitl_ws/install/mine_mapping:/home/azidozide/px4_sitl_ws/install/object_tracker:/home/azidozide/px4_sitl_ws/install/mapping:/opt/ros/humble LD_LIBRARY_PATH=/home/azidozide/px4_sitl_ws/src/install/px4_msgs/lib:${LD_LIBRARY_PATH} PYTHONPATH=/home/azidozide/px4_sitl_ws/src/install/px4_msgs/local/lib/python3.10/dist-packages:${PYTHONPATH} /usr/bin/cmake --build /home/azidozide/px4_sitl_ws/src/build/integrated_drone_mapping -- -j24 -l24
[10.477s] Invoking command in '/home/azidozide/px4_sitl_ws/src/build/integrated_drone_mapping': AMENT_PREFIX_PATH=/home/azidozide/px4_sitl_ws/src/install/px4_msgs:${AMENT_PREFIX_PATH} CMAKE_PREFIX_PATH=/home/azidozide/px4_sitl_ws/src/install/px4_msgs:/home/azidozide/px4_sitl_ws/install/px4_msgs:/home/azidozide/px4_sitl_ws/install/mine_mapping:/home/azidozide/px4_sitl_ws/install/object_tracker:/home/azidozide/px4_sitl_ws/install/mapping:/opt/ros/humble LD_LIBRARY_PATH=/home/azidozide/px4_sitl_ws/src/install/px4_msgs/lib:${LD_LIBRARY_PATH} PYTHONPATH=/home/azidozide/px4_sitl_ws/src/install/px4_msgs/local/lib/python3.10/dist-packages:${PYTHONPATH} /usr/bin/cmake --install /home/azidozide/px4_sitl_ws/src/build/integrated_drone_mapping
[10.482s] -- Install configuration: ""
[10.482s] -- Installing: /home/azidozide/px4_sitl_ws/src/install/integrated_drone_mapping/lib/integrated_drone_mapping/integrated_drone_mapping_node
[10.483s] -- Set runtime path of "/home/azidozide/px4_sitl_ws/src/install/integrated_drone_mapping/lib/integrated_drone_mapping/integrated_drone_mapping_node" to ""
[10.483s] -- Up-to-date: /home/azidozide/px4_sitl_ws/src/install/integrated_drone_mapping/share/ament_index/resource_index/package_run_dependencies/integrated_drone_mapping
[10.483s] -- Up-to-date: /home/azidozide/px4_sitl_ws/src/install/integrated_drone_mapping/share/ament_index/resource_index/parent_prefix_path/integrated_drone_mapping
[10.483s] -- Up-to-date: /home/azidozide/px4_sitl_ws/src/install/integrated_drone_mapping/share/integrated_drone_mapping/environment/ament_prefix_path.sh
[10.483s] -- Up-to-date: /home/azidozide/px4_sitl_ws/src/install/integrated_drone_mapping/share/integrated_drone_mapping/environment/ament_prefix_path.dsv
[10.483s] -- Up-to-date: /home/azidozide/px4_sitl_ws/src/install/integrated_drone_mapping/share/integrated_drone_mapping/environment/path.sh
[10.483s] -- Up-to-date: /home/azidozide/px4_sitl_ws/src/install/integrated_drone_mapping/share/integrated_drone_mapping/environment/path.dsv
[10.483s] -- Up-to-date: /home/azidozide/px4_sitl_ws/src/install/integrated_drone_mapping/share/integrated_drone_mapping/local_setup.bash
[10.483s] -- Up-to-date: /home/azidozide/px4_sitl_ws/src/install/integrated_drone_mapping/share/integrated_drone_mapping/local_setup.sh
[10.484s] -- Up-to-date: /home/azidozide/px4_sitl_ws/src/install/integrated_drone_mapping/share/integrated_drone_mapping/local_setup.zsh
[10.484s] -- Up-to-date: /home/azidozide/px4_sitl_ws/src/install/integrated_drone_mapping/share/integrated_drone_mapping/local_setup.dsv
[10.484s] -- Installing: /home/azidozide/px4_sitl_ws/src/install/integrated_drone_mapping/share/integrated_drone_mapping/package.dsv
[10.484s] -- Up-to-date: /home/azidozide/px4_sitl_ws/src/install/integrated_drone_mapping/share/ament_index/resource_index/packages/integrated_drone_mapping
[10.484s] -- Up-to-date: /home/azidozide/px4_sitl_ws/src/install/integrated_drone_mapping/share/integrated_drone_mapping/cmake/integrated_drone_mappingConfig.cmake
[10.484s] -- Up-to-date: /home/azidozide/px4_sitl_ws/src/install/integrated_drone_mapping/share/integrated_drone_mapping/cmake/integrated_drone_mappingConfig-version.cmake
[10.484s] -- Up-to-date: /home/azidozide/px4_sitl_ws/src/install/integrated_drone_mapping/share/integrated_drone_mapping/package.xml
[10.485s] Invoked command in '/home/azidozide/px4_sitl_ws/src/build/integrated_drone_mapping' returned '0': AMENT_PREFIX_PATH=/home/azidozide/px4_sitl_ws/src/install/px4_msgs:${AMENT_PREFIX_PATH} CMAKE_PREFIX_PATH=/home/azidozide/px4_sitl_ws/src/install/px4_msgs:/home/azidozide/px4_sitl_ws/install/px4_msgs:/home/azidozide/px4_sitl_ws/install/mine_mapping:/home/azidozide/px4_sitl_ws/install/object_tracker:/home/azidozide/px4_sitl_ws/install/mapping:/opt/ros/humble LD_LIBRARY_PATH=/home/azidozide/px4_sitl_ws/src/install/px4_msgs/lib:${LD_LIBRARY_PATH} PYTHONPATH=/home/azidozide/px4_sitl_ws/src/install/px4_msgs/local/lib/python3.10/dist-packages:${PYTHONPATH} /usr/bin/cmake --install /home/azidozide/px4_sitl_ws/src/build/integrated_drone_mapping
