[0.299s] Invoking command in '/home/azidozide/px4_sitl_ws/build/mine_mapping': CMAKE_PREFIX_PATH=${CMAKE_PREFIX_PATH}:/home/azidozide/px4_sitl_ws/install/object_tracker:/home/azidozide/px4_sitl_ws/install/mapping:/opt/ros/humble /usr/bin/cmake --build /home/azidozide/px4_sitl_ws/build/mine_mapping -- -j24 -l24
[0.580s] [35m[1mConsolidate compiler generated dependencies of target map_generator[0m
[0.580s] [ 25%] [32mBuilding CXX object CMakeFiles/map_generator.dir/src/map_generator.cpp.o[0m
[3.804s] [ 50%] [32m[1mLinking CXX shared library libmap_generator.so[0m
[3.937s] [ 50%] Built target map_generator
[3.954s] [35m[1mConsolidate compiler generated dependencies of target mine_mapper[0m
[3.973s] [ 75%] [32m[1mLinking CXX executable mine_mapper[0m
[4.756s] [100%] Built target mine_mapper
[4.765s] Invoked command in '/home/azidozide/px4_sitl_ws/build/mine_mapping' returned '0': CMAKE_PREFIX_PATH=${CMAKE_PREFIX_PATH}:/home/azidozide/px4_sitl_ws/install/object_tracker:/home/azidozide/px4_sitl_ws/install/mapping:/opt/ros/humble /usr/bin/cmake --build /home/azidozide/px4_sitl_ws/build/mine_mapping -- -j24 -l24
[4.767s] Invoking command in '/home/azidozide/px4_sitl_ws/build/mine_mapping': CMAKE_PREFIX_PATH=${CMAKE_PREFIX_PATH}:/home/azidozide/px4_sitl_ws/install/object_tracker:/home/azidozide/px4_sitl_ws/install/mapping:/opt/ros/humble /usr/bin/cmake --install /home/azidozide/px4_sitl_ws/build/mine_mapping
[4.773s] -- Install configuration: ""
[4.774s] -- Installing: /home/azidozide/px4_sitl_ws/install/mine_mapping/lib/mine_mapping/mine_mapper
[4.778s] -- Set runtime path of "/home/azidozide/px4_sitl_ws/install/mine_mapping/lib/mine_mapping/mine_mapper" to ""
[4.778s] -- Installing: /home/azidozide/px4_sitl_ws/install/mine_mapping/lib/libmap_generator.so
[4.778s] -- Set runtime path of "/home/azidozide/px4_sitl_ws/install/mine_mapping/lib/libmap_generator.so" to ""
[4.779s] -- Up-to-date: /home/azidozide/px4_sitl_ws/install/mine_mapping/include/mine_mapping
[4.779s] -- Up-to-date: /home/azidozide/px4_sitl_ws/install/mine_mapping/include/mine_mapping/map_generator.hpp
[4.779s] -- Up-to-date: /home/azidozide/px4_sitl_ws/install/mine_mapping/share/ament_index/resource_index/package_run_dependencies/mine_mapping
[4.779s] -- Up-to-date: /home/azidozide/px4_sitl_ws/install/mine_mapping/share/ament_index/resource_index/parent_prefix_path/mine_mapping
[4.779s] -- Up-to-date: /home/azidozide/px4_sitl_ws/install/mine_mapping/share/mine_mapping/environment/ament_prefix_path.sh
[4.779s] -- Up-to-date: /home/azidozide/px4_sitl_ws/install/mine_mapping/share/mine_mapping/environment/ament_prefix_path.dsv
[4.779s] -- Up-to-date: /home/azidozide/px4_sitl_ws/install/mine_mapping/share/mine_mapping/environment/path.sh
[4.779s] -- Up-to-date: /home/azidozide/px4_sitl_ws/install/mine_mapping/share/mine_mapping/environment/path.dsv
[4.779s] -- Up-to-date: /home/azidozide/px4_sitl_ws/install/mine_mapping/share/mine_mapping/local_setup.bash
[4.779s] -- Up-to-date: /home/azidozide/px4_sitl_ws/install/mine_mapping/share/mine_mapping/local_setup.sh
[4.779s] -- Up-to-date: /home/azidozide/px4_sitl_ws/install/mine_mapping/share/mine_mapping/local_setup.zsh
[4.779s] -- Up-to-date: /home/azidozide/px4_sitl_ws/install/mine_mapping/share/mine_mapping/local_setup.dsv
[4.779s] -- Installing: /home/azidozide/px4_sitl_ws/install/mine_mapping/share/mine_mapping/package.dsv
[4.779s] -- Up-to-date: /home/azidozide/px4_sitl_ws/install/mine_mapping/share/ament_index/resource_index/packages/mine_mapping
[4.779s] -- Up-to-date: /home/azidozide/px4_sitl_ws/install/mine_mapping/share/mine_mapping/cmake/mine_mappingConfig.cmake
[4.779s] -- Up-to-date: /home/azidozide/px4_sitl_ws/install/mine_mapping/share/mine_mapping/cmake/mine_mappingConfig-version.cmake
[4.779s] -- Up-to-date: /home/azidozide/px4_sitl_ws/install/mine_mapping/share/mine_mapping/package.xml
[4.781s] Invoked command in '/home/azidozide/px4_sitl_ws/build/mine_mapping' returned '0': CMAKE_PREFIX_PATH=${CMAKE_PREFIX_PATH}:/home/azidozide/px4_sitl_ws/install/object_tracker:/home/azidozide/px4_sitl_ws/install/mapping:/opt/ros/humble /usr/bin/cmake --install /home/azidozide/px4_sitl_ws/build/mine_mapping
