[0.266s] Invoking command in '/home/azidozide/px4_sitl_ws/build/mine_mapping': CMAKE_PREFIX_PATH=${CMAKE_PREFIX_PATH}:/home/azidozide/px4_sitl_ws/install/object_tracker:/home/azidozide/px4_sitl_ws/install/mapping:/opt/ros/humble /usr/bin/cmake --build /home/azidozide/px4_sitl_ws/build/mine_mapping -- -j24 -l24
[0.537s] [35m[1mConsolidate compiler generated dependencies of target map_generator[0m
[0.537s] [ 50%] Built target map_generator
[0.537s] [ 75%] [32mBuilding CXX object CMakeFiles/mine_mapper.dir/src/mine_map_node.cpp.o[0m
[10.561s] [100%] [32m[1mLinking CXX executable mine_mapper[0m
[11.371s] [100%] Built target mine_mapper
[11.382s] Invoked command in '/home/azidozide/px4_sitl_ws/build/mine_mapping' returned '0': CMAKE_PREFIX_PATH=${CMAKE_PREFIX_PATH}:/home/azidozide/px4_sitl_ws/install/object_tracker:/home/azidozide/px4_sitl_ws/install/mapping:/opt/ros/humble /usr/bin/cmake --build /home/azidozide/px4_sitl_ws/build/mine_mapping -- -j24 -l24
[11.383s] Invoking command in '/home/azidozide/px4_sitl_ws/build/mine_mapping': CMAKE_PREFIX_PATH=${CMAKE_PREFIX_PATH}:/home/azidozide/px4_sitl_ws/install/object_tracker:/home/azidozide/px4_sitl_ws/install/mapping:/opt/ros/humble /usr/bin/cmake --install /home/azidozide/px4_sitl_ws/build/mine_mapping
[11.390s] -- Install configuration: ""
[11.390s] -- Installing: /home/azidozide/px4_sitl_ws/install/mine_mapping/lib/mine_mapping/mine_mapper
[11.394s] -- Set runtime path of "/home/azidozide/px4_sitl_ws/install/mine_mapping/lib/mine_mapping/mine_mapper" to ""
[11.395s] -- Up-to-date: /home/azidozide/px4_sitl_ws/install/mine_mapping/lib/libmap_generator.so
[11.395s] -- Up-to-date: /home/azidozide/px4_sitl_ws/install/mine_mapping/include/mine_mapping
[11.395s] -- Up-to-date: /home/azidozide/px4_sitl_ws/install/mine_mapping/include/mine_mapping/map_generator.hpp
[11.395s] -- Up-to-date: /home/azidozide/px4_sitl_ws/install/mine_mapping/share/ament_index/resource_index/package_run_dependencies/mine_mapping
[11.395s] -- Up-to-date: /home/azidozide/px4_sitl_ws/install/mine_mapping/share/ament_index/resource_index/parent_prefix_path/mine_mapping
[11.395s] -- Up-to-date: /home/azidozide/px4_sitl_ws/install/mine_mapping/share/mine_mapping/environment/ament_prefix_path.sh
[11.395s] -- Up-to-date: /home/azidozide/px4_sitl_ws/install/mine_mapping/share/mine_mapping/environment/ament_prefix_path.dsv
[11.395s] -- Up-to-date: /home/azidozide/px4_sitl_ws/install/mine_mapping/share/mine_mapping/environment/path.sh
[11.395s] -- Up-to-date: /home/azidozide/px4_sitl_ws/install/mine_mapping/share/mine_mapping/environment/path.dsv
[11.395s] -- Up-to-date: /home/azidozide/px4_sitl_ws/install/mine_mapping/share/mine_mapping/local_setup.bash
[11.395s] -- Up-to-date: /home/azidozide/px4_sitl_ws/install/mine_mapping/share/mine_mapping/local_setup.sh
[11.395s] -- Up-to-date: /home/azidozide/px4_sitl_ws/install/mine_mapping/share/mine_mapping/local_setup.zsh
[11.395s] -- Up-to-date: /home/azidozide/px4_sitl_ws/install/mine_mapping/share/mine_mapping/local_setup.dsv
[11.395s] -- Installing: /home/azidozide/px4_sitl_ws/install/mine_mapping/share/mine_mapping/package.dsv
[11.396s] -- Up-to-date: /home/azidozide/px4_sitl_ws/install/mine_mapping/share/ament_index/resource_index/packages/mine_mapping
[11.396s] -- Up-to-date: /home/azidozide/px4_sitl_ws/install/mine_mapping/share/mine_mapping/cmake/mine_mappingConfig.cmake
[11.396s] -- Up-to-date: /home/azidozide/px4_sitl_ws/install/mine_mapping/share/mine_mapping/cmake/mine_mappingConfig-version.cmake
[11.396s] -- Up-to-date: /home/azidozide/px4_sitl_ws/install/mine_mapping/share/mine_mapping/package.xml
[11.397s] Invoked command in '/home/azidozide/px4_sitl_ws/build/mine_mapping' returned '0': CMAKE_PREFIX_PATH=${CMAKE_PREFIX_PATH}:/home/azidozide/px4_sitl_ws/install/object_tracker:/home/azidozide/px4_sitl_ws/install/mapping:/opt/ros/humble /usr/bin/cmake --install /home/azidozide/px4_sitl_ws/build/mine_mapping
