[0.008s] Invoking command in '/home/azidozide/px4_sitl_ws/build/mapping': CMAKE_PREFIX_PATH=${CMAKE_PREFIX_PATH}:/home/azidozide/px4_sitl_ws/install/object_tracker:/home/azidozide/px4_sitl_ws/install/mapping:/opt/ros/humble /usr/bin/cmake --build /home/azidozide/px4_sitl_ws/build/mapping -- -j24 -l24
[0.030s] -- Found ament_cmake: 1.3.12 (/opt/ros/humble/share/ament_cmake/cmake)
[0.150s] -- Found rclcpp: 16.0.16 (/opt/ros/humble/share/rclcpp/cmake)
[0.169s] -- Found rosidl_generator_c: 3.1.7 (/opt/ros/humble/share/rosidl_generator_c/cmake)
[0.171s] -- Found rosidl_adapter: 3.1.7 (/opt/ros/humble/share/rosidl_adapter/cmake)
[0.175s] -- Found rosidl_generator_cpp: 3.1.7 (/opt/ros/humble/share/rosidl_generator_cpp/cmake)
[0.181s] -- Using all available rosidl_typesupport_c: rosidl_typesupport_fastrtps_c;rosidl_typesupport_introspection_c
[0.188s] -- Using all available rosidl_typesupport_cpp: rosidl_typesupport_fastrtps_cpp;rosidl_typesupport_introspection_cpp
[0.209s] -- Found rmw_implementation_cmake: 6.1.2 (/opt/ros/humble/share/rmw_implementation_cmake/cmake)
[0.209s] -- Found rmw_fastrtps_cpp: 6.2.9 (/opt/ros/humble/share/rmw_fastrtps_cpp/cmake)
[0.279s] -- Using RMW implementation 'rmw_fastrtps_cpp' as default
[0.310s] -- Found px4_msgs: 2.0.1 (/home/azidozide/px4_sitl_ws/install/px4_msgs/share/px4_msgs/cmake)
[0.317s] -- Found sensor_msgs: 4.9.0 (/opt/ros/humble/share/sensor_msgs/cmake)
[0.335s] -- Found nav_msgs: 4.9.0 (/opt/ros/humble/share/nav_msgs/cmake)
[0.348s] -- Found ament_lint_auto: 0.12.14 (/opt/ros/humble/share/ament_lint_auto/cmake)
[0.393s] -- Added test 'cppcheck' to perform static code analysis on C / C++ code
[0.393s] -- Configured cppcheck include dirs: /home/azidozide/px4_sitl_ws/src/mapping/src
[0.393s] -- Configured cppcheck exclude dirs and/or files: 
[0.393s] -- Added test 'lint_cmake' to check CMake code style
[0.394s] -- Added test 'uncrustify' to check C / C++ code style
[0.394s] -- Configured uncrustify additional arguments: 
[0.394s] -- Added test 'xmllint' to check XML markup files
[0.394s] -- Configuring done
[0.402s] -- Generating done
[0.406s] -- Build files have been written to: /home/azidozide/px4_sitl_ws/build/mapping
[0.426s] [35m[1mConsolidate compiler generated dependencies of target integrated_drone_mapping_node[0m
[0.434s] [ 25%] [32mBuilding CXX object CMakeFiles/corridor_gen_correct.dir/src/corridor_gen_correct.cpp.o[0m
[0.438s] [ 50%] [32mBuilding CXX object CMakeFiles/integrated_drone_mapping_node.dir/src/integrated_drone_mapping_node.cpp.o[0m
[0.612s] [ 75%] [32m[1mLinking CXX executable integrated_drone_mapping_node[0m
[0.754s] [ 75%] Built target integrated_drone_mapping_node
[0.895s] [01m[K/home/azidozide/px4_sitl_ws/src/mapping/src/corridor_gen_correct.cpp:16:10:[m[K [01;31m[Kfatal error: [m[Klinear_eq.hpp: No such file or directory
[0.895s]    16 | #include [01;31m[K"linear_eq.hpp"[m[K
[0.895s]       |          [01;31m[K^~~~~~~~~~~~~~~[m[K
[0.895s] compilation terminated.
[0.907s] gmake[2]: *** [CMakeFiles/corridor_gen_correct.dir/build.make:76: CMakeFiles/corridor_gen_correct.dir/src/corridor_gen_correct.cpp.o] Error 1
[0.907s] gmake[1]: *** [CMakeFiles/Makefile2:165: CMakeFiles/corridor_gen_correct.dir/all] Error 2
[0.907s] gmake: *** [Makefile:146: all] Error 2
[0.909s] Invoked command in '/home/azidozide/px4_sitl_ws/build/mapping' returned '2': CMAKE_PREFIX_PATH=${CMAKE_PREFIX_PATH}:/home/azidozide/px4_sitl_ws/install/object_tracker:/home/azidozide/px4_sitl_ws/install/mapping:/opt/ros/humble /usr/bin/cmake --build /home/azidozide/px4_sitl_ws/build/mapping -- -j24 -l24
