[0.166s] DEBUG:colcon:Command line arguments: ['/usr/bin/colcon', 'build']
[0.166s] DEBUG:colcon:Parsed command line arguments: Namespace(log_base=None, log_level=None, verb_name='build', build_base='build', install_base='install', merge_install=False, symlink_install=False, test_result_base=None, continue_on_error=False, executor='parallel', parallel_workers=24, event_handlers=None, ignore_user_meta=False, metas=['./colcon.meta'], base_paths=['.'], packages_ignore=None, packages_ignore_regex=None, paths=None, packages_up_to=None, packages_up_to_regex=None, packages_above=None, packages_above_and_dependencies=None, packages_above_depth=None, packages_select_by_dep=None, packages_skip_by_dep=None, packages_skip_up_to=None, packages_select_build_failed=False, packages_skip_build_finished=False, packages_select_test_failures=False, packages_skip_test_passed=False, packages_select=None, packages_skip=None, packages_select_regex=None, packages_skip_regex=None, packages_start=None, packages_end=None, allow_overriding=[], cmake_args=None, cmake_target=None, cmake_target_skip_unavailable=False, cmake_clean_cache=False, cmake_clean_first=False, cmake_force_configure=False, ament_cmake_args=None, catkin_cmake_args=None, catkin_skip_building_tests=False, mixin_files=None, mixin=None, verb_parser=<colcon_mixin.mixin.mixin_argument.MixinArgumentDecorator object at 0x7d455f93d6c0>, verb_extension=<colcon_core.verb.build.BuildVerb object at 0x7d455fa02650>, main=<bound method BuildVerb.main of <colcon_core.verb.build.BuildVerb object at 0x7d455fa02650>>, mixin_verb=('build',))
[0.441s] Level 1:colcon.colcon_core.package_discovery:discover_packages(colcon_meta) check parameters
[0.441s] Level 1:colcon.colcon_core.package_discovery:discover_packages(recursive) check parameters
[0.441s] Level 1:colcon.colcon_core.package_discovery:discover_packages(ignore) check parameters
[0.441s] Level 1:colcon.colcon_core.package_discovery:discover_packages(path) check parameters
[0.441s] Level 1:colcon.colcon_core.package_discovery:discover_packages(colcon_meta) discover
[0.441s] Level 1:colcon.colcon_core.package_discovery:discover_packages(recursive) discover
[0.441s] INFO:colcon.colcon_core.package_discovery:Crawling recursively for packages in '/home/azidozide/px4_sitl_ws'
[0.441s] Level 1:colcon.colcon_core.package_identification:_identify(.) by extensions ['ignore', 'ignore_ament_install']
[0.442s] Level 1:colcon.colcon_core.package_identification:_identify(.) by extension 'ignore'
[0.442s] Level 1:colcon.colcon_core.package_identification:_identify(.) by extension 'ignore_ament_install'
[0.442s] Level 1:colcon.colcon_core.package_identification:_identify(.) by extensions ['colcon_pkg']
[0.442s] Level 1:colcon.colcon_core.package_identification:_identify(.) by extension 'colcon_pkg'
[0.442s] Level 1:colcon.colcon_core.package_identification:_identify(.) by extensions ['colcon_meta']
[0.442s] Level 1:colcon.colcon_core.package_identification:_identify(.) by extension 'colcon_meta'
[0.442s] Level 1:colcon.colcon_core.package_identification:_identify(.) by extensions ['ros']
[0.442s] Level 1:colcon.colcon_core.package_identification:_identify(.) by extension 'ros'
[0.456s] Level 1:colcon.colcon_core.package_identification:_identify(.) by extensions ['cmake', 'python']
[0.457s] Level 1:colcon.colcon_core.package_identification:_identify(.) by extension 'cmake'
[0.457s] Level 1:colcon.colcon_core.package_identification:_identify(.) by extension 'python'
[0.457s] Level 1:colcon.colcon_core.package_identification:_identify(.) by extensions ['python_setup_py']
[0.457s] Level 1:colcon.colcon_core.package_identification:_identify(.) by extension 'python_setup_py'
[0.457s] Level 1:colcon.colcon_core.package_identification:_identify(build) by extensions ['ignore', 'ignore_ament_install']
[0.457s] Level 1:colcon.colcon_core.package_identification:_identify(build) by extension 'ignore'
[0.457s] Level 1:colcon.colcon_core.package_identification:_identify(build) ignored
[0.457s] Level 1:colcon.colcon_core.package_identification:_identify(install) by extensions ['ignore', 'ignore_ament_install']
[0.457s] Level 1:colcon.colcon_core.package_identification:_identify(install) by extension 'ignore'
[0.457s] Level 1:colcon.colcon_core.package_identification:_identify(install) ignored
[0.458s] Level 1:colcon.colcon_core.package_identification:_identify(log) by extensions ['ignore', 'ignore_ament_install']
[0.458s] Level 1:colcon.colcon_core.package_identification:_identify(log) by extension 'ignore'
[0.458s] Level 1:colcon.colcon_core.package_identification:_identify(log) ignored
[0.458s] Level 1:colcon.colcon_core.package_identification:_identify(src) by extensions ['ignore', 'ignore_ament_install']
[0.458s] Level 1:colcon.colcon_core.package_identification:_identify(src) by extension 'ignore'
[0.458s] Level 1:colcon.colcon_core.package_identification:_identify(src) by extension 'ignore_ament_install'
[0.458s] Level 1:colcon.colcon_core.package_identification:_identify(src) by extensions ['colcon_pkg']
[0.458s] Level 1:colcon.colcon_core.package_identification:_identify(src) by extension 'colcon_pkg'
[0.458s] Level 1:colcon.colcon_core.package_identification:_identify(src) by extensions ['colcon_meta']
[0.458s] Level 1:colcon.colcon_core.package_identification:_identify(src) by extension 'colcon_meta'
[0.458s] Level 1:colcon.colcon_core.package_identification:_identify(src) by extensions ['ros']
[0.458s] Level 1:colcon.colcon_core.package_identification:_identify(src) by extension 'ros'
[0.458s] Level 1:colcon.colcon_core.package_identification:_identify(src) by extensions ['cmake', 'python']
[0.458s] Level 1:colcon.colcon_core.package_identification:_identify(src) by extension 'cmake'
[0.458s] Level 1:colcon.colcon_core.package_identification:_identify(src) by extension 'python'
[0.458s] Level 1:colcon.colcon_core.package_identification:_identify(src) by extensions ['python_setup_py']
[0.458s] Level 1:colcon.colcon_core.package_identification:_identify(src) by extension 'python_setup_py'
[0.459s] Level 1:colcon.colcon_core.package_identification:_identify(src/object_tracker) by extensions ['ignore', 'ignore_ament_install']
[0.459s] Level 1:colcon.colcon_core.package_identification:_identify(src/object_tracker) by extension 'ignore'
[0.459s] Level 1:colcon.colcon_core.package_identification:_identify(src/object_tracker) by extension 'ignore_ament_install'
[0.459s] Level 1:colcon.colcon_core.package_identification:_identify(src/object_tracker) by extensions ['colcon_pkg']
[0.459s] Level 1:colcon.colcon_core.package_identification:_identify(src/object_tracker) by extension 'colcon_pkg'
[0.459s] Level 1:colcon.colcon_core.package_identification:_identify(src/object_tracker) by extensions ['colcon_meta']
[0.459s] Level 1:colcon.colcon_core.package_identification:_identify(src/object_tracker) by extension 'colcon_meta'
[0.459s] Level 1:colcon.colcon_core.package_identification:_identify(src/object_tracker) by extensions ['ros']
[0.459s] Level 1:colcon.colcon_core.package_identification:_identify(src/object_tracker) by extension 'ros'
[0.463s] DEBUG:colcon.colcon_core.package_identification:Package 'src/object_tracker' with type 'ros.ament_python' and name 'object_tracker'
[0.464s] Level 1:colcon.colcon_core.package_identification:_identify(src/px4_msgs) by extensions ['ignore', 'ignore_ament_install']
[0.464s] Level 1:colcon.colcon_core.package_identification:_identify(src/px4_msgs) by extension 'ignore'
[0.464s] Level 1:colcon.colcon_core.package_identification:_identify(src/px4_msgs) by extension 'ignore_ament_install'
[0.464s] Level 1:colcon.colcon_core.package_identification:_identify(src/px4_msgs) by extensions ['colcon_pkg']
[0.464s] Level 1:colcon.colcon_core.package_identification:_identify(src/px4_msgs) by extension 'colcon_pkg'
[0.464s] Level 1:colcon.colcon_core.package_identification:_identify(src/px4_msgs) by extensions ['colcon_meta']
[0.464s] Level 1:colcon.colcon_core.package_identification:_identify(src/px4_msgs) by extension 'colcon_meta'
[0.464s] Level 1:colcon.colcon_core.package_identification:_identify(src/px4_msgs) by extensions ['ros']
[0.464s] Level 1:colcon.colcon_core.package_identification:_identify(src/px4_msgs) by extension 'ros'
[0.465s] DEBUG:colcon.colcon_core.package_identification:Package 'src/px4_msgs' with type 'ros.ament_cmake' and name 'px4_msgs'
[0.465s] Level 1:colcon.colcon_core.package_discovery:discover_packages(recursive) using defaults
[0.465s] Level 1:colcon.colcon_core.package_discovery:discover_packages(ignore) discover
[0.465s] Level 1:colcon.colcon_core.package_discovery:discover_packages(ignore) using defaults
[0.465s] Level 1:colcon.colcon_core.package_discovery:discover_packages(path) discover
[0.465s] Level 1:colcon.colcon_core.package_discovery:discover_packages(path) using defaults
[0.500s] Level 1:colcon.colcon_core.package_discovery:discover_packages(prefix_path) check parameters
[0.500s] Level 1:colcon.colcon_core.package_discovery:discover_packages(prefix_path) discover
[0.504s] DEBUG:colcon.colcon_installed_package_information.package_discovery:Found 285 installed packages in /opt/ros/humble
[0.506s] Level 1:colcon.colcon_core.package_discovery:discover_packages(prefix_path) using defaults
[0.553s] Level 5:colcon.colcon_core.verb:set package 'object_tracker' build argument 'cmake_args' from command line to 'None'
[0.553s] Level 5:colcon.colcon_core.verb:set package 'object_tracker' build argument 'cmake_target' from command line to 'None'
[0.553s] Level 5:colcon.colcon_core.verb:set package 'object_tracker' build argument 'cmake_target_skip_unavailable' from command line to 'False'
[0.553s] Level 5:colcon.colcon_core.verb:set package 'object_tracker' build argument 'cmake_clean_cache' from command line to 'False'
[0.553s] Level 5:colcon.colcon_core.verb:set package 'object_tracker' build argument 'cmake_clean_first' from command line to 'False'
[0.553s] Level 5:colcon.colcon_core.verb:set package 'object_tracker' build argument 'cmake_force_configure' from command line to 'False'
[0.553s] Level 5:colcon.colcon_core.verb:set package 'object_tracker' build argument 'ament_cmake_args' from command line to 'None'
[0.554s] Level 5:colcon.colcon_core.verb:set package 'object_tracker' build argument 'catkin_cmake_args' from command line to 'None'
[0.554s] Level 5:colcon.colcon_core.verb:set package 'object_tracker' build argument 'catkin_skip_building_tests' from command line to 'False'
[0.554s] DEBUG:colcon.colcon_core.verb:Building package 'object_tracker' with the following arguments: {'ament_cmake_args': None, 'build_base': '/home/azidozide/px4_sitl_ws/build/object_tracker', 'catkin_cmake_args': None, 'catkin_skip_building_tests': False, 'cmake_args': None, 'cmake_clean_cache': False, 'cmake_clean_first': False, 'cmake_force_configure': False, 'cmake_target': None, 'cmake_target_skip_unavailable': False, 'install_base': '/home/azidozide/px4_sitl_ws/install/object_tracker', 'merge_install': False, 'path': '/home/azidozide/px4_sitl_ws/src/object_tracker', 'symlink_install': False, 'test_result_base': None}
[0.554s] Level 5:colcon.colcon_core.verb:set package 'px4_msgs' build argument 'cmake_args' from command line to 'None'
[0.554s] Level 5:colcon.colcon_core.verb:set package 'px4_msgs' build argument 'cmake_target' from command line to 'None'
[0.554s] Level 5:colcon.colcon_core.verb:set package 'px4_msgs' build argument 'cmake_target_skip_unavailable' from command line to 'False'
[0.554s] Level 5:colcon.colcon_core.verb:set package 'px4_msgs' build argument 'cmake_clean_cache' from command line to 'False'
[0.554s] Level 5:colcon.colcon_core.verb:set package 'px4_msgs' build argument 'cmake_clean_first' from command line to 'False'
[0.554s] Level 5:colcon.colcon_core.verb:set package 'px4_msgs' build argument 'cmake_force_configure' from command line to 'False'
[0.554s] Level 5:colcon.colcon_core.verb:set package 'px4_msgs' build argument 'ament_cmake_args' from command line to 'None'
[0.554s] Level 5:colcon.colcon_core.verb:set package 'px4_msgs' build argument 'catkin_cmake_args' from command line to 'None'
[0.554s] Level 5:colcon.colcon_core.verb:set package 'px4_msgs' build argument 'catkin_skip_building_tests' from command line to 'False'
[0.554s] DEBUG:colcon.colcon_core.verb:Building package 'px4_msgs' with the following arguments: {'ament_cmake_args': None, 'build_base': '/home/azidozide/px4_sitl_ws/build/px4_msgs', 'catkin_cmake_args': None, 'catkin_skip_building_tests': False, 'cmake_args': None, 'cmake_clean_cache': False, 'cmake_clean_first': False, 'cmake_force_configure': False, 'cmake_target': None, 'cmake_target_skip_unavailable': False, 'install_base': '/home/azidozide/px4_sitl_ws/install/px4_msgs', 'merge_install': False, 'path': '/home/azidozide/px4_sitl_ws/src/px4_msgs', 'symlink_install': False, 'test_result_base': None}
[0.554s] INFO:colcon.colcon_core.executor:Executing jobs using 'parallel' executor
[0.555s] DEBUG:colcon.colcon_parallel_executor.executor.parallel:run_until_complete
[0.555s] INFO:colcon.colcon_ros.task.ament_python.build:Building ROS package in '/home/azidozide/px4_sitl_ws/src/object_tracker' with build type 'ament_python'
[0.555s] Level 1:colcon.colcon_core.shell:create_environment_hook('object_tracker', 'ament_prefix_path')
[0.561s] INFO:colcon.colcon_core.plugin_system:Skipping extension 'colcon_core.shell.bat': Not used on non-Windows systems
[0.561s] INFO:colcon.colcon_core.shell:Creating environment hook '/home/azidozide/px4_sitl_ws/install/object_tracker/share/object_tracker/hook/ament_prefix_path.ps1'
[0.562s] INFO:colcon.colcon_core.shell:Creating environment descriptor '/home/azidozide/px4_sitl_ws/install/object_tracker/share/object_tracker/hook/ament_prefix_path.dsv'
[0.562s] INFO:colcon.colcon_core.shell:Creating environment hook '/home/azidozide/px4_sitl_ws/install/object_tracker/share/object_tracker/hook/ament_prefix_path.sh'
[0.564s] INFO:colcon.colcon_core.shell:Skip shell extension 'powershell' for command environment: Not usable outside of PowerShell
[0.564s] DEBUG:colcon.colcon_core.shell:Skip shell extension 'dsv' for command environment
[0.567s] INFO:colcon.colcon_ros.task.ament_cmake.build:Building ROS package in '/home/azidozide/px4_sitl_ws/src/px4_msgs' with build type 'ament_cmake'
[0.567s] INFO:colcon.colcon_cmake.task.cmake.build:Building CMake package in '/home/azidozide/px4_sitl_ws/src/px4_msgs'
[0.568s] INFO:colcon.colcon_core.shell:Skip shell extension 'powershell' for command environment: Not usable outside of PowerShell
[0.568s] DEBUG:colcon.colcon_core.shell:Skip shell extension 'dsv' for command environment
[0.834s] INFO:colcon.colcon_core.task.python.build:Building Python package in '/home/azidozide/px4_sitl_ws/src/object_tracker'
[0.835s] INFO:colcon.colcon_core.shell:Skip shell extension 'powershell' for command environment: Not usable outside of PowerShell
[0.835s] DEBUG:colcon.colcon_core.shell:Skip shell extension 'dsv' for command environment
[0.840s] DEBUG:colcon.colcon_core.event_handler.log_command:Invoking command in '/home/azidozide/px4_sitl_ws/build/px4_msgs': CMAKE_PREFIX_PATH=/opt/ros/humble /usr/bin/cmake --build /home/azidozide/px4_sitl_ws/build/px4_msgs -- -j24 -l24
[1.255s] DEBUG:colcon.colcon_core.event_handler.log_command:Invoking command in '/home/azidozide/px4_sitl_ws/src/object_tracker': PYTHONPATH=/home/azidozide/px4_sitl_ws/build/object_tracker/prefix_override:/usr/lib/python3/dist-packages/colcon_core/task/python/colcon_distutils_commands:/home/azidozide/px4_sitl_ws/install/object_tracker/lib/python3.10/site-packages:${PYTHONPATH} /usr/bin/python3 -W ignore:setup.py install is deprecated -W ignore:easy_install command is deprecated setup.py egg_info --egg-base ../../build/object_tracker build --build-base /home/azidozide/px4_sitl_ws/build/object_tracker/build install --record /home/azidozide/px4_sitl_ws/build/object_tracker/install.log --single-version-externally-managed install_data
[1.525s] DEBUG:colcon.colcon_core.event_handler.log_command:Invoked command in '/home/azidozide/px4_sitl_ws/src/object_tracker' returned '0': PYTHONPATH=/home/azidozide/px4_sitl_ws/build/object_tracker/prefix_override:/usr/lib/python3/dist-packages/colcon_core/task/python/colcon_distutils_commands:/home/azidozide/px4_sitl_ws/install/object_tracker/lib/python3.10/site-packages:${PYTHONPATH} /usr/bin/python3 -W ignore:setup.py install is deprecated -W ignore:easy_install command is deprecated setup.py egg_info --egg-base ../../build/object_tracker build --build-base /home/azidozide/px4_sitl_ws/build/object_tracker/build install --record /home/azidozide/px4_sitl_ws/build/object_tracker/install.log --single-version-externally-managed install_data
[1.531s] Level 1:colcon.colcon_core.environment:checking '/home/azidozide/px4_sitl_ws/install/object_tracker' for CMake module files
[1.531s] Level 1:colcon.colcon_core.environment:checking '/home/azidozide/px4_sitl_ws/install/object_tracker' for CMake config files
[1.532s] Level 1:colcon.colcon_core.environment:checking '/home/azidozide/px4_sitl_ws/install/object_tracker/lib'
[1.532s] Level 1:colcon.colcon_core.environment:checking '/home/azidozide/px4_sitl_ws/install/object_tracker/bin'
[1.532s] Level 1:colcon.colcon_core.environment:checking '/home/azidozide/px4_sitl_ws/install/object_tracker/lib/pkgconfig/object_tracker.pc'
[1.532s] Level 1:colcon.colcon_core.environment:checking '/home/azidozide/px4_sitl_ws/install/object_tracker/lib/python3.10/site-packages'
[1.532s] Level 1:colcon.colcon_core.shell:create_environment_hook('object_tracker', 'pythonpath')
[1.533s] INFO:colcon.colcon_core.shell:Creating environment hook '/home/azidozide/px4_sitl_ws/install/object_tracker/share/object_tracker/hook/pythonpath.ps1'
[1.533s] INFO:colcon.colcon_core.shell:Creating environment descriptor '/home/azidozide/px4_sitl_ws/install/object_tracker/share/object_tracker/hook/pythonpath.dsv'
[1.533s] INFO:colcon.colcon_core.shell:Creating environment hook '/home/azidozide/px4_sitl_ws/install/object_tracker/share/object_tracker/hook/pythonpath.sh'
[1.534s] Level 1:colcon.colcon_core.environment:checking '/home/azidozide/px4_sitl_ws/install/object_tracker/bin'
[1.534s] Level 1:colcon.colcon_core.environment:create_environment_scripts_only(object_tracker)
[1.534s] INFO:colcon.colcon_core.shell:Creating package script '/home/azidozide/px4_sitl_ws/install/object_tracker/share/object_tracker/package.ps1'
[1.535s] INFO:colcon.colcon_core.shell:Creating package descriptor '/home/azidozide/px4_sitl_ws/install/object_tracker/share/object_tracker/package.dsv'
[1.535s] INFO:colcon.colcon_core.shell:Creating package script '/home/azidozide/px4_sitl_ws/install/object_tracker/share/object_tracker/package.sh'
[1.536s] INFO:colcon.colcon_core.shell:Creating package script '/home/azidozide/px4_sitl_ws/install/object_tracker/share/object_tracker/package.bash'
[1.537s] INFO:colcon.colcon_core.shell:Creating package script '/home/azidozide/px4_sitl_ws/install/object_tracker/share/object_tracker/package.zsh'
[1.538s] Level 1:colcon.colcon_core.environment:create_file_with_runtime_dependencies(/home/azidozide/px4_sitl_ws/install/object_tracker/share/colcon-core/packages/object_tracker)
[1.730s] DEBUG:colcon.colcon_core.event_handler.log_command:Invoked command in '/home/azidozide/px4_sitl_ws/build/px4_msgs' returned '0': CMAKE_PREFIX_PATH=/opt/ros/humble /usr/bin/cmake --build /home/azidozide/px4_sitl_ws/build/px4_msgs -- -j24 -l24
[1.739s] DEBUG:colcon.colcon_core.event_handler.log_command:Invoking command in '/home/azidozide/px4_sitl_ws/build/px4_msgs': CMAKE_PREFIX_PATH=/opt/ros/humble /usr/bin/cmake --install /home/azidozide/px4_sitl_ws/build/px4_msgs
[2.067s] Level 1:colcon.colcon_core.environment:create_environment_scripts_only(px4_msgs)
[2.068s] Level 1:colcon.colcon_core.environment:checking '/home/azidozide/px4_sitl_ws/install/px4_msgs' for CMake module files
[2.068s] DEBUG:colcon.colcon_core.event_handler.log_command:Invoked command in '/home/azidozide/px4_sitl_ws/build/px4_msgs' returned '0': CMAKE_PREFIX_PATH=/opt/ros/humble /usr/bin/cmake --install /home/azidozide/px4_sitl_ws/build/px4_msgs
[2.068s] Level 1:colcon.colcon_core.environment:checking '/home/azidozide/px4_sitl_ws/install/px4_msgs' for CMake config files
[2.069s] Level 1:colcon.colcon_core.shell:create_environment_hook('px4_msgs', 'cmake_prefix_path')
[2.069s] INFO:colcon.colcon_core.shell:Creating environment hook '/home/azidozide/px4_sitl_ws/install/px4_msgs/share/px4_msgs/hook/cmake_prefix_path.ps1'
[2.070s] INFO:colcon.colcon_core.shell:Creating environment descriptor '/home/azidozide/px4_sitl_ws/install/px4_msgs/share/px4_msgs/hook/cmake_prefix_path.dsv'
[2.070s] INFO:colcon.colcon_core.shell:Creating environment hook '/home/azidozide/px4_sitl_ws/install/px4_msgs/share/px4_msgs/hook/cmake_prefix_path.sh'
[2.070s] Level 1:colcon.colcon_core.environment:checking '/home/azidozide/px4_sitl_ws/install/px4_msgs/lib'
[2.070s] Level 1:colcon.colcon_core.shell:create_environment_hook('px4_msgs', 'ld_library_path_lib')
[2.071s] INFO:colcon.colcon_core.shell:Creating environment hook '/home/azidozide/px4_sitl_ws/install/px4_msgs/share/px4_msgs/hook/ld_library_path_lib.ps1'
[2.071s] INFO:colcon.colcon_core.shell:Creating environment descriptor '/home/azidozide/px4_sitl_ws/install/px4_msgs/share/px4_msgs/hook/ld_library_path_lib.dsv'
[2.071s] INFO:colcon.colcon_core.shell:Creating environment hook '/home/azidozide/px4_sitl_ws/install/px4_msgs/share/px4_msgs/hook/ld_library_path_lib.sh'
[2.071s] Level 1:colcon.colcon_core.environment:checking '/home/azidozide/px4_sitl_ws/install/px4_msgs/bin'
[2.071s] Level 1:colcon.colcon_core.environment:checking '/home/azidozide/px4_sitl_ws/install/px4_msgs/lib/pkgconfig/px4_msgs.pc'
[2.072s] Level 1:colcon.colcon_core.environment:checking '/home/azidozide/px4_sitl_ws/install/px4_msgs/lib/python3.10/site-packages'
[2.072s] Level 1:colcon.colcon_core.environment:checking '/home/azidozide/px4_sitl_ws/install/px4_msgs/bin'
[2.072s] INFO:colcon.colcon_core.shell:Creating package script '/home/azidozide/px4_sitl_ws/install/px4_msgs/share/px4_msgs/package.ps1'
[2.072s] INFO:colcon.colcon_core.shell:Creating package descriptor '/home/azidozide/px4_sitl_ws/install/px4_msgs/share/px4_msgs/package.dsv'
[2.073s] INFO:colcon.colcon_core.shell:Creating package script '/home/azidozide/px4_sitl_ws/install/px4_msgs/share/px4_msgs/package.sh'
[2.073s] INFO:colcon.colcon_core.shell:Creating package script '/home/azidozide/px4_sitl_ws/install/px4_msgs/share/px4_msgs/package.bash'
[2.073s] INFO:colcon.colcon_core.shell:Creating package script '/home/azidozide/px4_sitl_ws/install/px4_msgs/share/px4_msgs/package.zsh'
[2.073s] Level 1:colcon.colcon_core.environment:create_file_with_runtime_dependencies(/home/azidozide/px4_sitl_ws/install/px4_msgs/share/colcon-core/packages/px4_msgs)
[2.074s] Level 1:colcon.colcon_core.environment:create_environment_scripts_only(px4_msgs)
[2.074s] Level 1:colcon.colcon_core.environment:checking '/home/azidozide/px4_sitl_ws/install/px4_msgs' for CMake module files
[2.074s] Level 1:colcon.colcon_core.environment:checking '/home/azidozide/px4_sitl_ws/install/px4_msgs' for CMake config files
[2.074s] Level 1:colcon.colcon_core.shell:create_environment_hook('px4_msgs', 'cmake_prefix_path')
[2.075s] INFO:colcon.colcon_core.shell:Creating environment hook '/home/azidozide/px4_sitl_ws/install/px4_msgs/share/px4_msgs/hook/cmake_prefix_path.ps1'
[2.075s] INFO:colcon.colcon_core.shell:Creating environment descriptor '/home/azidozide/px4_sitl_ws/install/px4_msgs/share/px4_msgs/hook/cmake_prefix_path.dsv'
[2.075s] INFO:colcon.colcon_core.shell:Creating environment hook '/home/azidozide/px4_sitl_ws/install/px4_msgs/share/px4_msgs/hook/cmake_prefix_path.sh'
[2.075s] Level 1:colcon.colcon_core.environment:checking '/home/azidozide/px4_sitl_ws/install/px4_msgs/lib'
[2.075s] Level 1:colcon.colcon_core.shell:create_environment_hook('px4_msgs', 'ld_library_path_lib')
[2.075s] INFO:colcon.colcon_core.shell:Creating environment hook '/home/azidozide/px4_sitl_ws/install/px4_msgs/share/px4_msgs/hook/ld_library_path_lib.ps1'
[2.076s] INFO:colcon.colcon_core.shell:Creating environment descriptor '/home/azidozide/px4_sitl_ws/install/px4_msgs/share/px4_msgs/hook/ld_library_path_lib.dsv'
[2.076s] INFO:colcon.colcon_core.shell:Creating environment hook '/home/azidozide/px4_sitl_ws/install/px4_msgs/share/px4_msgs/hook/ld_library_path_lib.sh'
[2.076s] Level 1:colcon.colcon_core.environment:checking '/home/azidozide/px4_sitl_ws/install/px4_msgs/bin'
[2.076s] Level 1:colcon.colcon_core.environment:checking '/home/azidozide/px4_sitl_ws/install/px4_msgs/lib/pkgconfig/px4_msgs.pc'
[2.076s] Level 1:colcon.colcon_core.environment:checking '/home/azidozide/px4_sitl_ws/install/px4_msgs/lib/python3.10/site-packages'
[2.076s] Level 1:colcon.colcon_core.environment:checking '/home/azidozide/px4_sitl_ws/install/px4_msgs/bin'
[2.077s] INFO:colcon.colcon_core.shell:Creating package script '/home/azidozide/px4_sitl_ws/install/px4_msgs/share/px4_msgs/package.ps1'
[2.077s] INFO:colcon.colcon_core.shell:Creating package descriptor '/home/azidozide/px4_sitl_ws/install/px4_msgs/share/px4_msgs/package.dsv'
[2.077s] INFO:colcon.colcon_core.shell:Creating package script '/home/azidozide/px4_sitl_ws/install/px4_msgs/share/px4_msgs/package.sh'
[2.078s] INFO:colcon.colcon_core.shell:Creating package script '/home/azidozide/px4_sitl_ws/install/px4_msgs/share/px4_msgs/package.bash'
[2.078s] INFO:colcon.colcon_core.shell:Creating package script '/home/azidozide/px4_sitl_ws/install/px4_msgs/share/px4_msgs/package.zsh'
[2.078s] Level 1:colcon.colcon_core.environment:create_file_with_runtime_dependencies(/home/azidozide/px4_sitl_ws/install/px4_msgs/share/colcon-core/packages/px4_msgs)
[2.078s] DEBUG:colcon.colcon_parallel_executor.executor.parallel:closing loop
[2.079s] DEBUG:colcon.colcon_parallel_executor.executor.parallel:loop closed
[2.079s] DEBUG:colcon.colcon_parallel_executor.executor.parallel:run_until_complete finished with '0'
[2.079s] DEBUG:colcon.colcon_core.event_reactor:joining thread
[2.083s] INFO:colcon.colcon_core.plugin_system:Skipping extension 'colcon_notification.desktop_notification.terminal_notifier': Not used on non-Darwin systems
[2.083s] INFO:colcon.colcon_core.plugin_system:Skipping extension 'colcon_notification.desktop_notification.win32': Not used on non-Windows systems
[2.083s] INFO:colcon.colcon_notification.desktop_notification:Sending desktop notification using 'notify2'
[2.106s] DEBUG:colcon.colcon_core.event_reactor:joined thread
[2.106s] INFO:colcon.colcon_core.shell:Creating prefix script '/home/azidozide/px4_sitl_ws/install/local_setup.ps1'
[2.108s] INFO:colcon.colcon_core.shell:Creating prefix util module '/home/azidozide/px4_sitl_ws/install/_local_setup_util_ps1.py'
[2.109s] INFO:colcon.colcon_core.shell:Creating prefix chain script '/home/azidozide/px4_sitl_ws/install/setup.ps1'
[2.110s] INFO:colcon.colcon_core.shell:Creating prefix script '/home/azidozide/px4_sitl_ws/install/local_setup.sh'
[2.110s] INFO:colcon.colcon_core.shell:Creating prefix util module '/home/azidozide/px4_sitl_ws/install/_local_setup_util_sh.py'
[2.110s] INFO:colcon.colcon_core.shell:Creating prefix chain script '/home/azidozide/px4_sitl_ws/install/setup.sh'
[2.111s] INFO:colcon.colcon_core.shell:Creating prefix script '/home/azidozide/px4_sitl_ws/install/local_setup.bash'
[2.112s] INFO:colcon.colcon_core.shell:Creating prefix chain script '/home/azidozide/px4_sitl_ws/install/setup.bash'
[2.113s] INFO:colcon.colcon_core.shell:Creating prefix script '/home/azidozide/px4_sitl_ws/install/local_setup.zsh'
[2.113s] INFO:colcon.colcon_core.shell:Creating prefix chain script '/home/azidozide/px4_sitl_ws/install/setup.zsh'
