[0.011s] Invoking command in '/home/azidozide/px4_sitl_ws/src/build/mine_mapping': CMAKE_PREFIX_PATH=${CMAKE_PREFIX_PATH}:/home/azidozide/px4_sitl_ws/install/object_tracker:/home/azidozide/px4_sitl_ws/install/mapping:/opt/ros/humble /usr/bin/cmake /home/azidozide/px4_sitl_ws/src/mine_mapping -DCMAKE_INSTALL_PREFIX=/home/azidozide/px4_sitl_ws/src/install/mine_mapping
[0.089s] -- The C compiler identification is GNU 11.4.0
[0.163s] -- The CXX compiler identification is GNU 11.4.0
[0.174s] -- Detecting C compiler ABI info
[0.250s] -- Detecting C compiler ABI info - done
[0.255s] -- Check for working C compiler: /usr/lib/ccache/cc - skipped
[0.256s] -- Detecting C compile features
[0.256s] -- Detecting C compile features - done
[0.259s] -- Detecting CXX compiler ABI info
[0.354s] -- Detecting CXX compiler ABI info - done
[0.363s] -- Check for working CXX compiler: /usr/lib/ccache/c++ - skipped
[0.363s] -- Detecting CXX compile features
[0.364s] -- Detecting CXX compile features - done
[0.371s] -- Found ament_cmake: 1.3.12 (/opt/ros/humble/share/ament_cmake/cmake)
[0.518s] -- Found Python3: /usr/bin/python3 (found version "3.10.12") found components: Interpreter 
[0.601s] -- Found rclcpp: 16.0.16 (/opt/ros/humble/share/rclcpp/cmake)
[0.653s] -- Found rosidl_generator_c: 3.1.7 (/opt/ros/humble/share/rosidl_generator_c/cmake)
[0.661s] -- Found rosidl_adapter: 3.1.7 (/opt/ros/humble/share/rosidl_adapter/cmake)
[0.675s] -- Found rosidl_generator_cpp: 3.1.7 (/opt/ros/humble/share/rosidl_generator_cpp/cmake)
[0.694s] -- Using all available rosidl_typesupport_c: rosidl_typesupport_fastrtps_c;rosidl_typesupport_introspection_c
[0.716s] -- Using all available rosidl_typesupport_cpp: rosidl_typesupport_fastrtps_cpp;rosidl_typesupport_introspection_cpp
[0.772s] -- Found rmw_implementation_cmake: 6.1.2 (/opt/ros/humble/share/rmw_implementation_cmake/cmake)
[0.776s] -- Found rmw_fastrtps_cpp: 6.2.9 (/opt/ros/humble/share/rmw_fastrtps_cpp/cmake)
[0.858s] -- Found OpenSSL: /usr/lib/x86_64-linux-gnu/libcrypto.so (found version "3.0.2")  
[0.879s] -- Found FastRTPS: /opt/ros/humble/include  
[0.915s] -- Using RMW implementation 'rmw_fastrtps_cpp' as default
[0.922s] -- Looking for pthread.h
[0.999s] -- Looking for pthread.h - found
[0.999s] -- Performing Test CMAKE_HAVE_LIBC_PTHREAD
[1.073s] -- Performing Test CMAKE_HAVE_LIBC_PTHREAD - Success
[1.075s] -- Found Threads: TRUE  
[1.149s] -- Found cv_bridge: 3.2.1 (/opt/ros/humble/share/cv_bridge/cmake)
[1.219s] -- Found OpenCV: /usr (found version "4.5.4") 
[1.219s] -- Found px4_msgs: 2.0.1 (/home/azidozide/px4_sitl_ws/install/px4_msgs/share/px4_msgs/cmake)
[1.253s] -- Found ament_lint_auto: 0.12.14 (/opt/ros/humble/share/ament_lint_auto/cmake)
[1.263s] -- Added test 'cppcheck' to perform static code analysis on C / C++ code
[1.263s] -- Configured cppcheck include dirs: /home/azidozide/px4_sitl_ws/src/mine_mapping/src
[1.263s] -- Configured cppcheck exclude dirs and/or files: 
[1.263s] -- Added test 'lint_cmake' to check CMake code style
[1.263s] -- Added test 'uncrustify' to check C / C++ code style
[1.263s] -- Configured uncrustify additional arguments: 
[1.263s] -- Added test 'xmllint' to check XML markup files
[1.264s] -- Configuring done
[1.265s] -- Generating done
[1.268s] -- Build files have been written to: /home/azidozide/px4_sitl_ws/src/build/mine_mapping
[1.275s] Invoked command in '/home/azidozide/px4_sitl_ws/src/build/mine_mapping' returned '0': CMAKE_PREFIX_PATH=${CMAKE_PREFIX_PATH}:/home/azidozide/px4_sitl_ws/install/object_tracker:/home/azidozide/px4_sitl_ws/install/mapping:/opt/ros/humble /usr/bin/cmake /home/azidozide/px4_sitl_ws/src/mine_mapping -DCMAKE_INSTALL_PREFIX=/home/azidozide/px4_sitl_ws/src/install/mine_mapping
[1.276s] Invoking command in '/home/azidozide/px4_sitl_ws/src/build/mine_mapping': CMAKE_PREFIX_PATH=${CMAKE_PREFIX_PATH}:/home/azidozide/px4_sitl_ws/install/object_tracker:/home/azidozide/px4_sitl_ws/install/mapping:/opt/ros/humble /usr/bin/cmake --build /home/azidozide/px4_sitl_ws/src/build/mine_mapping -- -j24 -l24
[1.321s] [ 25%] [32mBuilding CXX object CMakeFiles/map_generator.dir/src/map_generator.cpp.o[0m
[5.320s] [ 50%] [32m[1mLinking CXX shared library libmap_generator.so[0m
[5.463s] [ 50%] Built target map_generator
[5.480s] [ 75%] [32mBuilding CXX object CMakeFiles/mine_mapper.dir/src/mine_map_node.cpp.o[0m
[13.292s] [100%] [32m[1mLinking CXX executable mine_mapper[0m
[13.896s] [100%] Built target mine_mapper
