[0.887s] Invoking command in '/home/azidozide/px4_sitl_ws/src/mapping': PYTHONPATH=/home/azidozide/px4_sitl_ws/build/mapping/prefix_override:/usr/lib/python3/dist-packages/colcon_core/task/python/colcon_distutils_commands:/home/azidozide/px4_sitl_ws/install/mapping/lib/python3.10/site-packages:${PYTHONPATH} /usr/bin/python3 -W ignore:setup.py install is deprecated -W ignore:easy_install command is deprecated setup.py egg_info --egg-base ../../build/mapping build --build-base /home/azidozide/px4_sitl_ws/build/mapping/build install --record /home/azidozide/px4_sitl_ws/build/mapping/install.log --single-version-externally-managed install_data
[1.131s] running egg_info
[1.132s] writing ../../build/mapping/mapping.egg-info/PKG-INFO
[1.132s] writing dependency_links to ../../build/mapping/mapping.egg-info/dependency_links.txt
[1.132s] writing entry points to ../../build/mapping/mapping.egg-info/entry_points.txt
[1.132s] writing requirements to ../../build/mapping/mapping.egg-info/requires.txt
[1.132s] writing top-level names to ../../build/mapping/mapping.egg-info/top_level.txt
[1.134s] reading manifest file '../../build/mapping/mapping.egg-info/SOURCES.txt'
[1.134s] adding license file 'LICENSE'
[1.135s] writing manifest file '../../build/mapping/mapping.egg-info/SOURCES.txt'
[1.135s] running build
[1.135s] running build_py
[1.135s] copying mapping/generator_v2.py -> /home/azidozide/px4_sitl_ws/build/mapping/build/lib/mapping
[1.135s] running install
[1.135s] running install_lib
[1.136s] copying /home/azidozide/px4_sitl_ws/build/mapping/build/lib/mapping/generator_v2.py -> /home/azidozide/px4_sitl_ws/install/mapping/lib/python3.10/site-packages/mapping
[1.137s] byte-compiling /home/azidozide/px4_sitl_ws/install/mapping/lib/python3.10/site-packages/mapping/generator_v2.py to generator_v2.cpython-310.pyc
[1.140s] running install_data
[1.140s] running install_egg_info
[1.141s] removing '/home/azidozide/px4_sitl_ws/install/mapping/lib/python3.10/site-packages/mapping-0.0.0-py3.10.egg-info' (and everything under it)
[1.141s] Copying ../../build/mapping/mapping.egg-info to /home/azidozide/px4_sitl_ws/install/mapping/lib/python3.10/site-packages/mapping-0.0.0-py3.10.egg-info
[1.142s] running install_scripts
[1.159s] Installing sfc_gen script to /home/azidozide/px4_sitl_ws/install/mapping/lib/mapping
[1.159s] writing list of installed files to '/home/azidozide/px4_sitl_ws/build/mapping/install.log'
[1.177s] Invoked command in '/home/azidozide/px4_sitl_ws/src/mapping' returned '0': PYTHONPATH=/home/azidozide/px4_sitl_ws/build/mapping/prefix_override:/usr/lib/python3/dist-packages/colcon_core/task/python/colcon_distutils_commands:/home/azidozide/px4_sitl_ws/install/mapping/lib/python3.10/site-packages:${PYTHONPATH} /usr/bin/python3 -W ignore:setup.py install is deprecated -W ignore:easy_install command is deprecated setup.py egg_info --egg-base ../../build/mapping build --build-base /home/azidozide/px4_sitl_ws/build/mapping/build install --record /home/azidozide/px4_sitl_ws/build/mapping/install.log --single-version-externally-managed install_data
