[  9%] Built target swarm_control__rosidl_generator_c
[ 12%] Built target swarm_control__cpp
[ 12%] Built target ament_cmake_python_copy_swarm_control
[ 29%] Built target swarm_control__rosidl_typesupport_c
[ 32%] Built target swarm_control__rosidl_typesupport_introspection_c
[ 41%] Built target swarm_control__rosidl_typesupport_fastrtps_c
[ 51%] Built target swarm_control__rosidl_typesupport_introspection_cpp
[ 61%] Built target swarm_control__rosidl_typesupport_cpp
[ 70%] Built target swarm_control__rosidl_typesupport_fastrtps_cpp
[ 70%] Built target swarm_control
[ 74%] Built target swarm_control__py
[ 80%] Built target swarm_control__rosidl_generator_py
[ 87%] Built target swarm_control__rosidl_typesupport_fastrtps_c__pyext
[ 93%] Built target swarm_control__rosidl_typesupport_introspection_c__pyext
[100%] Built target swarm_control__rosidl_typesupport_c__pyext
running egg_info
writing swarm_control.egg-info/PKG-INFO
writing dependency_links to swarm_control.egg-info/dependency_links.txt
writing top-level names to swarm_control.egg-info/top_level.txt
reading manifest file 'swarm_control.egg-info/SOURCES.txt'
writing manifest file 'swarm_control.egg-info/SOURCES.txt'
[100%] Built target ament_cmake_python_build_swarm_control_egg
-- Install configuration: ""
-- Up-to-date: /home/azidozide/px4_sitl_ws/install/swarm_control/share/ament_index/resource_index/rosidl_interfaces/swarm_control
-- Up-to-date: /home/azidozide/px4_sitl_ws/install/swarm_control/include/swarm_control/swarm_control
-- Up-to-date: /home/azidozide/px4_sitl_ws/install/swarm_control/include/swarm_control/swarm_control/msg
-- Up-to-date: /home/azidozide/px4_sitl_ws/install/swarm_control/include/swarm_control/swarm_control/msg/detail
-- Up-to-date: /home/azidozide/px4_sitl_ws/install/swarm_control/include/swarm_control/swarm_control/msg/detail/mother_state__functions.c
-- Up-to-date: /home/azidozide/px4_sitl_ws/install/swarm_control/include/swarm_control/swarm_control/msg/detail/mother_state__struct.h
-- Up-to-date: /home/azidozide/px4_sitl_ws/install/swarm_control/include/swarm_control/swarm_control/msg/detail/mother_state__functions.h
-- Up-to-date: /home/azidozide/px4_sitl_ws/install/swarm_control/include/swarm_control/swarm_control/msg/detail/mother_state__type_support.h
-- Up-to-date: /home/azidozide/px4_sitl_ws/install/swarm_control/include/swarm_control/swarm_control/msg/mother_state.h
-- Up-to-date: /home/azidozide/px4_sitl_ws/install/swarm_control/include/swarm_control/swarm_control/msg/rosidl_generator_c__visibility_control.h
-- Up-to-date: /home/azidozide/px4_sitl_ws/install/swarm_control/share/swarm_control/environment/library_path.sh
-- Up-to-date: /home/azidozide/px4_sitl_ws/install/swarm_control/share/swarm_control/environment/library_path.dsv
-- Up-to-date: /home/azidozide/px4_sitl_ws/install/swarm_control/lib/libswarm_control__rosidl_generator_c.so
-- Up-to-date: /home/azidozide/px4_sitl_ws/install/swarm_control/include/swarm_control/swarm_control
-- Up-to-date: /home/azidozide/px4_sitl_ws/install/swarm_control/include/swarm_control/swarm_control/msg
-- Up-to-date: /home/azidozide/px4_sitl_ws/install/swarm_control/include/swarm_control/swarm_control/msg/detail
-- Up-to-date: /home/azidozide/px4_sitl_ws/install/swarm_control/include/swarm_control/swarm_control/msg/detail/mother_state__rosidl_typesupport_fastrtps_c.h
-- Up-to-date: /home/azidozide/px4_sitl_ws/install/swarm_control/include/swarm_control/swarm_control/msg/rosidl_typesupport_fastrtps_c__visibility_control.h
-- Up-to-date: /home/azidozide/px4_sitl_ws/install/swarm_control/lib/libswarm_control__rosidl_typesupport_fastrtps_c.so
-- Up-to-date: /home/azidozide/px4_sitl_ws/install/swarm_control/include/swarm_control/swarm_control
-- Up-to-date: /home/azidozide/px4_sitl_ws/install/swarm_control/include/swarm_control/swarm_control/msg
-- Up-to-date: /home/azidozide/px4_sitl_ws/install/swarm_control/include/swarm_control/swarm_control/msg/detail
-- Up-to-date: /home/azidozide/px4_sitl_ws/install/swarm_control/include/swarm_control/swarm_control/msg/detail/mother_state__type_support.c
-- Up-to-date: /home/azidozide/px4_sitl_ws/install/swarm_control/include/swarm_control/swarm_control/msg/detail/mother_state__rosidl_typesupport_introspection_c.h
-- Up-to-date: /home/azidozide/px4_sitl_ws/install/swarm_control/include/swarm_control/swarm_control/msg/rosidl_typesupport_introspection_c__visibility_control.h
-- Up-to-date: /home/azidozide/px4_sitl_ws/install/swarm_control/lib/libswarm_control__rosidl_typesupport_introspection_c.so
-- Up-to-date: /home/azidozide/px4_sitl_ws/install/swarm_control/lib/libswarm_control__rosidl_typesupport_c.so
-- Up-to-date: /home/azidozide/px4_sitl_ws/install/swarm_control/include/swarm_control/swarm_control
-- Up-to-date: /home/azidozide/px4_sitl_ws/install/swarm_control/include/swarm_control/swarm_control/msg
-- Up-to-date: /home/azidozide/px4_sitl_ws/install/swarm_control/include/swarm_control/swarm_control/msg/detail
-- Up-to-date: /home/azidozide/px4_sitl_ws/install/swarm_control/include/swarm_control/swarm_control/msg/detail/mother_state__builder.hpp
-- Up-to-date: /home/azidozide/px4_sitl_ws/install/swarm_control/include/swarm_control/swarm_control/msg/detail/mother_state__traits.hpp
-- Up-to-date: /home/azidozide/px4_sitl_ws/install/swarm_control/include/swarm_control/swarm_control/msg/detail/mother_state__struct.hpp
-- Up-to-date: /home/azidozide/px4_sitl_ws/install/swarm_control/include/swarm_control/swarm_control/msg/detail/mother_state__type_support.hpp
-- Up-to-date: /home/azidozide/px4_sitl_ws/install/swarm_control/include/swarm_control/swarm_control/msg/mother_state.hpp
-- Up-to-date: /home/azidozide/px4_sitl_ws/install/swarm_control/include/swarm_control/swarm_control/msg/rosidl_generator_cpp__visibility_control.hpp
-- Up-to-date: /home/azidozide/px4_sitl_ws/install/swarm_control/include/swarm_control/swarm_control
-- Up-to-date: /home/azidozide/px4_sitl_ws/install/swarm_control/include/swarm_control/swarm_control/msg
-- Up-to-date: /home/azidozide/px4_sitl_ws/install/swarm_control/include/swarm_control/swarm_control/msg/detail
-- Up-to-date: /home/azidozide/px4_sitl_ws/install/swarm_control/include/swarm_control/swarm_control/msg/detail/mother_state__rosidl_typesupport_fastrtps_cpp.hpp
-- Up-to-date: /home/azidozide/px4_sitl_ws/install/swarm_control/include/swarm_control/swarm_control/msg/detail/dds_fastrtps
-- Up-to-date: /home/azidozide/px4_sitl_ws/install/swarm_control/include/swarm_control/swarm_control/msg/rosidl_typesupport_fastrtps_cpp__visibility_control.h
-- Up-to-date: /home/azidozide/px4_sitl_ws/install/swarm_control/lib/libswarm_control__rosidl_typesupport_fastrtps_cpp.so
-- Up-to-date: /home/azidozide/px4_sitl_ws/install/swarm_control/include/swarm_control/swarm_control
-- Up-to-date: /home/azidozide/px4_sitl_ws/install/swarm_control/include/swarm_control/swarm_control/msg
-- Up-to-date: /home/azidozide/px4_sitl_ws/install/swarm_control/include/swarm_control/swarm_control/msg/detail
-- Up-to-date: /home/azidozide/px4_sitl_ws/install/swarm_control/include/swarm_control/swarm_control/msg/detail/mother_state__type_support.cpp
-- Up-to-date: /home/azidozide/px4_sitl_ws/install/swarm_control/include/swarm_control/swarm_control/msg/detail/mother_state__rosidl_typesupport_introspection_cpp.hpp
-- Up-to-date: /home/azidozide/px4_sitl_ws/install/swarm_control/lib/libswarm_control__rosidl_typesupport_introspection_cpp.so
-- Up-to-date: /home/azidozide/px4_sitl_ws/install/swarm_control/lib/libswarm_control__rosidl_typesupport_cpp.so
-- Up-to-date: /home/azidozide/px4_sitl_ws/install/swarm_control/share/swarm_control/environment/pythonpath.sh
-- Up-to-date: /home/azidozide/px4_sitl_ws/install/swarm_control/share/swarm_control/environment/pythonpath.dsv
-- Up-to-date: /home/azidozide/px4_sitl_ws/install/swarm_control/local/lib/python3.10/dist-packages/swarm_control-0.0.0-py3.10.egg-info
-- Installing: /home/azidozide/px4_sitl_ws/install/swarm_control/local/lib/python3.10/dist-packages/swarm_control-0.0.0-py3.10.egg-info/PKG-INFO
-- Installing: /home/azidozide/px4_sitl_ws/install/swarm_control/local/lib/python3.10/dist-packages/swarm_control-0.0.0-py3.10.egg-info/top_level.txt
-- Installing: /home/azidozide/px4_sitl_ws/install/swarm_control/local/lib/python3.10/dist-packages/swarm_control-0.0.0-py3.10.egg-info/dependency_links.txt
-- Installing: /home/azidozide/px4_sitl_ws/install/swarm_control/local/lib/python3.10/dist-packages/swarm_control-0.0.0-py3.10.egg-info/SOURCES.txt
-- Up-to-date: /home/azidozide/px4_sitl_ws/install/swarm_control/local/lib/python3.10/dist-packages/swarm_control
-- Up-to-date: /home/azidozide/px4_sitl_ws/install/swarm_control/local/lib/python3.10/dist-packages/swarm_control/swarm_control_s__rosidl_typesupport_c.cpython-310-x86_64-linux-gnu.so
-- Up-to-date: /home/azidozide/px4_sitl_ws/install/swarm_control/local/lib/python3.10/dist-packages/swarm_control/msg
-- Up-to-date: /home/azidozide/px4_sitl_ws/install/swarm_control/local/lib/python3.10/dist-packages/swarm_control/msg/_mother_state.py
-- Up-to-date: /home/azidozide/px4_sitl_ws/install/swarm_control/local/lib/python3.10/dist-packages/swarm_control/msg/_mother_state_s.c
-- Up-to-date: /home/azidozide/px4_sitl_ws/install/swarm_control/local/lib/python3.10/dist-packages/swarm_control/msg/__init__.py
-- Up-to-date: /home/azidozide/px4_sitl_ws/install/swarm_control/local/lib/python3.10/dist-packages/swarm_control/_swarm_control_s.ep.rosidl_typesupport_fastrtps_c.c
-- Up-to-date: /home/azidozide/px4_sitl_ws/install/swarm_control/local/lib/python3.10/dist-packages/swarm_control/_swarm_control_s.ep.rosidl_typesupport_c.c
-- Up-to-date: /home/azidozide/px4_sitl_ws/install/swarm_control/local/lib/python3.10/dist-packages/swarm_control/swarm_control_s__rosidl_typesupport_introspection_c.cpython-310-x86_64-linux-gnu.so
-- Up-to-date: /home/azidozide/px4_sitl_ws/install/swarm_control/local/lib/python3.10/dist-packages/swarm_control/__init__.py
-- Up-to-date: /home/azidozide/px4_sitl_ws/install/swarm_control/local/lib/python3.10/dist-packages/swarm_control/swarm_control_s__rosidl_typesupport_fastrtps_c.cpython-310-x86_64-linux-gnu.so
-- Up-to-date: /home/azidozide/px4_sitl_ws/install/swarm_control/local/lib/python3.10/dist-packages/swarm_control/libswarm_control__rosidl_generator_py.so
-- Up-to-date: /home/azidozide/px4_sitl_ws/install/swarm_control/local/lib/python3.10/dist-packages/swarm_control/_swarm_control_s.ep.rosidl_typesupport_introspection_c.c
Listing '/home/azidozide/px4_sitl_ws/install/swarm_control/local/lib/python3.10/dist-packages/swarm_control'...
Listing '/home/azidozide/px4_sitl_ws/install/swarm_control/local/lib/python3.10/dist-packages/swarm_control/msg'...
-- Up-to-date: /home/azidozide/px4_sitl_ws/install/swarm_control/local/lib/python3.10/dist-packages/swarm_control/swarm_control_s__rosidl_typesupport_fastrtps_c.cpython-310-x86_64-linux-gnu.so
-- Up-to-date: /home/azidozide/px4_sitl_ws/install/swarm_control/local/lib/python3.10/dist-packages/swarm_control/swarm_control_s__rosidl_typesupport_introspection_c.cpython-310-x86_64-linux-gnu.so
-- Up-to-date: /home/azidozide/px4_sitl_ws/install/swarm_control/local/lib/python3.10/dist-packages/swarm_control/swarm_control_s__rosidl_typesupport_c.cpython-310-x86_64-linux-gnu.so
-- Up-to-date: /home/azidozide/px4_sitl_ws/install/swarm_control/lib/libswarm_control__rosidl_generator_py.so
-- Up-to-date: /home/azidozide/px4_sitl_ws/install/swarm_control/share/swarm_control/msg/MotherState.idl
-- Up-to-date: /home/azidozide/px4_sitl_ws/install/swarm_control/share/swarm_control/msg/MotherState.msg
-- Up-to-date: /home/azidozide/px4_sitl_ws/install/swarm_control/share/ament_index/resource_index/package_run_dependencies/swarm_control
-- Up-to-date: /home/azidozide/px4_sitl_ws/install/swarm_control/share/ament_index/resource_index/parent_prefix_path/swarm_control
-- Up-to-date: /home/azidozide/px4_sitl_ws/install/swarm_control/share/swarm_control/environment/ament_prefix_path.sh
-- Up-to-date: /home/azidozide/px4_sitl_ws/install/swarm_control/share/swarm_control/environment/ament_prefix_path.dsv
-- Up-to-date: /home/azidozide/px4_sitl_ws/install/swarm_control/share/swarm_control/environment/path.sh
-- Up-to-date: /home/azidozide/px4_sitl_ws/install/swarm_control/share/swarm_control/environment/path.dsv
-- Up-to-date: /home/azidozide/px4_sitl_ws/install/swarm_control/share/swarm_control/local_setup.bash
-- Up-to-date: /home/azidozide/px4_sitl_ws/install/swarm_control/share/swarm_control/local_setup.sh
-- Up-to-date: /home/azidozide/px4_sitl_ws/install/swarm_control/share/swarm_control/local_setup.zsh
-- Up-to-date: /home/azidozide/px4_sitl_ws/install/swarm_control/share/swarm_control/local_setup.dsv
-- Installing: /home/azidozide/px4_sitl_ws/install/swarm_control/share/swarm_control/package.dsv
-- Up-to-date: /home/azidozide/px4_sitl_ws/install/swarm_control/share/ament_index/resource_index/packages/swarm_control
-- Up-to-date: /home/azidozide/px4_sitl_ws/install/swarm_control/share/swarm_control/cmake/export_swarm_control__rosidl_generator_cExport.cmake
-- Up-to-date: /home/azidozide/px4_sitl_ws/install/swarm_control/share/swarm_control/cmake/export_swarm_control__rosidl_generator_cExport-noconfig.cmake
-- Up-to-date: /home/azidozide/px4_sitl_ws/install/swarm_control/share/swarm_control/cmake/export_swarm_control__rosidl_typesupport_fastrtps_cExport.cmake
-- Up-to-date: /home/azidozide/px4_sitl_ws/install/swarm_control/share/swarm_control/cmake/export_swarm_control__rosidl_typesupport_fastrtps_cExport-noconfig.cmake
-- Up-to-date: /home/azidozide/px4_sitl_ws/install/swarm_control/share/swarm_control/cmake/swarm_control__rosidl_typesupport_introspection_cExport.cmake
-- Up-to-date: /home/azidozide/px4_sitl_ws/install/swarm_control/share/swarm_control/cmake/swarm_control__rosidl_typesupport_introspection_cExport-noconfig.cmake
-- Up-to-date: /home/azidozide/px4_sitl_ws/install/swarm_control/share/swarm_control/cmake/swarm_control__rosidl_typesupport_cExport.cmake
-- Up-to-date: /home/azidozide/px4_sitl_ws/install/swarm_control/share/swarm_control/cmake/swarm_control__rosidl_typesupport_cExport-noconfig.cmake
-- Up-to-date: /home/azidozide/px4_sitl_ws/install/swarm_control/share/swarm_control/cmake/export_swarm_control__rosidl_generator_cppExport.cmake
-- Up-to-date: /home/azidozide/px4_sitl_ws/install/swarm_control/share/swarm_control/cmake/export_swarm_control__rosidl_typesupport_fastrtps_cppExport.cmake
-- Up-to-date: /home/azidozide/px4_sitl_ws/install/swarm_control/share/swarm_control/cmake/export_swarm_control__rosidl_typesupport_fastrtps_cppExport-noconfig.cmake
-- Up-to-date: /home/azidozide/px4_sitl_ws/install/swarm_control/share/swarm_control/cmake/swarm_control__rosidl_typesupport_introspection_cppExport.cmake
-- Up-to-date: /home/azidozide/px4_sitl_ws/install/swarm_control/share/swarm_control/cmake/swarm_control__rosidl_typesupport_introspection_cppExport-noconfig.cmake
-- Up-to-date: /home/azidozide/px4_sitl_ws/install/swarm_control/share/swarm_control/cmake/swarm_control__rosidl_typesupport_cppExport.cmake
-- Up-to-date: /home/azidozide/px4_sitl_ws/install/swarm_control/share/swarm_control/cmake/swarm_control__rosidl_typesupport_cppExport-noconfig.cmake
-- Up-to-date: /home/azidozide/px4_sitl_ws/install/swarm_control/share/swarm_control/cmake/export_swarm_control__rosidl_generator_pyExport.cmake
-- Up-to-date: /home/azidozide/px4_sitl_ws/install/swarm_control/share/swarm_control/cmake/export_swarm_control__rosidl_generator_pyExport-noconfig.cmake
-- Up-to-date: /home/azidozide/px4_sitl_ws/install/swarm_control/share/swarm_control/cmake/rosidl_cmake-extras.cmake
-- Up-to-date: /home/azidozide/px4_sitl_ws/install/swarm_control/share/swarm_control/cmake/ament_cmake_export_include_directories-extras.cmake
-- Up-to-date: /home/azidozide/px4_sitl_ws/install/swarm_control/share/swarm_control/cmake/ament_cmake_export_libraries-extras.cmake
-- Up-to-date: /home/azidozide/px4_sitl_ws/install/swarm_control/share/swarm_control/cmake/ament_cmake_export_targets-extras.cmake
-- Up-to-date: /home/azidozide/px4_sitl_ws/install/swarm_control/share/swarm_control/cmake/rosidl_cmake_export_typesupport_targets-extras.cmake
-- Up-to-date: /home/azidozide/px4_sitl_ws/install/swarm_control/share/swarm_control/cmake/ament_cmake_export_dependencies-extras.cmake
-- Up-to-date: /home/azidozide/px4_sitl_ws/install/swarm_control/share/swarm_control/cmake/rosidl_cmake_export_typesupport_libraries-extras.cmake
-- Up-to-date: /home/azidozide/px4_sitl_ws/install/swarm_control/share/swarm_control/cmake/swarm_controlConfig.cmake
-- Up-to-date: /home/azidozide/px4_sitl_ws/install/swarm_control/share/swarm_control/cmake/swarm_controlConfig-version.cmake
-- Up-to-date: /home/azidozide/px4_sitl_ws/install/swarm_control/share/swarm_control/package.xml
