[0.013s] Invoking command in '/home/azidozide/px4_sitl_ws/src/build/mapping': AMENT_PREFIX_PATH=/home/azidozide/px4_sitl_ws/src/install/px4_msgs:${AMENT_PREFIX_PATH} CMAKE_PREFIX_PATH=/home/azidozide/px4_sitl_ws/src/install/px4_msgs:/home/azidozide/px4_sitl_ws/install/object_tracking_cpp:/home/azidozide/px4_sitl_ws/install/object_tracker:/opt/ros/humble:/home/azidozide/px4_sitl_ws/install/swarm_control:/home/azidozide/px4_sitl_ws/install/mapping:/home/azidozide/px4_sitl_ws/install/integrated_drone_mapping:/home/azidozide/px4_sitl_ws/install/px4_msgs:/home/azidozide/px4_sitl_ws/install/mine_mapping LD_LIBRARY_PATH=/home/azidozide/px4_sitl_ws/src/install/px4_msgs/lib:${LD_LIBRARY_PATH} PYTHONPATH=/home/azidozide/px4_sitl_ws/src/install/px4_msgs/local/lib/python3.10/dist-packages:${PYTHONPATH} /usr/bin/cmake --build /home/azidozide/px4_sitl_ws/src/build/mapping -- -j24 -l24
[0.047s] [35m[1mConsolidate compiler generated dependencies of target corridor_gen_correct[0m
[0.048s] [35m[1mConsolidate compiler generated dependencies of target gcopter_trajectory_planner[0m
[0.053s] [35m[1mConsolidate compiler generated dependencies of target integrated_drone_mapping_node[0m
[0.064s] [ 33%] Built target corridor_gen_correct
[0.071s] [ 66%] Built target integrated_drone_mapping_node
[0.072s] [100%] Built target gcopter_trajectory_planner
[0.082s] Invoked command in '/home/azidozide/px4_sitl_ws/src/build/mapping' returned '0': AMENT_PREFIX_PATH=/home/azidozide/px4_sitl_ws/src/install/px4_msgs:${AMENT_PREFIX_PATH} CMAKE_PREFIX_PATH=/home/azidozide/px4_sitl_ws/src/install/px4_msgs:/home/azidozide/px4_sitl_ws/install/object_tracking_cpp:/home/azidozide/px4_sitl_ws/install/object_tracker:/opt/ros/humble:/home/azidozide/px4_sitl_ws/install/swarm_control:/home/azidozide/px4_sitl_ws/install/mapping:/home/azidozide/px4_sitl_ws/install/integrated_drone_mapping:/home/azidozide/px4_sitl_ws/install/px4_msgs:/home/azidozide/px4_sitl_ws/install/mine_mapping LD_LIBRARY_PATH=/home/azidozide/px4_sitl_ws/src/install/px4_msgs/lib:${LD_LIBRARY_PATH} PYTHONPATH=/home/azidozide/px4_sitl_ws/src/install/px4_msgs/local/lib/python3.10/dist-packages:${PYTHONPATH} /usr/bin/cmake --build /home/azidozide/px4_sitl_ws/src/build/mapping -- -j24 -l24
[0.083s] Invoking command in '/home/azidozide/px4_sitl_ws/src/build/mapping': AMENT_PREFIX_PATH=/home/azidozide/px4_sitl_ws/src/install/px4_msgs:${AMENT_PREFIX_PATH} CMAKE_PREFIX_PATH=/home/azidozide/px4_sitl_ws/src/install/px4_msgs:/home/azidozide/px4_sitl_ws/install/object_tracking_cpp:/home/azidozide/px4_sitl_ws/install/object_tracker:/opt/ros/humble:/home/azidozide/px4_sitl_ws/install/swarm_control:/home/azidozide/px4_sitl_ws/install/mapping:/home/azidozide/px4_sitl_ws/install/integrated_drone_mapping:/home/azidozide/px4_sitl_ws/install/px4_msgs:/home/azidozide/px4_sitl_ws/install/mine_mapping LD_LIBRARY_PATH=/home/azidozide/px4_sitl_ws/src/install/px4_msgs/lib:${LD_LIBRARY_PATH} PYTHONPATH=/home/azidozide/px4_sitl_ws/src/install/px4_msgs/local/lib/python3.10/dist-packages:${PYTHONPATH} /usr/bin/cmake --install /home/azidozide/px4_sitl_ws/src/build/mapping
[0.090s] -- Install configuration: ""
[0.090s] -- Up-to-date: /home/azidozide/px4_sitl_ws/src/install/mapping/lib/mapping/integrated_drone_mapping_node
[0.090s] -- Up-to-date: /home/azidozide/px4_sitl_ws/src/install/mapping/lib/mapping/corridor_gen_correct
[0.090s] -- Up-to-date: /home/azidozide/px4_sitl_ws/src/install/mapping/lib/mapping/gcopter_trajectory_planner
[0.090s] -- Up-to-date: /home/azidozide/px4_sitl_ws/src/install/mapping/share/ament_index/resource_index/package_run_dependencies/mapping
[0.090s] -- Up-to-date: /home/azidozide/px4_sitl_ws/src/install/mapping/share/ament_index/resource_index/parent_prefix_path/mapping
[0.091s] -- Up-to-date: /home/azidozide/px4_sitl_ws/src/install/mapping/share/mapping/environment/ament_prefix_path.sh
[0.091s] -- Up-to-date: /home/azidozide/px4_sitl_ws/src/install/mapping/share/mapping/environment/ament_prefix_path.dsv
[0.091s] -- Up-to-date: /home/azidozide/px4_sitl_ws/src/install/mapping/share/mapping/environment/path.sh
[0.091s] -- Up-to-date: /home/azidozide/px4_sitl_ws/src/install/mapping/share/mapping/environment/path.dsv
[0.091s] -- Up-to-date: /home/azidozide/px4_sitl_ws/src/install/mapping/share/mapping/local_setup.bash
[0.091s] -- Up-to-date: /home/azidozide/px4_sitl_ws/src/install/mapping/share/mapping/local_setup.sh
[0.091s] -- Up-to-date: /home/azidozide/px4_sitl_ws/src/install/mapping/share/mapping/local_setup.zsh
[0.091s] -- Up-to-date: /home/azidozide/px4_sitl_ws/src/install/mapping/share/mapping/local_setup.dsv
[0.091s] -- Installing: /home/azidozide/px4_sitl_ws/src/install/mapping/share/mapping/package.dsv
[0.091s] -- Up-to-date: /home/azidozide/px4_sitl_ws/src/install/mapping/share/ament_index/resource_index/packages/mapping
[0.092s] -- Up-to-date: /home/azidozide/px4_sitl_ws/src/install/mapping/share/mapping/cmake/mappingConfig.cmake
[0.092s] -- Up-to-date: /home/azidozide/px4_sitl_ws/src/install/mapping/share/mapping/cmake/mappingConfig-version.cmake
[0.092s] -- Up-to-date: /home/azidozide/px4_sitl_ws/src/install/mapping/share/mapping/package.xml
[0.093s] Invoked command in '/home/azidozide/px4_sitl_ws/src/build/mapping' returned '0': AMENT_PREFIX_PATH=/home/azidozide/px4_sitl_ws/src/install/px4_msgs:${AMENT_PREFIX_PATH} CMAKE_PREFIX_PATH=/home/azidozide/px4_sitl_ws/src/install/px4_msgs:/home/azidozide/px4_sitl_ws/install/object_tracking_cpp:/home/azidozide/px4_sitl_ws/install/object_tracker:/opt/ros/humble:/home/azidozide/px4_sitl_ws/install/swarm_control:/home/azidozide/px4_sitl_ws/install/mapping:/home/azidozide/px4_sitl_ws/install/integrated_drone_mapping:/home/azidozide/px4_sitl_ws/install/px4_msgs:/home/azidozide/px4_sitl_ws/install/mine_mapping LD_LIBRARY_PATH=/home/azidozide/px4_sitl_ws/src/install/px4_msgs/lib:${LD_LIBRARY_PATH} PYTHONPATH=/home/azidozide/px4_sitl_ws/src/install/px4_msgs/local/lib/python3.10/dist-packages:${PYTHONPATH} /usr/bin/cmake --install /home/azidozide/px4_sitl_ws/src/build/mapping
