[0.011s] Invoking command in '/home/azidozide/px4_sitl_ws/build/object_tracking_cpp': CMAKE_PREFIX_PATH=/home/azidozide/px4_sitl_ws/install/object_tracker:/opt/ros/humble:/home/azidozide/px4_sitl_ws/install/swarm_control:/home/azidozide/px4_sitl_ws/install/px4_msgs:/home/azidozide/px4_sitl_ws/install/object_tracking_cpp:/home/azidozide/px4_sitl_ws/install/mapping:/home/azidozide/px4_sitl_ws/install/integrated_drone_mapping:/home/azidozide/px4_sitl_ws/install/mine_mapping /usr/bin/cmake --build /home/azidozide/px4_sitl_ws/build/object_tracking_cpp -- -j24 -l24
[0.051s] [35m[1mConsolidate compiler generated dependencies of target mothernode[0m
[0.068s] [ 25%] Built target follower_1
[0.069s] [ 50%] Built target follower_2
[0.070s] [ 75%] Built target follower_3
[0.070s] [ 87%] [32mBuilding CXX object CMakeFiles/mothernode.dir/src/mothernode.cpp.o[0m
[12.692s] [01m[K/home/azidozide/px4_sitl_ws/src/object_tracking_cpp/src/mothernode.cpp:[m[K In constructor ‘[01m[KOffboard::Offboard()[m[K’:
[12.692s] [01m[K/home/azidozide/px4_sitl_ws/src/object_tracking_cpp/src/mothernode.cpp:541:47:[m[K [01;35m[Kwarning: [m[K‘[01m[KOffboard::vehicle_odometry_[m[K’ will be initialized after [[01;35m[K-Wreorder[m[K]
[12.692s]   541 |     px4_msgs::msg::VehicleOdometry::SharedPtr [01;35m[Kvehicle_odometry_[m[K;
[12.692s]       |                                               [01;35m[K^~~~~~~~~~~~~~~~~[m[K
[12.692s] [01m[K/home/azidozide/px4_sitl_ws/src/object_tracking_cpp/src/mothernode.cpp:526:11:[m[K [01;35m[Kwarning: [m[K  ‘[01m[Kfloat Offboard::takeoff_height_[m[K’ [[01;35m[K-Wreorder[m[K]
[12.692s]   526 |     float [01;35m[Ktakeoff_height_[m[K;
[12.692s]       |           [01;35m[K^~~~~~~~~~~~~~~[m[K
[12.692s] [01m[K/home/azidozide/px4_sitl_ws/src/object_tracking_cpp/src/mothernode.cpp:47:5:[m[K [01;35m[Kwarning: [m[K  when initialized here [[01;35m[K-Wreorder[m[K]
[12.692s]    47 |     [01;35m[KOffboard[m[K()
[12.692s]       |     [01;35m[K^~~~~~~~[m[K
[12.710s] [100%] [32m[1mLinking CXX executable mothernode[0m
[13.373s] [100%] Built target mothernode
[13.383s] Invoked command in '/home/azidozide/px4_sitl_ws/build/object_tracking_cpp' returned '0': CMAKE_PREFIX_PATH=/home/azidozide/px4_sitl_ws/install/object_tracker:/opt/ros/humble:/home/azidozide/px4_sitl_ws/install/swarm_control:/home/azidozide/px4_sitl_ws/install/px4_msgs:/home/azidozide/px4_sitl_ws/install/object_tracking_cpp:/home/azidozide/px4_sitl_ws/install/mapping:/home/azidozide/px4_sitl_ws/install/integrated_drone_mapping:/home/azidozide/px4_sitl_ws/install/mine_mapping /usr/bin/cmake --build /home/azidozide/px4_sitl_ws/build/object_tracking_cpp -- -j24 -l24
[13.384s] Invoking command in '/home/azidozide/px4_sitl_ws/build/object_tracking_cpp': CMAKE_PREFIX_PATH=/home/azidozide/px4_sitl_ws/install/object_tracker:/opt/ros/humble:/home/azidozide/px4_sitl_ws/install/swarm_control:/home/azidozide/px4_sitl_ws/install/px4_msgs:/home/azidozide/px4_sitl_ws/install/object_tracking_cpp:/home/azidozide/px4_sitl_ws/install/mapping:/home/azidozide/px4_sitl_ws/install/integrated_drone_mapping:/home/azidozide/px4_sitl_ws/install/mine_mapping /usr/bin/cmake --install /home/azidozide/px4_sitl_ws/build/object_tracking_cpp
[13.390s] -- Install configuration: ""
[13.390s] -- Installing: /home/azidozide/px4_sitl_ws/install/object_tracking_cpp/lib/object_tracking_cpp/mothernode
[13.396s] -- Set runtime path of "/home/azidozide/px4_sitl_ws/install/object_tracking_cpp/lib/object_tracking_cpp/mothernode" to ""
[13.396s] -- Installing: /home/azidozide/px4_sitl_ws/install/object_tracking_cpp/lib/object_tracking_cpp/follower_1
[13.404s] -- Set runtime path of "/home/azidozide/px4_sitl_ws/install/object_tracking_cpp/lib/object_tracking_cpp/follower_1" to ""
[13.404s] -- Up-to-date: /home/azidozide/px4_sitl_ws/install/object_tracking_cpp/lib/object_tracking_cpp/follower_2
[13.405s] -- Up-to-date: /home/azidozide/px4_sitl_ws/install/object_tracking_cpp/lib/object_tracking_cpp/follower_3
[13.405s] -- Up-to-date: /home/azidozide/px4_sitl_ws/install/object_tracking_cpp/share/ament_index/resource_index/package_run_dependencies/object_tracking_cpp
[13.405s] -- Up-to-date: /home/azidozide/px4_sitl_ws/install/object_tracking_cpp/share/ament_index/resource_index/parent_prefix_path/object_tracking_cpp
[13.405s] -- Up-to-date: /home/azidozide/px4_sitl_ws/install/object_tracking_cpp/share/object_tracking_cpp/environment/ament_prefix_path.sh
[13.405s] -- Up-to-date: /home/azidozide/px4_sitl_ws/install/object_tracking_cpp/share/object_tracking_cpp/environment/ament_prefix_path.dsv
[13.405s] -- Up-to-date: /home/azidozide/px4_sitl_ws/install/object_tracking_cpp/share/object_tracking_cpp/environment/path.sh
[13.405s] -- Up-to-date: /home/azidozide/px4_sitl_ws/install/object_tracking_cpp/share/object_tracking_cpp/environment/path.dsv
[13.405s] -- Up-to-date: /home/azidozide/px4_sitl_ws/install/object_tracking_cpp/share/object_tracking_cpp/local_setup.bash
[13.405s] -- Up-to-date: /home/azidozide/px4_sitl_ws/install/object_tracking_cpp/share/object_tracking_cpp/local_setup.sh
[13.405s] -- Up-to-date: /home/azidozide/px4_sitl_ws/install/object_tracking_cpp/share/object_tracking_cpp/local_setup.zsh
[13.405s] -- Up-to-date: /home/azidozide/px4_sitl_ws/install/object_tracking_cpp/share/object_tracking_cpp/local_setup.dsv
[13.405s] -- Installing: /home/azidozide/px4_sitl_ws/install/object_tracking_cpp/share/object_tracking_cpp/package.dsv
[13.406s] -- Up-to-date: /home/azidozide/px4_sitl_ws/install/object_tracking_cpp/share/ament_index/resource_index/packages/object_tracking_cpp
[13.406s] -- Up-to-date: /home/azidozide/px4_sitl_ws/install/object_tracking_cpp/share/object_tracking_cpp/cmake/object_tracking_cppConfig.cmake
[13.406s] -- Up-to-date: /home/azidozide/px4_sitl_ws/install/object_tracking_cpp/share/object_tracking_cpp/cmake/object_tracking_cppConfig-version.cmake
[13.406s] -- Up-to-date: /home/azidozide/px4_sitl_ws/install/object_tracking_cpp/share/object_tracking_cpp/package.xml
[13.408s] Invoked command in '/home/azidozide/px4_sitl_ws/build/object_tracking_cpp' returned '0': CMAKE_PREFIX_PATH=/home/azidozide/px4_sitl_ws/install/object_tracker:/opt/ros/humble:/home/azidozide/px4_sitl_ws/install/swarm_control:/home/azidozide/px4_sitl_ws/install/px4_msgs:/home/azidozide/px4_sitl_ws/install/object_tracking_cpp:/home/azidozide/px4_sitl_ws/install/mapping:/home/azidozide/px4_sitl_ws/install/integrated_drone_mapping:/home/azidozide/px4_sitl_ws/install/mine_mapping /usr/bin/cmake --install /home/azidozide/px4_sitl_ws/build/object_tracking_cpp
