[1.015s] Invoking command in '/home/azidozide/px4_sitl_ws/src/mapping': PYTHONPATH=/home/azidozide/px4_sitl_ws/build/mapping/prefix_override:/usr/lib/python3/dist-packages/colcon_core/task/python/colcon_distutils_commands:/home/azidozide/px4_sitl_ws/install/mapping/lib/python3.10/site-packages:${PYTHONPATH} /usr/bin/python3 -W ignore:setup.py install is deprecated -W ignore:easy_install command is deprecated setup.py egg_info --egg-base ../../build/mapping build --build-base /home/azidozide/px4_sitl_ws/build/mapping/build install --record /home/azidozide/px4_sitl_ws/build/mapping/install.log --single-version-externally-managed install_data
[1.308s] running egg_info
[1.309s] writing ../../build/mapping/mapping.egg-info/PKG-INFO
[1.310s] writing dependency_links to ../../build/mapping/mapping.egg-info/dependency_links.txt
[1.310s] writing entry points to ../../build/mapping/mapping.egg-info/entry_points.txt
[1.310s] writing requirements to ../../build/mapping/mapping.egg-info/requires.txt
[1.310s] writing top-level names to ../../build/mapping/mapping.egg-info/top_level.txt
[1.314s] reading manifest file '../../build/mapping/mapping.egg-info/SOURCES.txt'
[1.315s] adding license file 'LICENSE'
[1.315s] writing manifest file '../../build/mapping/mapping.egg-info/SOURCES.txt'
[1.316s] running build
[1.316s] running build_py
[1.316s] running install
[1.316s] running install_lib
[1.318s] running install_data
[1.318s] running install_egg_info
[1.320s] removing '/home/azidozide/px4_sitl_ws/install/mapping/lib/python3.10/site-packages/mapping-0.0.0-py3.10.egg-info' (and everything under it)
[1.321s] Copying ../../build/mapping/mapping.egg-info to /home/azidozide/px4_sitl_ws/install/mapping/lib/python3.10/site-packages/mapping-0.0.0-py3.10.egg-info
[1.322s] running install_scripts
[1.342s] Installing sfc_gen script to /home/azidozide/px4_sitl_ws/install/mapping/lib/mapping
[1.343s] writing list of installed files to '/home/azidozide/px4_sitl_ws/build/mapping/install.log'
[1.365s] Invoked command in '/home/azidozide/px4_sitl_ws/src/mapping' returned '0': PYTHONPATH=/home/azidozide/px4_sitl_ws/build/mapping/prefix_override:/usr/lib/python3/dist-packages/colcon_core/task/python/colcon_distutils_commands:/home/azidozide/px4_sitl_ws/install/mapping/lib/python3.10/site-packages:${PYTHONPATH} /usr/bin/python3 -W ignore:setup.py install is deprecated -W ignore:easy_install command is deprecated setup.py egg_info --egg-base ../../build/mapping build --build-base /home/azidozide/px4_sitl_ws/build/mapping/build install --record /home/azidozide/px4_sitl_ws/build/mapping/install.log --single-version-externally-managed install_data
