[0.091s] DEBUG:colcon:Command line arguments: ['/usr/bin/colcon', 'build']
[0.091s] DEBUG:colcon:Parsed command line arguments: Namespace(log_base=None, log_level=None, verb_name='build', build_base='build', install_base='install', merge_install=False, symlink_install=False, test_result_base=None, continue_on_error=False, executor='parallel', parallel_workers=24, event_handlers=None, ignore_user_meta=False, metas=['./colcon.meta'], base_paths=['.'], packages_ignore=None, packages_ignore_regex=None, paths=None, packages_up_to=None, packages_up_to_regex=None, packages_above=None, packages_above_and_dependencies=None, packages_above_depth=None, packages_select_by_dep=None, packages_skip_by_dep=None, packages_skip_up_to=None, packages_select_build_failed=False, packages_skip_build_finished=False, packages_select_test_failures=False, packages_skip_test_passed=False, packages_select=None, packages_skip=None, packages_select_regex=None, packages_skip_regex=None, packages_start=None, packages_end=None, allow_overriding=[], cmake_args=None, cmake_target=None, cmake_target_skip_unavailable=False, cmake_clean_cache=False, cmake_clean_first=False, cmake_force_configure=False, ament_cmake_args=None, catkin_cmake_args=None, catkin_skip_building_tests=False, mixin_files=None, mixin=None, verb_parser=<colcon_mixin.mixin.mixin_argument.MixinArgumentDecorator object at 0x780f8fbad6c0>, verb_extension=<colcon_core.verb.build.BuildVerb object at 0x780f8fc16650>, main=<bound method BuildVerb.main of <colcon_core.verb.build.BuildVerb object at 0x780f8fc16650>>, mixin_verb=('build',))
[0.258s] Level 1:colcon.colcon_core.package_discovery:discover_packages(colcon_meta) check parameters
[0.258s] Level 1:colcon.colcon_core.package_discovery:discover_packages(recursive) check parameters
[0.258s] Level 1:colcon.colcon_core.package_discovery:discover_packages(ignore) check parameters
[0.258s] Level 1:colcon.colcon_core.package_discovery:discover_packages(path) check parameters
[0.258s] Level 1:colcon.colcon_core.package_discovery:discover_packages(colcon_meta) discover
[0.259s] Level 1:colcon.colcon_core.package_discovery:discover_packages(recursive) discover
[0.259s] INFO:colcon.colcon_core.package_discovery:Crawling recursively for packages in '/home/azidozide/px4_sitl_ws/src'
[0.259s] Level 1:colcon.colcon_core.package_identification:_identify(.) by extensions ['ignore', 'ignore_ament_install']
[0.259s] Level 1:colcon.colcon_core.package_identification:_identify(.) by extension 'ignore'
[0.259s] Level 1:colcon.colcon_core.package_identification:_identify(.) by extension 'ignore_ament_install'
[0.259s] Level 1:colcon.colcon_core.package_identification:_identify(.) by extensions ['colcon_pkg']
[0.259s] Level 1:colcon.colcon_core.package_identification:_identify(.) by extension 'colcon_pkg'
[0.259s] Level 1:colcon.colcon_core.package_identification:_identify(.) by extensions ['colcon_meta']
[0.259s] Level 1:colcon.colcon_core.package_identification:_identify(.) by extension 'colcon_meta'
[0.259s] Level 1:colcon.colcon_core.package_identification:_identify(.) by extensions ['ros']
[0.259s] Level 1:colcon.colcon_core.package_identification:_identify(.) by extension 'ros'
[0.269s] Level 1:colcon.colcon_core.package_identification:_identify(.) by extensions ['cmake', 'python']
[0.269s] Level 1:colcon.colcon_core.package_identification:_identify(.) by extension 'cmake'
[0.269s] Level 1:colcon.colcon_core.package_identification:_identify(.) by extension 'python'
[0.269s] Level 1:colcon.colcon_core.package_identification:_identify(.) by extensions ['python_setup_py']
[0.269s] Level 1:colcon.colcon_core.package_identification:_identify(.) by extension 'python_setup_py'
[0.269s] Level 1:colcon.colcon_core.package_identification:_identify(build) by extensions ['ignore', 'ignore_ament_install']
[0.269s] Level 1:colcon.colcon_core.package_identification:_identify(build) by extension 'ignore'
[0.269s] Level 1:colcon.colcon_core.package_identification:_identify(build) ignored
[0.269s] Level 1:colcon.colcon_core.package_identification:_identify(install) by extensions ['ignore', 'ignore_ament_install']
[0.269s] Level 1:colcon.colcon_core.package_identification:_identify(install) by extension 'ignore'
[0.269s] Level 1:colcon.colcon_core.package_identification:_identify(install) ignored
[0.270s] Level 1:colcon.colcon_core.package_identification:_identify(log) by extensions ['ignore', 'ignore_ament_install']
[0.270s] Level 1:colcon.colcon_core.package_identification:_identify(log) by extension 'ignore'
[0.270s] Level 1:colcon.colcon_core.package_identification:_identify(log) ignored
[0.270s] Level 1:colcon.colcon_core.package_identification:_identify(mapping) by extensions ['ignore', 'ignore_ament_install']
[0.270s] Level 1:colcon.colcon_core.package_identification:_identify(mapping) by extension 'ignore'
[0.270s] Level 1:colcon.colcon_core.package_identification:_identify(mapping) by extension 'ignore_ament_install'
[0.270s] Level 1:colcon.colcon_core.package_identification:_identify(mapping) by extensions ['colcon_pkg']
[0.270s] Level 1:colcon.colcon_core.package_identification:_identify(mapping) by extension 'colcon_pkg'
[0.270s] Level 1:colcon.colcon_core.package_identification:_identify(mapping) by extensions ['colcon_meta']
[0.270s] Level 1:colcon.colcon_core.package_identification:_identify(mapping) by extension 'colcon_meta'
[0.270s] Level 1:colcon.colcon_core.package_identification:_identify(mapping) by extensions ['ros']
[0.270s] Level 1:colcon.colcon_core.package_identification:_identify(mapping) by extension 'ros'
[0.273s] DEBUG:colcon.colcon_core.package_identification:Package 'mapping' with type 'ros.ament_python' and name 'mapping'
[0.273s] Level 1:colcon.colcon_core.package_identification:_identify(object_tracker) by extensions ['ignore', 'ignore_ament_install']
[0.273s] Level 1:colcon.colcon_core.package_identification:_identify(object_tracker) by extension 'ignore'
[0.273s] Level 1:colcon.colcon_core.package_identification:_identify(object_tracker) by extension 'ignore_ament_install'
[0.274s] Level 1:colcon.colcon_core.package_identification:_identify(object_tracker) by extensions ['colcon_pkg']
[0.274s] Level 1:colcon.colcon_core.package_identification:_identify(object_tracker) by extension 'colcon_pkg'
[0.274s] Level 1:colcon.colcon_core.package_identification:_identify(object_tracker) by extensions ['colcon_meta']
[0.274s] Level 1:colcon.colcon_core.package_identification:_identify(object_tracker) by extension 'colcon_meta'
[0.274s] Level 1:colcon.colcon_core.package_identification:_identify(object_tracker) by extensions ['ros']
[0.274s] Level 1:colcon.colcon_core.package_identification:_identify(object_tracker) by extension 'ros'
[0.274s] DEBUG:colcon.colcon_core.package_identification:Package 'object_tracker' with type 'ros.ament_python' and name 'object_tracker'
[0.275s] Level 1:colcon.colcon_core.package_identification:_identify(px4_msgs) by extensions ['ignore', 'ignore_ament_install']
[0.275s] Level 1:colcon.colcon_core.package_identification:_identify(px4_msgs) by extension 'ignore'
[0.275s] Level 1:colcon.colcon_core.package_identification:_identify(px4_msgs) by extension 'ignore_ament_install'
[0.275s] Level 1:colcon.colcon_core.package_identification:_identify(px4_msgs) by extensions ['colcon_pkg']
[0.275s] Level 1:colcon.colcon_core.package_identification:_identify(px4_msgs) by extension 'colcon_pkg'
[0.275s] Level 1:colcon.colcon_core.package_identification:_identify(px4_msgs) by extensions ['colcon_meta']
[0.275s] Level 1:colcon.colcon_core.package_identification:_identify(px4_msgs) by extension 'colcon_meta'
[0.275s] Level 1:colcon.colcon_core.package_identification:_identify(px4_msgs) by extensions ['ros']
[0.275s] Level 1:colcon.colcon_core.package_identification:_identify(px4_msgs) by extension 'ros'
[0.276s] DEBUG:colcon.colcon_core.package_identification:Package 'px4_msgs' with type 'ros.ament_cmake' and name 'px4_msgs'
[0.276s] Level 1:colcon.colcon_core.package_discovery:discover_packages(recursive) using defaults
[0.276s] Level 1:colcon.colcon_core.package_discovery:discover_packages(ignore) discover
[0.276s] Level 1:colcon.colcon_core.package_discovery:discover_packages(ignore) using defaults
[0.276s] Level 1:colcon.colcon_core.package_discovery:discover_packages(path) discover
[0.276s] Level 1:colcon.colcon_core.package_discovery:discover_packages(path) using defaults
[0.301s] Level 1:colcon.colcon_core.package_discovery:discover_packages(prefix_path) check parameters
[0.301s] Level 1:colcon.colcon_core.package_discovery:discover_packages(prefix_path) discover
[0.302s] DEBUG:colcon.colcon_installed_package_information.package_discovery:Found 287 installed packages in /opt/ros/humble
[0.303s] Level 1:colcon.colcon_core.package_discovery:discover_packages(prefix_path) using defaults
[0.329s] Level 5:colcon.colcon_core.verb:set package 'mapping' build argument 'cmake_args' from command line to 'None'
[0.330s] Level 5:colcon.colcon_core.verb:set package 'mapping' build argument 'cmake_target' from command line to 'None'
[0.330s] Level 5:colcon.colcon_core.verb:set package 'mapping' build argument 'cmake_target_skip_unavailable' from command line to 'False'
[0.330s] Level 5:colcon.colcon_core.verb:set package 'mapping' build argument 'cmake_clean_cache' from command line to 'False'
[0.330s] Level 5:colcon.colcon_core.verb:set package 'mapping' build argument 'cmake_clean_first' from command line to 'False'
[0.330s] Level 5:colcon.colcon_core.verb:set package 'mapping' build argument 'cmake_force_configure' from command line to 'False'
[0.330s] Level 5:colcon.colcon_core.verb:set package 'mapping' build argument 'ament_cmake_args' from command line to 'None'
[0.330s] Level 5:colcon.colcon_core.verb:set package 'mapping' build argument 'catkin_cmake_args' from command line to 'None'
[0.330s] Level 5:colcon.colcon_core.verb:set package 'mapping' build argument 'catkin_skip_building_tests' from command line to 'False'
[0.330s] DEBUG:colcon.colcon_core.verb:Building package 'mapping' with the following arguments: {'ament_cmake_args': None, 'build_base': '/home/azidozide/px4_sitl_ws/src/build/mapping', 'catkin_cmake_args': None, 'catkin_skip_building_tests': False, 'cmake_args': None, 'cmake_clean_cache': False, 'cmake_clean_first': False, 'cmake_force_configure': False, 'cmake_target': None, 'cmake_target_skip_unavailable': False, 'install_base': '/home/azidozide/px4_sitl_ws/src/install/mapping', 'merge_install': False, 'path': '/home/azidozide/px4_sitl_ws/src/mapping', 'symlink_install': False, 'test_result_base': None}
[0.330s] Level 5:colcon.colcon_core.verb:set package 'object_tracker' build argument 'cmake_args' from command line to 'None'
[0.330s] Level 5:colcon.colcon_core.verb:set package 'object_tracker' build argument 'cmake_target' from command line to 'None'
[0.330s] Level 5:colcon.colcon_core.verb:set package 'object_tracker' build argument 'cmake_target_skip_unavailable' from command line to 'False'
[0.330s] Level 5:colcon.colcon_core.verb:set package 'object_tracker' build argument 'cmake_clean_cache' from command line to 'False'
[0.330s] Level 5:colcon.colcon_core.verb:set package 'object_tracker' build argument 'cmake_clean_first' from command line to 'False'
[0.330s] Level 5:colcon.colcon_core.verb:set package 'object_tracker' build argument 'cmake_force_configure' from command line to 'False'
[0.330s] Level 5:colcon.colcon_core.verb:set package 'object_tracker' build argument 'ament_cmake_args' from command line to 'None'
[0.330s] Level 5:colcon.colcon_core.verb:set package 'object_tracker' build argument 'catkin_cmake_args' from command line to 'None'
[0.330s] Level 5:colcon.colcon_core.verb:set package 'object_tracker' build argument 'catkin_skip_building_tests' from command line to 'False'
[0.330s] DEBUG:colcon.colcon_core.verb:Building package 'object_tracker' with the following arguments: {'ament_cmake_args': None, 'build_base': '/home/azidozide/px4_sitl_ws/src/build/object_tracker', 'catkin_cmake_args': None, 'catkin_skip_building_tests': False, 'cmake_args': None, 'cmake_clean_cache': False, 'cmake_clean_first': False, 'cmake_force_configure': False, 'cmake_target': None, 'cmake_target_skip_unavailable': False, 'install_base': '/home/azidozide/px4_sitl_ws/src/install/object_tracker', 'merge_install': False, 'path': '/home/azidozide/px4_sitl_ws/src/object_tracker', 'symlink_install': False, 'test_result_base': None}
[0.330s] Level 5:colcon.colcon_core.verb:set package 'px4_msgs' build argument 'cmake_args' from command line to 'None'
[0.330s] Level 5:colcon.colcon_core.verb:set package 'px4_msgs' build argument 'cmake_target' from command line to 'None'
[0.330s] Level 5:colcon.colcon_core.verb:set package 'px4_msgs' build argument 'cmake_target_skip_unavailable' from command line to 'False'
[0.330s] Level 5:colcon.colcon_core.verb:set package 'px4_msgs' build argument 'cmake_clean_cache' from command line to 'False'
[0.330s] Level 5:colcon.colcon_core.verb:set package 'px4_msgs' build argument 'cmake_clean_first' from command line to 'False'
[0.330s] Level 5:colcon.colcon_core.verb:set package 'px4_msgs' build argument 'cmake_force_configure' from command line to 'False'
[0.330s] Level 5:colcon.colcon_core.verb:set package 'px4_msgs' build argument 'ament_cmake_args' from command line to 'None'
[0.330s] Level 5:colcon.colcon_core.verb:set package 'px4_msgs' build argument 'catkin_cmake_args' from command line to 'None'
[0.330s] Level 5:colcon.colcon_core.verb:set package 'px4_msgs' build argument 'catkin_skip_building_tests' from command line to 'False'
[0.330s] DEBUG:colcon.colcon_core.verb:Building package 'px4_msgs' with the following arguments: {'ament_cmake_args': None, 'build_base': '/home/azidozide/px4_sitl_ws/src/build/px4_msgs', 'catkin_cmake_args': None, 'catkin_skip_building_tests': False, 'cmake_args': None, 'cmake_clean_cache': False, 'cmake_clean_first': False, 'cmake_force_configure': False, 'cmake_target': None, 'cmake_target_skip_unavailable': False, 'install_base': '/home/azidozide/px4_sitl_ws/src/install/px4_msgs', 'merge_install': False, 'path': '/home/azidozide/px4_sitl_ws/src/px4_msgs', 'symlink_install': False, 'test_result_base': None}
[0.330s] INFO:colcon.colcon_core.executor:Executing jobs using 'parallel' executor
[0.331s] DEBUG:colcon.colcon_parallel_executor.executor.parallel:run_until_complete
[0.332s] INFO:colcon.colcon_ros.task.ament_python.build:Building ROS package in '/home/azidozide/px4_sitl_ws/src/mapping' with build type 'ament_python'
[0.332s] Level 1:colcon.colcon_core.shell:create_environment_hook('mapping', 'ament_prefix_path')
[0.333s] INFO:colcon.colcon_core.plugin_system:Skipping extension 'colcon_core.shell.bat': Not used on non-Windows systems
[0.333s] INFO:colcon.colcon_core.shell:Creating environment hook '/home/azidozide/px4_sitl_ws/src/install/mapping/share/mapping/hook/ament_prefix_path.ps1'
[0.334s] INFO:colcon.colcon_core.shell:Creating environment descriptor '/home/azidozide/px4_sitl_ws/src/install/mapping/share/mapping/hook/ament_prefix_path.dsv'
[0.334s] INFO:colcon.colcon_core.shell:Creating environment hook '/home/azidozide/px4_sitl_ws/src/install/mapping/share/mapping/hook/ament_prefix_path.sh'
[0.334s] INFO:colcon.colcon_core.shell:Skip shell extension 'powershell' for command environment: Not usable outside of PowerShell
[0.334s] DEBUG:colcon.colcon_core.shell:Skip shell extension 'dsv' for command environment
[0.336s] INFO:colcon.colcon_ros.task.ament_python.build:Building ROS package in '/home/azidozide/px4_sitl_ws/src/object_tracker' with build type 'ament_python'
[0.336s] Level 1:colcon.colcon_core.shell:create_environment_hook('object_tracker', 'ament_prefix_path')
[0.336s] INFO:colcon.colcon_core.shell:Creating environment hook '/home/azidozide/px4_sitl_ws/src/install/object_tracker/share/object_tracker/hook/ament_prefix_path.ps1'
[0.337s] INFO:colcon.colcon_core.shell:Creating environment descriptor '/home/azidozide/px4_sitl_ws/src/install/object_tracker/share/object_tracker/hook/ament_prefix_path.dsv'
[0.337s] INFO:colcon.colcon_core.shell:Creating environment hook '/home/azidozide/px4_sitl_ws/src/install/object_tracker/share/object_tracker/hook/ament_prefix_path.sh'
[0.337s] INFO:colcon.colcon_core.shell:Skip shell extension 'powershell' for command environment: Not usable outside of PowerShell
[0.337s] DEBUG:colcon.colcon_core.shell:Skip shell extension 'dsv' for command environment
[0.339s] INFO:colcon.colcon_ros.task.ament_cmake.build:Building ROS package in '/home/azidozide/px4_sitl_ws/src/px4_msgs' with build type 'ament_cmake'
[0.339s] INFO:colcon.colcon_cmake.task.cmake.build:Building CMake package in '/home/azidozide/px4_sitl_ws/src/px4_msgs'
[0.339s] INFO:colcon.colcon_core.shell:Skip shell extension 'powershell' for command environment: Not usable outside of PowerShell
[0.339s] DEBUG:colcon.colcon_core.shell:Skip shell extension 'dsv' for command environment
[0.582s] INFO:colcon.colcon_core.task.python.build:Building Python package in '/home/azidozide/px4_sitl_ws/src/mapping'
[0.582s] INFO:colcon.colcon_core.shell:Skip shell extension 'powershell' for command environment: Not usable outside of PowerShell
[0.582s] DEBUG:colcon.colcon_core.shell:Skip shell extension 'dsv' for command environment
[0.822s] INFO:colcon.colcon_core.task.python.build:Building Python package in '/home/azidozide/px4_sitl_ws/src/object_tracker'
[0.822s] INFO:colcon.colcon_core.shell:Skip shell extension 'powershell' for command environment: Not usable outside of PowerShell
[0.822s] DEBUG:colcon.colcon_core.shell:Skip shell extension 'dsv' for command environment
[0.826s] DEBUG:colcon.colcon_core.event_handler.log_command:Invoking command in '/home/azidozide/px4_sitl_ws/src/build/px4_msgs': CMAKE_PREFIX_PATH=/opt/ros/humble /usr/bin/cmake /home/azidozide/px4_sitl_ws/src/px4_msgs -DCMAKE_INSTALL_PREFIX=/home/azidozide/px4_sitl_ws/src/install/px4_msgs
[1.149s] DEBUG:colcon.colcon_core.event_handler.log_command:Invoking command in '/home/azidozide/px4_sitl_ws/src/object_tracker': PYTHONPATH=/home/azidozide/px4_sitl_ws/src/build/object_tracker/prefix_override:/usr/lib/python3/dist-packages/colcon_core/task/python/colcon_distutils_commands:/home/azidozide/px4_sitl_ws/src/install/object_tracker/lib/python3.10/site-packages:${PYTHONPATH} /usr/bin/python3 -W ignore:setup.py install is deprecated -W ignore:easy_install command is deprecated setup.py egg_info --egg-base ../build/object_tracker build --build-base /home/azidozide/px4_sitl_ws/src/build/object_tracker/build install --record /home/azidozide/px4_sitl_ws/src/build/object_tracker/install.log --single-version-externally-managed install_data
[1.161s] DEBUG:colcon.colcon_core.event_handler.log_command:Invoking command in '/home/azidozide/px4_sitl_ws/src/mapping': PYTHONPATH=/home/azidozide/px4_sitl_ws/src/build/mapping/prefix_override:/usr/lib/python3/dist-packages/colcon_core/task/python/colcon_distutils_commands:/home/azidozide/px4_sitl_ws/src/install/mapping/lib/python3.10/site-packages:${PYTHONPATH} /usr/bin/python3 -W ignore:setup.py install is deprecated -W ignore:easy_install command is deprecated setup.py egg_info --egg-base ../build/mapping build --build-base /home/azidozide/px4_sitl_ws/src/build/mapping/build install --record /home/azidozide/px4_sitl_ws/src/build/mapping/install.log --single-version-externally-managed install_data
[1.402s] DEBUG:colcon.colcon_core.event_handler.log_command:Invoked command in '/home/azidozide/px4_sitl_ws/src/mapping' returned '0': PYTHONPATH=/home/azidozide/px4_sitl_ws/src/build/mapping/prefix_override:/usr/lib/python3/dist-packages/colcon_core/task/python/colcon_distutils_commands:/home/azidozide/px4_sitl_ws/src/install/mapping/lib/python3.10/site-packages:${PYTHONPATH} /usr/bin/python3 -W ignore:setup.py install is deprecated -W ignore:easy_install command is deprecated setup.py egg_info --egg-base ../build/mapping build --build-base /home/azidozide/px4_sitl_ws/src/build/mapping/build install --record /home/azidozide/px4_sitl_ws/src/build/mapping/install.log --single-version-externally-managed install_data
[1.404s] Level 1:colcon.colcon_core.environment:checking '/home/azidozide/px4_sitl_ws/src/install/mapping' for CMake module files
[1.404s] Level 1:colcon.colcon_core.environment:checking '/home/azidozide/px4_sitl_ws/src/install/mapping' for CMake config files
[1.405s] Level 1:colcon.colcon_core.environment:checking '/home/azidozide/px4_sitl_ws/src/install/mapping/lib'
[1.405s] Level 1:colcon.colcon_core.environment:checking '/home/azidozide/px4_sitl_ws/src/install/mapping/bin'
[1.405s] Level 1:colcon.colcon_core.environment:checking '/home/azidozide/px4_sitl_ws/src/install/mapping/lib/pkgconfig/mapping.pc'
[1.405s] Level 1:colcon.colcon_core.environment:checking '/home/azidozide/px4_sitl_ws/src/install/mapping/lib/python3.10/site-packages'
[1.405s] Level 1:colcon.colcon_core.shell:create_environment_hook('mapping', 'pythonpath')
[1.405s] INFO:colcon.colcon_core.shell:Creating environment hook '/home/azidozide/px4_sitl_ws/src/install/mapping/share/mapping/hook/pythonpath.ps1'
[1.405s] INFO:colcon.colcon_core.shell:Creating environment descriptor '/home/azidozide/px4_sitl_ws/src/install/mapping/share/mapping/hook/pythonpath.dsv'
[1.406s] INFO:colcon.colcon_core.shell:Creating environment hook '/home/azidozide/px4_sitl_ws/src/install/mapping/share/mapping/hook/pythonpath.sh'
[1.406s] Level 1:colcon.colcon_core.environment:checking '/home/azidozide/px4_sitl_ws/src/install/mapping/bin'
[1.406s] Level 1:colcon.colcon_core.environment:create_environment_scripts_only(mapping)
[1.406s] INFO:colcon.colcon_core.shell:Creating package script '/home/azidozide/px4_sitl_ws/src/install/mapping/share/mapping/package.ps1'
[1.407s] INFO:colcon.colcon_core.shell:Creating package descriptor '/home/azidozide/px4_sitl_ws/src/install/mapping/share/mapping/package.dsv'
[1.407s] INFO:colcon.colcon_core.shell:Creating package script '/home/azidozide/px4_sitl_ws/src/install/mapping/share/mapping/package.sh'
[1.408s] INFO:colcon.colcon_core.shell:Creating package script '/home/azidozide/px4_sitl_ws/src/install/mapping/share/mapping/package.bash'
[1.408s] INFO:colcon.colcon_core.shell:Creating package script '/home/azidozide/px4_sitl_ws/src/install/mapping/share/mapping/package.zsh'
[1.409s] Level 1:colcon.colcon_core.environment:create_file_with_runtime_dependencies(/home/azidozide/px4_sitl_ws/src/install/mapping/share/colcon-core/packages/mapping)
[1.409s] Level 1:colcon.colcon_core.environment:checking '/home/azidozide/px4_sitl_ws/src/install/object_tracker' for CMake module files
[1.410s] DEBUG:colcon.colcon_core.event_handler.log_command:Invoked command in '/home/azidozide/px4_sitl_ws/src/object_tracker' returned '0': PYTHONPATH=/home/azidozide/px4_sitl_ws/src/build/object_tracker/prefix_override:/usr/lib/python3/dist-packages/colcon_core/task/python/colcon_distutils_commands:/home/azidozide/px4_sitl_ws/src/install/object_tracker/lib/python3.10/site-packages:${PYTHONPATH} /usr/bin/python3 -W ignore:setup.py install is deprecated -W ignore:easy_install command is deprecated setup.py egg_info --egg-base ../build/object_tracker build --build-base /home/azidozide/px4_sitl_ws/src/build/object_tracker/build install --record /home/azidozide/px4_sitl_ws/src/build/object_tracker/install.log --single-version-externally-managed install_data
[1.410s] Level 1:colcon.colcon_core.environment:checking '/home/azidozide/px4_sitl_ws/src/install/object_tracker' for CMake config files
[1.411s] Level 1:colcon.colcon_core.environment:checking '/home/azidozide/px4_sitl_ws/src/install/object_tracker/lib'
[1.411s] Level 1:colcon.colcon_core.environment:checking '/home/azidozide/px4_sitl_ws/src/install/object_tracker/bin'
[1.411s] Level 1:colcon.colcon_core.environment:checking '/home/azidozide/px4_sitl_ws/src/install/object_tracker/lib/pkgconfig/object_tracker.pc'
[1.411s] Level 1:colcon.colcon_core.environment:checking '/home/azidozide/px4_sitl_ws/src/install/object_tracker/lib/python3.10/site-packages'
[1.412s] Level 1:colcon.colcon_core.shell:create_environment_hook('object_tracker', 'pythonpath')
[1.412s] INFO:colcon.colcon_core.shell:Creating environment hook '/home/azidozide/px4_sitl_ws/src/install/object_tracker/share/object_tracker/hook/pythonpath.ps1'
[1.412s] INFO:colcon.colcon_core.shell:Creating environment descriptor '/home/azidozide/px4_sitl_ws/src/install/object_tracker/share/object_tracker/hook/pythonpath.dsv'
[1.413s] INFO:colcon.colcon_core.shell:Creating environment hook '/home/azidozide/px4_sitl_ws/src/install/object_tracker/share/object_tracker/hook/pythonpath.sh'
[1.413s] Level 1:colcon.colcon_core.environment:checking '/home/azidozide/px4_sitl_ws/src/install/object_tracker/bin'
[1.413s] Level 1:colcon.colcon_core.environment:create_environment_scripts_only(object_tracker)
[1.413s] INFO:colcon.colcon_core.shell:Creating package script '/home/azidozide/px4_sitl_ws/src/install/object_tracker/share/object_tracker/package.ps1'
[1.414s] INFO:colcon.colcon_core.shell:Creating package descriptor '/home/azidozide/px4_sitl_ws/src/install/object_tracker/share/object_tracker/package.dsv'
[1.414s] INFO:colcon.colcon_core.shell:Creating package script '/home/azidozide/px4_sitl_ws/src/install/object_tracker/share/object_tracker/package.sh'
[1.414s] INFO:colcon.colcon_core.shell:Creating package script '/home/azidozide/px4_sitl_ws/src/install/object_tracker/share/object_tracker/package.bash'
[1.414s] INFO:colcon.colcon_core.shell:Creating package script '/home/azidozide/px4_sitl_ws/src/install/object_tracker/share/object_tracker/package.zsh'
[1.415s] Level 1:colcon.colcon_core.environment:create_file_with_runtime_dependencies(/home/azidozide/px4_sitl_ws/src/install/object_tracker/share/colcon-core/packages/object_tracker)
[3.756s] DEBUG:colcon.colcon_core.event_handler.log_command:Invoked command in '/home/azidozide/px4_sitl_ws/src/build/px4_msgs' returned '0': CMAKE_PREFIX_PATH=/opt/ros/humble /usr/bin/cmake /home/azidozide/px4_sitl_ws/src/px4_msgs -DCMAKE_INSTALL_PREFIX=/home/azidozide/px4_sitl_ws/src/install/px4_msgs
[3.757s] DEBUG:colcon.colcon_core.event_handler.log_command:Invoking command in '/home/azidozide/px4_sitl_ws/src/build/px4_msgs': CMAKE_PREFIX_PATH=/opt/ros/humble /usr/bin/cmake --build /home/azidozide/px4_sitl_ws/src/build/px4_msgs -- -j24 -l24
[171.491s] DEBUG:colcon.colcon_core.event_handler.log_command:Invoked command in '/home/azidozide/px4_sitl_ws/src/build/px4_msgs' returned '0': CMAKE_PREFIX_PATH=/opt/ros/humble /usr/bin/cmake --build /home/azidozide/px4_sitl_ws/src/build/px4_msgs -- -j24 -l24
[171.498s] DEBUG:colcon.colcon_core.event_handler.log_command:Invoking command in '/home/azidozide/px4_sitl_ws/src/build/px4_msgs': CMAKE_PREFIX_PATH=/opt/ros/humble /usr/bin/cmake --install /home/azidozide/px4_sitl_ws/src/build/px4_msgs
[172.314s] Level 1:colcon.colcon_core.environment:create_environment_scripts_only(px4_msgs)
[172.315s] Level 1:colcon.colcon_core.environment:checking '/home/azidozide/px4_sitl_ws/src/install/px4_msgs' for CMake module files
[172.315s] DEBUG:colcon.colcon_core.event_handler.log_command:Invoked command in '/home/azidozide/px4_sitl_ws/src/build/px4_msgs' returned '0': CMAKE_PREFIX_PATH=/opt/ros/humble /usr/bin/cmake --install /home/azidozide/px4_sitl_ws/src/build/px4_msgs
[172.315s] Level 1:colcon.colcon_core.environment:checking '/home/azidozide/px4_sitl_ws/src/install/px4_msgs' for CMake config files
[172.316s] Level 1:colcon.colcon_core.shell:create_environment_hook('px4_msgs', 'cmake_prefix_path')
[172.316s] INFO:colcon.colcon_core.shell:Creating environment hook '/home/azidozide/px4_sitl_ws/src/install/px4_msgs/share/px4_msgs/hook/cmake_prefix_path.ps1'
[172.316s] INFO:colcon.colcon_core.shell:Creating environment descriptor '/home/azidozide/px4_sitl_ws/src/install/px4_msgs/share/px4_msgs/hook/cmake_prefix_path.dsv'
[172.316s] INFO:colcon.colcon_core.shell:Creating environment hook '/home/azidozide/px4_sitl_ws/src/install/px4_msgs/share/px4_msgs/hook/cmake_prefix_path.sh'
[172.317s] Level 1:colcon.colcon_core.environment:checking '/home/azidozide/px4_sitl_ws/src/install/px4_msgs/lib'
[172.317s] Level 1:colcon.colcon_core.shell:create_environment_hook('px4_msgs', 'ld_library_path_lib')
[172.317s] INFO:colcon.colcon_core.shell:Creating environment hook '/home/azidozide/px4_sitl_ws/src/install/px4_msgs/share/px4_msgs/hook/ld_library_path_lib.ps1'
[172.317s] INFO:colcon.colcon_core.shell:Creating environment descriptor '/home/azidozide/px4_sitl_ws/src/install/px4_msgs/share/px4_msgs/hook/ld_library_path_lib.dsv'
[172.317s] INFO:colcon.colcon_core.shell:Creating environment hook '/home/azidozide/px4_sitl_ws/src/install/px4_msgs/share/px4_msgs/hook/ld_library_path_lib.sh'
[172.317s] Level 1:colcon.colcon_core.environment:checking '/home/azidozide/px4_sitl_ws/src/install/px4_msgs/bin'
[172.317s] Level 1:colcon.colcon_core.environment:checking '/home/azidozide/px4_sitl_ws/src/install/px4_msgs/lib/pkgconfig/px4_msgs.pc'
[172.318s] Level 1:colcon.colcon_core.environment:checking '/home/azidozide/px4_sitl_ws/src/install/px4_msgs/lib/python3.10/site-packages'
[172.318s] Level 1:colcon.colcon_core.environment:checking '/home/azidozide/px4_sitl_ws/src/install/px4_msgs/bin'
[172.318s] INFO:colcon.colcon_core.shell:Creating package script '/home/azidozide/px4_sitl_ws/src/install/px4_msgs/share/px4_msgs/package.ps1'
[172.318s] INFO:colcon.colcon_core.shell:Creating package descriptor '/home/azidozide/px4_sitl_ws/src/install/px4_msgs/share/px4_msgs/package.dsv'
[172.319s] INFO:colcon.colcon_core.shell:Creating package script '/home/azidozide/px4_sitl_ws/src/install/px4_msgs/share/px4_msgs/package.sh'
[172.319s] INFO:colcon.colcon_core.shell:Creating package script '/home/azidozide/px4_sitl_ws/src/install/px4_msgs/share/px4_msgs/package.bash'
[172.319s] INFO:colcon.colcon_core.shell:Creating package script '/home/azidozide/px4_sitl_ws/src/install/px4_msgs/share/px4_msgs/package.zsh'
[172.319s] Level 1:colcon.colcon_core.environment:create_file_with_runtime_dependencies(/home/azidozide/px4_sitl_ws/src/install/px4_msgs/share/colcon-core/packages/px4_msgs)
[172.320s] Level 1:colcon.colcon_core.environment:create_environment_scripts_only(px4_msgs)
[172.320s] Level 1:colcon.colcon_core.environment:checking '/home/azidozide/px4_sitl_ws/src/install/px4_msgs' for CMake module files
[172.320s] Level 1:colcon.colcon_core.environment:checking '/home/azidozide/px4_sitl_ws/src/install/px4_msgs' for CMake config files
[172.320s] Level 1:colcon.colcon_core.shell:create_environment_hook('px4_msgs', 'cmake_prefix_path')
[172.321s] INFO:colcon.colcon_core.shell:Creating environment hook '/home/azidozide/px4_sitl_ws/src/install/px4_msgs/share/px4_msgs/hook/cmake_prefix_path.ps1'
[172.321s] INFO:colcon.colcon_core.shell:Creating environment descriptor '/home/azidozide/px4_sitl_ws/src/install/px4_msgs/share/px4_msgs/hook/cmake_prefix_path.dsv'
[172.321s] INFO:colcon.colcon_core.shell:Creating environment hook '/home/azidozide/px4_sitl_ws/src/install/px4_msgs/share/px4_msgs/hook/cmake_prefix_path.sh'
[172.321s] Level 1:colcon.colcon_core.environment:checking '/home/azidozide/px4_sitl_ws/src/install/px4_msgs/lib'
[172.321s] Level 1:colcon.colcon_core.shell:create_environment_hook('px4_msgs', 'ld_library_path_lib')
[172.322s] INFO:colcon.colcon_core.shell:Creating environment hook '/home/azidozide/px4_sitl_ws/src/install/px4_msgs/share/px4_msgs/hook/ld_library_path_lib.ps1'
[172.322s] INFO:colcon.colcon_core.shell:Creating environment descriptor '/home/azidozide/px4_sitl_ws/src/install/px4_msgs/share/px4_msgs/hook/ld_library_path_lib.dsv'
[172.322s] INFO:colcon.colcon_core.shell:Creating environment hook '/home/azidozide/px4_sitl_ws/src/install/px4_msgs/share/px4_msgs/hook/ld_library_path_lib.sh'
[172.322s] Level 1:colcon.colcon_core.environment:checking '/home/azidozide/px4_sitl_ws/src/install/px4_msgs/bin'
[172.322s] Level 1:colcon.colcon_core.environment:checking '/home/azidozide/px4_sitl_ws/src/install/px4_msgs/lib/pkgconfig/px4_msgs.pc'
[172.322s] Level 1:colcon.colcon_core.environment:checking '/home/azidozide/px4_sitl_ws/src/install/px4_msgs/lib/python3.10/site-packages'
[172.323s] Level 1:colcon.colcon_core.environment:checking '/home/azidozide/px4_sitl_ws/src/install/px4_msgs/bin'
[172.323s] INFO:colcon.colcon_core.shell:Creating package script '/home/azidozide/px4_sitl_ws/src/install/px4_msgs/share/px4_msgs/package.ps1'
[172.323s] INFO:colcon.colcon_core.shell:Creating package descriptor '/home/azidozide/px4_sitl_ws/src/install/px4_msgs/share/px4_msgs/package.dsv'
[172.323s] INFO:colcon.colcon_core.shell:Creating package script '/home/azidozide/px4_sitl_ws/src/install/px4_msgs/share/px4_msgs/package.sh'
[172.324s] INFO:colcon.colcon_core.shell:Creating package script '/home/azidozide/px4_sitl_ws/src/install/px4_msgs/share/px4_msgs/package.bash'
[172.324s] INFO:colcon.colcon_core.shell:Creating package script '/home/azidozide/px4_sitl_ws/src/install/px4_msgs/share/px4_msgs/package.zsh'
[172.324s] Level 1:colcon.colcon_core.environment:create_file_with_runtime_dependencies(/home/azidozide/px4_sitl_ws/src/install/px4_msgs/share/colcon-core/packages/px4_msgs)
[172.324s] DEBUG:colcon.colcon_parallel_executor.executor.parallel:closing loop
[172.324s] DEBUG:colcon.colcon_parallel_executor.executor.parallel:loop closed
[172.324s] DEBUG:colcon.colcon_parallel_executor.executor.parallel:run_until_complete finished with '0'
[172.324s] DEBUG:colcon.colcon_core.event_reactor:joining thread
[172.328s] INFO:colcon.colcon_core.plugin_system:Skipping extension 'colcon_notification.desktop_notification.terminal_notifier': Not used on non-Darwin systems
[172.328s] INFO:colcon.colcon_core.plugin_system:Skipping extension 'colcon_notification.desktop_notification.win32': Not used on non-Windows systems
[172.328s] INFO:colcon.colcon_notification.desktop_notification:Sending desktop notification using 'notify2'
[172.341s] DEBUG:colcon.colcon_core.event_reactor:joined thread
[172.341s] INFO:colcon.colcon_core.shell:Creating prefix script '/home/azidozide/px4_sitl_ws/src/install/local_setup.ps1'
[172.343s] INFO:colcon.colcon_core.shell:Creating prefix util module '/home/azidozide/px4_sitl_ws/src/install/_local_setup_util_ps1.py'
[172.345s] INFO:colcon.colcon_core.shell:Creating prefix chain script '/home/azidozide/px4_sitl_ws/src/install/setup.ps1'
[172.345s] INFO:colcon.colcon_core.shell:Creating prefix script '/home/azidozide/px4_sitl_ws/src/install/local_setup.sh'
[172.346s] INFO:colcon.colcon_core.shell:Creating prefix util module '/home/azidozide/px4_sitl_ws/src/install/_local_setup_util_sh.py'
[172.346s] INFO:colcon.colcon_core.shell:Creating prefix chain script '/home/azidozide/px4_sitl_ws/src/install/setup.sh'
[172.347s] INFO:colcon.colcon_core.shell:Creating prefix script '/home/azidozide/px4_sitl_ws/src/install/local_setup.bash'
[172.347s] INFO:colcon.colcon_core.shell:Creating prefix chain script '/home/azidozide/px4_sitl_ws/src/install/setup.bash'
[172.348s] INFO:colcon.colcon_core.shell:Creating prefix script '/home/azidozide/px4_sitl_ws/src/install/local_setup.zsh'
[172.348s] INFO:colcon.colcon_core.shell:Creating prefix chain script '/home/azidozide/px4_sitl_ws/src/install/setup.zsh'
