[0.018s] Invoking command in '/home/azidozide/px4_sitl_ws/src/build/swarm_control': /usr/bin/cmake /home/azidozide/px4_sitl_ws/src/swarm_control -DCATKIN_INSTALL_INTO_PREFIX_ROOT=0 -DCMAKE_INSTALL_PREFIX=/home/azidozide/px4_sitl_ws/src/install/swarm_control
[0.089s] -- The C compiler identification is GNU 11.4.0
[0.144s] -- The CXX compiler identification is GNU 11.4.0
[0.153s] -- Detecting C compiler ABI info
[0.205s] -- Detecting C compiler ABI info - done
[0.214s] -- Check for working C compiler: /usr/lib/ccache/cc - skipped
[0.215s] -- Detecting C compile features
[0.215s] -- Detecting C compile features - done
[0.218s] -- Detecting CXX compiler ABI info
[0.280s] -- Detecting CXX compiler ABI info - done
[0.291s] -- Check for working CXX compiler: /usr/lib/ccache/c++ - skipped
[0.291s] -- Detecting CXX compile features
[0.291s] -- Detecting CXX compile features - done
[0.296s] -- Found ament_cmake: 1.3.12 (/opt/ros/humble/share/ament_cmake/cmake)
[0.459s] -- Found Python3: /usr/bin/python3 (found version "3.10.12") found components: Interpreter 
[0.557s] -- Found rosidl_default_generators: 1.2.0 (/opt/ros/humble/share/rosidl_default_generators/cmake)
[0.560s] -- Using all available rosidl_typesupport_c: rosidl_typesupport_fastrtps_c;rosidl_typesupport_introspection_c
[0.568s] -- Found rosidl_adapter: 3.1.7 (/opt/ros/humble/share/rosidl_adapter/cmake)
[0.613s] -- Using all available rosidl_typesupport_cpp: rosidl_typesupport_fastrtps_cpp;rosidl_typesupport_introspection_cpp
[0.925s] -- Found ament_cmake_ros: 0.10.0 (/opt/ros/humble/share/ament_cmake_ros/cmake)
[1.218s] -- Using all available rosidl_typesupport_c: rosidl_typesupport_fastrtps_c;rosidl_typesupport_introspection_c
[1.368s] -- Using all available rosidl_typesupport_cpp: rosidl_typesupport_fastrtps_cpp;rosidl_typesupport_introspection_cpp
[1.390s] -- Found PythonInterp: /usr/bin/python3 (found suitable version "3.10.12", minimum required is "3.6") 
[1.392s] -- Found python_cmake_module: 0.10.0 (/opt/ros/humble/share/python_cmake_module/cmake)
[1.421s] -- Found PythonLibs: /usr/lib/x86_64-linux-gnu/libpython3.10.so (found suitable version "3.10.12", minimum required is "3.5") 
[1.422s] -- Using PYTHON_EXECUTABLE: /usr/bin/python3
[1.422s] -- Using PYTHON_INCLUDE_DIRS: /usr/include/python3.10
[1.422s] -- Using PYTHON_LIBRARIES: /usr/lib/x86_64-linux-gnu/libpython3.10.so
[1.445s] -- Found PythonExtra: .so  
[1.476s] -- Configuring done
[1.502s] -- Generating done
[1.505s] [33mCMake Warning:
[1.505s]   Manually-specified variables were not used by the project:
[1.505s] 
[1.505s]     CATKIN_INSTALL_INTO_PREFIX_ROOT
[1.505s] 
[1.505s] [0m
[1.514s] -- Build files have been written to: /home/azidozide/px4_sitl_ws/src/build/swarm_control
[1.520s] Invoked command in '/home/azidozide/px4_sitl_ws/src/build/swarm_control' returned '0': /usr/bin/cmake /home/azidozide/px4_sitl_ws/src/swarm_control -DCATKIN_INSTALL_INTO_PREFIX_ROOT=0 -DCMAKE_INSTALL_PREFIX=/home/azidozide/px4_sitl_ws/src/install/swarm_control
[1.522s] Invoking command in '/home/azidozide/px4_sitl_ws/src/build/swarm_control': /usr/bin/cmake --build /home/azidozide/px4_sitl_ws/src/build/swarm_control -- -j24 -l24
[1.555s] [  3%] [34m[1mGenerating C code for ROS interfaces[0m
[1.565s] [  6%] [34m[1mGenerating C++ code for ROS interfaces[0m
[1.576s] [  6%] Built target ament_cmake_python_copy_swarm_control
[1.819s] [  9%] [32mBuilding C object CMakeFiles/swarm_control__rosidl_generator_c.dir/rosidl_generator_c/swarm_control/msg/detail/mother_state__functions.c.o[0m
[1.825s] running egg_info
[1.825s] creating swarm_control.egg-info
[1.826s] writing swarm_control.egg-info/PKG-INFO
[1.826s] writing dependency_links to swarm_control.egg-info/dependency_links.txt
[1.826s] writing top-level names to swarm_control.egg-info/top_level.txt
[1.829s] writing manifest file 'swarm_control.egg-info/SOURCES.txt'
[1.831s] reading manifest file 'swarm_control.egg-info/SOURCES.txt'
[1.831s] writing manifest file 'swarm_control.egg-info/SOURCES.txt'
[1.856s] [  9%] Built target swarm_control__cpp
[1.856s] [  9%] Built target ament_cmake_python_build_swarm_control_egg
[1.865s] [ 12%] [34m[1mGenerating C++ introspection for ROS interfaces[0m
[1.865s] [ 16%] [34m[1mGenerating C++ type support dispatch for ROS interfaces[0m
[1.865s] [ 19%] [34m[1mGenerating C++ type support for eProsima Fast-RTPS[0m
[1.890s] [ 22%] [32m[1mLinking C shared library libswarm_control__rosidl_generator_c.so[0m
[1.926s] [ 22%] Built target swarm_control__rosidl_generator_c
[1.935s] [ 29%] [34m[1mGenerating C introspection for ROS interfaces[0m
[1.935s] [ 29%] [34m[1mGenerating C type support dispatch for ROS interfaces[0m
[1.937s] [ 32%] [34m[1mGenerating C type support for eProsima Fast-RTPS[0m
[2.104s] [ 35%] [32mBuilding CXX object CMakeFiles/swarm_control__rosidl_typesupport_fastrtps_cpp.dir/rosidl_typesupport_fastrtps_cpp/swarm_control/msg/detail/dds_fastrtps/mother_state__type_support.cpp.o[0m
[2.115s] [ 38%] [32mBuilding CXX object CMakeFiles/swarm_control__rosidl_typesupport_introspection_cpp.dir/rosidl_typesupport_introspection_cpp/swarm_control/msg/detail/mother_state__type_support.cpp.o[0m
[2.161s] [ 41%] [32mBuilding CXX object CMakeFiles/swarm_control__rosidl_typesupport_c.dir/rosidl_typesupport_c/swarm_control/msg/mother_state__type_support.cpp.o[0m
[2.164s] [ 45%] [32mBuilding CXX object CMakeFiles/swarm_control__rosidl_typesupport_cpp.dir/rosidl_typesupport_cpp/swarm_control/msg/mother_state__type_support.cpp.o[0m
[2.181s] [ 48%] [32mBuilding C object CMakeFiles/swarm_control__rosidl_typesupport_introspection_c.dir/rosidl_typesupport_introspection_c/swarm_control/msg/detail/mother_state__type_support.c.o[0m
[2.202s] [ 51%] [32m[1mLinking CXX shared library libswarm_control__rosidl_typesupport_c.so[0m
[2.225s] [ 54%] [32m[1mLinking C shared library libswarm_control__rosidl_typesupport_introspection_c.so[0m
[2.240s] [ 54%] Built target swarm_control__rosidl_typesupport_c
[2.259s] [ 54%] Built target swarm_control__rosidl_typesupport_introspection_c
[2.277s] [ 58%] [32mBuilding CXX object CMakeFiles/swarm_control__rosidl_typesupport_fastrtps_c.dir/rosidl_typesupport_fastrtps_c/swarm_control/msg/detail/mother_state__type_support_c.cpp.o[0m
[2.462s] [ 61%] [32m[1mLinking CXX shared library libswarm_control__rosidl_typesupport_cpp.so[0m
[2.507s] [ 61%] Built target swarm_control__rosidl_typesupport_cpp
[2.515s] [ 64%] [32m[1mLinking CXX shared library libswarm_control__rosidl_typesupport_introspection_cpp.so[0m
[2.534s] [ 67%] [32m[1mLinking CXX shared library libswarm_control__rosidl_typesupport_fastrtps_cpp.so[0m
[2.562s] [ 67%] Built target swarm_control__rosidl_typesupport_introspection_cpp
[2.605s] [ 67%] Built target swarm_control__rosidl_typesupport_fastrtps_cpp
[2.632s] [ 70%] [32m[1mLinking CXX shared library libswarm_control__rosidl_typesupport_fastrtps_c.so[0m
[2.698s] [ 70%] Built target swarm_control__rosidl_typesupport_fastrtps_c
[2.718s] [ 70%] Built target swarm_control
[2.736s] [ 74%] [34m[1mGenerating Python code for ROS interfaces[0m
[3.038s] [ 74%] Built target swarm_control__py
[3.054s] [ 77%] [32mBuilding C object CMakeFiles/swarm_control__rosidl_generator_py.dir/rosidl_generator_py/swarm_control/msg/_mother_state_s.c.o[0m
[3.221s] [ 80%] [32m[1mLinking C shared library rosidl_generator_py/swarm_control/libswarm_control__rosidl_generator_py.so[0m
[3.257s] [ 80%] Built target swarm_control__rosidl_generator_py
[3.276s] [ 83%] [32mBuilding C object CMakeFiles/swarm_control__rosidl_typesupport_introspection_c__pyext.dir/rosidl_generator_py/swarm_control/_swarm_control_s.ep.rosidl_typesupport_introspection_c.c.o[0m
[3.277s] [ 87%] [32mBuilding C object CMakeFiles/swarm_control__rosidl_typesupport_fastrtps_c__pyext.dir/rosidl_generator_py/swarm_control/_swarm_control_s.ep.rosidl_typesupport_fastrtps_c.c.o[0m
[3.280s] [ 90%] [32mBuilding C object CMakeFiles/swarm_control__rosidl_typesupport_c__pyext.dir/rosidl_generator_py/swarm_control/_swarm_control_s.ep.rosidl_typesupport_c.c.o[0m
[3.410s] [ 93%] [32m[1mLinking C shared library rosidl_generator_py/swarm_control/swarm_control_s__rosidl_typesupport_introspection_c.cpython-310-x86_64-linux-gnu.so[0m
[3.417s] [ 96%] [32m[1mLinking C shared library rosidl_generator_py/swarm_control/swarm_control_s__rosidl_typesupport_c.cpython-310-x86_64-linux-gnu.so[0m
[3.428s] [100%] [32m[1mLinking C shared library rosidl_generator_py/swarm_control/swarm_control_s__rosidl_typesupport_fastrtps_c.cpython-310-x86_64-linux-gnu.so[0m
[3.443s] [100%] Built target swarm_control__rosidl_typesupport_introspection_c__pyext
[3.449s] [100%] Built target swarm_control__rosidl_typesupport_c__pyext
[3.463s] [100%] Built target swarm_control__rosidl_typesupport_fastrtps_c__pyext
[3.473s] Invoked command in '/home/azidozide/px4_sitl_ws/src/build/swarm_control' returned '0': /usr/bin/cmake --build /home/azidozide/px4_sitl_ws/src/build/swarm_control -- -j24 -l24
[3.475s] Invoking command in '/home/azidozide/px4_sitl_ws/src/build/swarm_control': /usr/bin/cmake --install /home/azidozide/px4_sitl_ws/src/build/swarm_control
[3.482s] -- Install configuration: ""
[3.482s] -- Installing: /home/azidozide/px4_sitl_ws/src/install/swarm_control/share/ament_index/resource_index/rosidl_interfaces/swarm_control
[3.482s] -- Installing: /home/azidozide/px4_sitl_ws/src/install/swarm_control/include/swarm_control/swarm_control
[3.482s] -- Installing: /home/azidozide/px4_sitl_ws/src/install/swarm_control/include/swarm_control/swarm_control/msg
[3.482s] -- Installing: /home/azidozide/px4_sitl_ws/src/install/swarm_control/include/swarm_control/swarm_control/msg/detail
[3.483s] -- Installing: /home/azidozide/px4_sitl_ws/src/install/swarm_control/include/swarm_control/swarm_control/msg/detail/mother_state__functions.c
[3.483s] -- Installing: /home/azidozide/px4_sitl_ws/src/install/swarm_control/include/swarm_control/swarm_control/msg/detail/mother_state__struct.h
[3.483s] -- Installing: /home/azidozide/px4_sitl_ws/src/install/swarm_control/include/swarm_control/swarm_control/msg/detail/mother_state__functions.h
[3.483s] -- Installing: /home/azidozide/px4_sitl_ws/src/install/swarm_control/include/swarm_control/swarm_control/msg/detail/mother_state__type_support.h
[3.483s] -- Installing: /home/azidozide/px4_sitl_ws/src/install/swarm_control/include/swarm_control/swarm_control/msg/mother_state.h
[3.483s] -- Installing: /home/azidozide/px4_sitl_ws/src/install/swarm_control/include/swarm_control/swarm_control/msg/rosidl_generator_c__visibility_control.h
[3.483s] -- Installing: /home/azidozide/px4_sitl_ws/src/install/swarm_control/share/swarm_control/environment/library_path.sh
[3.483s] -- Installing: /home/azidozide/px4_sitl_ws/src/install/swarm_control/share/swarm_control/environment/library_path.dsv
[3.483s] -- Installing: /home/azidozide/px4_sitl_ws/src/install/swarm_control/lib/libswarm_control__rosidl_generator_c.so
[3.484s] -- Set runtime path of "/home/azidozide/px4_sitl_ws/src/install/swarm_control/lib/libswarm_control__rosidl_generator_c.so" to ""
[3.484s] -- Up-to-date: /home/azidozide/px4_sitl_ws/src/install/swarm_control/include/swarm_control/swarm_control
[3.484s] -- Up-to-date: /home/azidozide/px4_sitl_ws/src/install/swarm_control/include/swarm_control/swarm_control/msg
[3.484s] -- Up-to-date: /home/azidozide/px4_sitl_ws/src/install/swarm_control/include/swarm_control/swarm_control/msg/detail
[3.484s] -- Installing: /home/azidozide/px4_sitl_ws/src/install/swarm_control/include/swarm_control/swarm_control/msg/detail/mother_state__rosidl_typesupport_fastrtps_c.h
[3.484s] -- Installing: /home/azidozide/px4_sitl_ws/src/install/swarm_control/include/swarm_control/swarm_control/msg/rosidl_typesupport_fastrtps_c__visibility_control.h
[3.484s] -- Installing: /home/azidozide/px4_sitl_ws/src/install/swarm_control/lib/libswarm_control__rosidl_typesupport_fastrtps_c.so
[3.484s] -- Set runtime path of "/home/azidozide/px4_sitl_ws/src/install/swarm_control/lib/libswarm_control__rosidl_typesupport_fastrtps_c.so" to ""
[3.485s] -- Up-to-date: /home/azidozide/px4_sitl_ws/src/install/swarm_control/include/swarm_control/swarm_control
[3.485s] -- Up-to-date: /home/azidozide/px4_sitl_ws/src/install/swarm_control/include/swarm_control/swarm_control/msg
[3.485s] -- Up-to-date: /home/azidozide/px4_sitl_ws/src/install/swarm_control/include/swarm_control/swarm_control/msg/detail
[3.485s] -- Installing: /home/azidozide/px4_sitl_ws/src/install/swarm_control/include/swarm_control/swarm_control/msg/detail/mother_state__type_support.c
[3.485s] -- Installing: /home/azidozide/px4_sitl_ws/src/install/swarm_control/include/swarm_control/swarm_control/msg/detail/mother_state__rosidl_typesupport_introspection_c.h
[3.485s] -- Installing: /home/azidozide/px4_sitl_ws/src/install/swarm_control/include/swarm_control/swarm_control/msg/rosidl_typesupport_introspection_c__visibility_control.h
[3.485s] -- Installing: /home/azidozide/px4_sitl_ws/src/install/swarm_control/lib/libswarm_control__rosidl_typesupport_introspection_c.so
[3.486s] -- Set runtime path of "/home/azidozide/px4_sitl_ws/src/install/swarm_control/lib/libswarm_control__rosidl_typesupport_introspection_c.so" to ""
[3.486s] -- Installing: /home/azidozide/px4_sitl_ws/src/install/swarm_control/lib/libswarm_control__rosidl_typesupport_c.so
[3.486s] -- Set runtime path of "/home/azidozide/px4_sitl_ws/src/install/swarm_control/lib/libswarm_control__rosidl_typesupport_c.so" to ""
[3.486s] -- Up-to-date: /home/azidozide/px4_sitl_ws/src/install/swarm_control/include/swarm_control/swarm_control
[3.486s] -- Up-to-date: /home/azidozide/px4_sitl_ws/src/install/swarm_control/include/swarm_control/swarm_control/msg
[3.486s] -- Up-to-date: /home/azidozide/px4_sitl_ws/src/install/swarm_control/include/swarm_control/swarm_control/msg/detail
[3.486s] -- Installing: /home/azidozide/px4_sitl_ws/src/install/swarm_control/include/swarm_control/swarm_control/msg/detail/mother_state__builder.hpp
[3.486s] -- Installing: /home/azidozide/px4_sitl_ws/src/install/swarm_control/include/swarm_control/swarm_control/msg/detail/mother_state__traits.hpp
[3.486s] -- Installing: /home/azidozide/px4_sitl_ws/src/install/swarm_control/include/swarm_control/swarm_control/msg/detail/mother_state__struct.hpp
[3.486s] -- Installing: /home/azidozide/px4_sitl_ws/src/install/swarm_control/include/swarm_control/swarm_control/msg/detail/mother_state__type_support.hpp
[3.486s] -- Installing: /home/azidozide/px4_sitl_ws/src/install/swarm_control/include/swarm_control/swarm_control/msg/mother_state.hpp
[3.487s] -- Installing: /home/azidozide/px4_sitl_ws/src/install/swarm_control/include/swarm_control/swarm_control/msg/rosidl_generator_cpp__visibility_control.hpp
[3.487s] -- Up-to-date: /home/azidozide/px4_sitl_ws/src/install/swarm_control/include/swarm_control/swarm_control
[3.487s] -- Up-to-date: /home/azidozide/px4_sitl_ws/src/install/swarm_control/include/swarm_control/swarm_control/msg
[3.487s] -- Up-to-date: /home/azidozide/px4_sitl_ws/src/install/swarm_control/include/swarm_control/swarm_control/msg/detail
[3.487s] -- Installing: /home/azidozide/px4_sitl_ws/src/install/swarm_control/include/swarm_control/swarm_control/msg/detail/mother_state__rosidl_typesupport_fastrtps_cpp.hpp
[3.487s] -- Installing: /home/azidozide/px4_sitl_ws/src/install/swarm_control/include/swarm_control/swarm_control/msg/detail/dds_fastrtps
[3.487s] -- Installing: /home/azidozide/px4_sitl_ws/src/install/swarm_control/include/swarm_control/swarm_control/msg/rosidl_typesupport_fastrtps_cpp__visibility_control.h
[3.487s] -- Installing: /home/azidozide/px4_sitl_ws/src/install/swarm_control/lib/libswarm_control__rosidl_typesupport_fastrtps_cpp.so
[3.488s] -- Set runtime path of "/home/azidozide/px4_sitl_ws/src/install/swarm_control/lib/libswarm_control__rosidl_typesupport_fastrtps_cpp.so" to ""
[3.488s] -- Up-to-date: /home/azidozide/px4_sitl_ws/src/install/swarm_control/include/swarm_control/swarm_control
[3.488s] -- Up-to-date: /home/azidozide/px4_sitl_ws/src/install/swarm_control/include/swarm_control/swarm_control/msg
[3.488s] -- Up-to-date: /home/azidozide/px4_sitl_ws/src/install/swarm_control/include/swarm_control/swarm_control/msg/detail
[3.488s] -- Installing: /home/azidozide/px4_sitl_ws/src/install/swarm_control/include/swarm_control/swarm_control/msg/detail/mother_state__type_support.cpp
[3.488s] -- Installing: /home/azidozide/px4_sitl_ws/src/install/swarm_control/include/swarm_control/swarm_control/msg/detail/mother_state__rosidl_typesupport_introspection_cpp.hpp
[3.488s] -- Installing: /home/azidozide/px4_sitl_ws/src/install/swarm_control/lib/libswarm_control__rosidl_typesupport_introspection_cpp.so
[3.488s] -- Set runtime path of "/home/azidozide/px4_sitl_ws/src/install/swarm_control/lib/libswarm_control__rosidl_typesupport_introspection_cpp.so" to ""
[3.489s] -- Installing: /home/azidozide/px4_sitl_ws/src/install/swarm_control/lib/libswarm_control__rosidl_typesupport_cpp.so
[3.489s] -- Set runtime path of "/home/azidozide/px4_sitl_ws/src/install/swarm_control/lib/libswarm_control__rosidl_typesupport_cpp.so" to ""
[3.489s] -- Installing: /home/azidozide/px4_sitl_ws/src/install/swarm_control/share/swarm_control/environment/pythonpath.sh
[3.489s] -- Installing: /home/azidozide/px4_sitl_ws/src/install/swarm_control/share/swarm_control/environment/pythonpath.dsv
[3.489s] -- Installing: /home/azidozide/px4_sitl_ws/src/install/swarm_control/local/lib/python3.10/dist-packages/swarm_control-0.0.0-py3.10.egg-info
[3.489s] -- Installing: /home/azidozide/px4_sitl_ws/src/install/swarm_control/local/lib/python3.10/dist-packages/swarm_control-0.0.0-py3.10.egg-info/PKG-INFO
[3.489s] -- Installing: /home/azidozide/px4_sitl_ws/src/install/swarm_control/local/lib/python3.10/dist-packages/swarm_control-0.0.0-py3.10.egg-info/top_level.txt
[3.489s] -- Installing: /home/azidozide/px4_sitl_ws/src/install/swarm_control/local/lib/python3.10/dist-packages/swarm_control-0.0.0-py3.10.egg-info/dependency_links.txt
[3.489s] -- Installing: /home/azidozide/px4_sitl_ws/src/install/swarm_control/local/lib/python3.10/dist-packages/swarm_control-0.0.0-py3.10.egg-info/SOURCES.txt
[3.489s] -- Installing: /home/azidozide/px4_sitl_ws/src/install/swarm_control/local/lib/python3.10/dist-packages/swarm_control
[3.489s] -- Installing: /home/azidozide/px4_sitl_ws/src/install/swarm_control/local/lib/python3.10/dist-packages/swarm_control/swarm_control_s__rosidl_typesupport_c.cpython-310-x86_64-linux-gnu.so
[3.490s] -- Installing: /home/azidozide/px4_sitl_ws/src/install/swarm_control/local/lib/python3.10/dist-packages/swarm_control/msg
[3.490s] -- Installing: /home/azidozide/px4_sitl_ws/src/install/swarm_control/local/lib/python3.10/dist-packages/swarm_control/msg/_mother_state.py
[3.490s] -- Installing: /home/azidozide/px4_sitl_ws/src/install/swarm_control/local/lib/python3.10/dist-packages/swarm_control/msg/_mother_state_s.c
[3.490s] -- Installing: /home/azidozide/px4_sitl_ws/src/install/swarm_control/local/lib/python3.10/dist-packages/swarm_control/msg/__init__.py
[3.490s] -- Installing: /home/azidozide/px4_sitl_ws/src/install/swarm_control/local/lib/python3.10/dist-packages/swarm_control/_swarm_control_s.ep.rosidl_typesupport_fastrtps_c.c
[3.490s] -- Installing: /home/azidozide/px4_sitl_ws/src/install/swarm_control/local/lib/python3.10/dist-packages/swarm_control/_swarm_control_s.ep.rosidl_typesupport_c.c
[3.490s] -- Installing: /home/azidozide/px4_sitl_ws/src/install/swarm_control/local/lib/python3.10/dist-packages/swarm_control/swarm_control_s__rosidl_typesupport_introspection_c.cpython-310-x86_64-linux-gnu.so
[3.490s] -- Installing: /home/azidozide/px4_sitl_ws/src/install/swarm_control/local/lib/python3.10/dist-packages/swarm_control/__init__.py
[3.490s] -- Installing: /home/azidozide/px4_sitl_ws/src/install/swarm_control/local/lib/python3.10/dist-packages/swarm_control/swarm_control_s__rosidl_typesupport_fastrtps_c.cpython-310-x86_64-linux-gnu.so
[3.490s] -- Installing: /home/azidozide/px4_sitl_ws/src/install/swarm_control/local/lib/python3.10/dist-packages/swarm_control/libswarm_control__rosidl_generator_py.so
[3.490s] -- Installing: /home/azidozide/px4_sitl_ws/src/install/swarm_control/local/lib/python3.10/dist-packages/swarm_control/_swarm_control_s.ep.rosidl_typesupport_introspection_c.c
[3.521s] Listing '/home/azidozide/px4_sitl_ws/src/install/swarm_control/local/lib/python3.10/dist-packages/swarm_control'...
[3.521s] Compiling '/home/azidozide/px4_sitl_ws/src/install/swarm_control/local/lib/python3.10/dist-packages/swarm_control/__init__.py'...
[3.522s] Listing '/home/azidozide/px4_sitl_ws/src/install/swarm_control/local/lib/python3.10/dist-packages/swarm_control/msg'...
[3.522s] Compiling '/home/azidozide/px4_sitl_ws/src/install/swarm_control/local/lib/python3.10/dist-packages/swarm_control/msg/__init__.py'...
[3.522s] Compiling '/home/azidozide/px4_sitl_ws/src/install/swarm_control/local/lib/python3.10/dist-packages/swarm_control/msg/_mother_state.py'...
[3.527s] -- Installing: /home/azidozide/px4_sitl_ws/src/install/swarm_control/local/lib/python3.10/dist-packages/swarm_control/swarm_control_s__rosidl_typesupport_fastrtps_c.cpython-310-x86_64-linux-gnu.so
[3.527s] -- Set runtime path of "/home/azidozide/px4_sitl_ws/src/install/swarm_control/local/lib/python3.10/dist-packages/swarm_control/swarm_control_s__rosidl_typesupport_fastrtps_c.cpython-310-x86_64-linux-gnu.so" to ""
[3.527s] -- Installing: /home/azidozide/px4_sitl_ws/src/install/swarm_control/local/lib/python3.10/dist-packages/swarm_control/swarm_control_s__rosidl_typesupport_introspection_c.cpython-310-x86_64-linux-gnu.so
[3.527s] -- Set runtime path of "/home/azidozide/px4_sitl_ws/src/install/swarm_control/local/lib/python3.10/dist-packages/swarm_control/swarm_control_s__rosidl_typesupport_introspection_c.cpython-310-x86_64-linux-gnu.so" to ""
[3.528s] -- Installing: /home/azidozide/px4_sitl_ws/src/install/swarm_control/local/lib/python3.10/dist-packages/swarm_control/swarm_control_s__rosidl_typesupport_c.cpython-310-x86_64-linux-gnu.so
[3.528s] -- Set runtime path of "/home/azidozide/px4_sitl_ws/src/install/swarm_control/local/lib/python3.10/dist-packages/swarm_control/swarm_control_s__rosidl_typesupport_c.cpython-310-x86_64-linux-gnu.so" to ""
[3.528s] -- Installing: /home/azidozide/px4_sitl_ws/src/install/swarm_control/lib/libswarm_control__rosidl_generator_py.so
[3.528s] -- Set runtime path of "/home/azidozide/px4_sitl_ws/src/install/swarm_control/lib/libswarm_control__rosidl_generator_py.so" to ""
[3.528s] -- Installing: /home/azidozide/px4_sitl_ws/src/install/swarm_control/share/swarm_control/msg/MotherState.idl
[3.528s] -- Installing: /home/azidozide/px4_sitl_ws/src/install/swarm_control/share/swarm_control/msg/MotherState.msg
[3.528s] -- Installing: /home/azidozide/px4_sitl_ws/src/install/swarm_control/share/ament_index/resource_index/package_run_dependencies/swarm_control
[3.528s] -- Installing: /home/azidozide/px4_sitl_ws/src/install/swarm_control/share/ament_index/resource_index/parent_prefix_path/swarm_control
[3.528s] -- Installing: /home/azidozide/px4_sitl_ws/src/install/swarm_control/share/swarm_control/environment/ament_prefix_path.sh
[3.529s] -- Installing: /home/azidozide/px4_sitl_ws/src/install/swarm_control/share/swarm_control/environment/ament_prefix_path.dsv
[3.529s] -- Installing: /home/azidozide/px4_sitl_ws/src/install/swarm_control/share/swarm_control/environment/path.sh
[3.529s] -- Installing: /home/azidozide/px4_sitl_ws/src/install/swarm_control/share/swarm_control/environment/path.dsv
[3.529s] -- Installing: /home/azidozide/px4_sitl_ws/src/install/swarm_control/share/swarm_control/local_setup.bash
[3.529s] -- Installing: /home/azidozide/px4_sitl_ws/src/install/swarm_control/share/swarm_control/local_setup.sh
[3.529s] -- Installing: /home/azidozide/px4_sitl_ws/src/install/swarm_control/share/swarm_control/local_setup.zsh
[3.529s] -- Installing: /home/azidozide/px4_sitl_ws/src/install/swarm_control/share/swarm_control/local_setup.dsv
[3.529s] -- Installing: /home/azidozide/px4_sitl_ws/src/install/swarm_control/share/swarm_control/package.dsv
[3.529s] -- Installing: /home/azidozide/px4_sitl_ws/src/install/swarm_control/share/ament_index/resource_index/packages/swarm_control
[3.529s] -- Installing: /home/azidozide/px4_sitl_ws/src/install/swarm_control/share/swarm_control/cmake/export_swarm_control__rosidl_generator_cExport.cmake
[3.529s] -- Installing: /home/azidozide/px4_sitl_ws/src/install/swarm_control/share/swarm_control/cmake/export_swarm_control__rosidl_generator_cExport-noconfig.cmake
[3.529s] -- Installing: /home/azidozide/px4_sitl_ws/src/install/swarm_control/share/swarm_control/cmake/export_swarm_control__rosidl_typesupport_fastrtps_cExport.cmake
[3.529s] -- Installing: /home/azidozide/px4_sitl_ws/src/install/swarm_control/share/swarm_control/cmake/export_swarm_control__rosidl_typesupport_fastrtps_cExport-noconfig.cmake
[3.529s] -- Installing: /home/azidozide/px4_sitl_ws/src/install/swarm_control/share/swarm_control/cmake/swarm_control__rosidl_typesupport_introspection_cExport.cmake
[3.529s] -- Installing: /home/azidozide/px4_sitl_ws/src/install/swarm_control/share/swarm_control/cmake/swarm_control__rosidl_typesupport_introspection_cExport-noconfig.cmake
[3.529s] -- Installing: /home/azidozide/px4_sitl_ws/src/install/swarm_control/share/swarm_control/cmake/swarm_control__rosidl_typesupport_cExport.cmake
[3.529s] -- Installing: /home/azidozide/px4_sitl_ws/src/install/swarm_control/share/swarm_control/cmake/swarm_control__rosidl_typesupport_cExport-noconfig.cmake
[3.529s] -- Installing: /home/azidozide/px4_sitl_ws/src/install/swarm_control/share/swarm_control/cmake/export_swarm_control__rosidl_generator_cppExport.cmake
[3.530s] -- Installing: /home/azidozide/px4_sitl_ws/src/install/swarm_control/share/swarm_control/cmake/export_swarm_control__rosidl_typesupport_fastrtps_cppExport.cmake
[3.530s] -- Installing: /home/azidozide/px4_sitl_ws/src/install/swarm_control/share/swarm_control/cmake/export_swarm_control__rosidl_typesupport_fastrtps_cppExport-noconfig.cmake
[3.530s] -- Installing: /home/azidozide/px4_sitl_ws/src/install/swarm_control/share/swarm_control/cmake/swarm_control__rosidl_typesupport_introspection_cppExport.cmake
[3.530s] -- Installing: /home/azidozide/px4_sitl_ws/src/install/swarm_control/share/swarm_control/cmake/swarm_control__rosidl_typesupport_introspection_cppExport-noconfig.cmake
[3.530s] -- Installing: /home/azidozide/px4_sitl_ws/src/install/swarm_control/share/swarm_control/cmake/swarm_control__rosidl_typesupport_cppExport.cmake
[3.530s] -- Installing: /home/azidozide/px4_sitl_ws/src/install/swarm_control/share/swarm_control/cmake/swarm_control__rosidl_typesupport_cppExport-noconfig.cmake
[3.530s] -- Installing: /home/azidozide/px4_sitl_ws/src/install/swarm_control/share/swarm_control/cmake/export_swarm_control__rosidl_generator_pyExport.cmake
[3.530s] -- Installing: /home/azidozide/px4_sitl_ws/src/install/swarm_control/share/swarm_control/cmake/export_swarm_control__rosidl_generator_pyExport-noconfig.cmake
[3.531s] -- Installing: /home/azidozide/px4_sitl_ws/src/install/swarm_control/share/swarm_control/cmake/rosidl_cmake-extras.cmake
[3.531s] -- Installing: /home/azidozide/px4_sitl_ws/src/install/swarm_control/share/swarm_control/cmake/ament_cmake_export_include_directories-extras.cmake
[3.531s] -- Installing: /home/azidozide/px4_sitl_ws/src/install/swarm_control/share/swarm_control/cmake/ament_cmake_export_libraries-extras.cmake
[3.531s] -- Installing: /home/azidozide/px4_sitl_ws/src/install/swarm_control/share/swarm_control/cmake/ament_cmake_export_targets-extras.cmake
[3.531s] -- Installing: /home/azidozide/px4_sitl_ws/src/install/swarm_control/share/swarm_control/cmake/rosidl_cmake_export_typesupport_targets-extras.cmake
[3.531s] -- Installing: /home/azidozide/px4_sitl_ws/src/install/swarm_control/share/swarm_control/cmake/ament_cmake_export_dependencies-extras.cmake
[3.531s] -- Installing: /home/azidozide/px4_sitl_ws/src/install/swarm_control/share/swarm_control/cmake/rosidl_cmake_export_typesupport_libraries-extras.cmake
[3.531s] -- Installing: /home/azidozide/px4_sitl_ws/src/install/swarm_control/share/swarm_control/cmake/swarm_controlConfig.cmake
[3.531s] -- Installing: /home/azidozide/px4_sitl_ws/src/install/swarm_control/share/swarm_control/cmake/swarm_controlConfig-version.cmake
[3.531s] -- Installing: /home/azidozide/px4_sitl_ws/src/install/swarm_control/share/swarm_control/package.xml
[3.533s] Invoked command in '/home/azidozide/px4_sitl_ws/src/build/swarm_control' returned '0': /usr/bin/cmake --install /home/azidozide/px4_sitl_ws/src/build/swarm_control
