[0.010s] Invoking command in '/home/azidozide/px4_sitl_ws/src/build/object_tracking_cpp': AMENT_PREFIX_PATH=/home/azidozide/px4_sitl_ws/src/install/px4_msgs:${AMENT_PREFIX_PATH} CMAKE_PREFIX_PATH=/home/azidozide/px4_sitl_ws/install/object_tracker:/opt/ros/humble:/home/azidozide/px4_sitl_ws/src/install/swarm_control:/home/azidozide/px4_sitl_ws/src/install/px4_msgs:${CMAKE_PREFIX_PATH} LD_LIBRARY_PATH=/home/azidozide/px4_sitl_ws/src/install/swarm_control/lib:/home/azidozide/px4_sitl_ws/src/install/px4_msgs/lib:${LD_LIBRARY_PATH} PKG_CONFIG_PATH=/home/azidozide/px4_sitl_ws/src/install/swarm_control/lib/x86_64-linux-gnu/pkgconfig:/home/azidozide/px4_sitl_ws/src/install/swarm_control/lib/pkgconfig:${PKG_CONFIG_PATH} PYTHONPATH=/home/azidozide/px4_sitl_ws/src/install/swarm_control/local/lib/python3.10/dist-packages:/home/azidozide/px4_sitl_ws/src/install/px4_msgs/local/lib/python3.10/dist-packages:${PYTHONPATH} ROS_PACKAGE_PATH=/home/azidozide/px4_sitl_ws/src/install/swarm_control/share:${ROS_PACKAGE_PATH} /usr/bin/cmake /home/azidozide/px4_sitl_ws/src/object_tracking_cpp -DCMAKE_INSTALL_PREFIX=/home/azidozide/px4_sitl_ws/src/install/object_tracking_cpp
[0.059s] -- The C compiler identification is GNU 11.4.0
[0.114s] -- The CXX compiler identification is GNU 11.4.0
[0.122s] -- Detecting C compiler ABI info
[0.178s] -- Detecting C compiler ABI info - done
[0.185s] -- Check for working C compiler: /usr/lib/ccache/cc - skipped
[0.185s] -- Detecting C compile features
[0.185s] -- Detecting C compile features - done
[0.188s] -- Detecting CXX compiler ABI info
[0.249s] -- Detecting CXX compiler ABI info - done
[0.256s] -- Check for working CXX compiler: /usr/lib/ccache/c++ - skipped
[0.256s] -- Detecting CXX compile features
[0.257s] -- Detecting CXX compile features - done
[0.258s] -- Found ament_cmake: 1.3.12 (/opt/ros/humble/share/ament_cmake/cmake)
[0.413s] -- Found Python3: /usr/bin/python3 (found version "3.10.12") found components: Interpreter 
[0.503s] -- Found rclcpp: 16.0.16 (/opt/ros/humble/share/rclcpp/cmake)
[0.541s] -- Found rosidl_generator_c: 3.1.7 (/opt/ros/humble/share/rosidl_generator_c/cmake)
[0.545s] -- Found rosidl_adapter: 3.1.7 (/opt/ros/humble/share/rosidl_adapter/cmake)
[0.552s] -- Found rosidl_generator_cpp: 3.1.7 (/opt/ros/humble/share/rosidl_generator_cpp/cmake)
[0.562s] -- Using all available rosidl_typesupport_c: rosidl_typesupport_fastrtps_c;rosidl_typesupport_introspection_c
[0.579s] -- Using all available rosidl_typesupport_cpp: rosidl_typesupport_fastrtps_cpp;rosidl_typesupport_introspection_cpp
[0.628s] -- Found rmw_implementation_cmake: 6.1.2 (/opt/ros/humble/share/rmw_implementation_cmake/cmake)
[0.630s] -- Found rmw_fastrtps_cpp: 6.2.9 (/opt/ros/humble/share/rmw_fastrtps_cpp/cmake)
[0.717s] -- Found OpenSSL: /usr/lib/x86_64-linux-gnu/libcrypto.so (found version "3.0.2")  
[0.741s] -- Found FastRTPS: /opt/ros/humble/include  
[0.779s] -- Using RMW implementation 'rmw_fastrtps_cpp' as default
[0.788s] -- Looking for pthread.h
[0.866s] -- Looking for pthread.h - found
[0.866s] -- Performing Test CMAKE_HAVE_LIBC_PTHREAD
[0.944s] -- Performing Test CMAKE_HAVE_LIBC_PTHREAD - Success
[0.945s] -- Found Threads: TRUE  
[0.993s] -- Found px4_msgs: 2.0.1 (/home/azidozide/px4_sitl_ws/src/install/px4_msgs/share/px4_msgs/cmake)
[1.007s] -- Found swarm_control: 0.0.0 (/home/azidozide/px4_sitl_ws/src/install/swarm_control/share/swarm_control/cmake)
[1.020s] -- Found ament_lint_auto: 0.12.14 (/opt/ros/humble/share/ament_lint_auto/cmake)
[1.089s] -- Added test 'cppcheck' to perform static code analysis on C / C++ code
[1.089s] -- Configured cppcheck include dirs: 
[1.090s] -- Configured cppcheck exclude dirs and/or files: 
[1.090s] -- Added test 'lint_cmake' to check CMake code style
[1.091s] -- Added test 'uncrustify' to check C / C++ code style
[1.091s] -- Configured uncrustify additional arguments: 
[1.091s] -- Added test 'xmllint' to check XML markup files
[1.093s] -- Configuring done
[1.105s] -- Generating done
[1.109s] -- Build files have been written to: /home/azidozide/px4_sitl_ws/src/build/object_tracking_cpp
[1.118s] Invoked command in '/home/azidozide/px4_sitl_ws/src/build/object_tracking_cpp' returned '0': AMENT_PREFIX_PATH=/home/azidozide/px4_sitl_ws/src/install/px4_msgs:${AMENT_PREFIX_PATH} CMAKE_PREFIX_PATH=/home/azidozide/px4_sitl_ws/install/object_tracker:/opt/ros/humble:/home/azidozide/px4_sitl_ws/src/install/swarm_control:/home/azidozide/px4_sitl_ws/src/install/px4_msgs:${CMAKE_PREFIX_PATH} LD_LIBRARY_PATH=/home/azidozide/px4_sitl_ws/src/install/swarm_control/lib:/home/azidozide/px4_sitl_ws/src/install/px4_msgs/lib:${LD_LIBRARY_PATH} PKG_CONFIG_PATH=/home/azidozide/px4_sitl_ws/src/install/swarm_control/lib/x86_64-linux-gnu/pkgconfig:/home/azidozide/px4_sitl_ws/src/install/swarm_control/lib/pkgconfig:${PKG_CONFIG_PATH} PYTHONPATH=/home/azidozide/px4_sitl_ws/src/install/swarm_control/local/lib/python3.10/dist-packages:/home/azidozide/px4_sitl_ws/src/install/px4_msgs/local/lib/python3.10/dist-packages:${PYTHONPATH} ROS_PACKAGE_PATH=/home/azidozide/px4_sitl_ws/src/install/swarm_control/share:${ROS_PACKAGE_PATH} /usr/bin/cmake /home/azidozide/px4_sitl_ws/src/object_tracking_cpp -DCMAKE_INSTALL_PREFIX=/home/azidozide/px4_sitl_ws/src/install/object_tracking_cpp
[1.120s] Invoking command in '/home/azidozide/px4_sitl_ws/src/build/object_tracking_cpp': AMENT_PREFIX_PATH=/home/azidozide/px4_sitl_ws/src/install/px4_msgs:${AMENT_PREFIX_PATH} CMAKE_PREFIX_PATH=/home/azidozide/px4_sitl_ws/install/object_tracker:/opt/ros/humble:/home/azidozide/px4_sitl_ws/src/install/swarm_control:/home/azidozide/px4_sitl_ws/src/install/px4_msgs:${CMAKE_PREFIX_PATH} LD_LIBRARY_PATH=/home/azidozide/px4_sitl_ws/src/install/swarm_control/lib:/home/azidozide/px4_sitl_ws/src/install/px4_msgs/lib:${LD_LIBRARY_PATH} PKG_CONFIG_PATH=/home/azidozide/px4_sitl_ws/src/install/swarm_control/lib/x86_64-linux-gnu/pkgconfig:/home/azidozide/px4_sitl_ws/src/install/swarm_control/lib/pkgconfig:${PKG_CONFIG_PATH} PYTHONPATH=/home/azidozide/px4_sitl_ws/src/install/swarm_control/local/lib/python3.10/dist-packages:/home/azidozide/px4_sitl_ws/src/install/px4_msgs/local/lib/python3.10/dist-packages:${PYTHONPATH} ROS_PACKAGE_PATH=/home/azidozide/px4_sitl_ws/src/install/swarm_control/share:${ROS_PACKAGE_PATH} /usr/bin/cmake --build /home/azidozide/px4_sitl_ws/src/build/object_tracking_cpp -- -j24 -l24
[1.168s] [ 25%] [32mBuilding CXX object CMakeFiles/follower_1.dir/src/follower1.cpp.o[0m
[1.168s] [ 50%] [32mBuilding CXX object CMakeFiles/mothernode.dir/src/mothernode.cpp.o[0m
[16.649s] [01m[K/home/azidozide/px4_sitl_ws/src/object_tracking_cpp/src/mothernode.cpp:[m[K In constructor ‘[01m[KOffboard::Offboard()[m[K’:
[16.649s] [01m[K/home/azidozide/px4_sitl_ws/src/object_tracking_cpp/src/mothernode.cpp:567:47:[m[K [01;35m[Kwarning: [m[K‘[01m[KOffboard::vehicle_odometry_[m[K’ will be initialized after [[01;35m[K-Wreorder[m[K]
[16.649s]   567 |     px4_msgs::msg::VehicleOdometry::SharedPtr [01;35m[Kvehicle_odometry_[m[K;
[16.650s]       |                                               [01;35m[K^~~~~~~~~~~~~~~~~[m[K
[16.650s] [01m[K/home/azidozide/px4_sitl_ws/src/object_tracking_cpp/src/mothernode.cpp:552:11:[m[K [01;35m[Kwarning: [m[K  ‘[01m[Kfloat Offboard::takeoff_height_[m[K’ [[01;35m[K-Wreorder[m[K]
[16.650s]   552 |     float [01;35m[Ktakeoff_height_[m[K;
[16.650s]       |           [01;35m[K^~~~~~~~~~~~~~~[m[K
[16.650s] [01m[K/home/azidozide/px4_sitl_ws/src/object_tracking_cpp/src/mothernode.cpp:47:5:[m[K [01;35m[Kwarning: [m[K  when initialized here [[01;35m[K-Wreorder[m[K]
[16.650s]    47 |     [01;35m[KOffboard[m[K()
[16.650s]       |     [01;35m[K^~~~~~~~[m[K
[16.660s] [ 75%] [32m[1mLinking CXX executable mothernode[0m
[17.467s] [ 75%] Built target mothernode
[18.495s] [01m[K/home/azidozide/px4_sitl_ws/src/object_tracking_cpp/src/follower1.cpp:[m[K In constructor ‘[01m[KOffboard::Offboard()[m[K’:
[18.495s] [01m[K/home/azidozide/px4_sitl_ws/src/object_tracking_cpp/src/follower1.cpp:539:47:[m[K [01;35m[Kwarning: [m[K‘[01m[KOffboard::vehicle_odometry_[m[K’ will be initialized after [[01;35m[K-Wreorder[m[K]
[18.495s]   539 |     px4_msgs::msg::VehicleOdometry::SharedPtr [01;35m[Kvehicle_odometry_[m[K;
[18.495s]       |                                               [01;35m[K^~~~~~~~~~~~~~~~~[m[K
[18.495s] [01m[K/home/azidozide/px4_sitl_ws/src/object_tracking_cpp/src/follower1.cpp:524:11:[m[K [01;35m[Kwarning: [m[K  ‘[01m[Kfloat Offboard::takeoff_height_[m[K’ [[01;35m[K-Wreorder[m[K]
[18.495s]   524 |     float [01;35m[Ktakeoff_height_[m[K;
[18.495s]       |           [01;35m[K^~~~~~~~~~~~~~~[m[K
[18.495s] [01m[K/home/azidozide/px4_sitl_ws/src/object_tracking_cpp/src/follower1.cpp:47:5:[m[K [01;35m[Kwarning: [m[K  when initialized here [[01;35m[K-Wreorder[m[K]
[18.495s]    47 |     [01;35m[KOffboard[m[K()
[18.495s]       |     [01;35m[K^~~~~~~~[m[K
[18.516s] [100%] [32m[1mLinking CXX executable follower_1[0m
[19.414s] [100%] Built target follower_1
[19.426s] Invoked command in '/home/azidozide/px4_sitl_ws/src/build/object_tracking_cpp' returned '0': AMENT_PREFIX_PATH=/home/azidozide/px4_sitl_ws/src/install/px4_msgs:${AMENT_PREFIX_PATH} CMAKE_PREFIX_PATH=/home/azidozide/px4_sitl_ws/install/object_tracker:/opt/ros/humble:/home/azidozide/px4_sitl_ws/src/install/swarm_control:/home/azidozide/px4_sitl_ws/src/install/px4_msgs:${CMAKE_PREFIX_PATH} LD_LIBRARY_PATH=/home/azidozide/px4_sitl_ws/src/install/swarm_control/lib:/home/azidozide/px4_sitl_ws/src/install/px4_msgs/lib:${LD_LIBRARY_PATH} PKG_CONFIG_PATH=/home/azidozide/px4_sitl_ws/src/install/swarm_control/lib/x86_64-linux-gnu/pkgconfig:/home/azidozide/px4_sitl_ws/src/install/swarm_control/lib/pkgconfig:${PKG_CONFIG_PATH} PYTHONPATH=/home/azidozide/px4_sitl_ws/src/install/swarm_control/local/lib/python3.10/dist-packages:/home/azidozide/px4_sitl_ws/src/install/px4_msgs/local/lib/python3.10/dist-packages:${PYTHONPATH} ROS_PACKAGE_PATH=/home/azidozide/px4_sitl_ws/src/install/swarm_control/share:${ROS_PACKAGE_PATH} /usr/bin/cmake --build /home/azidozide/px4_sitl_ws/src/build/object_tracking_cpp -- -j24 -l24
[19.428s] Invoking command in '/home/azidozide/px4_sitl_ws/src/build/object_tracking_cpp': AMENT_PREFIX_PATH=/home/azidozide/px4_sitl_ws/src/install/px4_msgs:${AMENT_PREFIX_PATH} CMAKE_PREFIX_PATH=/home/azidozide/px4_sitl_ws/install/object_tracker:/opt/ros/humble:/home/azidozide/px4_sitl_ws/src/install/swarm_control:/home/azidozide/px4_sitl_ws/src/install/px4_msgs:${CMAKE_PREFIX_PATH} LD_LIBRARY_PATH=/home/azidozide/px4_sitl_ws/src/install/swarm_control/lib:/home/azidozide/px4_sitl_ws/src/install/px4_msgs/lib:${LD_LIBRARY_PATH} PKG_CONFIG_PATH=/home/azidozide/px4_sitl_ws/src/install/swarm_control/lib/x86_64-linux-gnu/pkgconfig:/home/azidozide/px4_sitl_ws/src/install/swarm_control/lib/pkgconfig:${PKG_CONFIG_PATH} PYTHONPATH=/home/azidozide/px4_sitl_ws/src/install/swarm_control/local/lib/python3.10/dist-packages:/home/azidozide/px4_sitl_ws/src/install/px4_msgs/local/lib/python3.10/dist-packages:${PYTHONPATH} ROS_PACKAGE_PATH=/home/azidozide/px4_sitl_ws/src/install/swarm_control/share:${ROS_PACKAGE_PATH} /usr/bin/cmake --install /home/azidozide/px4_sitl_ws/src/build/object_tracking_cpp
[19.436s] -- Install configuration: ""
[19.436s] -- Installing: /home/azidozide/px4_sitl_ws/src/install/object_tracking_cpp/lib/object_tracking_cpp/mothernode
[19.442s] -- Set runtime path of "/home/azidozide/px4_sitl_ws/src/install/object_tracking_cpp/lib/object_tracking_cpp/mothernode" to ""
[19.442s] -- Installing: /home/azidozide/px4_sitl_ws/src/install/object_tracking_cpp/lib/object_tracking_cpp/follower_1
[19.449s] -- Set runtime path of "/home/azidozide/px4_sitl_ws/src/install/object_tracking_cpp/lib/object_tracking_cpp/follower_1" to ""
[19.449s] -- Installing: /home/azidozide/px4_sitl_ws/src/install/object_tracking_cpp/share/ament_index/resource_index/package_run_dependencies/object_tracking_cpp
[19.449s] -- Installing: /home/azidozide/px4_sitl_ws/src/install/object_tracking_cpp/share/ament_index/resource_index/parent_prefix_path/object_tracking_cpp
[19.449s] -- Installing: /home/azidozide/px4_sitl_ws/src/install/object_tracking_cpp/share/object_tracking_cpp/environment/ament_prefix_path.sh
[19.449s] -- Installing: /home/azidozide/px4_sitl_ws/src/install/object_tracking_cpp/share/object_tracking_cpp/environment/ament_prefix_path.dsv
[19.449s] -- Installing: /home/azidozide/px4_sitl_ws/src/install/object_tracking_cpp/share/object_tracking_cpp/environment/path.sh
[19.449s] -- Installing: /home/azidozide/px4_sitl_ws/src/install/object_tracking_cpp/share/object_tracking_cpp/environment/path.dsv
[19.449s] -- Installing: /home/azidozide/px4_sitl_ws/src/install/object_tracking_cpp/share/object_tracking_cpp/local_setup.bash
[19.449s] -- Installing: /home/azidozide/px4_sitl_ws/src/install/object_tracking_cpp/share/object_tracking_cpp/local_setup.sh
[19.450s] -- Installing: /home/azidozide/px4_sitl_ws/src/install/object_tracking_cpp/share/object_tracking_cpp/local_setup.zsh
[19.450s] -- Installing: /home/azidozide/px4_sitl_ws/src/install/object_tracking_cpp/share/object_tracking_cpp/local_setup.dsv
[19.450s] -- Installing: /home/azidozide/px4_sitl_ws/src/install/object_tracking_cpp/share/object_tracking_cpp/package.dsv
[19.450s] -- Installing: /home/azidozide/px4_sitl_ws/src/install/object_tracking_cpp/share/ament_index/resource_index/packages/object_tracking_cpp
[19.450s] -- Installing: /home/azidozide/px4_sitl_ws/src/install/object_tracking_cpp/share/object_tracking_cpp/cmake/object_tracking_cppConfig.cmake
[19.450s] -- Installing: /home/azidozide/px4_sitl_ws/src/install/object_tracking_cpp/share/object_tracking_cpp/cmake/object_tracking_cppConfig-version.cmake
[19.450s] -- Installing: /home/azidozide/px4_sitl_ws/src/install/object_tracking_cpp/share/object_tracking_cpp/package.xml
[19.452s] Invoked command in '/home/azidozide/px4_sitl_ws/src/build/object_tracking_cpp' returned '0': AMENT_PREFIX_PATH=/home/azidozide/px4_sitl_ws/src/install/px4_msgs:${AMENT_PREFIX_PATH} CMAKE_PREFIX_PATH=/home/azidozide/px4_sitl_ws/install/object_tracker:/opt/ros/humble:/home/azidozide/px4_sitl_ws/src/install/swarm_control:/home/azidozide/px4_sitl_ws/src/install/px4_msgs:${CMAKE_PREFIX_PATH} LD_LIBRARY_PATH=/home/azidozide/px4_sitl_ws/src/install/swarm_control/lib:/home/azidozide/px4_sitl_ws/src/install/px4_msgs/lib:${LD_LIBRARY_PATH} PKG_CONFIG_PATH=/home/azidozide/px4_sitl_ws/src/install/swarm_control/lib/x86_64-linux-gnu/pkgconfig:/home/azidozide/px4_sitl_ws/src/install/swarm_control/lib/pkgconfig:${PKG_CONFIG_PATH} PYTHONPATH=/home/azidozide/px4_sitl_ws/src/install/swarm_control/local/lib/python3.10/dist-packages:/home/azidozide/px4_sitl_ws/src/install/px4_msgs/local/lib/python3.10/dist-packages:${PYTHONPATH} ROS_PACKAGE_PATH=/home/azidozide/px4_sitl_ws/src/install/swarm_control/share:${ROS_PACKAGE_PATH} /usr/bin/cmake --install /home/azidozide/px4_sitl_ws/src/build/object_tracking_cpp
