[0.239s] Invoking command in '/home/azidozide/px4_sitl_ws/build/swarm_control': /usr/bin/cmake /home/azidozide/px4_sitl_ws/src/swarm_control -DCATKIN_INSTALL_INTO_PREFIX_ROOT=0 -DCMAKE_INSTALL_PREFIX=/home/azidozide/px4_sitl_ws/install/swarm_control
[0.289s] -- The C compiler identification is GNU 11.4.0
[0.335s] -- The CXX compiler identification is GNU 11.4.0
[0.343s] -- Detecting C compiler ABI info
[0.392s] -- Detecting C compiler ABI info - done
[0.398s] -- Check for working C compiler: /usr/lib/ccache/cc - skipped
[0.398s] -- Detecting C compile features
[0.398s] -- Detecting C compile features - done
[0.401s] -- Detecting CXX compiler ABI info
[0.457s] -- Detecting CXX compiler ABI info - done
[0.466s] -- Check for working CXX compiler: /usr/lib/ccache/c++ - skipped
[0.466s] -- Detecting CXX compile features
[0.467s] -- Detecting CXX compile features - done
[0.470s] -- Found ament_cmake: 1.3.12 (/opt/ros/humble/share/ament_cmake/cmake)
[0.601s] -- Found Python3: /usr/bin/python3 (found version "3.10.12") found components: Interpreter 
[0.664s] -- Found rosidl_default_generators: 1.2.0 (/opt/ros/humble/share/rosidl_default_generators/cmake)
[0.667s] -- Using all available rosidl_typesupport_c: rosidl_typesupport_fastrtps_c;rosidl_typesupport_introspection_c
[0.671s] -- Found rosidl_adapter: 3.1.7 (/opt/ros/humble/share/rosidl_adapter/cmake)
[0.703s] -- Using all available rosidl_typesupport_cpp: rosidl_typesupport_fastrtps_cpp;rosidl_typesupport_introspection_cpp
[0.729s] -- Found std_msgs: 4.9.0 (/opt/ros/humble/share/std_msgs/cmake)
[0.891s] [31mCMake Error at /opt/ros/humble/share/rosidl_cmake/cmake/rosidl_generate_interfaces.cmake:229 (message):
[0.891s]   Packages installing interfaces must include
[0.891s]   '<member_of_group>rosidl_interface_packages</member_of_group>' in their
[0.891s]   package.xml
[0.891s] Call Stack (most recent call first):
[0.891s]   CMakeLists.txt:13 (rosidl_generate_interfaces)
[0.891s] 
[0.891s] [0m
[0.891s] -- Configuring incomplete, errors occurred!
[0.891s] See also "/home/azidozide/px4_sitl_ws/build/swarm_control/CMakeFiles/CMakeOutput.log".
[0.898s] Invoked command in '/home/azidozide/px4_sitl_ws/build/swarm_control' returned '1': /usr/bin/cmake /home/azidozide/px4_sitl_ws/src/swarm_control -DCATKIN_INSTALL_INTO_PREFIX_ROOT=0 -DCMAKE_INSTALL_PREFIX=/home/azidozide/px4_sitl_ws/install/swarm_control
