[35m[1mConsolidate compiler generated dependencies of target gcopter_trajectory_planner[0m
[ 33%] Built target integrated_drone_mapping_node
[ 66%] Built target corridor_gen_correct
[ 83%] [32mBuilding CXX object CMakeFiles/gcopter_trajectory_planner.dir/src/planner.cpp.o[0m
[01m[K/home/azidozide/px4_sitl_ws/src/mapping/src/planner.cpp:[m[K In member function ‘[01m[Kvoid GCOPTERTrajectoryPlanner::processTimerCallback()[m[K’:
[01m[K/home/azidozide/px4_sitl_ws/src/mapping/src/planner.cpp:122:20:[m[K [01;35m[Kwarning: [m[Kunused variable ‘[01m[Kcost[m[K’ [[01;35m[K-Wunused-variable[m[K]
  122 |             double [01;35m[Kcost[m[K = sfc.optimize(traj, 1e-4);
      |                    [01;35m[K^~~~[m[K
[100%] [32m[1mLinking CXX executable gcopter_trajectory_planner[0m
[100%] Built target gcopter_trajectory_planner
-- Install configuration: ""
-- Up-to-date: /home/azidozide/px4_sitl_ws/install/mapping/lib/mapping/integrated_drone_mapping_node
-- Up-to-date: /home/azidozide/px4_sitl_ws/install/mapping/lib/mapping/corridor_gen_correct
-- Installing: /home/azidozide/px4_sitl_ws/install/mapping/lib/mapping/gcopter_trajectory_planner
-- Set runtime path of "/home/azidozide/px4_sitl_ws/install/mapping/lib/mapping/gcopter_trajectory_planner" to ""
-- Up-to-date: /home/azidozide/px4_sitl_ws/install/mapping/share/ament_index/resource_index/package_run_dependencies/mapping
-- Up-to-date: /home/azidozide/px4_sitl_ws/install/mapping/share/ament_index/resource_index/parent_prefix_path/mapping
-- Up-to-date: /home/azidozide/px4_sitl_ws/install/mapping/share/mapping/environment/ament_prefix_path.sh
-- Up-to-date: /home/azidozide/px4_sitl_ws/install/mapping/share/mapping/environment/ament_prefix_path.dsv
-- Up-to-date: /home/azidozide/px4_sitl_ws/install/mapping/share/mapping/environment/path.sh
-- Up-to-date: /home/azidozide/px4_sitl_ws/install/mapping/share/mapping/environment/path.dsv
-- Up-to-date: /home/azidozide/px4_sitl_ws/install/mapping/share/mapping/local_setup.bash
-- Up-to-date: /home/azidozide/px4_sitl_ws/install/mapping/share/mapping/local_setup.sh
-- Up-to-date: /home/azidozide/px4_sitl_ws/install/mapping/share/mapping/local_setup.zsh
-- Up-to-date: /home/azidozide/px4_sitl_ws/install/mapping/share/mapping/local_setup.dsv
-- Installing: /home/azidozide/px4_sitl_ws/install/mapping/share/mapping/package.dsv
-- Up-to-date: /home/azidozide/px4_sitl_ws/install/mapping/share/ament_index/resource_index/packages/mapping
-- Up-to-date: /home/azidozide/px4_sitl_ws/install/mapping/share/mapping/cmake/mappingConfig.cmake
-- Up-to-date: /home/azidozide/px4_sitl_ws/install/mapping/share/mapping/cmake/mappingConfig-version.cmake
-- Up-to-date: /home/azidozide/px4_sitl_ws/install/mapping/share/mapping/package.xml
