[0.010s] Invoking command in '/home/azidozide/px4_sitl_ws/build/mapping': CMAKE_PREFIX_PATH=/home/azidozide/px4_sitl_ws/install/px4_msgs:/home/azidozide/px4_sitl_ws/install/mapping:/home/azidozide/px4_sitl_ws/install/integrated_drone_mapping:/home/azidozide/px4_sitl_ws/install/mine_mapping:/home/azidozide/px4_sitl_ws/install/object_tracker:/opt/ros/humble /usr/bin/cmake --build /home/azidozide/px4_sitl_ws/build/mapping -- -j24 -l24
[0.059s] [35m[1mConsolidate compiler generated dependencies of target gcopter_trajectory_planner[0m
[0.073s] [ 33%] Built target integrated_drone_mapping_node
[0.075s] [ 66%] Built target corridor_gen_correct
[0.081s] [ 83%] [32mBuilding CXX object CMakeFiles/gcopter_trajectory_planner.dir/src/planner.cpp.o[0m
[30.973s] [01m[K/home/azidozide/px4_sitl_ws/src/mapping/src/planner.cpp:[m[K In member function ‘[01m[Kvoid GCOPTERTrajectoryPlanner::processTimerCallback()[m[K’:
[30.973s] [01m[K/home/azidozide/px4_sitl_ws/src/mapping/src/planner.cpp:122:20:[m[K [01;35m[Kwarning: [m[Kunused variable ‘[01m[Kcost[m[K’ [[01;35m[K-Wunused-variable[m[K]
[30.973s]   122 |             double [01;35m[Kcost[m[K = sfc.optimize(traj, 1e-4);
[30.973s]       |                    [01;35m[K^~~~[m[K
[30.991s] [100%] [32m[1mLinking CXX executable gcopter_trajectory_planner[0m
[31.104s] [100%] Built target gcopter_trajectory_planner
[31.113s] Invoked command in '/home/azidozide/px4_sitl_ws/build/mapping' returned '0': CMAKE_PREFIX_PATH=/home/azidozide/px4_sitl_ws/install/px4_msgs:/home/azidozide/px4_sitl_ws/install/mapping:/home/azidozide/px4_sitl_ws/install/integrated_drone_mapping:/home/azidozide/px4_sitl_ws/install/mine_mapping:/home/azidozide/px4_sitl_ws/install/object_tracker:/opt/ros/humble /usr/bin/cmake --build /home/azidozide/px4_sitl_ws/build/mapping -- -j24 -l24
[31.114s] Invoking command in '/home/azidozide/px4_sitl_ws/build/mapping': CMAKE_PREFIX_PATH=/home/azidozide/px4_sitl_ws/install/px4_msgs:/home/azidozide/px4_sitl_ws/install/mapping:/home/azidozide/px4_sitl_ws/install/integrated_drone_mapping:/home/azidozide/px4_sitl_ws/install/mine_mapping:/home/azidozide/px4_sitl_ws/install/object_tracker:/opt/ros/humble /usr/bin/cmake --install /home/azidozide/px4_sitl_ws/build/mapping
[31.120s] -- Install configuration: ""
[31.120s] -- Up-to-date: /home/azidozide/px4_sitl_ws/install/mapping/lib/mapping/integrated_drone_mapping_node
[31.121s] -- Up-to-date: /home/azidozide/px4_sitl_ws/install/mapping/lib/mapping/corridor_gen_correct
[31.121s] -- Installing: /home/azidozide/px4_sitl_ws/install/mapping/lib/mapping/gcopter_trajectory_planner
[31.122s] -- Set runtime path of "/home/azidozide/px4_sitl_ws/install/mapping/lib/mapping/gcopter_trajectory_planner" to ""
[31.122s] -- Up-to-date: /home/azidozide/px4_sitl_ws/install/mapping/share/ament_index/resource_index/package_run_dependencies/mapping
[31.122s] -- Up-to-date: /home/azidozide/px4_sitl_ws/install/mapping/share/ament_index/resource_index/parent_prefix_path/mapping
[31.122s] -- Up-to-date: /home/azidozide/px4_sitl_ws/install/mapping/share/mapping/environment/ament_prefix_path.sh
[31.122s] -- Up-to-date: /home/azidozide/px4_sitl_ws/install/mapping/share/mapping/environment/ament_prefix_path.dsv
[31.122s] -- Up-to-date: /home/azidozide/px4_sitl_ws/install/mapping/share/mapping/environment/path.sh
[31.122s] -- Up-to-date: /home/azidozide/px4_sitl_ws/install/mapping/share/mapping/environment/path.dsv
[31.122s] -- Up-to-date: /home/azidozide/px4_sitl_ws/install/mapping/share/mapping/local_setup.bash
[31.122s] -- Up-to-date: /home/azidozide/px4_sitl_ws/install/mapping/share/mapping/local_setup.sh
[31.122s] -- Up-to-date: /home/azidozide/px4_sitl_ws/install/mapping/share/mapping/local_setup.zsh
[31.122s] -- Up-to-date: /home/azidozide/px4_sitl_ws/install/mapping/share/mapping/local_setup.dsv
[31.122s] -- Installing: /home/azidozide/px4_sitl_ws/install/mapping/share/mapping/package.dsv
[31.122s] -- Up-to-date: /home/azidozide/px4_sitl_ws/install/mapping/share/ament_index/resource_index/packages/mapping
[31.122s] -- Up-to-date: /home/azidozide/px4_sitl_ws/install/mapping/share/mapping/cmake/mappingConfig.cmake
[31.122s] -- Up-to-date: /home/azidozide/px4_sitl_ws/install/mapping/share/mapping/cmake/mappingConfig-version.cmake
[31.122s] -- Up-to-date: /home/azidozide/px4_sitl_ws/install/mapping/share/mapping/package.xml
[31.124s] Invoked command in '/home/azidozide/px4_sitl_ws/build/mapping' returned '0': CMAKE_PREFIX_PATH=/home/azidozide/px4_sitl_ws/install/px4_msgs:/home/azidozide/px4_sitl_ws/install/mapping:/home/azidozide/px4_sitl_ws/install/integrated_drone_mapping:/home/azidozide/px4_sitl_ws/install/mine_mapping:/home/azidozide/px4_sitl_ws/install/object_tracker:/opt/ros/humble /usr/bin/cmake --install /home/azidozide/px4_sitl_ws/build/mapping
