[0.011s] Invoking command in '/home/azidozide/px4_sitl_ws/build/object_tracking_cpp': CMAKE_PREFIX_PATH=/home/azidozide/px4_sitl_ws/install/object_tracker:/opt/ros/humble:/home/azidozide/px4_sitl_ws/install/swarm_control:/home/azidozide/px4_sitl_ws/install/px4_msgs:/home/azidozide/px4_sitl_ws/install/object_tracking_cpp:/home/azidozide/px4_sitl_ws/install/mapping:/home/azidozide/px4_sitl_ws/install/integrated_drone_mapping:/home/azidozide/px4_sitl_ws/install/mine_mapping /usr/bin/cmake --build /home/azidozide/px4_sitl_ws/build/object_tracking_cpp -- -j24 -l24
[0.046s] [35m[1mConsolidate compiler generated dependencies of target yaw_control[0m
[0.052s] [ 20%] Built target follower_1
[0.052s] [ 40%] Built target follower_2
[0.055s] [ 60%] Built target follower_3
[0.059s] [ 80%] Built target mothernode
[0.060s] [ 90%] [32mBuilding CXX object CMakeFiles/yaw_control.dir/src/mother_yaw.cpp.o[0m
[0.211s] [01m[K/home/azidozide/px4_sitl_ws/src/object_tracking_cpp/src/mother_yaw.cpp:[m[K In constructor ‘[01m[KOffboard::Offboard()[m[K’:
[0.211s] [01m[K/home/azidozide/px4_sitl_ws/src/object_tracking_cpp/src/mother_yaw.cpp:442:47:[m[K [01;35m[Kwarning: [m[K‘[01m[KOffboard::vehicle_odometry_[m[K’ will be initialized after [[01;35m[K-Wreorder[m[K]
[0.211s]   442 |     px4_msgs::msg::VehicleOdometry::SharedPtr [01;35m[Kvehicle_odometry_[m[K;
[0.211s]       |                                               [01;35m[K^~~~~~~~~~~~~~~~~[m[K
[0.211s] [01m[K/home/azidozide/px4_sitl_ws/src/object_tracking_cpp/src/mother_yaw.cpp:427:11:[m[K [01;35m[Kwarning: [m[K  ‘[01m[Kfloat Offboard::takeoff_height_[m[K’ [[01;35m[K-Wreorder[m[K]
[0.211s]   427 |     float [01;35m[Ktakeoff_height_[m[K;
[0.211s]       |           [01;35m[K^~~~~~~~~~~~~~~[m[K
[0.211s] [01m[K/home/azidozide/px4_sitl_ws/src/object_tracking_cpp/src/mother_yaw.cpp:47:5:[m[K [01;35m[Kwarning: [m[K  when initialized here [[01;35m[K-Wreorder[m[K]
[0.211s]    47 |     [01;35m[KOffboard[m[K()
[0.211s]       |     [01;35m[K^~~~~~~~[m[K
[0.243s] [100%] [32m[1mLinking CXX executable yaw_control[0m
[0.792s] [100%] Built target yaw_control
[0.803s] Invoked command in '/home/azidozide/px4_sitl_ws/build/object_tracking_cpp' returned '0': CMAKE_PREFIX_PATH=/home/azidozide/px4_sitl_ws/install/object_tracker:/opt/ros/humble:/home/azidozide/px4_sitl_ws/install/swarm_control:/home/azidozide/px4_sitl_ws/install/px4_msgs:/home/azidozide/px4_sitl_ws/install/object_tracking_cpp:/home/azidozide/px4_sitl_ws/install/mapping:/home/azidozide/px4_sitl_ws/install/integrated_drone_mapping:/home/azidozide/px4_sitl_ws/install/mine_mapping /usr/bin/cmake --build /home/azidozide/px4_sitl_ws/build/object_tracking_cpp -- -j24 -l24
[0.805s] Invoking command in '/home/azidozide/px4_sitl_ws/build/object_tracking_cpp': CMAKE_PREFIX_PATH=/home/azidozide/px4_sitl_ws/install/object_tracker:/opt/ros/humble:/home/azidozide/px4_sitl_ws/install/swarm_control:/home/azidozide/px4_sitl_ws/install/px4_msgs:/home/azidozide/px4_sitl_ws/install/object_tracking_cpp:/home/azidozide/px4_sitl_ws/install/mapping:/home/azidozide/px4_sitl_ws/install/integrated_drone_mapping:/home/azidozide/px4_sitl_ws/install/mine_mapping /usr/bin/cmake --install /home/azidozide/px4_sitl_ws/build/object_tracking_cpp
[0.812s] -- Install configuration: ""
[0.812s] -- Up-to-date: /home/azidozide/px4_sitl_ws/install/object_tracking_cpp/lib/object_tracking_cpp/mothernode
[0.812s] -- Up-to-date: /home/azidozide/px4_sitl_ws/install/object_tracking_cpp/lib/object_tracking_cpp/follower_1
[0.812s] -- Up-to-date: /home/azidozide/px4_sitl_ws/install/object_tracking_cpp/lib/object_tracking_cpp/follower_2
[0.813s] -- Up-to-date: /home/azidozide/px4_sitl_ws/install/object_tracking_cpp/lib/object_tracking_cpp/follower_3
[0.813s] -- Installing: /home/azidozide/px4_sitl_ws/install/object_tracking_cpp/lib/object_tracking_cpp/yaw_control
[0.818s] -- Set runtime path of "/home/azidozide/px4_sitl_ws/install/object_tracking_cpp/lib/object_tracking_cpp/yaw_control" to ""
[0.818s] -- Up-to-date: /home/azidozide/px4_sitl_ws/install/object_tracking_cpp/share/ament_index/resource_index/package_run_dependencies/object_tracking_cpp
[0.818s] -- Up-to-date: /home/azidozide/px4_sitl_ws/install/object_tracking_cpp/share/ament_index/resource_index/parent_prefix_path/object_tracking_cpp
[0.819s] -- Up-to-date: /home/azidozide/px4_sitl_ws/install/object_tracking_cpp/share/object_tracking_cpp/environment/ament_prefix_path.sh
[0.819s] -- Up-to-date: /home/azidozide/px4_sitl_ws/install/object_tracking_cpp/share/object_tracking_cpp/environment/ament_prefix_path.dsv
[0.819s] -- Up-to-date: /home/azidozide/px4_sitl_ws/install/object_tracking_cpp/share/object_tracking_cpp/environment/path.sh
[0.819s] -- Up-to-date: /home/azidozide/px4_sitl_ws/install/object_tracking_cpp/share/object_tracking_cpp/environment/path.dsv
[0.819s] -- Up-to-date: /home/azidozide/px4_sitl_ws/install/object_tracking_cpp/share/object_tracking_cpp/local_setup.bash
[0.819s] -- Up-to-date: /home/azidozide/px4_sitl_ws/install/object_tracking_cpp/share/object_tracking_cpp/local_setup.sh
[0.819s] -- Up-to-date: /home/azidozide/px4_sitl_ws/install/object_tracking_cpp/share/object_tracking_cpp/local_setup.zsh
[0.819s] -- Up-to-date: /home/azidozide/px4_sitl_ws/install/object_tracking_cpp/share/object_tracking_cpp/local_setup.dsv
[0.819s] -- Installing: /home/azidozide/px4_sitl_ws/install/object_tracking_cpp/share/object_tracking_cpp/package.dsv
[0.819s] -- Up-to-date: /home/azidozide/px4_sitl_ws/install/object_tracking_cpp/share/ament_index/resource_index/packages/object_tracking_cpp
[0.819s] -- Up-to-date: /home/azidozide/px4_sitl_ws/install/object_tracking_cpp/share/object_tracking_cpp/cmake/object_tracking_cppConfig.cmake
[0.819s] -- Up-to-date: /home/azidozide/px4_sitl_ws/install/object_tracking_cpp/share/object_tracking_cpp/cmake/object_tracking_cppConfig-version.cmake
[0.819s] -- Up-to-date: /home/azidozide/px4_sitl_ws/install/object_tracking_cpp/share/object_tracking_cpp/package.xml
[0.820s] Invoked command in '/home/azidozide/px4_sitl_ws/build/object_tracking_cpp' returned '0': CMAKE_PREFIX_PATH=/home/azidozide/px4_sitl_ws/install/object_tracker:/opt/ros/humble:/home/azidozide/px4_sitl_ws/install/swarm_control:/home/azidozide/px4_sitl_ws/install/px4_msgs:/home/azidozide/px4_sitl_ws/install/object_tracking_cpp:/home/azidozide/px4_sitl_ws/install/mapping:/home/azidozide/px4_sitl_ws/install/integrated_drone_mapping:/home/azidozide/px4_sitl_ws/install/mine_mapping /usr/bin/cmake --install /home/azidozide/px4_sitl_ws/build/object_tracking_cpp
