-- Found ament_cmake: 1.3.12 (/opt/ros/humble/share/ament_cmake/cmake)
-- Found rclcpp: 16.0.16 (/opt/ros/humble/share/rclcpp/cmake)
-- Found rosidl_generator_c: 3.1.7 (/opt/ros/humble/share/rosidl_generator_c/cmake)
-- Found rosidl_adapter: 3.1.7 (/opt/ros/humble/share/rosidl_adapter/cmake)
-- Found rosidl_generator_cpp: 3.1.7 (/opt/ros/humble/share/rosidl_generator_cpp/cmake)
-- Using all available rosidl_typesupport_c: rosidl_typesupport_fastrtps_c;rosidl_typesupport_introspection_c
-- Using all available rosidl_typesupport_cpp: rosidl_typesupport_fastrtps_cpp;rosidl_typesupport_introspection_cpp
-- Found rmw_implementation_cmake: 6.1.2 (/opt/ros/humble/share/rmw_implementation_cmake/cmake)
-- Found rmw_fastrtps_cpp: 6.2.9 (/opt/ros/humble/share/rmw_fastrtps_cpp/cmake)
-- Using RMW implementation 'rmw_fastrtps_cpp' as default
-- Found px4_msgs: 2.0.1 (/home/azidozide/px4_sitl_ws/install/px4_msgs/share/px4_msgs/cmake)
-- Found sensor_msgs: 4.9.0 (/opt/ros/humble/share/sensor_msgs/cmake)
-- Found nav_msgs: 4.9.0 (/opt/ros/humble/share/nav_msgs/cmake)
-- Found ament_lint_auto: 0.12.14 (/opt/ros/humble/share/ament_lint_auto/cmake)
-- Added test 'cppcheck' to perform static code analysis on C / C++ code
-- Configured cppcheck include dirs: /home/azidozide/px4_sitl_ws/src/mapping/src
-- Configured cppcheck exclude dirs and/or files: 
-- Added test 'lint_cmake' to check CMake code style
-- Added test 'uncrustify' to check C / C++ code style
-- Configured uncrustify additional arguments: 
-- Added test 'xmllint' to check XML markup files
-- Configuring done
-- Generating done
-- Build files have been written to: /home/azidozide/px4_sitl_ws/build/mapping
[35m[1mConsolidate compiler generated dependencies of target integrated_drone_mapping_node[0m
[ 25%] [32mBuilding CXX object CMakeFiles/corridor_gen_correct.dir/src/corridor_gen_correct.cpp.o[0m
[ 75%] Built target integrated_drone_mapping_node
In file included from [01m[K/home/azidozide/px4_sitl_ws/src/mapping/src/corridor_gen_correct.cpp:17[m[K:
[01m[K/home/azidozide/px4_sitl_ws/src/mapping/src/final_hstar.hpp:[m[K In member function ‘[01m[Kstd::vector<Vec2> HStarPlanner::search(int, int, double, int, int, double, int)[m[K’:
[01m[K/home/azidozide/px4_sitl_ws/src/mapping/src/final_hstar.hpp:202:13:[m[K [01;35m[Kwarning: [m[Kunused variable ‘[01m[Kgbin[m[K’ [[01;35m[K-Wunused-variable[m[K]
  202 |         int [01;35m[Kgbin[m[K = angleToBin(gheading);
      |             [01;35m[K^~~~[m[K
[01m[K/home/azidozide/px4_sitl_ws/src/mapping/src/corridor_gen_correct.cpp:[m[K In member function ‘[01m[Kvoid polyhedronGenerator::paramSet(bool, bool, bool, const int&, const int&, double, double, double)[m[K’:
[01m[K/home/azidozide/px4_sitl_ws/src/mapping/src/corridor_gen_correct.cpp:61:24:[m[K [01;35m[Kwarning: [m[Kunused parameter ‘[01m[Kis_gpu_on_stage_1[m[K’ [[01;35m[K-Wunused-parameter[m[K]
   61 |     void paramSet([01;35m[Kbool is_gpu_on_stage_1[m[K, bool is_gpu_on_stage_2, bool is_cluster_on,
      |                   [01;35m[K~~~~~^~~~~~~~~~~~~~~~~[m[K
[01m[K/home/azidozide/px4_sitl_ws/src/mapping/src/corridor_gen_correct.cpp:61:48:[m[K [01;35m[Kwarning: [m[Kunused parameter ‘[01m[Kis_gpu_on_stage_2[m[K’ [[01;35m[K-Wunused-parameter[m[K]
   61 |     void paramSet(bool is_gpu_on_stage_1, [01;35m[Kbool is_gpu_on_stage_2[m[K, bool is_cluster_on,
      |                                           [01;35m[K~~~~~^~~~~~~~~~~~~~~~~[m[K
[01m[K/home/azidozide/px4_sitl_ws/src/mapping/src/corridor_gen_correct.cpp:[m[K In member function ‘[01m[Kbool polyhedronGenerator::serialConvexTest2D(int, int, int, int, const MatrixXi&, const MatrixXi&, const MatrixXi&)[m[K’:
[01m[K/home/azidozide/px4_sitl_ws/src/mapping/src/corridor_gen_correct.cpp:197:55:[m[K [01;35m[Kwarning: [m[Kunused parameter ‘[01m[Kmax_y_id[m[K’ [[01;35m[K-Wunused-parameter[m[K]
  197 |                             int cluster_grid_num, [01;35m[Kint max_y_id[m[K,
      |                                                   [01;35m[K~~~~^~~~~~~~[m[K
[01m[K/home/azidozide/px4_sitl_ws/src/mapping/src/corridor_gen_correct.cpp:[m[K In member function ‘[01m[Kvoid polyhedronGenerator::polygonGeneration(std::vector<int>&, std::vector<int>&)[m[K’:
[01m[K/home/azidozide/px4_sitl_ws/src/mapping/src/corridor_gen_correct.cpp:423:31:[m[K [01;35m[Kwarning: [m[Kcomparison of integer expressions of different signedness: ‘[01m[Kint[m[K’ and ‘[01m[Kstd::vector<int>::size_type[m[K’ {aka ‘[01m[Klong unsigned int[m[K’} [[01;35m[K-Wsign-compare[m[K]
  423 |             for (int i = 0; [01;35m[Ki < rect_grid_x.size()[m[K; ++i) {
      |                             [01;35m[K~~^~~~~~~~~~~~~~~~~~~~[m[K
[01m[K/home/azidozide/px4_sitl_ws/src/mapping/src/corridor_gen_correct.cpp:436:27:[m[K [01;35m[Kwarning: [m[Kcomparison of integer expressions of different signedness: ‘[01m[Kint[m[K’ and ‘[01m[Kstd::vector<int>::size_type[m[K’ {aka ‘[01m[Klong unsigned int[m[K’} [[01;35m[K-Wsign-compare[m[K]
  436 |         for (int i = 0; [01;35m[Ki < rect_grid_x.size()[m[K; ++i) {
      |                         [01;35m[K~~^~~~~~~~~~~~~~~~~~~~[m[K
[01m[K/home/azidozide/px4_sitl_ws/src/mapping/src/corridor_gen_correct.cpp:[m[K In function ‘[01m[Kstd::vector<std::pair<int, int> > extractSeedVoxelsFromPath(const std::vector<std::pair<double, double> >&, int, int, double)[m[K’:
[01m[K/home/azidozide/px4_sitl_ws/src/mapping/src/corridor_gen_correct.cpp:552:34:[m[K [01;35m[Kwarning: [m[Kunused parameter ‘[01m[Kspacing[m[K’ [[01;35m[K-Wunused-parameter[m[K]
  552 |     int max_x, int max_y, [01;35m[Kdouble spacing = 1.0[m[K) {
      |                           [01;35m[K~~~~~~~^~~~~~~~~~~~~[m[K
[01m[K/home/azidozide/px4_sitl_ws/src/mapping/src/corridor_gen_correct.cpp:[m[K In constructor ‘[01m[KLidarPolygonGenerator::LidarPolygonGenerator()[m[K’:
[01m[K/home/azidozide/px4_sitl_ws/src/mapping/src/corridor_gen_correct.cpp:592:84:[m[K [01;31m[Kerror: [m[K‘[01m[K_1[m[K’ was not declared in this scope; did you mean ‘[01m[Kstd::placeholders::_1[m[K’?
  592 |             "/map", 10, std::bind(&LidarPolygonGenerator::occupancyCallback, this, [01;31m[K_1[m[K));
      |                                                                                    [01;31m[K^~[m[K
      |                                                                                    [32m[Kstd::placeholders::_1[m[K
In file included from [01m[K/usr/include/eigen3/Eigen/Core:85[m[K,
                 from [01m[K/usr/include/eigen3/Eigen/Dense:1[m[K,
                 from [01m[K/home/azidozide/px4_sitl_ws/src/mapping/src/corridor_gen_correct.cpp:2[m[K:
[01m[K/usr/include/c++/11/functional:225:34:[m[K [01;36m[Knote: [m[K‘[01m[Kstd::placeholders::_1[m[K’ declared here
  225 |     extern const _Placeholder<1> [01;36m[K_1[m[K;
      |                                  [01;36m[K^~[m[K
gmake[2]: *** [CMakeFiles/corridor_gen_correct.dir/build.make:76: CMakeFiles/corridor_gen_correct.dir/src/corridor_gen_correct.cpp.o] Error 1
gmake[1]: *** [CMakeFiles/Makefile2:165: CMakeFiles/corridor_gen_correct.dir/all] Error 2
gmake: *** [Makefile:146: all] Error 2
