[0.199s] Invoking command in '/home/azidozide/px4_sitl_ws/build/object_tracking_cpp': CMAKE_PREFIX_PATH=${CMAKE_PREFIX_PATH}:/home/azidozide/px4_sitl_ws/install/object_tracker:/opt/ros/humble /usr/bin/cmake /home/azidozide/px4_sitl_ws/src/object_tracking_cpp -DCMAKE_INSTALL_PREFIX=/home/azidozide/px4_sitl_ws/install/object_tracking_cpp
[0.210s] -- Found ament_cmake: 1.3.12 (/opt/ros/humble/share/ament_cmake/cmake)
[0.300s] -- Found rclcpp: 16.0.16 (/opt/ros/humble/share/rclcpp/cmake)
[0.319s] -- Found rosidl_generator_c: 3.1.7 (/opt/ros/humble/share/rosidl_generator_c/cmake)
[0.321s] -- Found rosidl_adapter: 3.1.7 (/opt/ros/humble/share/rosidl_adapter/cmake)
[0.324s] -- Found rosidl_generator_cpp: 3.1.7 (/opt/ros/humble/share/rosidl_generator_cpp/cmake)
[0.330s] -- Using all available rosidl_typesupport_c: rosidl_typesupport_fastrtps_c;rosidl_typesupport_introspection_c
[0.338s] -- Using all available rosidl_typesupport_cpp: rosidl_typesupport_fastrtps_cpp;rosidl_typesupport_introspection_cpp
[0.358s] -- Found rmw_implementation_cmake: 6.1.2 (/opt/ros/humble/share/rmw_implementation_cmake/cmake)
[0.359s] -- Found rmw_fastrtps_cpp: 6.2.9 (/opt/ros/humble/share/rmw_fastrtps_cpp/cmake)
[0.436s] -- Using RMW implementation 'rmw_fastrtps_cpp' as default
[0.475s] -- Found px4_msgs: 2.0.1 (/home/azidozide/px4_sitl_ws/install/px4_msgs/share/px4_msgs/cmake)
[0.493s] -- Configuring incomplete, errors occurred!
[0.493s] See also "/home/azidozide/px4_sitl_ws/build/object_tracking_cpp/CMakeFiles/CMakeOutput.log".
[0.493s] [31mCMake Error at CMakeLists.txt:13 (find_package):
[0.493s]   By not providing "Findswarm_control.cmake" in CMAKE_MODULE_PATH this
[0.493s]   project has asked CMake to find a package configuration file provided by
[0.494s]   "swarm_control", but CMake did not find one.
[0.494s] 
[0.494s]   Could not find a package configuration file provided by "swarm_control"
[0.494s]   with any of the following names:
[0.494s] 
[0.494s]     swarm_controlConfig.cmake
[0.494s]     swarm_control-config.cmake
[0.494s] 
[0.494s]   Add the installation prefix of "swarm_control" to CMAKE_PREFIX_PATH or set
[0.494s]   "swarm_control_DIR" to a directory containing one of the above files.  If
[0.494s]   "swarm_control" provides a separate development package or SDK, be sure it
[0.494s]   has been installed.
[0.494s] 
[0.494s] [0m
[0.499s] Invoked command in '/home/azidozide/px4_sitl_ws/build/object_tracking_cpp' returned '1': CMAKE_PREFIX_PATH=${CMAKE_PREFIX_PATH}:/home/azidozide/px4_sitl_ws/install/object_tracker:/opt/ros/humble /usr/bin/cmake /home/azidozide/px4_sitl_ws/src/object_tracking_cpp -DCMAKE_INSTALL_PREFIX=/home/azidozide/px4_sitl_ws/install/object_tracking_cpp
