[0.008s] Invoking command in '/home/azidozide/px4_sitl_ws/build/mapping': CMAKE_PREFIX_PATH=${CMAKE_PREFIX_PATH}:/home/azidozide/px4_sitl_ws/install/object_tracker:/home/azidozide/px4_sitl_ws/install/mapping:/opt/ros/humble /usr/bin/cmake --build /home/azidozide/px4_sitl_ws/build/mapping -- -j24 -l24
[0.033s] -- Found ament_cmake: 1.3.12 (/opt/ros/humble/share/ament_cmake/cmake)
[0.150s] -- Found rclcpp: 16.0.16 (/opt/ros/humble/share/rclcpp/cmake)
[0.174s] -- Found rosidl_generator_c: 3.1.7 (/opt/ros/humble/share/rosidl_generator_c/cmake)
[0.176s] -- Found rosidl_adapter: 3.1.7 (/opt/ros/humble/share/rosidl_adapter/cmake)
[0.180s] -- Found rosidl_generator_cpp: 3.1.7 (/opt/ros/humble/share/rosidl_generator_cpp/cmake)
[0.188s] -- Using all available rosidl_typesupport_c: rosidl_typesupport_fastrtps_c;rosidl_typesupport_introspection_c
[0.197s] -- Using all available rosidl_typesupport_cpp: rosidl_typesupport_fastrtps_cpp;rosidl_typesupport_introspection_cpp
[0.221s] -- Found rmw_implementation_cmake: 6.1.2 (/opt/ros/humble/share/rmw_implementation_cmake/cmake)
[0.222s] -- Found rmw_fastrtps_cpp: 6.2.9 (/opt/ros/humble/share/rmw_fastrtps_cpp/cmake)
[0.303s] -- Using RMW implementation 'rmw_fastrtps_cpp' as default
[0.338s] -- Found px4_msgs: 2.0.1 (/home/azidozide/px4_sitl_ws/install/px4_msgs/share/px4_msgs/cmake)
[0.345s] -- Found sensor_msgs: 4.9.0 (/opt/ros/humble/share/sensor_msgs/cmake)
[0.363s] -- Found nav_msgs: 4.9.0 (/opt/ros/humble/share/nav_msgs/cmake)
[0.377s] -- Found ament_lint_auto: 0.12.14 (/opt/ros/humble/share/ament_lint_auto/cmake)
[0.422s] -- Added test 'cppcheck' to perform static code analysis on C / C++ code
[0.423s] -- Configured cppcheck include dirs: /home/azidozide/px4_sitl_ws/src/mapping/src
[0.423s] -- Configured cppcheck exclude dirs and/or files: 
[0.423s] -- Added test 'lint_cmake' to check CMake code style
[0.423s] -- Added test 'uncrustify' to check C / C++ code style
[0.423s] -- Configured uncrustify additional arguments: 
[0.424s] -- Added test 'xmllint' to check XML markup files
[0.424s] -- Configuring done
[0.433s] -- Generating done
[0.437s] -- Build files have been written to: /home/azidozide/px4_sitl_ws/build/mapping
[0.462s] [35m[1mConsolidate compiler generated dependencies of target integrated_drone_mapping_node[0m
[0.462s] [35m[1mConsolidate compiler generated dependencies of target corridor_gen_correct[0m
[0.469s] [ 16%] [32mBuilding CXX object CMakeFiles/gcopter_trajectory_planner.dir/src/planner.cpp.o[0m
[0.477s] [ 33%] [32mBuilding CXX object CMakeFiles/corridor_gen_correct.dir/src/corridor_gen_correct.cpp.o[0m
[0.478s] [ 66%] Built target integrated_drone_mapping_node
[0.779s] [ 83%] [32m[1mLinking CXX executable corridor_gen_correct[0m
[0.891s] [ 83%] Built target corridor_gen_correct
[0.971s] In file included from [01m[K/home/azidozide/px4_sitl_ws/src/mapping/src/planner.cpp:20[m[K:
[0.971s] [01m[K/home/azidozide/px4_sitl_ws/src/mapping/src/sfc_gen.hpp:31:10:[m[K [01;31m[Kfatal error: [m[Kompl/util/Console.h: No such file or directory
[0.971s]    31 | #include [01;31m[K<ompl/util/Console.h>[m[K
[0.971s]       |          [01;31m[K^~~~~~~~~~~~~~~~~~~~~[m[K
[0.971s] compilation terminated.
[0.983s] gmake[2]: *** [CMakeFiles/gcopter_trajectory_planner.dir/build.make:76: CMakeFiles/gcopter_trajectory_planner.dir/src/planner.cpp.o] Error 1
[0.983s] gmake[1]: *** [CMakeFiles/Makefile2:193: CMakeFiles/gcopter_trajectory_planner.dir/all] Error 2
[0.983s] gmake: *** [Makefile:146: all] Error 2
[0.985s] Invoked command in '/home/azidozide/px4_sitl_ws/build/mapping' returned '2': CMAKE_PREFIX_PATH=${CMAKE_PREFIX_PATH}:/home/azidozide/px4_sitl_ws/install/object_tracker:/home/azidozide/px4_sitl_ws/install/mapping:/opt/ros/humble /usr/bin/cmake --build /home/azidozide/px4_sitl_ws/build/mapping -- -j24 -l24
