[0.008s] Invoking command in '/home/azidozide/px4_sitl_ws/src/build/mapping': AMENT_PREFIX_PATH=/home/azidozide/px4_sitl_ws/src/install/px4_msgs:${AMENT_PREFIX_PATH} CMAKE_PREFIX_PATH=/home/azidozide/px4_sitl_ws/src/install/px4_msgs:/home/azidozide/px4_sitl_ws/install/px4_msgs:/home/azidozide/px4_sitl_ws/install/mine_mapping:/home/azidozide/px4_sitl_ws/install/object_tracker:/home/azidozide/px4_sitl_ws/install/mapping:/opt/ros/humble LD_LIBRARY_PATH=/home/azidozide/px4_sitl_ws/src/install/px4_msgs/lib:${LD_LIBRARY_PATH} PYTHONPATH=/home/azidozide/px4_sitl_ws/src/install/px4_msgs/local/lib/python3.10/dist-packages:${PYTHONPATH} /usr/bin/cmake /home/azidozide/px4_sitl_ws/src/mapping -DCMAKE_INSTALL_PREFIX=/home/azidozide/px4_sitl_ws/src/install/mapping
[0.056s] -- The C compiler identification is GNU 11.4.0
[0.108s] -- The CXX compiler identification is GNU 11.4.0
[0.118s] -- Detecting C compiler ABI info
[0.170s] -- Detecting C compiler ABI info - done
[0.177s] -- Check for working C compiler: /usr/lib/ccache/cc - skipped
[0.177s] -- Detecting C compile features
[0.177s] -- Detecting C compile features - done
[0.179s] -- Detecting CXX compiler ABI info
[0.235s] -- Detecting CXX compiler ABI info - done
[0.241s] -- Check for working CXX compiler: /usr/lib/ccache/c++ - skipped
[0.241s] -- Detecting CXX compile features
[0.241s] -- Detecting CXX compile features - done
[0.243s] -- Found ament_cmake: 1.3.12 (/opt/ros/humble/share/ament_cmake/cmake)
[0.391s] -- Found Python3: /usr/bin/python3 (found version "3.10.12") found components: Interpreter 
[0.482s] -- Found rclcpp: 16.0.16 (/opt/ros/humble/share/rclcpp/cmake)
[0.522s] -- Found rosidl_generator_c: 3.1.7 (/opt/ros/humble/share/rosidl_generator_c/cmake)
[0.526s] -- Found rosidl_adapter: 3.1.7 (/opt/ros/humble/share/rosidl_adapter/cmake)
[0.533s] -- Found rosidl_generator_cpp: 3.1.7 (/opt/ros/humble/share/rosidl_generator_cpp/cmake)
[0.544s] -- Using all available rosidl_typesupport_c: rosidl_typesupport_fastrtps_c;rosidl_typesupport_introspection_c
[0.559s] -- Using all available rosidl_typesupport_cpp: rosidl_typesupport_fastrtps_cpp;rosidl_typesupport_introspection_cpp
[0.594s] -- Found rmw_implementation_cmake: 6.1.2 (/opt/ros/humble/share/rmw_implementation_cmake/cmake)
[0.596s] -- Found rmw_fastrtps_cpp: 6.2.9 (/opt/ros/humble/share/rmw_fastrtps_cpp/cmake)
[0.674s] -- Found OpenSSL: /usr/lib/x86_64-linux-gnu/libcrypto.so (found version "3.0.2")  
[0.703s] -- Found FastRTPS: /opt/ros/humble/include  
[0.741s] -- Using RMW implementation 'rmw_fastrtps_cpp' as default
[0.749s] -- Looking for pthread.h
[0.829s] -- Looking for pthread.h - found
[0.829s] -- Performing Test CMAKE_HAVE_LIBC_PTHREAD
[0.916s] -- Performing Test CMAKE_HAVE_LIBC_PTHREAD - Success
[0.917s] -- Found Threads: TRUE  
[0.963s] -- Found px4_msgs: 2.0.1 (/home/azidozide/px4_sitl_ws/src/install/px4_msgs/share/px4_msgs/cmake)
[0.975s] -- Found sensor_msgs: 4.9.0 (/opt/ros/humble/share/sensor_msgs/cmake)
[1.004s] -- Found ament_lint_auto: 0.12.14 (/opt/ros/humble/share/ament_lint_auto/cmake)
[1.077s] -- Added test 'cppcheck' to perform static code analysis on C / C++ code
[1.077s] -- Configured cppcheck include dirs: 
[1.077s] -- Configured cppcheck exclude dirs and/or files: 
[1.078s] -- Added test 'lint_cmake' to check CMake code style
[1.079s] -- Added test 'uncrustify' to check C / C++ code style
[1.079s] -- Configured uncrustify additional arguments: 
[1.079s] -- Added test 'xmllint' to check XML markup files
[1.080s] -- Configuring done
[1.089s] -- Generating done
[1.094s] -- Build files have been written to: /home/azidozide/px4_sitl_ws/src/build/mapping
[1.106s] Invoked command in '/home/azidozide/px4_sitl_ws/src/build/mapping' returned '0': AMENT_PREFIX_PATH=/home/azidozide/px4_sitl_ws/src/install/px4_msgs:${AMENT_PREFIX_PATH} CMAKE_PREFIX_PATH=/home/azidozide/px4_sitl_ws/src/install/px4_msgs:/home/azidozide/px4_sitl_ws/install/px4_msgs:/home/azidozide/px4_sitl_ws/install/mine_mapping:/home/azidozide/px4_sitl_ws/install/object_tracker:/home/azidozide/px4_sitl_ws/install/mapping:/opt/ros/humble LD_LIBRARY_PATH=/home/azidozide/px4_sitl_ws/src/install/px4_msgs/lib:${LD_LIBRARY_PATH} PYTHONPATH=/home/azidozide/px4_sitl_ws/src/install/px4_msgs/local/lib/python3.10/dist-packages:${PYTHONPATH} /usr/bin/cmake /home/azidozide/px4_sitl_ws/src/mapping -DCMAKE_INSTALL_PREFIX=/home/azidozide/px4_sitl_ws/src/install/mapping
[1.107s] Invoking command in '/home/azidozide/px4_sitl_ws/src/build/mapping': AMENT_PREFIX_PATH=/home/azidozide/px4_sitl_ws/src/install/px4_msgs:${AMENT_PREFIX_PATH} CMAKE_PREFIX_PATH=/home/azidozide/px4_sitl_ws/src/install/px4_msgs:/home/azidozide/px4_sitl_ws/install/px4_msgs:/home/azidozide/px4_sitl_ws/install/mine_mapping:/home/azidozide/px4_sitl_ws/install/object_tracker:/home/azidozide/px4_sitl_ws/install/mapping:/opt/ros/humble LD_LIBRARY_PATH=/home/azidozide/px4_sitl_ws/src/install/px4_msgs/lib:${LD_LIBRARY_PATH} PYTHONPATH=/home/azidozide/px4_sitl_ws/src/install/px4_msgs/local/lib/python3.10/dist-packages:${PYTHONPATH} /usr/bin/cmake --build /home/azidozide/px4_sitl_ws/src/build/mapping -- -j24 -l24
[1.162s] [ 50%] [32mBuilding CXX object CMakeFiles/integrated_drone_mapping_node.dir/src/integrated_drone_mapping_node.cpp.o[0m
[1.195s] [100%] [32m[1mLinking CXX executable integrated_drone_mapping_node[0m
[1.390s] [100%] Built target integrated_drone_mapping_node
[1.400s] Invoked command in '/home/azidozide/px4_sitl_ws/src/build/mapping' returned '0': AMENT_PREFIX_PATH=/home/azidozide/px4_sitl_ws/src/install/px4_msgs:${AMENT_PREFIX_PATH} CMAKE_PREFIX_PATH=/home/azidozide/px4_sitl_ws/src/install/px4_msgs:/home/azidozide/px4_sitl_ws/install/px4_msgs:/home/azidozide/px4_sitl_ws/install/mine_mapping:/home/azidozide/px4_sitl_ws/install/object_tracker:/home/azidozide/px4_sitl_ws/install/mapping:/opt/ros/humble LD_LIBRARY_PATH=/home/azidozide/px4_sitl_ws/src/install/px4_msgs/lib:${LD_LIBRARY_PATH} PYTHONPATH=/home/azidozide/px4_sitl_ws/src/install/px4_msgs/local/lib/python3.10/dist-packages:${PYTHONPATH} /usr/bin/cmake --build /home/azidozide/px4_sitl_ws/src/build/mapping -- -j24 -l24
[1.401s] Invoking command in '/home/azidozide/px4_sitl_ws/src/build/mapping': AMENT_PREFIX_PATH=/home/azidozide/px4_sitl_ws/src/install/px4_msgs:${AMENT_PREFIX_PATH} CMAKE_PREFIX_PATH=/home/azidozide/px4_sitl_ws/src/install/px4_msgs:/home/azidozide/px4_sitl_ws/install/px4_msgs:/home/azidozide/px4_sitl_ws/install/mine_mapping:/home/azidozide/px4_sitl_ws/install/object_tracker:/home/azidozide/px4_sitl_ws/install/mapping:/opt/ros/humble LD_LIBRARY_PATH=/home/azidozide/px4_sitl_ws/src/install/px4_msgs/lib:${LD_LIBRARY_PATH} PYTHONPATH=/home/azidozide/px4_sitl_ws/src/install/px4_msgs/local/lib/python3.10/dist-packages:${PYTHONPATH} /usr/bin/cmake --install /home/azidozide/px4_sitl_ws/src/build/mapping
[1.407s] -- Install configuration: ""
[1.407s] -- Installing: /home/azidozide/px4_sitl_ws/src/install/mapping/lib/mapping/integrated_drone_mapping_node
[1.408s] -- Set runtime path of "/home/azidozide/px4_sitl_ws/src/install/mapping/lib/mapping/integrated_drone_mapping_node" to ""
[1.408s] -- Installing: /home/azidozide/px4_sitl_ws/src/install/mapping/share/ament_index/resource_index/package_run_dependencies/mapping
[1.408s] -- Installing: /home/azidozide/px4_sitl_ws/src/install/mapping/share/ament_index/resource_index/parent_prefix_path/mapping
[1.409s] -- Installing: /home/azidozide/px4_sitl_ws/src/install/mapping/share/mapping/environment/ament_prefix_path.sh
[1.409s] -- Installing: /home/azidozide/px4_sitl_ws/src/install/mapping/share/mapping/environment/ament_prefix_path.dsv
[1.409s] -- Installing: /home/azidozide/px4_sitl_ws/src/install/mapping/share/mapping/environment/path.sh
[1.409s] -- Installing: /home/azidozide/px4_sitl_ws/src/install/mapping/share/mapping/environment/path.dsv
[1.409s] -- Installing: /home/azidozide/px4_sitl_ws/src/install/mapping/share/mapping/local_setup.bash
[1.409s] -- Installing: /home/azidozide/px4_sitl_ws/src/install/mapping/share/mapping/local_setup.sh
[1.409s] -- Installing: /home/azidozide/px4_sitl_ws/src/install/mapping/share/mapping/local_setup.zsh
[1.409s] -- Installing: /home/azidozide/px4_sitl_ws/src/install/mapping/share/mapping/local_setup.dsv
[1.409s] -- Installing: /home/azidozide/px4_sitl_ws/src/install/mapping/share/mapping/package.dsv
[1.410s] -- Installing: /home/azidozide/px4_sitl_ws/src/install/mapping/share/ament_index/resource_index/packages/mapping
[1.410s] -- Installing: /home/azidozide/px4_sitl_ws/src/install/mapping/share/mapping/cmake/mappingConfig.cmake
[1.410s] -- Installing: /home/azidozide/px4_sitl_ws/src/install/mapping/share/mapping/cmake/mappingConfig-version.cmake
[1.410s] -- Installing: /home/azidozide/px4_sitl_ws/src/install/mapping/share/mapping/package.xml
[1.412s] Invoked command in '/home/azidozide/px4_sitl_ws/src/build/mapping' returned '0': AMENT_PREFIX_PATH=/home/azidozide/px4_sitl_ws/src/install/px4_msgs:${AMENT_PREFIX_PATH} CMAKE_PREFIX_PATH=/home/azidozide/px4_sitl_ws/src/install/px4_msgs:/home/azidozide/px4_sitl_ws/install/px4_msgs:/home/azidozide/px4_sitl_ws/install/mine_mapping:/home/azidozide/px4_sitl_ws/install/object_tracker:/home/azidozide/px4_sitl_ws/install/mapping:/opt/ros/humble LD_LIBRARY_PATH=/home/azidozide/px4_sitl_ws/src/install/px4_msgs/lib:${LD_LIBRARY_PATH} PYTHONPATH=/home/azidozide/px4_sitl_ws/src/install/px4_msgs/local/lib/python3.10/dist-packages:${PYTHONPATH} /usr/bin/cmake --install /home/azidozide/px4_sitl_ws/src/build/mapping
